args:
Namespace(array_no='12', output_dir='/n/denic_lab/Lab/csth-output/lc3_wipi', ref_csv='/n/denic_lab/Users/nweir/python_packages/csth-imaging/im_list_wipi.csv')
czi path: /n/denic_lab/Lab/TH_Imaging/6.12.17 TH70_LC3-WIPI_LSM Airyscan 880/LC3-WIPI_HEK_wt_Torin_17pos_IGNORE-POS-15_AiryscanProcessing.czi
MultiFinder created.
background image added to MultiFinder.
CellSplitter instance created.
input image has 4 dimensions (multiple imgs)
segmenting image #1 of 17...
raw image imported.
performing gaussian filtering...
Image smoothed.
preprocessing complete.
thresholding...
mode = threshold.
thresholding complete.
filling holes in objects.
generating distance map...
distance map complete.
smoothing distance map...
distance map smoothed.
identifying maxima...
maxima identified.
watershedding...
watershedding complete.
creating PexSegmentObj...
passing segmented objs and seeds to Nuclei instance...

segmenting image #2 of 17...
raw image imported.
performing gaussian filtering...
Image smoothed.
preprocessing complete.
thresholding...
mode = threshold.
thresholding complete.
filling holes in objects.
generating distance map...
distance map complete.
smoothing distance map...
distance map smoothed.
identifying maxima...
maxima identified.
watershedding...
watershedding complete.
creating PexSegmentObj...
passing segmented objs and seeds to Nuclei instance...

segmenting image #3 of 17...
raw image imported.
performing gaussian filtering...
Image smoothed.
preprocessing complete.
thresholding...
mode = threshold.
thresholding complete.
filling holes in objects.
generating distance map...
distance map complete.
smoothing distance map...
distance map smoothed.
identifying maxima...
maxima identified.
watershedding...
watershedding complete.
creating PexSegmentObj...
passing segmented objs and seeds to Nuclei instance...

segmenting image #4 of 17...
raw image imported.
performing gaussian filtering...
Image smoothed.
preprocessing complete.
thresholding...
mode = threshold.
thresholding complete.
filling holes in objects.
generating distance map...
distance map complete.
smoothing distance map...
distance map smoothed.
identifying maxima...
maxima identified.
watershedding...
watershedding complete.
creating PexSegmentObj...
passing segmented objs and seeds to Nuclei instance...

segmenting image #5 of 17...
raw image imported.
performing gaussian filtering...
Image smoothed.
preprocessing complete.
thresholding...
mode = threshold.
thresholding complete.
filling holes in objects.
generating distance map...
distance map complete.
smoothing distance map...
distance map smoothed.
identifying maxima...
maxima identified.
watershedding...
watershedding complete.
creating PexSegmentObj...
passing segmented objs and seeds to Nuclei instance...

segmenting image #6 of 17...
raw image imported.
performing gaussian filtering...
Image smoothed.
preprocessing complete.
thresholding...
mode = threshold.
thresholding complete.
filling holes in objects.
generating distance map...
distance map complete.
smoothing distance map...
distance map smoothed.
identifying maxima...
maxima identified.
watershedding...
watershedding complete.
creating PexSegmentObj...
passing segmented objs and seeds to Nuclei instance...

segmenting image #7 of 17...
raw image imported.
performing gaussian filtering...
Image smoothed.
preprocessing complete.
thresholding...
mode = threshold.
thresholding complete.
filling holes in objects.
generating distance map...
distance map complete.
smoothing distance map...
distance map smoothed.
identifying maxima...
maxima identified.
watershedding...
watershedding complete.
creating PexSegmentObj...
passing segmented objs and seeds to Nuclei instance...

segmenting image #8 of 17...
raw image imported.
performing gaussian filtering...
Image smoothed.
preprocessing complete.
thresholding...
mode = threshold.
thresholding complete.
filling holes in objects.
generating distance map...
distance map complete.
smoothing distance map...
distance map smoothed.
identifying maxima...
maxima identified.
watershedding...
watershedding complete.
creating PexSegmentObj...
passing segmented objs and seeds to Nuclei instance...

segmenting image #9 of 17...
raw image imported.
performing gaussian filtering...
Image smoothed.
preprocessing complete.
thresholding...
mode = threshold.
thresholding complete.
filling holes in objects.
generating distance map...
distance map complete.
smoothing distance map...
distance map smoothed.
identifying maxima...
maxima identified.
watershedding...
watershedding complete.
creating PexSegmentObj...
passing segmented objs and seeds to Nuclei instance...

segmenting image #10 of 17...
raw image imported.
performing gaussian filtering...
Image smoothed.
preprocessing complete.
thresholding...
mode = threshold.
thresholding complete.
filling holes in objects.
generating distance map...
distance map complete.
smoothing distance map...
distance map smoothed.
identifying maxima...
maxima identified.
watershedding...
watershedding complete.
creating PexSegmentObj...
passing segmented objs and seeds to Nuclei instance...

segmenting image #11 of 17...
raw image imported.
performing gaussian filtering...
Image smoothed.
preprocessing complete.
thresholding...
mode = threshold.
thresholding complete.
filling holes in objects.
generating distance map...
distance map complete.
smoothing distance map...
distance map smoothed.
identifying maxima...
maxima identified.
watershedding...
watershedding complete.
creating PexSegmentObj...
passing segmented objs and seeds to Nuclei instance...

segmenting image #12 of 17...
raw image imported.
performing gaussian filtering...
Image smoothed.
preprocessing complete.
thresholding...
mode = threshold.
thresholding complete.
filling holes in objects.
generating distance map...
distance map complete.
smoothing distance map...
distance map smoothed.
identifying maxima...
maxima identified.
watershedding...
watershedding complete.
creating PexSegmentObj...
passing segmented objs and seeds to Nuclei instance...

segmenting image #13 of 17...
raw image imported.
performing gaussian filtering...
Image smoothed.
preprocessing complete.
thresholding...
mode = threshold.
thresholding complete.
filling holes in objects.
generating distance map...
distance map complete.
smoothing distance map...
distance map smoothed.
identifying maxima...
maxima identified.
watershedding...
watershedding complete.
creating PexSegmentObj...
passing segmented objs and seeds to Nuclei instance...

segmenting image #14 of 17...
raw image imported.
performing gaussian filtering...
Image smoothed.
preprocessing complete.
thresholding...
mode = threshold.
thresholding complete.
filling holes in objects.
generating distance map...
distance map complete.
smoothing distance map...
distance map smoothed.
identifying maxima...
maxima identified.
watershedding...
watershedding complete.
creating PexSegmentObj...
passing segmented objs and seeds to Nuclei instance...

segmenting image #15 of 17...
raw image imported.
performing gaussian filtering...
Image smoothed.
preprocessing complete.
thresholding...
mode = threshold.
thresholding complete.
filling holes in objects.
generating distance map...
distance map complete.
smoothing distance map...
distance map smoothed.
identifying maxima...
maxima identified.
watershedding...
watershedding complete.
creating PexSegmentObj...
passing segmented objs and seeds to Nuclei instance...

segmenting image #16 of 17...
raw image imported.
performing gaussian filtering...
Image smoothed.
preprocessing complete.
thresholding...
mode = threshold.
thresholding complete.
filling holes in objects.
generating distance map...
distance map complete.
smoothing distance map...
distance map smoothed.
identifying maxima...
maxima identified.
watershedding...
watershedding complete.
creating PexSegmentObj...
passing segmented objs and seeds to Nuclei instance...

segmenting image #17 of 17...
raw image imported.
performing gaussian filtering...
Image smoothed.
preprocessing complete.
thresholding...
mode = threshold.
thresholding complete.
filling holes in objects.
generating distance map...
distance map complete.
smoothing distance map...
distance map smoothed.
identifying maxima...
maxima identified.
watershedding...
watershedding complete.
creating PexSegmentObj...
passing segmented objs and seeds to Nuclei instance...

removing small perinuclear foci...
2 raw segmented DAPI foci
0 foci volume < 1000 px, removing...
removing nuclei_centers corresponding to perinuclear DAPI foci...
1 raw segmented DAPI foci
0 foci volume < 1000 px, removing...
removing nuclei_centers corresponding to perinuclear DAPI foci...
1 raw segmented DAPI foci
0 foci volume < 1000 px, removing...
removing nuclei_centers corresponding to perinuclear DAPI foci...
2 raw segmented DAPI foci
0 foci volume < 1000 px, removing...
removing nuclei_centers corresponding to perinuclear DAPI foci...
2 raw segmented DAPI foci
0 foci volume < 1000 px, removing...
removing nuclei_centers corresponding to perinuclear DAPI foci...
1 raw segmented DAPI foci
0 foci volume < 1000 px, removing...
removing nuclei_centers corresponding to perinuclear DAPI foci...
6 raw segmented DAPI foci
0 foci volume < 1000 px, removing...
removing nuclei_centers corresponding to perinuclear DAPI foci...
2 raw segmented DAPI foci
0 foci volume < 1000 px, removing...
removing nuclei_centers corresponding to perinuclear DAPI foci...
2 raw segmented DAPI foci
0 foci volume < 1000 px, removing...
removing nuclei_centers corresponding to perinuclear DAPI foci...
3 raw segmented DAPI foci
0 foci volume < 1000 px, removing...
removing nuclei_centers corresponding to perinuclear DAPI foci...
4 raw segmented DAPI foci
0 foci volume < 1000 px, removing...
removing nuclei_centers corresponding to perinuclear DAPI foci...
2 raw segmented DAPI foci
0 foci volume < 1000 px, removing...
removing nuclei_centers corresponding to perinuclear DAPI foci...
4 raw segmented DAPI foci
0 foci volume < 1000 px, removing...
removing nuclei_centers corresponding to perinuclear DAPI foci...
3 raw segmented DAPI foci
0 foci volume < 1000 px, removing...
removing nuclei_centers corresponding to perinuclear DAPI foci...
2 raw segmented DAPI foci
0 foci volume < 1000 px, removing...
removing nuclei_centers corresponding to perinuclear DAPI foci...
2 raw segmented DAPI foci
0 foci volume < 1000 px, removing...
removing nuclei_centers corresponding to perinuclear DAPI foci...
2 raw segmented DAPI foci
0 foci volume < 1000 px, removing...
removing nuclei_centers corresponding to perinuclear DAPI foci...
Nuclei segmented.
checking that nuclei have already been segmented...
generating cell masks...
log-transforming arrays...
applying gaussian filter...
computing p-value transformation...
 computing p-val xform for image 1 out of 17
 computing p-val xform for image 2 out of 17
 computing p-val xform for image 3 out of 17
 computing p-val xform for image 4 out of 17
 computing p-val xform for image 5 out of 17
 computing p-val xform for image 6 out of 17
 computing p-val xform for image 7 out of 17
 computing p-val xform for image 8 out of 17
 computing p-val xform for image 9 out of 17
 computing p-val xform for image 10 out of 17
 computing p-val xform for image 11 out of 17
 computing p-val xform for image 12 out of 17
 computing p-val xform for image 13 out of 17
 computing p-val xform for image 14 out of 17
 computing p-val xform for image 15 out of 17
 computing p-val xform for image 16 out of 17
 computing p-val xform for image 17 out of 17
converting to binary...

generating cell masks...

generating mask #1
labeling contiguous objects...
eliminating objects w/volume < 100,000 px...
pruning labels...
appending outputs...
mask #1 complete.

generating mask #2
labeling contiguous objects...
eliminating objects w/volume < 100,000 px...
pruning labels...
appending outputs...
mask #2 complete.

generating mask #3
labeling contiguous objects...
eliminating objects w/volume < 100,000 px...
pruning labels...
appending outputs...
mask #3 complete.

generating mask #4
labeling contiguous objects...
eliminating objects w/volume < 100,000 px...
pruning labels...
appending outputs...
mask #4 complete.

generating mask #5
labeling contiguous objects...
eliminating objects w/volume < 100,000 px...
pruning labels...
appending outputs...
mask #5 complete.

generating mask #6
labeling contiguous objects...
eliminating objects w/volume < 100,000 px...
pruning labels...
appending outputs...
mask #6 complete.

generating mask #7
labeling contiguous objects...
eliminating objects w/volume < 100,000 px...
pruning labels...
appending outputs...
mask #7 complete.

generating mask #8
labeling contiguous objects...
eliminating objects w/volume < 100,000 px...
pruning labels...
appending outputs...
mask #8 complete.

generating mask #9
labeling contiguous objects...
eliminating objects w/volume < 100,000 px...
pruning labels...
appending outputs...
mask #9 complete.

generating mask #10
labeling contiguous objects...
eliminating objects w/volume < 100,000 px...
pruning labels...
appending outputs...
mask #10 complete.

generating mask #11
labeling contiguous objects...
eliminating objects w/volume < 100,000 px...
pruning labels...
appending outputs...
mask #11 complete.

generating mask #12
labeling contiguous objects...
eliminating objects w/volume < 100,000 px...
pruning labels...
appending outputs...
mask #12 complete.

generating mask #13
labeling contiguous objects...
eliminating objects w/volume < 100,000 px...
pruning labels...
appending outputs...
mask #13 complete.

generating mask #14
labeling contiguous objects...
eliminating objects w/volume < 100,000 px...
pruning labels...
appending outputs...
mask #14 complete.

generating mask #15
labeling contiguous objects...
eliminating objects w/volume < 100,000 px...
pruning labels...
appending outputs...
mask #15 complete.

generating mask #16
labeling contiguous objects...
eliminating objects w/volume < 100,000 px...
pruning labels...
appending outputs...
mask #16 complete.

generating mask #17
labeling contiguous objects...
eliminating objects w/volume < 100,000 px...
pruning labels...
appending outputs...
mask #17 complete.

converting nuclei to binary masks for distance xform...
segmenting cells in image #1 out of 17...
performing Euclidean distance xform...
smoothing the distance map...
generating segmentation seeds from nuclei_centers...
watershed segmenting cells from nuclei centers...
segmentation complete for image #1.
removing cells that contact the edge of the image.
removing small foci...
2 raw segmented cells
0 foci volume < 1000 px, removing...

segmenting cells in image #2 out of 17...
performing Euclidean distance xform...
smoothing the distance map...
generating segmentation seeds from nuclei_centers...
watershed segmenting cells from nuclei centers...
segmentation complete for image #2.
removing cells that contact the edge of the image.
removing small foci...
1 raw segmented cells
0 foci volume < 1000 px, removing...

segmenting cells in image #3 out of 17...
performing Euclidean distance xform...
smoothing the distance map...
generating segmentation seeds from nuclei_centers...
watershed segmenting cells from nuclei centers...
segmentation complete for image #3.
removing cells that contact the edge of the image.
removing small foci...
1 raw segmented cells
0 foci volume < 1000 px, removing...

segmenting cells in image #4 out of 17...
performing Euclidean distance xform...
smoothing the distance map...
generating segmentation seeds from nuclei_centers...
watershed segmenting cells from nuclei centers...
segmentation complete for image #4.
removing cells that contact the edge of the image.
removing small foci...
2 raw segmented cells
0 foci volume < 1000 px, removing...

segmenting cells in image #5 out of 17...
performing Euclidean distance xform...
smoothing the distance map...
generating segmentation seeds from nuclei_centers...
watershed segmenting cells from nuclei centers...
segmentation complete for image #5.
removing cells that contact the edge of the image.
removing small foci...
2 raw segmented cells
0 foci volume < 1000 px, removing...

segmenting cells in image #6 out of 17...
performing Euclidean distance xform...
smoothing the distance map...
generating segmentation seeds from nuclei_centers...
watershed segmenting cells from nuclei centers...
segmentation complete for image #6.
removing cells that contact the edge of the image.
removing small foci...
1 raw segmented cells
0 foci volume < 1000 px, removing...

segmenting cells in image #7 out of 17...
performing Euclidean distance xform...
smoothing the distance map...
generating segmentation seeds from nuclei_centers...
watershed segmenting cells from nuclei centers...
segmentation complete for image #7.
removing cells that contact the edge of the image.
removing small foci...
6 raw segmented cells
0 foci volume < 1000 px, removing...

segmenting cells in image #8 out of 17...
performing Euclidean distance xform...
smoothing the distance map...
generating segmentation seeds from nuclei_centers...
watershed segmenting cells from nuclei centers...
segmentation complete for image #8.
removing cells that contact the edge of the image.
removing small foci...
2 raw segmented cells
0 foci volume < 1000 px, removing...

segmenting cells in image #9 out of 17...
performing Euclidean distance xform...
smoothing the distance map...
generating segmentation seeds from nuclei_centers...
watershed segmenting cells from nuclei centers...
segmentation complete for image #9.
removing cells that contact the edge of the image.
removing small foci...
2 raw segmented cells
0 foci volume < 1000 px, removing...

segmenting cells in image #10 out of 17...
performing Euclidean distance xform...
smoothing the distance map...
generating segmentation seeds from nuclei_centers...
watershed segmenting cells from nuclei centers...
segmentation complete for image #10.
removing cells that contact the edge of the image.
removing small foci...
2 raw segmented cells
0 foci volume < 1000 px, removing...

segmenting cells in image #11 out of 17...
performing Euclidean distance xform...
smoothing the distance map...
generating segmentation seeds from nuclei_centers...
watershed segmenting cells from nuclei centers...
segmentation complete for image #11.
removing cells that contact the edge of the image.
removing small foci...
3 raw segmented cells
0 foci volume < 1000 px, removing...

segmenting cells in image #12 out of 17...
performing Euclidean distance xform...
smoothing the distance map...
generating segmentation seeds from nuclei_centers...
watershed segmenting cells from nuclei centers...
segmentation complete for image #12.
removing cells that contact the edge of the image.
removing small foci...
2 raw segmented cells
0 foci volume < 1000 px, removing...

segmenting cells in image #13 out of 17...
performing Euclidean distance xform...
smoothing the distance map...
generating segmentation seeds from nuclei_centers...
watershed segmenting cells from nuclei centers...
segmentation complete for image #13.
removing cells that contact the edge of the image.
removing small foci...
4 raw segmented cells
0 foci volume < 1000 px, removing...

segmenting cells in image #14 out of 17...
performing Euclidean distance xform...
smoothing the distance map...
generating segmentation seeds from nuclei_centers...
watershed segmenting cells from nuclei centers...
segmentation complete for image #14.
removing cells that contact the edge of the image.
removing small foci...
1 raw segmented cells
0 foci volume < 1000 px, removing...

segmenting cells in image #15 out of 17...
performing Euclidean distance xform...
smoothing the distance map...
generating segmentation seeds from nuclei_centers...
watershed segmenting cells from nuclei centers...
segmentation complete for image #15.
removing cells that contact the edge of the image.
removing small foci...
0 raw segmented cells
0 foci volume < 1000 px, removing...

segmenting cells in image #16 out of 17...
performing Euclidean distance xform...
smoothing the distance map...
generating segmentation seeds from nuclei_centers...
watershed segmenting cells from nuclei centers...
segmentation complete for image #16.
removing cells that contact the edge of the image.
removing small foci...
0 raw segmented cells
0 foci volume < 1000 px, removing...

segmenting cells in image #17 out of 17...
performing Euclidean distance xform...
smoothing the distance map...
generating segmentation seeds from nuclei_centers...
watershed segmenting cells from nuclei centers...
segmentation complete for image #17.
removing cells that contact the edge of the image.
removing small foci...
0 raw segmented cells
0 foci volume < 1000 px, removing...

Cells segmented.
initializing attributes...
loading images...
Foci instance created.
beginning segmentation.
------------------------------------------------------
segmenting foci from channel 488
------------------------------------------------------
segmenting foci for position 1 out of 17
raw image imported.
performing gaussian filtering...
Image smoothed.
preprocessing complete.
generating distance map...
distance map complete.
smoothing distance map...
distance map smoothed.
identifying maxima...
maxima identified.
watershedding...
watershedding complete.
creating PexSegmentObj...
eliminating dim foci...
before eliminating dim foci: 99 foci in image
after eliminating dim foci: 67 foci in image
eliminating foci that reside outside of cells...
eliminating intranuclear foci...
60 final foci
foci segmented from position 1

segmenting foci for position 2 out of 17
raw image imported.
performing gaussian filtering...
Image smoothed.
preprocessing complete.
generating distance map...
distance map complete.
smoothing distance map...
distance map smoothed.
identifying maxima...
maxima identified.
watershedding...
watershedding complete.
creating PexSegmentObj...
eliminating dim foci...
before eliminating dim foci: 48 foci in image
after eliminating dim foci: 29 foci in image
eliminating foci that reside outside of cells...
eliminating intranuclear foci...
29 final foci
foci segmented from position 2

segmenting foci for position 3 out of 17
raw image imported.
performing gaussian filtering...
Image smoothed.
preprocessing complete.
generating distance map...
distance map complete.
smoothing distance map...
distance map smoothed.
identifying maxima...
maxima identified.
watershedding...
watershedding complete.
creating PexSegmentObj...
eliminating dim foci...
before eliminating dim foci: 48 foci in image
after eliminating dim foci: 37 foci in image
eliminating foci that reside outside of cells...
eliminating intranuclear foci...
33 final foci
foci segmented from position 3

segmenting foci for position 4 out of 17
raw image imported.
performing gaussian filtering...
Image smoothed.
preprocessing complete.
generating distance map...
distance map complete.
smoothing distance map...
distance map smoothed.
identifying maxima...
maxima identified.
watershedding...
watershedding complete.
creating PexSegmentObj...
eliminating dim foci...
before eliminating dim foci: 85 foci in image
after eliminating dim foci: 83 foci in image
eliminating foci that reside outside of cells...
eliminating intranuclear foci...
67 final foci
foci segmented from position 4

segmenting foci for position 5 out of 17
raw image imported.
performing gaussian filtering...
Image smoothed.
preprocessing complete.
generating distance map...
distance map complete.
smoothing distance map...
distance map smoothed.
identifying maxima...
maxima identified.
watershedding...
watershedding complete.
creating PexSegmentObj...
eliminating dim foci...
before eliminating dim foci: 157 foci in image
after eliminating dim foci: 128 foci in image
eliminating foci that reside outside of cells...
eliminating intranuclear foci...
103 final foci
foci segmented from position 5

segmenting foci for position 6 out of 17
raw image imported.
performing gaussian filtering...
Image smoothed.
preprocessing complete.
generating distance map...
distance map complete.
smoothing distance map...
distance map smoothed.
identifying maxima...
maxima identified.
watershedding...
watershedding complete.
creating PexSegmentObj...
eliminating dim foci...
before eliminating dim foci: 156 foci in image
after eliminating dim foci: 116 foci in image
eliminating foci that reside outside of cells...
eliminating intranuclear foci...
101 final foci
foci segmented from position 6

segmenting foci for position 7 out of 17
raw image imported.
performing gaussian filtering...
Image smoothed.
preprocessing complete.
generating distance map...
distance map complete.
smoothing distance map...
distance map smoothed.
identifying maxima...
maxima identified.
watershedding...
watershedding complete.
creating PexSegmentObj...
eliminating dim foci...
before eliminating dim foci: 278 foci in image
after eliminating dim foci: 238 foci in image
eliminating foci that reside outside of cells...
eliminating intranuclear foci...
206 final foci
foci segmented from position 7

segmenting foci for position 8 out of 17
raw image imported.
performing gaussian filtering...
Image smoothed.
preprocessing complete.
generating distance map...
distance map complete.
smoothing distance map...
distance map smoothed.
identifying maxima...
maxima identified.
watershedding...
watershedding complete.
creating PexSegmentObj...
eliminating dim foci...
before eliminating dim foci: 85 foci in image
after eliminating dim foci: 84 foci in image
eliminating foci that reside outside of cells...
eliminating intranuclear foci...
63 final foci
foci segmented from position 8

segmenting foci for position 9 out of 17
raw image imported.
performing gaussian filtering...
Image smoothed.
preprocessing complete.
generating distance map...
distance map complete.
smoothing distance map...
distance map smoothed.
identifying maxima...
maxima identified.
watershedding...
watershedding complete.
creating PexSegmentObj...
eliminating dim foci...
before eliminating dim foci: 120 foci in image
after eliminating dim foci: 103 foci in image
eliminating foci that reside outside of cells...
eliminating intranuclear foci...
55 final foci
foci segmented from position 9

segmenting foci for position 10 out of 17
raw image imported.
performing gaussian filtering...
Image smoothed.
preprocessing complete.
generating distance map...
distance map complete.
smoothing distance map...
distance map smoothed.
identifying maxima...
maxima identified.
watershedding...
watershedding complete.
creating PexSegmentObj...
eliminating dim foci...
before eliminating dim foci: 111 foci in image
after eliminating dim foci: 101 foci in image
eliminating foci that reside outside of cells...
eliminating intranuclear foci...
50 final foci
foci segmented from position 10

segmenting foci for position 11 out of 17
raw image imported.
performing gaussian filtering...
Image smoothed.
preprocessing complete.
generating distance map...
distance map complete.
smoothing distance map...
distance map smoothed.
identifying maxima...
maxima identified.
watershedding...
watershedding complete.
creating PexSegmentObj...
eliminating dim foci...
before eliminating dim foci: 264 foci in image
after eliminating dim foci: 205 foci in image
eliminating foci that reside outside of cells...
eliminating intranuclear foci...
162 final foci
foci segmented from position 11

segmenting foci for position 12 out of 17
raw image imported.
performing gaussian filtering...
Image smoothed.
preprocessing complete.
generating distance map...
distance map complete.
smoothing distance map...
distance map smoothed.
identifying maxima...
maxima identified.
watershedding...
watershedding complete.
creating PexSegmentObj...
eliminating dim foci...
before eliminating dim foci: 241 foci in image
after eliminating dim foci: 117 foci in image
eliminating foci that reside outside of cells...
eliminating intranuclear foci...
95 final foci
foci segmented from position 12

segmenting foci for position 13 out of 17
raw image imported.
performing gaussian filtering...
Image smoothed.
preprocessing complete.
generating distance map...
distance map complete.
smoothing distance map...
distance map smoothed.
identifying maxima...
maxima identified.
watershedding...
watershedding complete.
creating PexSegmentObj...
eliminating dim foci...
before eliminating dim foci: 266 foci in image
after eliminating dim foci: 223 foci in image
eliminating foci that reside outside of cells...
eliminating intranuclear foci...
170 final foci
foci segmented from position 13

segmenting foci for position 14 out of 17
raw image imported.
performing gaussian filtering...
Image smoothed.
preprocessing complete.
generating distance map...
distance map complete.
smoothing distance map...
distance map smoothed.
identifying maxima...
maxima identified.
watershedding...
watershedding complete.
creating PexSegmentObj...
eliminating dim foci...
before eliminating dim foci: 179 foci in image
after eliminating dim foci: 173 foci in image
eliminating foci that reside outside of cells...
eliminating intranuclear foci...
152 final foci
foci segmented from position 14

segmenting foci for position 15 out of 17
raw image imported.
performing gaussian filtering...
Image smoothed.
preprocessing complete.
generating distance map...
distance map complete.
smoothing distance map...
distance map smoothed.
identifying maxima...
maxima identified.
watershedding...
watershedding complete.
creating PexSegmentObj...
eliminating dim foci...
before eliminating dim foci: 197 foci in image
after eliminating dim foci: 197 foci in image
eliminating foci that reside outside of cells...
eliminating intranuclear foci...
194 final foci
foci segmented from position 15

segmenting foci for position 16 out of 17
raw image imported.
performing gaussian filtering...
Image smoothed.
preprocessing complete.
generating distance map...
distance map complete.
smoothing distance map...
distance map smoothed.
identifying maxima...
maxima identified.
watershedding...
watershedding complete.
creating PexSegmentObj...
eliminating dim foci...
before eliminating dim foci: 87 foci in image
after eliminating dim foci: 87 foci in image
eliminating foci that reside outside of cells...
eliminating intranuclear foci...
81 final foci
foci segmented from position 16

segmenting foci for position 17 out of 17
raw image imported.
performing gaussian filtering...
Image smoothed.
preprocessing complete.
generating distance map...
distance map complete.
smoothing distance map...
distance map smoothed.
identifying maxima...
maxima identified.
watershedding...
watershedding complete.
creating PexSegmentObj...
eliminating dim foci...
before eliminating dim foci: 133 foci in image
after eliminating dim foci: 133 foci in image
eliminating foci that reside outside of cells...
eliminating intranuclear foci...
132 final foci
foci segmented from position 17

------------------------------------------------------
segmentation complete for channel 488
------------------------------------------------------
------------------------------------------------------
segmenting foci from channel 561
------------------------------------------------------
segmenting foci for position 1 out of 17
raw image imported.
performing gaussian filtering...
Image smoothed.
preprocessing complete.
generating distance map...
distance map complete.
smoothing distance map...
distance map smoothed.
identifying maxima...
maxima identified.
watershedding...
watershedding complete.
creating PexSegmentObj...
eliminating dim foci...
before eliminating dim foci: 50 foci in image
after eliminating dim foci: 50 foci in image
eliminating foci that reside outside of cells...
eliminating intranuclear foci...
48 final foci
foci segmented from position 1

segmenting foci for position 2 out of 17
raw image imported.
performing gaussian filtering...
Image smoothed.
preprocessing complete.
generating distance map...
distance map complete.
smoothing distance map...
distance map smoothed.
identifying maxima...
maxima identified.
watershedding...
watershedding complete.
creating PexSegmentObj...
eliminating dim foci...
before eliminating dim foci: 74 foci in image
after eliminating dim foci: 71 foci in image
eliminating foci that reside outside of cells...
eliminating intranuclear foci...
70 final foci
foci segmented from position 2

segmenting foci for position 3 out of 17
raw image imported.
performing gaussian filtering...
Image smoothed.
preprocessing complete.
generating distance map...
distance map complete.
smoothing distance map...
distance map smoothed.
identifying maxima...
maxima identified.
watershedding...
watershedding complete.
creating PexSegmentObj...
eliminating dim foci...
before eliminating dim foci: 59 foci in image
after eliminating dim foci: 58 foci in image
eliminating foci that reside outside of cells...
eliminating intranuclear foci...
54 final foci
foci segmented from position 3

segmenting foci for position 4 out of 17
raw image imported.
performing gaussian filtering...
Image smoothed.
preprocessing complete.
generating distance map...
distance map complete.
smoothing distance map...
distance map smoothed.
identifying maxima...
maxima identified.
watershedding...
watershedding complete.
creating PexSegmentObj...
eliminating dim foci...
before eliminating dim foci: 61 foci in image
after eliminating dim foci: 61 foci in image
eliminating foci that reside outside of cells...
eliminating intranuclear foci...
49 final foci
foci segmented from position 4

segmenting foci for position 5 out of 17
raw image imported.
performing gaussian filtering...
Image smoothed.
preprocessing complete.
generating distance map...
distance map complete.
smoothing distance map...
distance map smoothed.
identifying maxima...
maxima identified.
watershedding...
watershedding complete.
creating PexSegmentObj...
eliminating dim foci...
before eliminating dim foci: 67 foci in image
after eliminating dim foci: 67 foci in image
eliminating foci that reside outside of cells...
eliminating intranuclear foci...
61 final foci
foci segmented from position 5

segmenting foci for position 6 out of 17
raw image imported.
performing gaussian filtering...
Image smoothed.
preprocessing complete.
generating distance map...
distance map complete.
smoothing distance map...
distance map smoothed.
identifying maxima...
maxima identified.
watershedding...
watershedding complete.
creating PexSegmentObj...
eliminating dim foci...
before eliminating dim foci: 282 foci in image
after eliminating dim foci: 279 foci in image
eliminating foci that reside outside of cells...
eliminating intranuclear foci...
252 final foci
foci segmented from position 6

segmenting foci for position 7 out of 17
raw image imported.
performing gaussian filtering...
Image smoothed.
preprocessing complete.
generating distance map...
distance map complete.
smoothing distance map...
distance map smoothed.
identifying maxima...
maxima identified.
watershedding...
watershedding complete.
creating PexSegmentObj...
eliminating dim foci...
before eliminating dim foci: 193 foci in image
after eliminating dim foci: 193 foci in image
eliminating foci that reside outside of cells...
eliminating intranuclear foci...
176 final foci
foci segmented from position 7

segmenting foci for position 8 out of 17
raw image imported.
performing gaussian filtering...
Image smoothed.
preprocessing complete.
generating distance map...
distance map complete.
smoothing distance map...
distance map smoothed.
identifying maxima...
maxima identified.
watershedding...
watershedding complete.
creating PexSegmentObj...
eliminating dim foci...
before eliminating dim foci: 65 foci in image
after eliminating dim foci: 65 foci in image
eliminating foci that reside outside of cells...
eliminating intranuclear foci...
64 final foci
foci segmented from position 8

segmenting foci for position 9 out of 17
raw image imported.
performing gaussian filtering...
Image smoothed.
preprocessing complete.
generating distance map...
distance map complete.
smoothing distance map...
distance map smoothed.
identifying maxima...
maxima identified.
watershedding...
watershedding complete.
creating PexSegmentObj...
eliminating dim foci...
before eliminating dim foci: 23 foci in image
after eliminating dim foci: 23 foci in image
eliminating foci that reside outside of cells...
eliminating intranuclear foci...
23 final foci
foci segmented from position 9

segmenting foci for position 10 out of 17
raw image imported.
performing gaussian filtering...
Image smoothed.
preprocessing complete.
generating distance map...
distance map complete.
smoothing distance map...
distance map smoothed.
identifying maxima...
maxima identified.
watershedding...
watershedding complete.
creating PexSegmentObj...
eliminating dim foci...
before eliminating dim foci: 32 foci in image
after eliminating dim foci: 32 foci in image
eliminating foci that reside outside of cells...
eliminating intranuclear foci...
28 final foci
foci segmented from position 10

segmenting foci for position 11 out of 17
raw image imported.
performing gaussian filtering...
Image smoothed.
preprocessing complete.
generating distance map...
distance map complete.
smoothing distance map...
distance map smoothed.
identifying maxima...
maxima identified.
watershedding...
watershedding complete.
creating PexSegmentObj...
eliminating dim foci...
before eliminating dim foci: 167 foci in image
after eliminating dim foci: 166 foci in image
eliminating foci that reside outside of cells...
eliminating intranuclear foci...
150 final foci
foci segmented from position 11

segmenting foci for position 12 out of 17
raw image imported.
performing gaussian filtering...
Image smoothed.
preprocessing complete.
generating distance map...
distance map complete.
smoothing distance map...
distance map smoothed.
identifying maxima...
maxima identified.
watershedding...
watershedding complete.
creating PexSegmentObj...
eliminating dim foci...
before eliminating dim foci: 64 foci in image
after eliminating dim foci: 64 foci in image
eliminating foci that reside outside of cells...
eliminating intranuclear foci...
45 final foci
foci segmented from position 12

segmenting foci for position 13 out of 17
raw image imported.
performing gaussian filtering...
Image smoothed.
preprocessing complete.
generating distance map...
distance map complete.
smoothing distance map...
distance map smoothed.
identifying maxima...
maxima identified.
watershedding...
watershedding complete.
creating PexSegmentObj...
eliminating dim foci...
before eliminating dim foci: 136 foci in image
after eliminating dim foci: 136 foci in image
eliminating foci that reside outside of cells...
eliminating intranuclear foci...
109 final foci
foci segmented from position 13

segmenting foci for position 14 out of 17
raw image imported.
performing gaussian filtering...
Image smoothed.
preprocessing complete.
generating distance map...
distance map complete.
smoothing distance map...
distance map smoothed.
identifying maxima...
maxima identified.
watershedding...
watershedding complete.
creating PexSegmentObj...
eliminating dim foci...
before eliminating dim foci: 78 foci in image
after eliminating dim foci: 78 foci in image
eliminating foci that reside outside of cells...
eliminating intranuclear foci...
24 final foci
foci segmented from position 14

segmenting foci for position 15 out of 17
raw image imported.
performing gaussian filtering...
Image smoothed.
preprocessing complete.
generating distance map...
distance map complete.
smoothing distance map...
distance map smoothed.
identifying maxima...
maxima identified.
watershedding...
watershedding complete.
creating PexSegmentObj...
eliminating dim foci...
before eliminating dim foci: 105 foci in image
after eliminating dim foci: 105 foci in image
eliminating foci that reside outside of cells...
eliminating intranuclear foci...
30 final foci
foci segmented from position 15

segmenting foci for position 16 out of 17
raw image imported.
performing gaussian filtering...
Image smoothed.
preprocessing complete.
generating distance map...
distance map complete.
smoothing distance map...
distance map smoothed.
identifying maxima...
maxima identified.
watershedding...
watershedding complete.
creating PexSegmentObj...
eliminating dim foci...
before eliminating dim foci: 64 foci in image
after eliminating dim foci: 64 foci in image
eliminating foci that reside outside of cells...
eliminating intranuclear foci...
61 final foci
foci segmented from position 16

segmenting foci for position 17 out of 17
raw image imported.
performing gaussian filtering...
Image smoothed.
preprocessing complete.
generating distance map...
distance map complete.
smoothing distance map...
distance map smoothed.
identifying maxima...
maxima identified.
watershedding...
watershedding complete.
creating PexSegmentObj...
eliminating dim foci...
before eliminating dim foci: 255 foci in image
after eliminating dim foci: 255 foci in image
eliminating foci that reside outside of cells...
eliminating intranuclear foci...
254 final foci
foci segmented from position 17

------------------------------------------------------
segmentation complete for channel 561
------------------------------------------------------
Foci segmented.
------------------------------------------------------
counting foci/cell in channel 488 images...
------------------------------------------------------
counting foci/cell in image #1 of 17
counting foci/cell in image #2 of 17
counting foci/cell in image #3 of 17
counting foci/cell in image #4 of 17
counting foci/cell in image #5 of 17
counting foci/cell in image #6 of 17
counting foci/cell in image #7 of 17
counting foci/cell in image #8 of 17
counting foci/cell in image #9 of 17
counting foci/cell in image #10 of 17
counting foci/cell in image #11 of 17
counting foci/cell in image #12 of 17
counting foci/cell in image #13 of 17
counting foci/cell in image #14 of 17
counting foci/cell in image #15 of 17
counting foci/cell in image #16 of 17
counting foci/cell in image #17 of 17
------------------------------------------------------
counting foci/cell in channel 561 images...
------------------------------------------------------
counting foci/cell in image #1 of 17
counting foci/cell in image #2 of 17
counting foci/cell in image #3 of 17
counting foci/cell in image #4 of 17
counting foci/cell in image #5 of 17
counting foci/cell in image #6 of 17
counting foci/cell in image #7 of 17
counting foci/cell in image #8 of 17
counting foci/cell in image #9 of 17
counting foci/cell in image #10 of 17
counting foci/cell in image #11 of 17
counting foci/cell in image #12 of 17
counting foci/cell in image #13 of 17
counting foci/cell in image #14 of 17
counting foci/cell in image #15 of 17
counting foci/cell in image #16 of 17
counting foci/cell in image #17 of 17
Foci counted.
n foci:
{0: array([28, 33]), 1: array([29]), 2: array([33]), 3: array([36, 34]), 4: array([61, 42]), 5: array([101]), 6: array([27, 42, 44, 43, 25, 46]), 7: array([22, 44]), 8: array([25, 32]), 9: array([24, 16]), 10: array([57, 31, 25]), 11: array([50, 46]), 12: array([51, 33, 46, 48]), 13: array([67]), 14: array([], dtype=float64), 15: array([], dtype=float64), 16: array([], dtype=float64)}
{0: array([22, 26]), 1: array([70]), 2: array([54]), 3: array([28, 22]), 4: array([30, 31]), 5: array([252]), 6: array([25, 31, 39, 44, 31, 37]), 7: array([37, 30]), 8: array([10, 14]), 9: array([4, 1]), 10: array([60, 38, 35]), 11: array([24, 21]), 12: array([42, 21, 29, 29]), 13: array([17]), 14: array([], dtype=float64), 15: array([], dtype=float64), 16: array([], dtype=float64)}
checking channels...
checking for overlap...
measuring overlap in channel 488
finding overlap in image #1out of 17
getting IDs of overlapping foci...
creating image of overlapping foci...
counting # of overlapping foci per cell...
finding overlap in image #2out of 17
getting IDs of overlapping foci...
creating image of overlapping foci...
counting # of overlapping foci per cell...
finding overlap in image #3out of 17
getting IDs of overlapping foci...
creating image of overlapping foci...
counting # of overlapping foci per cell...
finding overlap in image #4out of 17
getting IDs of overlapping foci...
creating image of overlapping foci...
counting # of overlapping foci per cell...
finding overlap in image #5out of 17
getting IDs of overlapping foci...
creating image of overlapping foci...
counting # of overlapping foci per cell...
finding overlap in image #6out of 17
getting IDs of overlapping foci...
creating image of overlapping foci...
counting # of overlapping foci per cell...
finding overlap in image #7out of 17
getting IDs of overlapping foci...
creating image of overlapping foci...
counting # of overlapping foci per cell...
finding overlap in image #8out of 17
getting IDs of overlapping foci...
creating image of overlapping foci...
counting # of overlapping foci per cell...
finding overlap in image #9out of 17
getting IDs of overlapping foci...
creating image of overlapping foci...
counting # of overlapping foci per cell...
finding overlap in image #10out of 17
getting IDs of overlapping foci...
creating image of overlapping foci...
counting # of overlapping foci per cell...
finding overlap in image #11out of 17
getting IDs of overlapping foci...
creating image of overlapping foci...
counting # of overlapping foci per cell...
finding overlap in image #12out of 17
getting IDs of overlapping foci...
creating image of overlapping foci...
counting # of overlapping foci per cell...
finding overlap in image #13out of 17
getting IDs of overlapping foci...
creating image of overlapping foci...
counting # of overlapping foci per cell...
finding overlap in image #14out of 17
getting IDs of overlapping foci...
creating image of overlapping foci...
counting # of overlapping foci per cell...
finding overlap in image #15out of 17
getting IDs of overlapping foci...
creating image of overlapping foci...
counting # of overlapping foci per cell...
finding overlap in image #16out of 17
getting IDs of overlapping foci...
creating image of overlapping foci...
counting # of overlapping foci per cell...
finding overlap in image #17out of 17
getting IDs of overlapping foci...
creating image of overlapping foci...
counting # of overlapping foci per cell...
overlap between channels measured.
outputting to csv...
initializing pd.DataFrame for output...
populating output arrays...
outputting images...
