args:
Namespace(array_no='1', output_dir='/n/denic_lab/Lab/csth-output/lc3_wipi', ref_csv='/n/denic_lab/Users/nweir/python_packages/csth-imaging/im_list_wipi.csv')
czi path: /n/denic_lab/Lab/TH_Imaging/6.12.17 TH70_LC3-WIPI_LSM Airyscan 880/LC3-WIPI_HEK_dVPS37A_NoTreat_15pos_Airyscan Processing.czi
MultiFinder created.
background image added to MultiFinder.
CellSplitter instance created.
input image has 4 dimensions (multiple imgs)
segmenting image #1 of 15...
raw image imported.
performing gaussian filtering...
Image smoothed.
preprocessing complete.
thresholding...
mode = threshold.
thresholding complete.
filling holes in objects.
generating distance map...
distance map complete.
smoothing distance map...
distance map smoothed.
identifying maxima...
maxima identified.
watershedding...
watershedding complete.
creating PexSegmentObj...
passing segmented objs and seeds to Nuclei instance...

segmenting image #2 of 15...
raw image imported.
performing gaussian filtering...
Image smoothed.
preprocessing complete.
thresholding...
mode = threshold.
thresholding complete.
filling holes in objects.
generating distance map...
distance map complete.
smoothing distance map...
distance map smoothed.
identifying maxima...
maxima identified.
watershedding...
watershedding complete.
creating PexSegmentObj...
passing segmented objs and seeds to Nuclei instance...

segmenting image #3 of 15...
raw image imported.
performing gaussian filtering...
Image smoothed.
preprocessing complete.
thresholding...
mode = threshold.
thresholding complete.
filling holes in objects.
generating distance map...
distance map complete.
smoothing distance map...
distance map smoothed.
identifying maxima...
maxima identified.
watershedding...
watershedding complete.
creating PexSegmentObj...
passing segmented objs and seeds to Nuclei instance...

segmenting image #4 of 15...
raw image imported.
performing gaussian filtering...
Image smoothed.
preprocessing complete.
thresholding...
mode = threshold.
thresholding complete.
filling holes in objects.
generating distance map...
distance map complete.
smoothing distance map...
distance map smoothed.
identifying maxima...
maxima identified.
watershedding...
watershedding complete.
creating PexSegmentObj...
passing segmented objs and seeds to Nuclei instance...

segmenting image #5 of 15...
raw image imported.
performing gaussian filtering...
Image smoothed.
preprocessing complete.
thresholding...
mode = threshold.
thresholding complete.
filling holes in objects.
generating distance map...
distance map complete.
smoothing distance map...
distance map smoothed.
identifying maxima...
maxima identified.
watershedding...
watershedding complete.
creating PexSegmentObj...
passing segmented objs and seeds to Nuclei instance...

segmenting image #6 of 15...
raw image imported.
performing gaussian filtering...
Image smoothed.
preprocessing complete.
thresholding...
mode = threshold.
thresholding complete.
filling holes in objects.
generating distance map...
distance map complete.
smoothing distance map...
distance map smoothed.
identifying maxima...
maxima identified.
watershedding...
watershedding complete.
creating PexSegmentObj...
passing segmented objs and seeds to Nuclei instance...

segmenting image #7 of 15...
raw image imported.
performing gaussian filtering...
Image smoothed.
preprocessing complete.
thresholding...
mode = threshold.
thresholding complete.
filling holes in objects.
generating distance map...
distance map complete.
smoothing distance map...
distance map smoothed.
identifying maxima...
maxima identified.
watershedding...
watershedding complete.
creating PexSegmentObj...
passing segmented objs and seeds to Nuclei instance...

segmenting image #8 of 15...
raw image imported.
performing gaussian filtering...
Image smoothed.
preprocessing complete.
thresholding...
mode = threshold.
thresholding complete.
filling holes in objects.
generating distance map...
distance map complete.
smoothing distance map...
distance map smoothed.
identifying maxima...
maxima identified.
watershedding...
watershedding complete.
creating PexSegmentObj...
passing segmented objs and seeds to Nuclei instance...

segmenting image #9 of 15...
raw image imported.
performing gaussian filtering...
Image smoothed.
preprocessing complete.
thresholding...
mode = threshold.
thresholding complete.
filling holes in objects.
generating distance map...
distance map complete.
smoothing distance map...
distance map smoothed.
identifying maxima...
maxima identified.
watershedding...
watershedding complete.
creating PexSegmentObj...
passing segmented objs and seeds to Nuclei instance...

segmenting image #10 of 15...
raw image imported.
performing gaussian filtering...
Image smoothed.
preprocessing complete.
thresholding...
mode = threshold.
thresholding complete.
filling holes in objects.
generating distance map...
distance map complete.
smoothing distance map...
distance map smoothed.
identifying maxima...
maxima identified.
watershedding...
watershedding complete.
creating PexSegmentObj...
passing segmented objs and seeds to Nuclei instance...

segmenting image #11 of 15...
raw image imported.
performing gaussian filtering...
Image smoothed.
preprocessing complete.
thresholding...
mode = threshold.
thresholding complete.
filling holes in objects.
generating distance map...
distance map complete.
smoothing distance map...
distance map smoothed.
identifying maxima...
maxima identified.
watershedding...
watershedding complete.
creating PexSegmentObj...
passing segmented objs and seeds to Nuclei instance...

segmenting image #12 of 15...
raw image imported.
performing gaussian filtering...
Image smoothed.
preprocessing complete.
thresholding...
mode = threshold.
thresholding complete.
filling holes in objects.
generating distance map...
distance map complete.
smoothing distance map...
distance map smoothed.
identifying maxima...
maxima identified.
watershedding...
watershedding complete.
creating PexSegmentObj...
passing segmented objs and seeds to Nuclei instance...

segmenting image #13 of 15...
raw image imported.
performing gaussian filtering...
Image smoothed.
preprocessing complete.
thresholding...
mode = threshold.
thresholding complete.
filling holes in objects.
generating distance map...
distance map complete.
smoothing distance map...
distance map smoothed.
identifying maxima...
maxima identified.
watershedding...
watershedding complete.
creating PexSegmentObj...
passing segmented objs and seeds to Nuclei instance...

segmenting image #14 of 15...
raw image imported.
performing gaussian filtering...
Image smoothed.
preprocessing complete.
thresholding...
mode = threshold.
thresholding complete.
filling holes in objects.
generating distance map...
distance map complete.
smoothing distance map...
distance map smoothed.
identifying maxima...
maxima identified.
watershedding...
watershedding complete.
creating PexSegmentObj...
passing segmented objs and seeds to Nuclei instance...

segmenting image #15 of 15...
raw image imported.
performing gaussian filtering...
Image smoothed.
preprocessing complete.
thresholding...
mode = threshold.
thresholding complete.
filling holes in objects.
generating distance map...
distance map complete.
smoothing distance map...
distance map smoothed.
identifying maxima...
maxima identified.
watershedding...
watershedding complete.
creating PexSegmentObj...
passing segmented objs and seeds to Nuclei instance...

removing small perinuclear foci...
2 raw segmented DAPI foci
0 foci volume < 1000 px, removing...
removing nuclei_centers corresponding to perinuclear DAPI foci...
2 raw segmented DAPI foci
0 foci volume < 1000 px, removing...
removing nuclei_centers corresponding to perinuclear DAPI foci...
3 raw segmented DAPI foci
0 foci volume < 1000 px, removing...
removing nuclei_centers corresponding to perinuclear DAPI foci...
2 raw segmented DAPI foci
0 foci volume < 1000 px, removing...
removing nuclei_centers corresponding to perinuclear DAPI foci...
2 raw segmented DAPI foci
0 foci volume < 1000 px, removing...
removing nuclei_centers corresponding to perinuclear DAPI foci...
2 raw segmented DAPI foci
0 foci volume < 1000 px, removing...
removing nuclei_centers corresponding to perinuclear DAPI foci...
2 raw segmented DAPI foci
0 foci volume < 1000 px, removing...
removing nuclei_centers corresponding to perinuclear DAPI foci...
3 raw segmented DAPI foci
0 foci volume < 1000 px, removing...
removing nuclei_centers corresponding to perinuclear DAPI foci...
2 raw segmented DAPI foci
0 foci volume < 1000 px, removing...
removing nuclei_centers corresponding to perinuclear DAPI foci...
2 raw segmented DAPI foci
0 foci volume < 1000 px, removing...
removing nuclei_centers corresponding to perinuclear DAPI foci...
2 raw segmented DAPI foci
0 foci volume < 1000 px, removing...
removing nuclei_centers corresponding to perinuclear DAPI foci...
2 raw segmented DAPI foci
0 foci volume < 1000 px, removing...
removing nuclei_centers corresponding to perinuclear DAPI foci...
4 raw segmented DAPI foci
0 foci volume < 1000 px, removing...
removing nuclei_centers corresponding to perinuclear DAPI foci...
2 raw segmented DAPI foci
0 foci volume < 1000 px, removing...
removing nuclei_centers corresponding to perinuclear DAPI foci...
3 raw segmented DAPI foci
0 foci volume < 1000 px, removing...
removing nuclei_centers corresponding to perinuclear DAPI foci...
Nuclei segmented.
checking that nuclei have already been segmented...
generating cell masks...
log-transforming arrays...
applying gaussian filter...
computing p-value transformation...
 computing p-val xform for image 1 out of 15
 computing p-val xform for image 2 out of 15
 computing p-val xform for image 3 out of 15
 computing p-val xform for image 4 out of 15
 computing p-val xform for image 5 out of 15
 computing p-val xform for image 6 out of 15
 computing p-val xform for image 7 out of 15
 computing p-val xform for image 8 out of 15
 computing p-val xform for image 9 out of 15
 computing p-val xform for image 10 out of 15
 computing p-val xform for image 11 out of 15
 computing p-val xform for image 12 out of 15
 computing p-val xform for image 13 out of 15
 computing p-val xform for image 14 out of 15
 computing p-val xform for image 15 out of 15
converting to binary...

generating cell masks...

generating mask #1
labeling contiguous objects...
eliminating objects w/volume < 100,000 px...
pruning labels...
appending outputs...
mask #1 complete.

generating mask #2
labeling contiguous objects...
eliminating objects w/volume < 100,000 px...
pruning labels...
appending outputs...
mask #2 complete.

generating mask #3
labeling contiguous objects...
eliminating objects w/volume < 100,000 px...
pruning labels...
appending outputs...
mask #3 complete.

generating mask #4
labeling contiguous objects...
eliminating objects w/volume < 100,000 px...
pruning labels...
appending outputs...
mask #4 complete.

generating mask #5
labeling contiguous objects...
eliminating objects w/volume < 100,000 px...
pruning labels...
appending outputs...
mask #5 complete.

generating mask #6
labeling contiguous objects...
eliminating objects w/volume < 100,000 px...
pruning labels...
appending outputs...
mask #6 complete.

generating mask #7
labeling contiguous objects...
eliminating objects w/volume < 100,000 px...
pruning labels...
appending outputs...
mask #7 complete.

generating mask #8
labeling contiguous objects...
eliminating objects w/volume < 100,000 px...
pruning labels...
appending outputs...
mask #8 complete.

generating mask #9
labeling contiguous objects...
eliminating objects w/volume < 100,000 px...
pruning labels...
appending outputs...
mask #9 complete.

generating mask #10
labeling contiguous objects...
eliminating objects w/volume < 100,000 px...
pruning labels...
appending outputs...
mask #10 complete.

generating mask #11
labeling contiguous objects...
eliminating objects w/volume < 100,000 px...
pruning labels...
appending outputs...
mask #11 complete.

generating mask #12
labeling contiguous objects...
eliminating objects w/volume < 100,000 px...
pruning labels...
appending outputs...
mask #12 complete.

generating mask #13
labeling contiguous objects...
eliminating objects w/volume < 100,000 px...
pruning labels...
appending outputs...
mask #13 complete.

generating mask #14
labeling contiguous objects...
eliminating objects w/volume < 100,000 px...
pruning labels...
appending outputs...
mask #14 complete.

generating mask #15
labeling contiguous objects...
eliminating objects w/volume < 100,000 px...
pruning labels...
appending outputs...
mask #15 complete.

converting nuclei to binary masks for distance xform...
segmenting cells in image #1 out of 15...
performing Euclidean distance xform...
smoothing the distance map...
generating segmentation seeds from nuclei_centers...
watershed segmenting cells from nuclei centers...
segmentation complete for image #1.
removing cells that contact the edge of the image.
removing small foci...
2 raw segmented cells
0 foci volume < 1000 px, removing...

segmenting cells in image #2 out of 15...
performing Euclidean distance xform...
smoothing the distance map...
generating segmentation seeds from nuclei_centers...
watershed segmenting cells from nuclei centers...
segmentation complete for image #2.
removing cells that contact the edge of the image.
removing small foci...
2 raw segmented cells
0 foci volume < 1000 px, removing...

segmenting cells in image #3 out of 15...
performing Euclidean distance xform...
smoothing the distance map...
generating segmentation seeds from nuclei_centers...
watershed segmenting cells from nuclei centers...
segmentation complete for image #3.
removing cells that contact the edge of the image.
removing small foci...
3 raw segmented cells
0 foci volume < 1000 px, removing...

segmenting cells in image #4 out of 15...
performing Euclidean distance xform...
smoothing the distance map...
generating segmentation seeds from nuclei_centers...
watershed segmenting cells from nuclei centers...
segmentation complete for image #4.
removing cells that contact the edge of the image.
removing small foci...
2 raw segmented cells
0 foci volume < 1000 px, removing...

segmenting cells in image #5 out of 15...
performing Euclidean distance xform...
smoothing the distance map...
generating segmentation seeds from nuclei_centers...
watershed segmenting cells from nuclei centers...
segmentation complete for image #5.
removing cells that contact the edge of the image.
removing small foci...
2 raw segmented cells
0 foci volume < 1000 px, removing...

segmenting cells in image #6 out of 15...
performing Euclidean distance xform...
smoothing the distance map...
generating segmentation seeds from nuclei_centers...
watershed segmenting cells from nuclei centers...
segmentation complete for image #6.
removing cells that contact the edge of the image.
removing small foci...
0 raw segmented cells
0 foci volume < 1000 px, removing...

segmenting cells in image #7 out of 15...
performing Euclidean distance xform...
smoothing the distance map...
generating segmentation seeds from nuclei_centers...
watershed segmenting cells from nuclei centers...
segmentation complete for image #7.
removing cells that contact the edge of the image.
removing small foci...
2 raw segmented cells
0 foci volume < 1000 px, removing...

segmenting cells in image #8 out of 15...
performing Euclidean distance xform...
smoothing the distance map...
generating segmentation seeds from nuclei_centers...
watershed segmenting cells from nuclei centers...
segmentation complete for image #8.
removing cells that contact the edge of the image.
removing small foci...
0 raw segmented cells
0 foci volume < 1000 px, removing...

segmenting cells in image #9 out of 15...
performing Euclidean distance xform...
smoothing the distance map...
generating segmentation seeds from nuclei_centers...
watershed segmenting cells from nuclei centers...
segmentation complete for image #9.
removing cells that contact the edge of the image.
removing small foci...
2 raw segmented cells
0 foci volume < 1000 px, removing...

segmenting cells in image #10 out of 15...
performing Euclidean distance xform...
smoothing the distance map...
generating segmentation seeds from nuclei_centers...
watershed segmenting cells from nuclei centers...
segmentation complete for image #10.
removing cells that contact the edge of the image.
removing small foci...
0 raw segmented cells
0 foci volume < 1000 px, removing...

segmenting cells in image #11 out of 15...
performing Euclidean distance xform...
smoothing the distance map...
generating segmentation seeds from nuclei_centers...
watershed segmenting cells from nuclei centers...
segmentation complete for image #11.
removing cells that contact the edge of the image.
removing small foci...
1 raw segmented cells
0 foci volume < 1000 px, removing...

segmenting cells in image #12 out of 15...
performing Euclidean distance xform...
smoothing the distance map...
generating segmentation seeds from nuclei_centers...
watershed segmenting cells from nuclei centers...
segmentation complete for image #12.
removing cells that contact the edge of the image.
removing small foci...
2 raw segmented cells
0 foci volume < 1000 px, removing...

segmenting cells in image #13 out of 15...
performing Euclidean distance xform...
smoothing the distance map...
generating segmentation seeds from nuclei_centers...
watershed segmenting cells from nuclei centers...
segmentation complete for image #13.
removing cells that contact the edge of the image.
removing small foci...
3 raw segmented cells
0 foci volume < 1000 px, removing...

segmenting cells in image #14 out of 15...
performing Euclidean distance xform...
smoothing the distance map...
generating segmentation seeds from nuclei_centers...
watershed segmenting cells from nuclei centers...
segmentation complete for image #14.
removing cells that contact the edge of the image.
removing small foci...
2 raw segmented cells
0 foci volume < 1000 px, removing...

segmenting cells in image #15 out of 15...
performing Euclidean distance xform...
smoothing the distance map...
generating segmentation seeds from nuclei_centers...
watershed segmenting cells from nuclei centers...
segmentation complete for image #15.
removing cells that contact the edge of the image.
removing small foci...
1 raw segmented cells
0 foci volume < 1000 px, removing...

Cells segmented.
initializing attributes...
loading images...
Foci instance created.
beginning segmentation.
------------------------------------------------------
segmenting foci from channel 488
------------------------------------------------------
segmenting foci for position 1 out of 15
raw image imported.
performing gaussian filtering...
Image smoothed.
preprocessing complete.
generating distance map...
distance map complete.
smoothing distance map...
distance map smoothed.
identifying maxima...
maxima identified.
watershedding...
watershedding complete.
creating PexSegmentObj...
eliminating dim foci...
before eliminating dim foci: 172 foci in image
after eliminating dim foci: 110 foci in image
eliminating foci that reside outside of cells...
eliminating intranuclear foci...
74 final foci
foci segmented from position 1

segmenting foci for position 2 out of 15
raw image imported.
performing gaussian filtering...
Image smoothed.
preprocessing complete.
generating distance map...
distance map complete.
smoothing distance map...
distance map smoothed.
identifying maxima...
maxima identified.
watershedding...
watershedding complete.
creating PexSegmentObj...
eliminating dim foci...
before eliminating dim foci: 335 foci in image
after eliminating dim foci: 173 foci in image
eliminating foci that reside outside of cells...
eliminating intranuclear foci...
83 final foci
foci segmented from position 2

segmenting foci for position 3 out of 15
raw image imported.
performing gaussian filtering...
Image smoothed.
preprocessing complete.
generating distance map...
distance map complete.
smoothing distance map...
distance map smoothed.
identifying maxima...
maxima identified.
watershedding...
watershedding complete.
creating PexSegmentObj...
eliminating dim foci...
before eliminating dim foci: 470 foci in image
after eliminating dim foci: 283 foci in image
eliminating foci that reside outside of cells...
eliminating intranuclear foci...
194 final foci
foci segmented from position 3

segmenting foci for position 4 out of 15
raw image imported.
performing gaussian filtering...
Image smoothed.
preprocessing complete.
generating distance map...
distance map complete.
smoothing distance map...
distance map smoothed.
identifying maxima...
maxima identified.
watershedding...
watershedding complete.
creating PexSegmentObj...
eliminating dim foci...
before eliminating dim foci: 189 foci in image
after eliminating dim foci: 129 foci in image
eliminating foci that reside outside of cells...
eliminating intranuclear foci...
65 final foci
foci segmented from position 4

segmenting foci for position 5 out of 15
raw image imported.
performing gaussian filtering...
Image smoothed.
preprocessing complete.
generating distance map...
distance map complete.
smoothing distance map...
distance map smoothed.
identifying maxima...
maxima identified.
watershedding...
watershedding complete.
creating PexSegmentObj...
eliminating dim foci...
before eliminating dim foci: 246 foci in image
after eliminating dim foci: 114 foci in image
eliminating foci that reside outside of cells...
eliminating intranuclear foci...
68 final foci
foci segmented from position 5

segmenting foci for position 6 out of 15
raw image imported.
performing gaussian filtering...
Image smoothed.
preprocessing complete.
generating distance map...
distance map complete.
smoothing distance map...
distance map smoothed.
identifying maxima...
maxima identified.
watershedding...
watershedding complete.
creating PexSegmentObj...
eliminating dim foci...
before eliminating dim foci: 222 foci in image
after eliminating dim foci: 222 foci in image
eliminating foci that reside outside of cells...
eliminating intranuclear foci...
220 final foci
foci segmented from position 6

segmenting foci for position 7 out of 15
raw image imported.
performing gaussian filtering...
Image smoothed.
preprocessing complete.
generating distance map...
distance map complete.
smoothing distance map...
distance map smoothed.
identifying maxima...
maxima identified.
watershedding...
watershedding complete.
creating PexSegmentObj...
eliminating dim foci...
before eliminating dim foci: 65 foci in image
after eliminating dim foci: 57 foci in image
eliminating foci that reside outside of cells...
eliminating intranuclear foci...
45 final foci
foci segmented from position 7

segmenting foci for position 8 out of 15
raw image imported.
performing gaussian filtering...
Image smoothed.
preprocessing complete.
generating distance map...
distance map complete.
smoothing distance map...
distance map smoothed.
identifying maxima...
maxima identified.
watershedding...
watershedding complete.
creating PexSegmentObj...
eliminating dim foci...
before eliminating dim foci: 37 foci in image
after eliminating dim foci: 37 foci in image
eliminating foci that reside outside of cells...
eliminating intranuclear foci...
37 final foci
foci segmented from position 8

segmenting foci for position 9 out of 15
raw image imported.
performing gaussian filtering...
Image smoothed.
preprocessing complete.
generating distance map...
distance map complete.
smoothing distance map...
distance map smoothed.
identifying maxima...
maxima identified.
watershedding...
watershedding complete.
creating PexSegmentObj...
eliminating dim foci...
before eliminating dim foci: 27 foci in image
after eliminating dim foci: 27 foci in image
eliminating foci that reside outside of cells...
eliminating intranuclear foci...
22 final foci
foci segmented from position 9

segmenting foci for position 10 out of 15
raw image imported.
performing gaussian filtering...
Image smoothed.
preprocessing complete.
generating distance map...
distance map complete.
smoothing distance map...
distance map smoothed.
identifying maxima...
maxima identified.
watershedding...
watershedding complete.
creating PexSegmentObj...
eliminating dim foci...
before eliminating dim foci: 50 foci in image
after eliminating dim foci: 50 foci in image
eliminating foci that reside outside of cells...
eliminating intranuclear foci...
49 final foci
foci segmented from position 10

segmenting foci for position 11 out of 15
raw image imported.
performing gaussian filtering...
Image smoothed.
preprocessing complete.
generating distance map...
distance map complete.
smoothing distance map...
distance map smoothed.
identifying maxima...
maxima identified.
watershedding...
watershedding complete.
creating PexSegmentObj...
eliminating dim foci...
before eliminating dim foci: 134 foci in image
after eliminating dim foci: 88 foci in image
eliminating foci that reside outside of cells...
eliminating intranuclear foci...
57 final foci
foci segmented from position 11

segmenting foci for position 12 out of 15
raw image imported.
performing gaussian filtering...
Image smoothed.
preprocessing complete.
generating distance map...
distance map complete.
smoothing distance map...
distance map smoothed.
identifying maxima...
maxima identified.
watershedding...
watershedding complete.
creating PexSegmentObj...
eliminating dim foci...
before eliminating dim foci: 216 foci in image
after eliminating dim foci: 124 foci in image
eliminating foci that reside outside of cells...
eliminating intranuclear foci...
105 final foci
foci segmented from position 12

segmenting foci for position 13 out of 15
raw image imported.
performing gaussian filtering...
Image smoothed.
preprocessing complete.
generating distance map...
distance map complete.
smoothing distance map...
distance map smoothed.
identifying maxima...
maxima identified.
watershedding...
watershedding complete.
creating PexSegmentObj...
eliminating dim foci...
before eliminating dim foci: 202 foci in image
after eliminating dim foci: 127 foci in image
eliminating foci that reside outside of cells...
eliminating intranuclear foci...
102 final foci
foci segmented from position 13

segmenting foci for position 14 out of 15
raw image imported.
performing gaussian filtering...
Image smoothed.
preprocessing complete.
generating distance map...
distance map complete.
smoothing distance map...
distance map smoothed.
identifying maxima...
maxima identified.
watershedding...
watershedding complete.
creating PexSegmentObj...
eliminating dim foci...
before eliminating dim foci: 105 foci in image
after eliminating dim foci: 65 foci in image
eliminating foci that reside outside of cells...
eliminating intranuclear foci...
47 final foci
foci segmented from position 14

segmenting foci for position 15 out of 15
raw image imported.
performing gaussian filtering...
Image smoothed.
preprocessing complete.
generating distance map...
distance map complete.
smoothing distance map...
distance map smoothed.
identifying maxima...
maxima identified.
watershedding...
watershedding complete.
creating PexSegmentObj...
eliminating dim foci...
before eliminating dim foci: 255 foci in image
after eliminating dim foci: 214 foci in image
eliminating foci that reside outside of cells...
eliminating intranuclear foci...
146 final foci
foci segmented from position 15

------------------------------------------------------
segmentation complete for channel 488
------------------------------------------------------
------------------------------------------------------
segmenting foci from channel 561
------------------------------------------------------
segmenting foci for position 1 out of 15
raw image imported.
performing gaussian filtering...
Image smoothed.
preprocessing complete.
generating distance map...
distance map complete.
smoothing distance map...
distance map smoothed.
identifying maxima...
maxima identified.
watershedding...
watershedding complete.
creating PexSegmentObj...
eliminating dim foci...
before eliminating dim foci: 60 foci in image
after eliminating dim foci: 59 foci in image
eliminating foci that reside outside of cells...
eliminating intranuclear foci...
56 final foci
foci segmented from position 1

segmenting foci for position 2 out of 15
raw image imported.
performing gaussian filtering...
Image smoothed.
preprocessing complete.
generating distance map...
distance map complete.
smoothing distance map...
distance map smoothed.
identifying maxima...
maxima identified.
watershedding...
watershedding complete.
creating PexSegmentObj...
eliminating dim foci...
before eliminating dim foci: 87 foci in image
after eliminating dim foci: 85 foci in image
eliminating foci that reside outside of cells...
eliminating intranuclear foci...
70 final foci
foci segmented from position 2

segmenting foci for position 3 out of 15
raw image imported.
performing gaussian filtering...
Image smoothed.
preprocessing complete.
generating distance map...
distance map complete.
smoothing distance map...
distance map smoothed.
identifying maxima...
maxima identified.
watershedding...
watershedding complete.
creating PexSegmentObj...
eliminating dim foci...
before eliminating dim foci: 150 foci in image
after eliminating dim foci: 150 foci in image
eliminating foci that reside outside of cells...
eliminating intranuclear foci...
136 final foci
foci segmented from position 3

segmenting foci for position 4 out of 15
raw image imported.
performing gaussian filtering...
Image smoothed.
preprocessing complete.
generating distance map...
distance map complete.
smoothing distance map...
distance map smoothed.
identifying maxima...
maxima identified.
watershedding...
watershedding complete.
creating PexSegmentObj...
eliminating dim foci...
before eliminating dim foci: 56 foci in image
after eliminating dim foci: 56 foci in image
eliminating foci that reside outside of cells...
eliminating intranuclear foci...
52 final foci
foci segmented from position 4

segmenting foci for position 5 out of 15
raw image imported.
performing gaussian filtering...
Image smoothed.
preprocessing complete.
generating distance map...
distance map complete.
smoothing distance map...
distance map smoothed.
identifying maxima...
maxima identified.
watershedding...
watershedding complete.
creating PexSegmentObj...
eliminating dim foci...
before eliminating dim foci: 57 foci in image
after eliminating dim foci: 57 foci in image
eliminating foci that reside outside of cells...
eliminating intranuclear foci...
51 final foci
foci segmented from position 5

segmenting foci for position 6 out of 15
raw image imported.
performing gaussian filtering...
Image smoothed.
preprocessing complete.
generating distance map...
distance map complete.
smoothing distance map...
distance map smoothed.
identifying maxima...
maxima identified.
watershedding...
watershedding complete.
creating PexSegmentObj...
eliminating dim foci...
before eliminating dim foci: 113 foci in image
after eliminating dim foci: 113 foci in image
eliminating foci that reside outside of cells...
eliminating intranuclear foci...
101 final foci
foci segmented from position 6

segmenting foci for position 7 out of 15
raw image imported.
performing gaussian filtering...
Image smoothed.
preprocessing complete.
generating distance map...
distance map complete.
smoothing distance map...
distance map smoothed.
identifying maxima...
maxima identified.
watershedding...
watershedding complete.
creating PexSegmentObj...
eliminating dim foci...
before eliminating dim foci: 35 foci in image
after eliminating dim foci: 35 foci in image
eliminating foci that reside outside of cells...
eliminating intranuclear foci...
20 final foci
foci segmented from position 7

segmenting foci for position 8 out of 15
raw image imported.
performing gaussian filtering...
Image smoothed.
preprocessing complete.
generating distance map...
distance map complete.
smoothing distance map...
distance map smoothed.
identifying maxima...
maxima identified.
watershedding...
watershedding complete.
creating PexSegmentObj...
eliminating dim foci...
before eliminating dim foci: 27 foci in image
after eliminating dim foci: 27 foci in image
eliminating foci that reside outside of cells...
eliminating intranuclear foci...
4 final foci
foci segmented from position 8

segmenting foci for position 9 out of 15
raw image imported.
performing gaussian filtering...
Image smoothed.
preprocessing complete.
generating distance map...
distance map complete.
smoothing distance map...
distance map smoothed.
identifying maxima...
maxima identified.
watershedding...
watershedding complete.
creating PexSegmentObj...
eliminating dim foci...
before eliminating dim foci: 38 foci in image
after eliminating dim foci: 38 foci in image
eliminating foci that reside outside of cells...
eliminating intranuclear foci...
36 final foci
foci segmented from position 9

segmenting foci for position 10 out of 15
raw image imported.
performing gaussian filtering...
Image smoothed.
preprocessing complete.
generating distance map...
distance map complete.
smoothing distance map...
distance map smoothed.
identifying maxima...
maxima identified.
watershedding...
watershedding complete.
creating PexSegmentObj...
eliminating dim foci...
before eliminating dim foci: 40 foci in image
after eliminating dim foci: 40 foci in image
eliminating foci that reside outside of cells...
eliminating intranuclear foci...
40 final foci
foci segmented from position 10

segmenting foci for position 11 out of 15
raw image imported.
performing gaussian filtering...
Image smoothed.
preprocessing complete.
generating distance map...
distance map complete.
smoothing distance map...
distance map smoothed.
identifying maxima...
maxima identified.
watershedding...
watershedding complete.
creating PexSegmentObj...
eliminating dim foci...
before eliminating dim foci: 25 foci in image
after eliminating dim foci: 25 foci in image
eliminating foci that reside outside of cells...
eliminating intranuclear foci...
12 final foci
foci segmented from position 11

segmenting foci for position 12 out of 15
raw image imported.
performing gaussian filtering...
Image smoothed.
preprocessing complete.
generating distance map...
distance map complete.
smoothing distance map...
distance map smoothed.
identifying maxima...
maxima identified.
watershedding...
watershedding complete.
creating PexSegmentObj...
eliminating dim foci...
before eliminating dim foci: 252 foci in image
after eliminating dim foci: 193 foci in image
eliminating foci that reside outside of cells...
eliminating intranuclear foci...
170 final foci
foci segmented from position 12

segmenting foci for position 13 out of 15
raw image imported.
performing gaussian filtering...
Image smoothed.
preprocessing complete.
generating distance map...
distance map complete.
smoothing distance map...
distance map smoothed.
identifying maxima...
maxima identified.
watershedding...
watershedding complete.
creating PexSegmentObj...
eliminating dim foci...
before eliminating dim foci: 121 foci in image
after eliminating dim foci: 121 foci in image
eliminating foci that reside outside of cells...
eliminating intranuclear foci...
61 final foci
foci segmented from position 13

segmenting foci for position 14 out of 15
raw image imported.
performing gaussian filtering...
Image smoothed.
preprocessing complete.
generating distance map...
distance map complete.
smoothing distance map...
distance map smoothed.
identifying maxima...
maxima identified.
watershedding...
watershedding complete.
creating PexSegmentObj...
eliminating dim foci...
before eliminating dim foci: 29 foci in image
after eliminating dim foci: 29 foci in image
eliminating foci that reside outside of cells...
eliminating intranuclear foci...
12 final foci
foci segmented from position 14

segmenting foci for position 15 out of 15
raw image imported.
performing gaussian filtering...
Image smoothed.
preprocessing complete.
generating distance map...
distance map complete.
smoothing distance map...
distance map smoothed.
identifying maxima...
maxima identified.
watershedding...
watershedding complete.
creating PexSegmentObj...
eliminating dim foci...
before eliminating dim foci: 484 foci in image
after eliminating dim foci: 429 foci in image
eliminating foci that reside outside of cells...
eliminating intranuclear foci...
277 final foci
foci segmented from position 15

------------------------------------------------------
segmentation complete for channel 561
------------------------------------------------------
Foci segmented.
------------------------------------------------------
counting foci/cell in channel 488 images...
------------------------------------------------------
counting foci/cell in image #1 of 15
counting foci/cell in image #2 of 15
counting foci/cell in image #3 of 15
counting foci/cell in image #4 of 15
counting foci/cell in image #5 of 15
counting foci/cell in image #6 of 15
counting foci/cell in image #7 of 15
counting foci/cell in image #8 of 15
counting foci/cell in image #9 of 15
counting foci/cell in image #10 of 15
counting foci/cell in image #11 of 15
counting foci/cell in image #12 of 15
counting foci/cell in image #13 of 15
counting foci/cell in image #14 of 15
counting foci/cell in image #15 of 15
------------------------------------------------------
counting foci/cell in channel 561 images...
------------------------------------------------------
counting foci/cell in image #1 of 15
counting foci/cell in image #2 of 15
counting foci/cell in image #3 of 15
counting foci/cell in image #4 of 15
counting foci/cell in image #5 of 15
counting foci/cell in image #6 of 15
counting foci/cell in image #7 of 15
counting foci/cell in image #8 of 15
counting foci/cell in image #9 of 15
counting foci/cell in image #10 of 15
counting foci/cell in image #11 of 15
counting foci/cell in image #12 of 15
counting foci/cell in image #13 of 15
counting foci/cell in image #14 of 15
counting foci/cell in image #15 of 15
Foci counted.
n foci:
{0: array([44, 32]), 1: array([43, 42]), 2: array([35, 85, 78]), 3: array([28, 37]), 4: array([45, 23]), 5: array([], dtype=float64), 6: array([27, 18]), 7: array([], dtype=float64), 8: array([ 9, 12]), 9: array([], dtype=float64), 10: array([28]), 11: array([36, 70]), 12: array([56, 31, 15]), 13: array([27, 21]), 14: array([99])}
{0: array([37, 22]), 1: array([27, 44]), 2: array([16, 50, 75]), 3: array([21, 32]), 4: array([34, 17]), 5: array([], dtype=float64), 6: array([16,  4]), 7: array([], dtype=float64), 8: array([13, 23]), 9: array([], dtype=float64), 10: array([3]), 11: array([ 68, 107]), 12: array([35, 22,  6]), 13: array([8, 4]), 14: array([151])}
checking channels...
checking for overlap...
measuring overlap in channel 488
finding overlap in image #1out of 15
getting IDs of overlapping foci...
creating image of overlapping foci...
counting # of overlapping foci per cell...
finding overlap in image #2out of 15
getting IDs of overlapping foci...
creating image of overlapping foci...
counting # of overlapping foci per cell...
finding overlap in image #3out of 15
getting IDs of overlapping foci...
creating image of overlapping foci...
counting # of overlapping foci per cell...
finding overlap in image #4out of 15
getting IDs of overlapping foci...
creating image of overlapping foci...
counting # of overlapping foci per cell...
finding overlap in image #5out of 15
getting IDs of overlapping foci...
creating image of overlapping foci...
counting # of overlapping foci per cell...
finding overlap in image #6out of 15
getting IDs of overlapping foci...
creating image of overlapping foci...
counting # of overlapping foci per cell...
finding overlap in image #7out of 15
getting IDs of overlapping foci...
creating image of overlapping foci...
counting # of overlapping foci per cell...
finding overlap in image #8out of 15
getting IDs of overlapping foci...
creating image of overlapping foci...
counting # of overlapping foci per cell...
finding overlap in image #9out of 15
getting IDs of overlapping foci...
creating image of overlapping foci...
counting # of overlapping foci per cell...
finding overlap in image #10out of 15
getting IDs of overlapping foci...
creating image of overlapping foci...
counting # of overlapping foci per cell...
finding overlap in image #11out of 15
getting IDs of overlapping foci...
creating image of overlapping foci...
counting # of overlapping foci per cell...
finding overlap in image #12out of 15
getting IDs of overlapping foci...
creating image of overlapping foci...
counting # of overlapping foci per cell...
finding overlap in image #13out of 15
getting IDs of overlapping foci...
creating image of overlapping foci...
counting # of overlapping foci per cell...
finding overlap in image #14out of 15
getting IDs of overlapping foci...
creating image of overlapping foci...
counting # of overlapping foci per cell...
finding overlap in image #15out of 15
getting IDs of overlapping foci...
creating image of overlapping foci...
counting # of overlapping foci per cell...
overlap between channels measured.
outputting to csv...
initializing pd.DataFrame for output...
populating output arrays...
outputting images...
