discarding /n/home15/nweir/envs/PYTO_SEG_ENV/bin from PATH
prepending /n/home15/nweir/envs/PYTO_SEG_ENV/bin to PATH
/n/denic_lab/Users/nweir/python_packages/csth-imaging/dependencies/tifffile.py:313: UserWarning: ImportError: No module named '_tifffile'. Loading of some compressed images will be very slow. Tifffile.c can be obtained at http://www.lfd.uci.edu/~gohlke/
  "ImportError: No module named '_tifffile'. "
/n/denic_lab/Users/nweir/python_packages/csth-imaging/dependencies/czifile.py:130: UserWarning: failed to import the optional _czifile C extension module.
Decoding of JXR and JPEG encoded images will not be available.
Czifile.pyx can be obtained at http://www.lfd.uci.edu/~gohlke/
  "failed to import the optional _czifile C extension module.\n"
/n/home15/nweir/envs/PYTO_SEG_ENV/lib/python3.4/site-packages/matplotlib/__init__.py:1401: UserWarning:  This call to matplotlib.use() has no effect
because the backend has already been chosen;
matplotlib.use() must be called *before* pylab, matplotlib.pyplot,
or matplotlib.backends is imported for the first time.

  warnings.warn(_use_error_msg)
/n/denic_lab/Users/nweir/python_packages/csth_analysis/find_cells.py:58: UserWarning: No background image provided during initialization.
  warn('No background image provided during initialization.')
/n/home15/nweir/envs/PYTO_SEG_ENV/lib/python3.4/site-packages/skimage/io/_io.py:132: UserWarning: 0_nuclei.tif is a low contrast image
  warn('%s is a low contrast image' % fname)
/n/home15/nweir/envs/PYTO_SEG_ENV/lib/python3.4/site-packages/skimage/io/_io.py:132: UserWarning: 0_cells.tif is a low contrast image
  warn('%s is a low contrast image' % fname)
/n/home15/nweir/envs/PYTO_SEG_ENV/lib/python3.4/site-packages/skimage/io/_io.py:132: UserWarning: 0_488_foci.tif is a low contrast image
  warn('%s is a low contrast image' % fname)
/n/home15/nweir/envs/PYTO_SEG_ENV/lib/python3.4/site-packages/skimage/io/_io.py:132: UserWarning: 0_561_foci.tif is a low contrast image
  warn('%s is a low contrast image' % fname)
/n/home15/nweir/envs/PYTO_SEG_ENV/lib/python3.4/site-packages/skimage/io/_io.py:132: UserWarning: 0_488_raw.tif is a low contrast image
  warn('%s is a low contrast image' % fname)
/n/home15/nweir/envs/PYTO_SEG_ENV/lib/python3.4/site-packages/skimage/io/_io.py:132: UserWarning: 0_561_raw.tif is a low contrast image
  warn('%s is a low contrast image' % fname)
/n/home15/nweir/envs/PYTO_SEG_ENV/lib/python3.4/site-packages/skimage/io/_io.py:132: UserWarning: 0_405_raw.tif is a low contrast image
  warn('%s is a low contrast image' % fname)
