args:
Namespace(array_no='2', output_dir='/n/denic_lab/Lab/csth-output/lc3_wipi', ref_csv='/n/denic_lab/Users/nweir/python_packages/csth-imaging/im_list_wipi.csv')
czi path: /n/denic_lab/Lab/TH_Imaging/6.12.17 TH70_LC3-WIPI_LSM Airyscan 880/LC3-WIPI_HEK_dVPS37A_NoTreat_25pos_Airyscan Processing.czi
MultiFinder created.
background image added to MultiFinder.
CellSplitter instance created.
input image has 4 dimensions (multiple imgs)
segmenting image #1 of 25...
raw image imported.
performing gaussian filtering...
Image smoothed.
preprocessing complete.
thresholding...
mode = threshold.
thresholding complete.
filling holes in objects.
generating distance map...
distance map complete.
smoothing distance map...
distance map smoothed.
identifying maxima...
maxima identified.
watershedding...
watershedding complete.
creating PexSegmentObj...
passing segmented objs and seeds to Nuclei instance...

segmenting image #2 of 25...
raw image imported.
performing gaussian filtering...
Image smoothed.
preprocessing complete.
thresholding...
mode = threshold.
thresholding complete.
filling holes in objects.
generating distance map...
distance map complete.
smoothing distance map...
distance map smoothed.
identifying maxima...
maxima identified.
watershedding...
watershedding complete.
creating PexSegmentObj...
passing segmented objs and seeds to Nuclei instance...

segmenting image #3 of 25...
raw image imported.
performing gaussian filtering...
Image smoothed.
preprocessing complete.
thresholding...
mode = threshold.
thresholding complete.
filling holes in objects.
generating distance map...
distance map complete.
smoothing distance map...
distance map smoothed.
identifying maxima...
maxima identified.
watershedding...
watershedding complete.
creating PexSegmentObj...
passing segmented objs and seeds to Nuclei instance...

segmenting image #4 of 25...
raw image imported.
performing gaussian filtering...
Image smoothed.
preprocessing complete.
thresholding...
mode = threshold.
thresholding complete.
filling holes in objects.
generating distance map...
distance map complete.
smoothing distance map...
distance map smoothed.
identifying maxima...
maxima identified.
watershedding...
watershedding complete.
creating PexSegmentObj...
passing segmented objs and seeds to Nuclei instance...

segmenting image #5 of 25...
raw image imported.
performing gaussian filtering...
Image smoothed.
preprocessing complete.
thresholding...
mode = threshold.
thresholding complete.
filling holes in objects.
generating distance map...
distance map complete.
smoothing distance map...
distance map smoothed.
identifying maxima...
maxima identified.
watershedding...
watershedding complete.
creating PexSegmentObj...
passing segmented objs and seeds to Nuclei instance...

segmenting image #6 of 25...
raw image imported.
performing gaussian filtering...
Image smoothed.
preprocessing complete.
thresholding...
mode = threshold.
thresholding complete.
filling holes in objects.
generating distance map...
distance map complete.
smoothing distance map...
distance map smoothed.
identifying maxima...
maxima identified.
watershedding...
watershedding complete.
creating PexSegmentObj...
passing segmented objs and seeds to Nuclei instance...

segmenting image #7 of 25...
raw image imported.
performing gaussian filtering...
Image smoothed.
preprocessing complete.
thresholding...
mode = threshold.
thresholding complete.
filling holes in objects.
generating distance map...
distance map complete.
smoothing distance map...
distance map smoothed.
identifying maxima...
maxima identified.
watershedding...
watershedding complete.
creating PexSegmentObj...
passing segmented objs and seeds to Nuclei instance...

segmenting image #8 of 25...
raw image imported.
performing gaussian filtering...
Image smoothed.
preprocessing complete.
thresholding...
mode = threshold.
thresholding complete.
filling holes in objects.
generating distance map...
distance map complete.
smoothing distance map...
distance map smoothed.
identifying maxima...
maxima identified.
watershedding...
watershedding complete.
creating PexSegmentObj...
passing segmented objs and seeds to Nuclei instance...

segmenting image #9 of 25...
raw image imported.
performing gaussian filtering...
Image smoothed.
preprocessing complete.
thresholding...
mode = threshold.
thresholding complete.
filling holes in objects.
generating distance map...
distance map complete.
smoothing distance map...
distance map smoothed.
identifying maxima...
maxima identified.
watershedding...
watershedding complete.
creating PexSegmentObj...
passing segmented objs and seeds to Nuclei instance...

segmenting image #10 of 25...
raw image imported.
performing gaussian filtering...
Image smoothed.
preprocessing complete.
thresholding...
mode = threshold.
thresholding complete.
filling holes in objects.
generating distance map...
distance map complete.
smoothing distance map...
distance map smoothed.
identifying maxima...
maxima identified.
watershedding...
watershedding complete.
creating PexSegmentObj...
passing segmented objs and seeds to Nuclei instance...

segmenting image #11 of 25...
raw image imported.
performing gaussian filtering...
Image smoothed.
preprocessing complete.
thresholding...
mode = threshold.
thresholding complete.
filling holes in objects.
generating distance map...
distance map complete.
smoothing distance map...
distance map smoothed.
identifying maxima...
maxima identified.
watershedding...
watershedding complete.
creating PexSegmentObj...
passing segmented objs and seeds to Nuclei instance...

segmenting image #12 of 25...
raw image imported.
performing gaussian filtering...
Image smoothed.
preprocessing complete.
thresholding...
mode = threshold.
thresholding complete.
filling holes in objects.
generating distance map...
distance map complete.
smoothing distance map...
distance map smoothed.
identifying maxima...
maxima identified.
watershedding...
watershedding complete.
creating PexSegmentObj...
passing segmented objs and seeds to Nuclei instance...

segmenting image #13 of 25...
raw image imported.
performing gaussian filtering...
Image smoothed.
preprocessing complete.
thresholding...
mode = threshold.
thresholding complete.
filling holes in objects.
generating distance map...
distance map complete.
smoothing distance map...
distance map smoothed.
identifying maxima...
maxima identified.
watershedding...
watershedding complete.
creating PexSegmentObj...
passing segmented objs and seeds to Nuclei instance...

segmenting image #14 of 25...
raw image imported.
performing gaussian filtering...
Image smoothed.
preprocessing complete.
thresholding...
mode = threshold.
thresholding complete.
filling holes in objects.
generating distance map...
distance map complete.
smoothing distance map...
distance map smoothed.
identifying maxima...
maxima identified.
watershedding...
watershedding complete.
creating PexSegmentObj...
passing segmented objs and seeds to Nuclei instance...

segmenting image #15 of 25...
raw image imported.
performing gaussian filtering...
Image smoothed.
preprocessing complete.
thresholding...
mode = threshold.
thresholding complete.
filling holes in objects.
generating distance map...
distance map complete.
smoothing distance map...
distance map smoothed.
identifying maxima...
maxima identified.
watershedding...
watershedding complete.
creating PexSegmentObj...
passing segmented objs and seeds to Nuclei instance...

segmenting image #16 of 25...
raw image imported.
performing gaussian filtering...
Image smoothed.
preprocessing complete.
thresholding...
mode = threshold.
thresholding complete.
filling holes in objects.
generating distance map...
distance map complete.
smoothing distance map...
distance map smoothed.
identifying maxima...
maxima identified.
watershedding...
watershedding complete.
creating PexSegmentObj...
passing segmented objs and seeds to Nuclei instance...

segmenting image #17 of 25...
raw image imported.
performing gaussian filtering...
Image smoothed.
preprocessing complete.
thresholding...
mode = threshold.
thresholding complete.
filling holes in objects.
generating distance map...
distance map complete.
smoothing distance map...
distance map smoothed.
identifying maxima...
maxima identified.
watershedding...
watershedding complete.
creating PexSegmentObj...
passing segmented objs and seeds to Nuclei instance...

segmenting image #18 of 25...
raw image imported.
performing gaussian filtering...
Image smoothed.
preprocessing complete.
thresholding...
mode = threshold.
thresholding complete.
filling holes in objects.
generating distance map...
distance map complete.
smoothing distance map...
distance map smoothed.
identifying maxima...
maxima identified.
watershedding...
watershedding complete.
creating PexSegmentObj...
passing segmented objs and seeds to Nuclei instance...

segmenting image #19 of 25...
raw image imported.
performing gaussian filtering...
Image smoothed.
preprocessing complete.
thresholding...
mode = threshold.
thresholding complete.
filling holes in objects.
generating distance map...
distance map complete.
smoothing distance map...
distance map smoothed.
identifying maxima...
maxima identified.
watershedding...
watershedding complete.
creating PexSegmentObj...
passing segmented objs and seeds to Nuclei instance...

segmenting image #20 of 25...
raw image imported.
performing gaussian filtering...
Image smoothed.
preprocessing complete.
thresholding...
mode = threshold.
thresholding complete.
filling holes in objects.
generating distance map...
distance map complete.
smoothing distance map...
distance map smoothed.
identifying maxima...
maxima identified.
watershedding...
watershedding complete.
creating PexSegmentObj...
passing segmented objs and seeds to Nuclei instance...

segmenting image #21 of 25...
raw image imported.
performing gaussian filtering...
Image smoothed.
preprocessing complete.
thresholding...
mode = threshold.
thresholding complete.
filling holes in objects.
generating distance map...
distance map complete.
smoothing distance map...
distance map smoothed.
identifying maxima...
maxima identified.
watershedding...
watershedding complete.
creating PexSegmentObj...
passing segmented objs and seeds to Nuclei instance...

segmenting image #22 of 25...
raw image imported.
performing gaussian filtering...
Image smoothed.
preprocessing complete.
thresholding...
mode = threshold.
thresholding complete.
filling holes in objects.
generating distance map...
distance map complete.
smoothing distance map...
distance map smoothed.
identifying maxima...
maxima identified.
watershedding...
watershedding complete.
creating PexSegmentObj...
passing segmented objs and seeds to Nuclei instance...

segmenting image #23 of 25...
raw image imported.
performing gaussian filtering...
Image smoothed.
preprocessing complete.
thresholding...
mode = threshold.
thresholding complete.
filling holes in objects.
generating distance map...
distance map complete.
smoothing distance map...
distance map smoothed.
identifying maxima...
maxima identified.
watershedding...
watershedding complete.
creating PexSegmentObj...
passing segmented objs and seeds to Nuclei instance...

segmenting image #24 of 25...
raw image imported.
performing gaussian filtering...
Image smoothed.
preprocessing complete.
thresholding...
mode = threshold.
thresholding complete.
filling holes in objects.
generating distance map...
distance map complete.
smoothing distance map...
distance map smoothed.
identifying maxima...
maxima identified.
watershedding...
watershedding complete.
creating PexSegmentObj...
passing segmented objs and seeds to Nuclei instance...

segmenting image #25 of 25...
raw image imported.
performing gaussian filtering...
Image smoothed.
preprocessing complete.
thresholding...
mode = threshold.
thresholding complete.
filling holes in objects.
generating distance map...
distance map complete.
smoothing distance map...
distance map smoothed.
identifying maxima...
maxima identified.
watershedding...
watershedding complete.
creating PexSegmentObj...
passing segmented objs and seeds to Nuclei instance...

removing small perinuclear foci...
2 raw segmented DAPI foci
0 foci volume < 1000 px, removing...
removing nuclei_centers corresponding to perinuclear DAPI foci...
2 raw segmented DAPI foci
0 foci volume < 1000 px, removing...
removing nuclei_centers corresponding to perinuclear DAPI foci...
4 raw segmented DAPI foci
0 foci volume < 1000 px, removing...
removing nuclei_centers corresponding to perinuclear DAPI foci...
2 raw segmented DAPI foci
0 foci volume < 1000 px, removing...
removing nuclei_centers corresponding to perinuclear DAPI foci...
4 raw segmented DAPI foci
1 foci volume < 1000 px, removing...
removing nuclei_centers corresponding to perinuclear DAPI foci...
2 raw segmented DAPI foci
0 foci volume < 1000 px, removing...
removing nuclei_centers corresponding to perinuclear DAPI foci...
2 raw segmented DAPI foci
0 foci volume < 1000 px, removing...
removing nuclei_centers corresponding to perinuclear DAPI foci...
2 raw segmented DAPI foci
0 foci volume < 1000 px, removing...
removing nuclei_centers corresponding to perinuclear DAPI foci...
3 raw segmented DAPI foci
0 foci volume < 1000 px, removing...
removing nuclei_centers corresponding to perinuclear DAPI foci...
2 raw segmented DAPI foci
0 foci volume < 1000 px, removing...
removing nuclei_centers corresponding to perinuclear DAPI foci...
2 raw segmented DAPI foci
0 foci volume < 1000 px, removing...
removing nuclei_centers corresponding to perinuclear DAPI foci...
2 raw segmented DAPI foci
0 foci volume < 1000 px, removing...
removing nuclei_centers corresponding to perinuclear DAPI foci...
2 raw segmented DAPI foci
0 foci volume < 1000 px, removing...
removing nuclei_centers corresponding to perinuclear DAPI foci...
2 raw segmented DAPI foci
0 foci volume < 1000 px, removing...
removing nuclei_centers corresponding to perinuclear DAPI foci...
4 raw segmented DAPI foci
0 foci volume < 1000 px, removing...
removing nuclei_centers corresponding to perinuclear DAPI foci...
2 raw segmented DAPI foci
0 foci volume < 1000 px, removing...
removing nuclei_centers corresponding to perinuclear DAPI foci...
2 raw segmented DAPI foci
0 foci volume < 1000 px, removing...
removing nuclei_centers corresponding to perinuclear DAPI foci...
2 raw segmented DAPI foci
0 foci volume < 1000 px, removing...
removing nuclei_centers corresponding to perinuclear DAPI foci...
1 raw segmented DAPI foci
0 foci volume < 1000 px, removing...
removing nuclei_centers corresponding to perinuclear DAPI foci...
3 raw segmented DAPI foci
0 foci volume < 1000 px, removing...
removing nuclei_centers corresponding to perinuclear DAPI foci...
2 raw segmented DAPI foci
0 foci volume < 1000 px, removing...
removing nuclei_centers corresponding to perinuclear DAPI foci...
2 raw segmented DAPI foci
0 foci volume < 1000 px, removing...
removing nuclei_centers corresponding to perinuclear DAPI foci...
3 raw segmented DAPI foci
0 foci volume < 1000 px, removing...
removing nuclei_centers corresponding to perinuclear DAPI foci...
2 raw segmented DAPI foci
0 foci volume < 1000 px, removing...
removing nuclei_centers corresponding to perinuclear DAPI foci...
1 raw segmented DAPI foci
0 foci volume < 1000 px, removing...
removing nuclei_centers corresponding to perinuclear DAPI foci...
Nuclei segmented.
checking that nuclei have already been segmented...
generating cell masks...
log-transforming arrays...
applying gaussian filter...
computing p-value transformation...
 computing p-val xform for image 1 out of 25
 computing p-val xform for image 2 out of 25
 computing p-val xform for image 3 out of 25
 computing p-val xform for image 4 out of 25
 computing p-val xform for image 5 out of 25
 computing p-val xform for image 6 out of 25
 computing p-val xform for image 7 out of 25
 computing p-val xform for image 8 out of 25
 computing p-val xform for image 9 out of 25
 computing p-val xform for image 10 out of 25
 computing p-val xform for image 11 out of 25
 computing p-val xform for image 12 out of 25
 computing p-val xform for image 13 out of 25
 computing p-val xform for image 14 out of 25
 computing p-val xform for image 15 out of 25
 computing p-val xform for image 16 out of 25
 computing p-val xform for image 17 out of 25
 computing p-val xform for image 18 out of 25
 computing p-val xform for image 19 out of 25
 computing p-val xform for image 20 out of 25
 computing p-val xform for image 21 out of 25
 computing p-val xform for image 22 out of 25
 computing p-val xform for image 23 out of 25
 computing p-val xform for image 24 out of 25
 computing p-val xform for image 25 out of 25
converting to binary...

generating cell masks...

generating mask #1
labeling contiguous objects...
eliminating objects w/volume < 100,000 px...
pruning labels...
appending outputs...
mask #1 complete.

generating mask #2
labeling contiguous objects...
eliminating objects w/volume < 100,000 px...
pruning labels...
appending outputs...
mask #2 complete.

generating mask #3
labeling contiguous objects...
eliminating objects w/volume < 100,000 px...
pruning labels...
appending outputs...
mask #3 complete.

generating mask #4
labeling contiguous objects...
eliminating objects w/volume < 100,000 px...
pruning labels...
appending outputs...
mask #4 complete.

generating mask #5
labeling contiguous objects...
eliminating objects w/volume < 100,000 px...
pruning labels...
appending outputs...
mask #5 complete.

generating mask #6
labeling contiguous objects...
eliminating objects w/volume < 100,000 px...
pruning labels...
appending outputs...
mask #6 complete.

generating mask #7
labeling contiguous objects...
eliminating objects w/volume < 100,000 px...
pruning labels...
appending outputs...
mask #7 complete.

generating mask #8
labeling contiguous objects...
eliminating objects w/volume < 100,000 px...
pruning labels...
appending outputs...
mask #8 complete.

generating mask #9
labeling contiguous objects...
eliminating objects w/volume < 100,000 px...
pruning labels...
appending outputs...
mask #9 complete.

generating mask #10
labeling contiguous objects...
eliminating objects w/volume < 100,000 px...
pruning labels...
appending outputs...
mask #10 complete.

generating mask #11
labeling contiguous objects...
eliminating objects w/volume < 100,000 px...
pruning labels...
appending outputs...
mask #11 complete.

generating mask #12
labeling contiguous objects...
eliminating objects w/volume < 100,000 px...
pruning labels...
appending outputs...
mask #12 complete.

generating mask #13
labeling contiguous objects...
eliminating objects w/volume < 100,000 px...
pruning labels...
appending outputs...
mask #13 complete.

generating mask #14
labeling contiguous objects...
eliminating objects w/volume < 100,000 px...
pruning labels...
appending outputs...
mask #14 complete.

generating mask #15
labeling contiguous objects...
eliminating objects w/volume < 100,000 px...
pruning labels...
appending outputs...
mask #15 complete.

generating mask #16
labeling contiguous objects...
eliminating objects w/volume < 100,000 px...
pruning labels...
appending outputs...
mask #16 complete.

generating mask #17
labeling contiguous objects...
eliminating objects w/volume < 100,000 px...
pruning labels...
appending outputs...
mask #17 complete.

generating mask #18
labeling contiguous objects...
eliminating objects w/volume < 100,000 px...
pruning labels...
appending outputs...
mask #18 complete.

generating mask #19
labeling contiguous objects...
eliminating objects w/volume < 100,000 px...
pruning labels...
appending outputs...
mask #19 complete.

generating mask #20
labeling contiguous objects...
eliminating objects w/volume < 100,000 px...
pruning labels...
appending outputs...
mask #20 complete.

generating mask #21
labeling contiguous objects...
eliminating objects w/volume < 100,000 px...
pruning labels...
appending outputs...
mask #21 complete.

generating mask #22
labeling contiguous objects...
eliminating objects w/volume < 100,000 px...
pruning labels...
appending outputs...
mask #22 complete.

generating mask #23
labeling contiguous objects...
eliminating objects w/volume < 100,000 px...
pruning labels...
appending outputs...
mask #23 complete.

generating mask #24
labeling contiguous objects...
eliminating objects w/volume < 100,000 px...
pruning labels...
appending outputs...
mask #24 complete.

generating mask #25
labeling contiguous objects...
eliminating objects w/volume < 100,000 px...
pruning labels...
appending outputs...
mask #25 complete.

converting nuclei to binary masks for distance xform...
segmenting cells in image #1 out of 25...
performing Euclidean distance xform...
smoothing the distance map...
generating segmentation seeds from nuclei_centers...
watershed segmenting cells from nuclei centers...
segmentation complete for image #1.
removing cells that contact the edge of the image.
removing small foci...
2 raw segmented cells
0 foci volume < 1000 px, removing...

segmenting cells in image #2 out of 25...
performing Euclidean distance xform...
smoothing the distance map...
generating segmentation seeds from nuclei_centers...
watershed segmenting cells from nuclei centers...
segmentation complete for image #2.
removing cells that contact the edge of the image.
removing small foci...
0 raw segmented cells
0 foci volume < 1000 px, removing...

segmenting cells in image #3 out of 25...
performing Euclidean distance xform...
smoothing the distance map...
generating segmentation seeds from nuclei_centers...
watershed segmenting cells from nuclei centers...
segmentation complete for image #3.
removing cells that contact the edge of the image.
removing small foci...
3 raw segmented cells
0 foci volume < 1000 px, removing...

segmenting cells in image #4 out of 25...
performing Euclidean distance xform...
smoothing the distance map...
generating segmentation seeds from nuclei_centers...
watershed segmenting cells from nuclei centers...
segmentation complete for image #4.
removing cells that contact the edge of the image.
removing small foci...
2 raw segmented cells
0 foci volume < 1000 px, removing...

segmenting cells in image #5 out of 25...
performing Euclidean distance xform...
smoothing the distance map...
generating segmentation seeds from nuclei_centers...
watershed segmenting cells from nuclei centers...
segmentation complete for image #5.
removing cells that contact the edge of the image.
removing small foci...
4 raw segmented cells
0 foci volume < 1000 px, removing...

segmenting cells in image #6 out of 25...
performing Euclidean distance xform...
smoothing the distance map...
generating segmentation seeds from nuclei_centers...
watershed segmenting cells from nuclei centers...
segmentation complete for image #6.
removing cells that contact the edge of the image.
removing small foci...
2 raw segmented cells
0 foci volume < 1000 px, removing...

segmenting cells in image #7 out of 25...
performing Euclidean distance xform...
smoothing the distance map...
generating segmentation seeds from nuclei_centers...
watershed segmenting cells from nuclei centers...
segmentation complete for image #7.
removing cells that contact the edge of the image.
removing small foci...
2 raw segmented cells
0 foci volume < 1000 px, removing...

segmenting cells in image #8 out of 25...
performing Euclidean distance xform...
smoothing the distance map...
generating segmentation seeds from nuclei_centers...
watershed segmenting cells from nuclei centers...
segmentation complete for image #8.
removing cells that contact the edge of the image.
removing small foci...
2 raw segmented cells
0 foci volume < 1000 px, removing...

segmenting cells in image #9 out of 25...
performing Euclidean distance xform...
smoothing the distance map...
generating segmentation seeds from nuclei_centers...
watershed segmenting cells from nuclei centers...
segmentation complete for image #9.
removing cells that contact the edge of the image.
removing small foci...
3 raw segmented cells
0 foci volume < 1000 px, removing...

segmenting cells in image #10 out of 25...
performing Euclidean distance xform...
smoothing the distance map...
generating segmentation seeds from nuclei_centers...
watershed segmenting cells from nuclei centers...
segmentation complete for image #10.
removing cells that contact the edge of the image.
removing small foci...
2 raw segmented cells
0 foci volume < 1000 px, removing...

segmenting cells in image #11 out of 25...
performing Euclidean distance xform...
smoothing the distance map...
generating segmentation seeds from nuclei_centers...
watershed segmenting cells from nuclei centers...
segmentation complete for image #11.
removing cells that contact the edge of the image.
removing small foci...
2 raw segmented cells
0 foci volume < 1000 px, removing...

segmenting cells in image #12 out of 25...
performing Euclidean distance xform...
smoothing the distance map...
generating segmentation seeds from nuclei_centers...
watershed segmenting cells from nuclei centers...
segmentation complete for image #12.
removing cells that contact the edge of the image.
removing small foci...
1 raw segmented cells
0 foci volume < 1000 px, removing...

segmenting cells in image #13 out of 25...
performing Euclidean distance xform...
smoothing the distance map...
generating segmentation seeds from nuclei_centers...
watershed segmenting cells from nuclei centers...
segmentation complete for image #13.
removing cells that contact the edge of the image.
removing small foci...
0 raw segmented cells
0 foci volume < 1000 px, removing...

segmenting cells in image #14 out of 25...
performing Euclidean distance xform...
smoothing the distance map...
generating segmentation seeds from nuclei_centers...
watershed segmenting cells from nuclei centers...
segmentation complete for image #14.
removing cells that contact the edge of the image.
removing small foci...
2 raw segmented cells
0 foci volume < 1000 px, removing...

segmenting cells in image #15 out of 25...
performing Euclidean distance xform...
smoothing the distance map...
generating segmentation seeds from nuclei_centers...
watershed segmenting cells from nuclei centers...
segmentation complete for image #15.
removing cells that contact the edge of the image.
removing small foci...
3 raw segmented cells
0 foci volume < 1000 px, removing...

segmenting cells in image #16 out of 25...
performing Euclidean distance xform...
smoothing the distance map...
generating segmentation seeds from nuclei_centers...
watershed segmenting cells from nuclei centers...
segmentation complete for image #16.
removing cells that contact the edge of the image.
removing small foci...
2 raw segmented cells
0 foci volume < 1000 px, removing...

segmenting cells in image #17 out of 25...
performing Euclidean distance xform...
smoothing the distance map...
generating segmentation seeds from nuclei_centers...
watershed segmenting cells from nuclei centers...
segmentation complete for image #17.
removing cells that contact the edge of the image.
removing small foci...
0 raw segmented cells
0 foci volume < 1000 px, removing...

segmenting cells in image #18 out of 25...
performing Euclidean distance xform...
smoothing the distance map...
generating segmentation seeds from nuclei_centers...
watershed segmenting cells from nuclei centers...
segmentation complete for image #18.
removing cells that contact the edge of the image.
removing small foci...
0 raw segmented cells
0 foci volume < 1000 px, removing...

segmenting cells in image #19 out of 25...
performing Euclidean distance xform...
smoothing the distance map...
generating segmentation seeds from nuclei_centers...
watershed segmenting cells from nuclei centers...
segmentation complete for image #19.
removing cells that contact the edge of the image.
removing small foci...
1 raw segmented cells
0 foci volume < 1000 px, removing...

segmenting cells in image #20 out of 25...
performing Euclidean distance xform...
smoothing the distance map...
generating segmentation seeds from nuclei_centers...
watershed segmenting cells from nuclei centers...
segmentation complete for image #20.
removing cells that contact the edge of the image.
removing small foci...
2 raw segmented cells
0 foci volume < 1000 px, removing...

segmenting cells in image #21 out of 25...
performing Euclidean distance xform...
smoothing the distance map...
generating segmentation seeds from nuclei_centers...
watershed segmenting cells from nuclei centers...
segmentation complete for image #21.
removing cells that contact the edge of the image.
removing small foci...
1 raw segmented cells
0 foci volume < 1000 px, removing...

segmenting cells in image #22 out of 25...
performing Euclidean distance xform...
smoothing the distance map...
generating segmentation seeds from nuclei_centers...
watershed segmenting cells from nuclei centers...
segmentation complete for image #22.
removing cells that contact the edge of the image.
removing small foci...
2 raw segmented cells
0 foci volume < 1000 px, removing...

segmenting cells in image #23 out of 25...
performing Euclidean distance xform...
smoothing the distance map...
generating segmentation seeds from nuclei_centers...
watershed segmenting cells from nuclei centers...
segmentation complete for image #23.
removing cells that contact the edge of the image.
removing small foci...
2 raw segmented cells
0 foci volume < 1000 px, removing...

segmenting cells in image #24 out of 25...
performing Euclidean distance xform...
smoothing the distance map...
generating segmentation seeds from nuclei_centers...
watershed segmenting cells from nuclei centers...
segmentation complete for image #24.
removing cells that contact the edge of the image.
removing small foci...
2 raw segmented cells
0 foci volume < 1000 px, removing...

segmenting cells in image #25 out of 25...
performing Euclidean distance xform...
smoothing the distance map...
generating segmentation seeds from nuclei_centers...
watershed segmenting cells from nuclei centers...
segmentation complete for image #25.
removing cells that contact the edge of the image.
removing small foci...
1 raw segmented cells
0 foci volume < 1000 px, removing...

Cells segmented.
initializing attributes...
loading images...
Foci instance created.
beginning segmentation.
------------------------------------------------------
segmenting foci from channel 488
------------------------------------------------------
segmenting foci for position 1 out of 25
raw image imported.
performing gaussian filtering...
Image smoothed.
preprocessing complete.
generating distance map...
distance map complete.
smoothing distance map...
distance map smoothed.
identifying maxima...
maxima identified.
watershedding...
watershedding complete.
creating PexSegmentObj...
eliminating dim foci...
before eliminating dim foci: 66 foci in image
after eliminating dim foci: 64 foci in image
eliminating foci that reside outside of cells...
eliminating intranuclear foci...
42 final foci
foci segmented from position 1

segmenting foci for position 2 out of 25
raw image imported.
performing gaussian filtering...
Image smoothed.
preprocessing complete.
generating distance map...
distance map complete.
smoothing distance map...
distance map smoothed.
identifying maxima...
maxima identified.
watershedding...
watershedding complete.
creating PexSegmentObj...
eliminating dim foci...
before eliminating dim foci: 127 foci in image
after eliminating dim foci: 127 foci in image
eliminating foci that reside outside of cells...
eliminating intranuclear foci...
94 final foci
foci segmented from position 2

segmenting foci for position 3 out of 25
raw image imported.
performing gaussian filtering...
Image smoothed.
preprocessing complete.
generating distance map...
distance map complete.
smoothing distance map...
distance map smoothed.
identifying maxima...
maxima identified.
watershedding...
watershedding complete.
creating PexSegmentObj...
eliminating dim foci...
before eliminating dim foci: 152 foci in image
after eliminating dim foci: 126 foci in image
eliminating foci that reside outside of cells...
eliminating intranuclear foci...
84 final foci
foci segmented from position 3

segmenting foci for position 4 out of 25
raw image imported.
performing gaussian filtering...
Image smoothed.
preprocessing complete.
generating distance map...
distance map complete.
smoothing distance map...
distance map smoothed.
identifying maxima...
maxima identified.
watershedding...
watershedding complete.
creating PexSegmentObj...
eliminating dim foci...
before eliminating dim foci: 56 foci in image
after eliminating dim foci: 54 foci in image
eliminating foci that reside outside of cells...
eliminating intranuclear foci...
39 final foci
foci segmented from position 4

segmenting foci for position 5 out of 25
raw image imported.
performing gaussian filtering...
Image smoothed.
preprocessing complete.
generating distance map...
distance map complete.
smoothing distance map...
distance map smoothed.
identifying maxima...
maxima identified.
watershedding...
watershedding complete.
creating PexSegmentObj...
eliminating dim foci...
before eliminating dim foci: 71 foci in image
after eliminating dim foci: 54 foci in image
eliminating foci that reside outside of cells...
eliminating intranuclear foci...
34 final foci
foci segmented from position 5

segmenting foci for position 6 out of 25
raw image imported.
performing gaussian filtering...
Image smoothed.
preprocessing complete.
generating distance map...
distance map complete.
smoothing distance map...
distance map smoothed.
identifying maxima...
maxima identified.
watershedding...
watershedding complete.
creating PexSegmentObj...
eliminating dim foci...
before eliminating dim foci: 41 foci in image
after eliminating dim foci: 39 foci in image
eliminating foci that reside outside of cells...
eliminating intranuclear foci...
21 final foci
foci segmented from position 6

segmenting foci for position 7 out of 25
raw image imported.
performing gaussian filtering...
Image smoothed.
preprocessing complete.
generating distance map...
distance map complete.
smoothing distance map...
distance map smoothed.
identifying maxima...
maxima identified.
watershedding...
watershedding complete.
creating PexSegmentObj...
eliminating dim foci...
before eliminating dim foci: 139 foci in image
after eliminating dim foci: 101 foci in image
eliminating foci that reside outside of cells...
eliminating intranuclear foci...
56 final foci
foci segmented from position 7

segmenting foci for position 8 out of 25
raw image imported.
performing gaussian filtering...
Image smoothed.
preprocessing complete.
generating distance map...
distance map complete.
smoothing distance map...
distance map smoothed.
identifying maxima...
maxima identified.
watershedding...
watershedding complete.
creating PexSegmentObj...
eliminating dim foci...
before eliminating dim foci: 216 foci in image
after eliminating dim foci: 78 foci in image
eliminating foci that reside outside of cells...
eliminating intranuclear foci...
12 final foci
foci segmented from position 8

segmenting foci for position 9 out of 25
raw image imported.
performing gaussian filtering...
Image smoothed.
preprocessing complete.
generating distance map...
distance map complete.
smoothing distance map...
distance map smoothed.
identifying maxima...
maxima identified.
watershedding...
watershedding complete.
creating PexSegmentObj...
eliminating dim foci...
before eliminating dim foci: 107 foci in image
after eliminating dim foci: 89 foci in image
eliminating foci that reside outside of cells...
eliminating intranuclear foci...
32 final foci
foci segmented from position 9

segmenting foci for position 10 out of 25
raw image imported.
performing gaussian filtering...
Image smoothed.
preprocessing complete.
generating distance map...
distance map complete.
smoothing distance map...
distance map smoothed.
identifying maxima...
maxima identified.
watershedding...
watershedding complete.
creating PexSegmentObj...
eliminating dim foci...
before eliminating dim foci: 92 foci in image
after eliminating dim foci: 76 foci in image
eliminating foci that reside outside of cells...
eliminating intranuclear foci...
39 final foci
foci segmented from position 10

segmenting foci for position 11 out of 25
raw image imported.
performing gaussian filtering...
Image smoothed.
preprocessing complete.
generating distance map...
distance map complete.
smoothing distance map...
distance map smoothed.
identifying maxima...
maxima identified.
watershedding...
watershedding complete.
creating PexSegmentObj...
eliminating dim foci...
before eliminating dim foci: 53 foci in image
after eliminating dim foci: 46 foci in image
eliminating foci that reside outside of cells...
eliminating intranuclear foci...
36 final foci
foci segmented from position 11

segmenting foci for position 12 out of 25
raw image imported.
performing gaussian filtering...
Image smoothed.
preprocessing complete.
generating distance map...
distance map complete.
smoothing distance map...
distance map smoothed.
identifying maxima...
maxima identified.
watershedding...
watershedding complete.
creating PexSegmentObj...
eliminating dim foci...
before eliminating dim foci: 72 foci in image
after eliminating dim foci: 66 foci in image
eliminating foci that reside outside of cells...
eliminating intranuclear foci...
41 final foci
foci segmented from position 12

segmenting foci for position 13 out of 25
raw image imported.
performing gaussian filtering...
Image smoothed.
preprocessing complete.
generating distance map...
distance map complete.
smoothing distance map...
distance map smoothed.
identifying maxima...
maxima identified.
watershedding...
watershedding complete.
creating PexSegmentObj...
eliminating dim foci...
before eliminating dim foci: 61 foci in image
after eliminating dim foci: 61 foci in image
eliminating foci that reside outside of cells...
eliminating intranuclear foci...
53 final foci
foci segmented from position 13

segmenting foci for position 14 out of 25
raw image imported.
performing gaussian filtering...
Image smoothed.
preprocessing complete.
generating distance map...
distance map complete.
smoothing distance map...
distance map smoothed.
identifying maxima...
maxima identified.
watershedding...
watershedding complete.
creating PexSegmentObj...
eliminating dim foci...
before eliminating dim foci: 37 foci in image
after eliminating dim foci: 37 foci in image
eliminating foci that reside outside of cells...
eliminating intranuclear foci...
31 final foci
foci segmented from position 14

segmenting foci for position 15 out of 25
raw image imported.
performing gaussian filtering...
Image smoothed.
preprocessing complete.
generating distance map...
distance map complete.
smoothing distance map...
distance map smoothed.
identifying maxima...
maxima identified.
watershedding...
watershedding complete.
creating PexSegmentObj...
eliminating dim foci...
before eliminating dim foci: 32 foci in image
after eliminating dim foci: 29 foci in image
eliminating foci that reside outside of cells...
eliminating intranuclear foci...
25 final foci
foci segmented from position 15

segmenting foci for position 16 out of 25
raw image imported.
performing gaussian filtering...
Image smoothed.
preprocessing complete.
generating distance map...
distance map complete.
smoothing distance map...
distance map smoothed.
identifying maxima...
maxima identified.
watershedding...
watershedding complete.
creating PexSegmentObj...
eliminating dim foci...
before eliminating dim foci: 138 foci in image
after eliminating dim foci: 128 foci in image
eliminating foci that reside outside of cells...
eliminating intranuclear foci...
73 final foci
foci segmented from position 16

segmenting foci for position 17 out of 25
raw image imported.
performing gaussian filtering...
Image smoothed.
preprocessing complete.
generating distance map...
distance map complete.
smoothing distance map...
distance map smoothed.
identifying maxima...
maxima identified.
watershedding...
watershedding complete.
creating PexSegmentObj...
eliminating dim foci...
before eliminating dim foci: 84 foci in image
after eliminating dim foci: 84 foci in image
eliminating foci that reside outside of cells...
eliminating intranuclear foci...
52 final foci
foci segmented from position 17

segmenting foci for position 18 out of 25
raw image imported.
performing gaussian filtering...
Image smoothed.
preprocessing complete.
generating distance map...
distance map complete.
smoothing distance map...
distance map smoothed.
identifying maxima...
maxima identified.
watershedding...
watershedding complete.
creating PexSegmentObj...
eliminating dim foci...
before eliminating dim foci: 23 foci in image
after eliminating dim foci: 23 foci in image
eliminating foci that reside outside of cells...
eliminating intranuclear foci...
20 final foci
foci segmented from position 18

segmenting foci for position 19 out of 25
raw image imported.
performing gaussian filtering...
Image smoothed.
preprocessing complete.
generating distance map...
distance map complete.
smoothing distance map...
distance map smoothed.
identifying maxima...
maxima identified.
watershedding...
watershedding complete.
creating PexSegmentObj...
eliminating dim foci...
before eliminating dim foci: 62 foci in image
after eliminating dim foci: 52 foci in image
eliminating foci that reside outside of cells...
eliminating intranuclear foci...
22 final foci
foci segmented from position 19

segmenting foci for position 20 out of 25
raw image imported.
performing gaussian filtering...
Image smoothed.
preprocessing complete.
generating distance map...
distance map complete.
smoothing distance map...
distance map smoothed.
identifying maxima...
maxima identified.
watershedding...
watershedding complete.
creating PexSegmentObj...
eliminating dim foci...
before eliminating dim foci: 79 foci in image
after eliminating dim foci: 78 foci in image
eliminating foci that reside outside of cells...
eliminating intranuclear foci...
63 final foci
foci segmented from position 20

segmenting foci for position 21 out of 25
raw image imported.
performing gaussian filtering...
Image smoothed.
preprocessing complete.
generating distance map...
distance map complete.
smoothing distance map...
distance map smoothed.
identifying maxima...
maxima identified.
watershedding...
watershedding complete.
creating PexSegmentObj...
eliminating dim foci...
before eliminating dim foci: 34 foci in image
after eliminating dim foci: 34 foci in image
eliminating foci that reside outside of cells...
eliminating intranuclear foci...
25 final foci
foci segmented from position 21

segmenting foci for position 22 out of 25
raw image imported.
performing gaussian filtering...
Image smoothed.
preprocessing complete.
generating distance map...
distance map complete.
smoothing distance map...
distance map smoothed.
identifying maxima...
maxima identified.
watershedding...
watershedding complete.
creating PexSegmentObj...
eliminating dim foci...
before eliminating dim foci: 25 foci in image
after eliminating dim foci: 23 foci in image
eliminating foci that reside outside of cells...
eliminating intranuclear foci...
21 final foci
foci segmented from position 22

segmenting foci for position 23 out of 25
raw image imported.
performing gaussian filtering...
Image smoothed.
preprocessing complete.
generating distance map...
distance map complete.
smoothing distance map...
distance map smoothed.
identifying maxima...
maxima identified.
watershedding...
watershedding complete.
creating PexSegmentObj...
eliminating dim foci...
before eliminating dim foci: 37 foci in image
after eliminating dim foci: 37 foci in image
eliminating foci that reside outside of cells...
eliminating intranuclear foci...
34 final foci
foci segmented from position 23

segmenting foci for position 24 out of 25
raw image imported.
performing gaussian filtering...
Image smoothed.
preprocessing complete.
generating distance map...
distance map complete.
smoothing distance map...
distance map smoothed.
identifying maxima...
maxima identified.
watershedding...
watershedding complete.
creating PexSegmentObj...
eliminating dim foci...
before eliminating dim foci: 25 foci in image
after eliminating dim foci: 24 foci in image
eliminating foci that reside outside of cells...
eliminating intranuclear foci...
23 final foci
foci segmented from position 24

segmenting foci for position 25 out of 25
raw image imported.
performing gaussian filtering...
Image smoothed.
preprocessing complete.
generating distance map...
distance map complete.
smoothing distance map...
distance map smoothed.
identifying maxima...
maxima identified.
watershedding...
watershedding complete.
creating PexSegmentObj...
eliminating dim foci...
before eliminating dim foci: 25 foci in image
after eliminating dim foci: 23 foci in image
eliminating foci that reside outside of cells...
eliminating intranuclear foci...
18 final foci
foci segmented from position 25

------------------------------------------------------
segmentation complete for channel 488
------------------------------------------------------
------------------------------------------------------
segmenting foci from channel 561
------------------------------------------------------
segmenting foci for position 1 out of 25
raw image imported.
performing gaussian filtering...
Image smoothed.
preprocessing complete.
generating distance map...
distance map complete.
smoothing distance map...
distance map smoothed.
identifying maxima...
maxima identified.
watershedding...
watershedding complete.
creating PexSegmentObj...
eliminating dim foci...
before eliminating dim foci: 49 foci in image
after eliminating dim foci: 49 foci in image
eliminating foci that reside outside of cells...
eliminating intranuclear foci...
47 final foci
foci segmented from position 1

segmenting foci for position 2 out of 25
raw image imported.
performing gaussian filtering...
Image smoothed.
preprocessing complete.
generating distance map...
distance map complete.
smoothing distance map...
distance map smoothed.
identifying maxima...
maxima identified.
watershedding...
watershedding complete.
creating PexSegmentObj...
eliminating dim foci...
before eliminating dim foci: 133 foci in image
after eliminating dim foci: 133 foci in image
eliminating foci that reside outside of cells...
eliminating intranuclear foci...
133 final foci
foci segmented from position 2

segmenting foci for position 3 out of 25
raw image imported.
performing gaussian filtering...
Image smoothed.
preprocessing complete.
generating distance map...
distance map complete.
smoothing distance map...
distance map smoothed.
identifying maxima...
maxima identified.
watershedding...
watershedding complete.
creating PexSegmentObj...
eliminating dim foci...
before eliminating dim foci: 488 foci in image
after eliminating dim foci: 147 foci in image
eliminating foci that reside outside of cells...
eliminating intranuclear foci...
139 final foci
foci segmented from position 3

segmenting foci for position 4 out of 25
raw image imported.
performing gaussian filtering...
Image smoothed.
preprocessing complete.
generating distance map...
distance map complete.
smoothing distance map...
distance map smoothed.
identifying maxima...
maxima identified.
watershedding...
watershedding complete.
creating PexSegmentObj...
eliminating dim foci...
before eliminating dim foci: 40 foci in image
after eliminating dim foci: 40 foci in image
eliminating foci that reside outside of cells...
eliminating intranuclear foci...
40 final foci
foci segmented from position 4

segmenting foci for position 5 out of 25
raw image imported.
performing gaussian filtering...
Image smoothed.
preprocessing complete.
generating distance map...
distance map complete.
smoothing distance map...
distance map smoothed.
identifying maxima...
maxima identified.
watershedding...
watershedding complete.
creating PexSegmentObj...
eliminating dim foci...
before eliminating dim foci: 61 foci in image
after eliminating dim foci: 60 foci in image
eliminating foci that reside outside of cells...
eliminating intranuclear foci...
58 final foci
foci segmented from position 5

segmenting foci for position 6 out of 25
raw image imported.
performing gaussian filtering...
Image smoothed.
preprocessing complete.
generating distance map...
distance map complete.
smoothing distance map...
distance map smoothed.
identifying maxima...
maxima identified.
watershedding...
watershedding complete.
creating PexSegmentObj...
eliminating dim foci...
before eliminating dim foci: 16 foci in image
after eliminating dim foci: 16 foci in image
eliminating foci that reside outside of cells...
eliminating intranuclear foci...
16 final foci
foci segmented from position 6

segmenting foci for position 7 out of 25
raw image imported.
performing gaussian filtering...
Image smoothed.
preprocessing complete.
generating distance map...
distance map complete.
smoothing distance map...
distance map smoothed.
identifying maxima...
maxima identified.
watershedding...
watershedding complete.
creating PexSegmentObj...
eliminating dim foci...
before eliminating dim foci: 38 foci in image
after eliminating dim foci: 38 foci in image
eliminating foci that reside outside of cells...
eliminating intranuclear foci...
31 final foci
foci segmented from position 7

segmenting foci for position 8 out of 25
raw image imported.
performing gaussian filtering...
Image smoothed.
preprocessing complete.
generating distance map...
distance map complete.
smoothing distance map...
distance map smoothed.
identifying maxima...
maxima identified.
watershedding...
watershedding complete.
creating PexSegmentObj...
eliminating dim foci...
before eliminating dim foci: 79 foci in image
after eliminating dim foci: 79 foci in image
eliminating foci that reside outside of cells...
eliminating intranuclear foci...
74 final foci
foci segmented from position 8

segmenting foci for position 9 out of 25
raw image imported.
performing gaussian filtering...
Image smoothed.
preprocessing complete.
generating distance map...
distance map complete.
smoothing distance map...
distance map smoothed.
identifying maxima...
maxima identified.
watershedding...
watershedding complete.
creating PexSegmentObj...
eliminating dim foci...
before eliminating dim foci: 13 foci in image
after eliminating dim foci: 13 foci in image
eliminating foci that reside outside of cells...
eliminating intranuclear foci...
12 final foci
foci segmented from position 9

segmenting foci for position 10 out of 25
raw image imported.
performing gaussian filtering...
Image smoothed.
preprocessing complete.
generating distance map...
distance map complete.
smoothing distance map...
distance map smoothed.
identifying maxima...
maxima identified.
watershedding...
watershedding complete.
creating PexSegmentObj...
eliminating dim foci...
before eliminating dim foci: 25 foci in image
after eliminating dim foci: 25 foci in image
eliminating foci that reside outside of cells...
eliminating intranuclear foci...
19 final foci
foci segmented from position 10

segmenting foci for position 11 out of 25
raw image imported.
performing gaussian filtering...
Image smoothed.
preprocessing complete.
generating distance map...
distance map complete.
smoothing distance map...
distance map smoothed.
identifying maxima...
maxima identified.
watershedding...
watershedding complete.
creating PexSegmentObj...
eliminating dim foci...
before eliminating dim foci: 45 foci in image
after eliminating dim foci: 45 foci in image
eliminating foci that reside outside of cells...
eliminating intranuclear foci...
43 final foci
foci segmented from position 11

segmenting foci for position 12 out of 25
raw image imported.
performing gaussian filtering...
Image smoothed.
preprocessing complete.
generating distance map...
distance map complete.
smoothing distance map...
distance map smoothed.
identifying maxima...
maxima identified.
watershedding...
watershedding complete.
creating PexSegmentObj...
eliminating dim foci...
before eliminating dim foci: 25 foci in image
after eliminating dim foci: 25 foci in image
eliminating foci that reside outside of cells...
eliminating intranuclear foci...
21 final foci
foci segmented from position 12

segmenting foci for position 13 out of 25
raw image imported.
performing gaussian filtering...
Image smoothed.
preprocessing complete.
generating distance map...
distance map complete.
smoothing distance map...
distance map smoothed.
identifying maxima...
maxima identified.
watershedding...
watershedding complete.
creating PexSegmentObj...
eliminating dim foci...
before eliminating dim foci: 68 foci in image
after eliminating dim foci: 68 foci in image
eliminating foci that reside outside of cells...
eliminating intranuclear foci...
61 final foci
foci segmented from position 13

segmenting foci for position 14 out of 25
raw image imported.
performing gaussian filtering...
Image smoothed.
preprocessing complete.
generating distance map...
distance map complete.
smoothing distance map...
distance map smoothed.
identifying maxima...
maxima identified.
watershedding...
watershedding complete.
creating PexSegmentObj...
eliminating dim foci...
before eliminating dim foci: 55 foci in image
after eliminating dim foci: 55 foci in image
eliminating foci that reside outside of cells...
eliminating intranuclear foci...
55 final foci
foci segmented from position 14

segmenting foci for position 15 out of 25
raw image imported.
performing gaussian filtering...
Image smoothed.
preprocessing complete.
generating distance map...
distance map complete.
smoothing distance map...
distance map smoothed.
identifying maxima...
maxima identified.
watershedding...
watershedding complete.
creating PexSegmentObj...
eliminating dim foci...
before eliminating dim foci: 57 foci in image
after eliminating dim foci: 57 foci in image
eliminating foci that reside outside of cells...
eliminating intranuclear foci...
53 final foci
foci segmented from position 15

segmenting foci for position 16 out of 25
raw image imported.
performing gaussian filtering...
Image smoothed.
preprocessing complete.
generating distance map...
distance map complete.
smoothing distance map...
distance map smoothed.
identifying maxima...
maxima identified.
watershedding...
watershedding complete.
creating PexSegmentObj...
eliminating dim foci...
before eliminating dim foci: 70 foci in image
after eliminating dim foci: 70 foci in image
eliminating foci that reside outside of cells...
eliminating intranuclear foci...
60 final foci
foci segmented from position 16

segmenting foci for position 17 out of 25
raw image imported.
performing gaussian filtering...
Image smoothed.
preprocessing complete.
generating distance map...
distance map complete.
smoothing distance map...
distance map smoothed.
identifying maxima...
maxima identified.
watershedding...
watershedding complete.
creating PexSegmentObj...
eliminating dim foci...
before eliminating dim foci: 58 foci in image
after eliminating dim foci: 58 foci in image
eliminating foci that reside outside of cells...
eliminating intranuclear foci...
57 final foci
foci segmented from position 17

segmenting foci for position 18 out of 25
raw image imported.
performing gaussian filtering...
Image smoothed.
preprocessing complete.
generating distance map...
distance map complete.
smoothing distance map...
distance map smoothed.
identifying maxima...
maxima identified.
watershedding...
watershedding complete.
creating PexSegmentObj...
eliminating dim foci...
before eliminating dim foci: 247 foci in image
after eliminating dim foci: 247 foci in image
eliminating foci that reside outside of cells...
eliminating intranuclear foci...
237 final foci
foci segmented from position 18

segmenting foci for position 19 out of 25
raw image imported.
performing gaussian filtering...
Image smoothed.
preprocessing complete.
generating distance map...
distance map complete.
smoothing distance map...
distance map smoothed.
identifying maxima...
maxima identified.
watershedding...
watershedding complete.
creating PexSegmentObj...
eliminating dim foci...
before eliminating dim foci: 105 foci in image
after eliminating dim foci: 102 foci in image
eliminating foci that reside outside of cells...
eliminating intranuclear foci...
96 final foci
foci segmented from position 19

segmenting foci for position 20 out of 25
raw image imported.
performing gaussian filtering...
Image smoothed.
preprocessing complete.
generating distance map...
distance map complete.
smoothing distance map...
distance map smoothed.
identifying maxima...
maxima identified.
watershedding...
watershedding complete.
creating PexSegmentObj...
eliminating dim foci...
before eliminating dim foci: 129 foci in image
after eliminating dim foci: 128 foci in image
eliminating foci that reside outside of cells...
eliminating intranuclear foci...
113 final foci
foci segmented from position 20

segmenting foci for position 21 out of 25
raw image imported.
performing gaussian filtering...
Image smoothed.
preprocessing complete.
generating distance map...
distance map complete.
smoothing distance map...
distance map smoothed.
identifying maxima...
maxima identified.
watershedding...
watershedding complete.
creating PexSegmentObj...
eliminating dim foci...
before eliminating dim foci: 26 foci in image
after eliminating dim foci: 26 foci in image
eliminating foci that reside outside of cells...
eliminating intranuclear foci...
20 final foci
foci segmented from position 21

segmenting foci for position 22 out of 25
raw image imported.
performing gaussian filtering...
Image smoothed.
preprocessing complete.
generating distance map...
distance map complete.
smoothing distance map...
distance map smoothed.
identifying maxima...
maxima identified.
watershedding...
watershedding complete.
creating PexSegmentObj...
eliminating dim foci...
before eliminating dim foci: 45 foci in image
after eliminating dim foci: 45 foci in image
eliminating foci that reside outside of cells...
eliminating intranuclear foci...
44 final foci
foci segmented from position 22

segmenting foci for position 23 out of 25
raw image imported.
performing gaussian filtering...
Image smoothed.
preprocessing complete.
generating distance map...
distance map complete.
smoothing distance map...
distance map smoothed.
identifying maxima...
maxima identified.
watershedding...
watershedding complete.
creating PexSegmentObj...
eliminating dim foci...
before eliminating dim foci: 18 foci in image
after eliminating dim foci: 18 foci in image
eliminating foci that reside outside of cells...
eliminating intranuclear foci...
17 final foci
foci segmented from position 23

segmenting foci for position 24 out of 25
raw image imported.
performing gaussian filtering...
Image smoothed.
preprocessing complete.
generating distance map...
distance map complete.
smoothing distance map...
distance map smoothed.
identifying maxima...
maxima identified.
watershedding...
watershedding complete.
creating PexSegmentObj...
eliminating dim foci...
before eliminating dim foci: 131 foci in image
after eliminating dim foci: 124 foci in image
eliminating foci that reside outside of cells...
eliminating intranuclear foci...
120 final foci
foci segmented from position 24

segmenting foci for position 25 out of 25
raw image imported.
performing gaussian filtering...
Image smoothed.
preprocessing complete.
generating distance map...
distance map complete.
smoothing distance map...
distance map smoothed.
identifying maxima...
maxima identified.
watershedding...
watershedding complete.
creating PexSegmentObj...
eliminating dim foci...
before eliminating dim foci: 13 foci in image
after eliminating dim foci: 13 foci in image
eliminating foci that reside outside of cells...
eliminating intranuclear foci...
11 final foci
foci segmented from position 25

------------------------------------------------------
segmentation complete for channel 561
------------------------------------------------------
Foci segmented.
------------------------------------------------------
counting foci/cell in channel 488 images...
------------------------------------------------------
counting foci/cell in image #1 of 25
counting foci/cell in image #2 of 25
counting foci/cell in image #3 of 25
counting foci/cell in image #4 of 25
counting foci/cell in image #5 of 25
counting foci/cell in image #6 of 25
counting foci/cell in image #7 of 25
counting foci/cell in image #8 of 25
counting foci/cell in image #9 of 25
counting foci/cell in image #10 of 25
counting foci/cell in image #11 of 25
counting foci/cell in image #12 of 25
counting foci/cell in image #13 of 25
counting foci/cell in image #14 of 25
counting foci/cell in image #15 of 25
counting foci/cell in image #16 of 25
counting foci/cell in image #17 of 25
counting foci/cell in image #18 of 25
counting foci/cell in image #19 of 25
counting foci/cell in image #20 of 25
counting foci/cell in image #21 of 25
counting foci/cell in image #22 of 25
counting foci/cell in image #23 of 25
counting foci/cell in image #24 of 25
counting foci/cell in image #25 of 25
------------------------------------------------------
counting foci/cell in channel 561 images...
------------------------------------------------------
counting foci/cell in image #1 of 25
counting foci/cell in image #2 of 25
counting foci/cell in image #3 of 25
counting foci/cell in image #4 of 25
counting foci/cell in image #5 of 25
counting foci/cell in image #6 of 25
counting foci/cell in image #7 of 25
counting foci/cell in image #8 of 25
counting foci/cell in image #9 of 25
counting foci/cell in image #10 of 25
counting foci/cell in image #11 of 25
counting foci/cell in image #12 of 25
counting foci/cell in image #13 of 25
counting foci/cell in image #14 of 25
counting foci/cell in image #15 of 25
counting foci/cell in image #16 of 25
counting foci/cell in image #17 of 25
counting foci/cell in image #18 of 25
counting foci/cell in image #19 of 25
counting foci/cell in image #20 of 25
counting foci/cell in image #21 of 25
counting foci/cell in image #22 of 25
counting foci/cell in image #23 of 25
counting foci/cell in image #24 of 25
counting foci/cell in image #25 of 25
Foci counted.
n foci:
{0: array([29, 13]), 1: array([], dtype=float64), 2: array([43, 13, 23]), 3: array([ 6, 33]), 4: array([10, 11, 13,  3]), 5: array([13,  8]), 6: array([28, 30]), 7: array([4, 8]), 8: array([16,  8,  9]), 9: array([23, 16]), 10: array([15, 23]), 11: array([26]), 12: array([], dtype=float64), 13: array([16, 15]), 14: array([6, 1, 4]), 15: array([42, 32]), 16: array([], dtype=float64), 17: array([], dtype=float64), 18: array([22]), 19: array([19, 20]), 20: array([13]), 21: array([12,  9]), 22: array([18, 13]), 23: array([11, 12]), 24: array([18])}
{0: array([27, 20]), 1: array([], dtype=float64), 2: array([112,   3,  18]), 3: array([11, 29]), 4: array([24,  9, 21,  9]), 5: array([7, 9]), 6: array([18, 13]), 7: array([18, 57]), 8: array([4, 4, 5]), 9: array([ 8, 11]), 10: array([19, 25]), 11: array([9]), 12: array([], dtype=float64), 13: array([34, 22]), 14: array([ 8,  2, 11]), 15: array([30, 32]), 16: array([], dtype=float64), 17: array([], dtype=float64), 18: array([96]), 19: array([47, 45]), 20: array([6]), 21: array([18, 26]), 22: array([8, 8]), 23: array([72, 53]), 24: array([11])}
checking channels...
checking for overlap...
measuring overlap in channel 488
finding overlap in image #1out of 25
getting IDs of overlapping foci...
creating image of overlapping foci...
counting # of overlapping foci per cell...
finding overlap in image #2out of 25
getting IDs of overlapping foci...
creating image of overlapping foci...
counting # of overlapping foci per cell...
finding overlap in image #3out of 25
getting IDs of overlapping foci...
creating image of overlapping foci...
counting # of overlapping foci per cell...
finding overlap in image #4out of 25
getting IDs of overlapping foci...
creating image of overlapping foci...
counting # of overlapping foci per cell...
finding overlap in image #5out of 25
getting IDs of overlapping foci...
creating image of overlapping foci...
counting # of overlapping foci per cell...
finding overlap in image #6out of 25
getting IDs of overlapping foci...
creating image of overlapping foci...
counting # of overlapping foci per cell...
finding overlap in image #7out of 25
getting IDs of overlapping foci...
creating image of overlapping foci...
counting # of overlapping foci per cell...
finding overlap in image #8out of 25
getting IDs of overlapping foci...
creating image of overlapping foci...
counting # of overlapping foci per cell...
finding overlap in image #9out of 25
getting IDs of overlapping foci...
creating image of overlapping foci...
counting # of overlapping foci per cell...
finding overlap in image #10out of 25
getting IDs of overlapping foci...
creating image of overlapping foci...
counting # of overlapping foci per cell...
finding overlap in image #11out of 25
getting IDs of overlapping foci...
creating image of overlapping foci...
counting # of overlapping foci per cell...
finding overlap in image #12out of 25
getting IDs of overlapping foci...
creating image of overlapping foci...
counting # of overlapping foci per cell...
finding overlap in image #13out of 25
getting IDs of overlapping foci...
creating image of overlapping foci...
counting # of overlapping foci per cell...
finding overlap in image #14out of 25
getting IDs of overlapping foci...
creating image of overlapping foci...
counting # of overlapping foci per cell...
finding overlap in image #15out of 25
getting IDs of overlapping foci...
creating image of overlapping foci...
counting # of overlapping foci per cell...
finding overlap in image #16out of 25
getting IDs of overlapping foci...
creating image of overlapping foci...
counting # of overlapping foci per cell...
finding overlap in image #17out of 25
getting IDs of overlapping foci...
creating image of overlapping foci...
counting # of overlapping foci per cell...
finding overlap in image #18out of 25
getting IDs of overlapping foci...
creating image of overlapping foci...
counting # of overlapping foci per cell...
finding overlap in image #19out of 25
getting IDs of overlapping foci...
creating image of overlapping foci...
counting # of overlapping foci per cell...
finding overlap in image #20out of 25
getting IDs of overlapping foci...
creating image of overlapping foci...
counting # of overlapping foci per cell...
finding overlap in image #21out of 25
getting IDs of overlapping foci...
creating image of overlapping foci...
counting # of overlapping foci per cell...
finding overlap in image #22out of 25
getting IDs of overlapping foci...
creating image of overlapping foci...
counting # of overlapping foci per cell...
finding overlap in image #23out of 25
getting IDs of overlapping foci...
creating image of overlapping foci...
counting # of overlapping foci per cell...
finding overlap in image #24out of 25
getting IDs of overlapping foci...
creating image of overlapping foci...
counting # of overlapping foci per cell...
finding overlap in image #25out of 25
getting IDs of overlapping foci...
creating image of overlapping foci...
counting # of overlapping foci per cell...
overlap between channels measured.
outputting to csv...
initializing pd.DataFrame for output...
populating output arrays...
outputting images...
