args:
Namespace(array_no='12', output_dir='/n/denic_lab/Lab/csth-output/lc3_lysoview_timelapse/', ref_csv='/n/denic_lab/Users/nweir/python_packages/csth-imaging/8-7_im_list.csv')
czi path: /n/denic_lab/Lab/TH_Imaging/8.7.17_TH84_Lysoview-LC3_Timecourse_LSM880_Airyscan/Lysoview-LC3_HEK_dAtg7_1hrTor_20Pos_1_AiryscanProcessing.czi
control czi path: /n/denic_lab/Lab/TH_Imaging/8.7.17_TH84_Lysoview-LC3_Timecourse_LSM880_Airyscan/Lysoview-LC3_HEK_dAtg7_1hrTor_Empty_AiryscanProcessing.czi
MultiFinder created.
generating cell masks...

generating cell masks...

generating mask #1
labeling contiguous objects...
eliminating objects w/volume < 100,000 px...
pruning labels...
unlabeling out of focus slices...
generating gradient image...
generating gradient intensity histograms...
predicting focus labels using SVM classifier...
calculating decision function values for labels...
raw focus labels:
[1 1 1 1 1 1 1 1 1 1 1 1 1 1 1 1 1 1 1 1 1 1 1 1 1 1 1 1 1 1 1 1 1 1 1 1 1
 1 1 1 1 1 1 1 1 1 1 1 1 1 1]
correcting slice labels...
One continuous stretch defined as in focus.
Warning: cells cut off by top or bottom of stack:
[1 1 1 1 1 1 1 1 1 1 1 1 1 1 1 1 1 1 1 1 1 1 1 1 1 1 1 1 1 1 1 1 1 1 1 1 1
 1 1 1 1 1 1 1 1 1 1 1 1 1 1]
appending outputs...
mask #1 complete.

generating mask #2
labeling contiguous objects...
eliminating objects w/volume < 100,000 px...
pruning labels...
unlabeling out of focus slices...
generating gradient image...
generating gradient intensity histograms...
predicting focus labels using SVM classifier...
calculating decision function values for labels...
raw focus labels:
[0 0 0 0 1 1 1 1 1 1 1 1 1 1 1 1 1 1 1 1 1 1 1 1 1 1 1 1 1 1 1 1 1 1 1 1 1
 1 1 1 1 1 0 0 0 0 0 0 0 0 0]
correcting slice labels...
One continuous stretch defined as in focus.
appending outputs...
mask #2 complete.

generating mask #3
labeling contiguous objects...
eliminating objects w/volume < 100,000 px...
pruning labels...
unlabeling out of focus slices...
generating gradient image...
generating gradient intensity histograms...
predicting focus labels using SVM classifier...
calculating decision function values for labels...
raw focus labels:
[0 0 0 0 0 0 0 0 0 1 1 1 1 1 1 1 1 1 1 1 1 1 1 1 1 1 1 1 1 1 1 1 1 1 1 1 1
 1 1 1 1 1 1 1 1 1 1 1 1 1 1]
correcting slice labels...
One continuous stretch defined as in focus.
Warning: cells cut off by top or bottom of stack:
[0 0 0 0 0 0 0 0 0 1 1 1 1 1 1 1 1 1 1 1 1 1 1 1 1 1 1 1 1 1 1 1 1 1 1 1 1
 1 1 1 1 1 1 1 1 1 1 1 1 1 1]
appending outputs...
mask #3 complete.

generating mask #4
labeling contiguous objects...
eliminating objects w/volume < 100,000 px...
pruning labels...
unlabeling out of focus slices...
generating gradient image...
generating gradient intensity histograms...
predicting focus labels using SVM classifier...
calculating decision function values for labels...
raw focus labels:
[0 0 0 0 0 0 0 1 1 1 1 1 1 1 1 1 1 1 1 1 1 1 1 1 1 1 1 1 1 1 1 1 1 1 1 1 1
 1 1 1 1 1 1 1 1 1 1 1 1 1 1]
correcting slice labels...
One continuous stretch defined as in focus.
Warning: cells cut off by top or bottom of stack:
[0 0 0 0 0 0 0 1 1 1 1 1 1 1 1 1 1 1 1 1 1 1 1 1 1 1 1 1 1 1 1 1 1 1 1 1 1
 1 1 1 1 1 1 1 1 1 1 1 1 1 1]
appending outputs...
mask #4 complete.

generating mask #5
labeling contiguous objects...
eliminating objects w/volume < 100,000 px...
pruning labels...
unlabeling out of focus slices...
generating gradient image...
generating gradient intensity histograms...
predicting focus labels using SVM classifier...
calculating decision function values for labels...
raw focus labels:
[0 0 0 0 0 0 0 1 1 1 1 1 1 1 1 1 1 1 1 1 1 1 1 1 1 1 1 1 1 1 1 1 1 1 1 1 1
 1 1 1 1 1 1 1 1 1 1 1 1 1 1]
correcting slice labels...
One continuous stretch defined as in focus.
Warning: cells cut off by top or bottom of stack:
[0 0 0 0 0 0 0 1 1 1 1 1 1 1 1 1 1 1 1 1 1 1 1 1 1 1 1 1 1 1 1 1 1 1 1 1 1
 1 1 1 1 1 1 1 1 1 1 1 1 1 1]
appending outputs...
mask #5 complete.

generating mask #6
labeling contiguous objects...
eliminating objects w/volume < 100,000 px...
pruning labels...
unlabeling out of focus slices...
generating gradient image...
generating gradient intensity histograms...
predicting focus labels using SVM classifier...
calculating decision function values for labels...
raw focus labels:
[0 0 0 0 0 0 0 0 0 1 1 1 1 1 1 1 1 1 1 1 1 1 1 1 1 1 1 1 1 1 1 1 1 1 1 1 1
 1 1 1 1 1 1 1 1 1 1 1 1 1 1]
correcting slice labels...
One continuous stretch defined as in focus.
Warning: cells cut off by top or bottom of stack:
[0 0 0 0 0 0 0 0 0 1 1 1 1 1 1 1 1 1 1 1 1 1 1 1 1 1 1 1 1 1 1 1 1 1 1 1 1
 1 1 1 1 1 1 1 1 1 1 1 1 1 1]
appending outputs...
mask #6 complete.

generating mask #7
labeling contiguous objects...
eliminating objects w/volume < 100,000 px...
pruning labels...
unlabeling out of focus slices...
generating gradient image...
generating gradient intensity histograms...
predicting focus labels using SVM classifier...
calculating decision function values for labels...
raw focus labels:
[0 0 0 0 0 0 0 0 0 0 0 0 0 0 0 0 1 1 1 1 1 1 1 1 1 1 1 1 1 1 1 1 1 1 1 1 1
 1 1 1 1 1 1 1 1 1 1 1 1 1 1]
correcting slice labels...
One continuous stretch defined as in focus.
Warning: cells cut off by top or bottom of stack:
[0 0 0 0 0 0 0 0 0 0 0 0 0 0 0 0 1 1 1 1 1 1 1 1 1 1 1 1 1 1 1 1 1 1 1 1 1
 1 1 1 1 1 1 1 1 1 1 1 1 1 1]
appending outputs...
mask #7 complete.

generating mask #8
labeling contiguous objects...
eliminating objects w/volume < 100,000 px...
pruning labels...
unlabeling out of focus slices...
generating gradient image...
generating gradient intensity histograms...
predicting focus labels using SVM classifier...
calculating decision function values for labels...
raw focus labels:
[0 0 0 0 0 0 0 0 0 0 0 0 0 0 0 0 0 1 1 1 1 1 1 1 1 1 1 1 1 1 1 1 1 1 1 1 1
 1 1 1 1 1 1 1 1 1 1 1 1 1 1]
correcting slice labels...
One continuous stretch defined as in focus.
Warning: cells cut off by top or bottom of stack:
[0 0 0 0 0 0 0 0 0 0 0 0 0 0 0 0 0 1 1 1 1 1 1 1 1 1 1 1 1 1 1 1 1 1 1 1 1
 1 1 1 1 1 1 1 1 1 1 1 1 1 1]
appending outputs...
mask #8 complete.

generating mask #9
labeling contiguous objects...
eliminating objects w/volume < 100,000 px...
pruning labels...
unlabeling out of focus slices...
generating gradient image...
generating gradient intensity histograms...
predicting focus labels using SVM classifier...
calculating decision function values for labels...
raw focus labels:
[0 0 0 0 0 0 0 0 0 0 0 0 0 0 0 1 0 1 1 1 1 1 1 1 1 1 1 1 1 1 1 1 1 1 1 1 1
 1 1 1 1 1 1 1 1 1 1 1 1 1 1]
correcting slice labels...
Warning: blur detection resulted in intercalation:
[0 0 0 0 0 0 0 0 0 0 0 0 0 0 0 1 1 1 1 1 1 1 1 1 1 1 1 1 1 1 1 1 1 1 1 1 1
 1 1 1 1 1 1 1 1 1 1 1 1 1 1]
Warning: cells cut off by top or bottom of stack:
[0 0 0 0 0 0 0 0 0 0 0 0 0 0 0 1 1 1 1 1 1 1 1 1 1 1 1 1 1 1 1 1 1 1 1 1 1
 1 1 1 1 1 1 1 1 1 1 1 1 1 1]
appending outputs...
mask #9 complete.

generating mask #10
labeling contiguous objects...
eliminating objects w/volume < 100,000 px...
pruning labels...
unlabeling out of focus slices...
generating gradient image...
generating gradient intensity histograms...
predicting focus labels using SVM classifier...
calculating decision function values for labels...
raw focus labels:
[0 0 0 0 0 0 0 0 0 0 0 0 0 0 0 0 0 0 0 1 1 1 1 1 1 1 1 1 1 1 1 1 1 1 1 1 1
 1 1 1 1 1 1 1 1 1 1 1 1 1 1]
correcting slice labels...
One continuous stretch defined as in focus.
Warning: cells cut off by top or bottom of stack:
[0 0 0 0 0 0 0 0 0 0 0 0 0 0 0 0 0 0 0 1 1 1 1 1 1 1 1 1 1 1 1 1 1 1 1 1 1
 1 1 1 1 1 1 1 1 1 1 1 1 1 1]
appending outputs...
mask #10 complete.

generating mask #11
labeling contiguous objects...
eliminating objects w/volume < 100,000 px...
pruning labels...
unlabeling out of focus slices...
generating gradient image...
generating gradient intensity histograms...
predicting focus labels using SVM classifier...
calculating decision function values for labels...
raw focus labels:
[0 0 0 0 0 0 1 1 1 1 1 1 1 1 1 1 1 1 1 1 1 1 1 1 1 1 1 1 1 1 1 1 1 1 1 1 1
 1 1 1 1 1 1 1 1 1 1 1 1 1 1]
correcting slice labels...
One continuous stretch defined as in focus.
Warning: cells cut off by top or bottom of stack:
[0 0 0 0 0 0 1 1 1 1 1 1 1 1 1 1 1 1 1 1 1 1 1 1 1 1 1 1 1 1 1 1 1 1 1 1 1
 1 1 1 1 1 1 1 1 1 1 1 1 1 1]
appending outputs...
mask #11 complete.

generating mask #12
labeling contiguous objects...
eliminating objects w/volume < 100,000 px...
pruning labels...
unlabeling out of focus slices...
generating gradient image...
generating gradient intensity histograms...
predicting focus labels using SVM classifier...
calculating decision function values for labels...
raw focus labels:
[0 0 0 0 0 0 0 0 0 0 0 0 0 0 1 1 1 1 1 1 1 1 1 1 1 1 1 1 1 1 1 1 1 1 1 1 1
 1 1 1 1 1 1 1 1 1 1 1 1 1 1]
correcting slice labels...
One continuous stretch defined as in focus.
Warning: cells cut off by top or bottom of stack:
[0 0 0 0 0 0 0 0 0 0 0 0 0 0 1 1 1 1 1 1 1 1 1 1 1 1 1 1 1 1 1 1 1 1 1 1 1
 1 1 1 1 1 1 1 1 1 1 1 1 1 1]
appending outputs...
mask #12 complete.

generating mask #13
labeling contiguous objects...
eliminating objects w/volume < 100,000 px...
pruning labels...
unlabeling out of focus slices...
generating gradient image...
generating gradient intensity histograms...
predicting focus labels using SVM classifier...
calculating decision function values for labels...
raw focus labels:
[0 0 0 0 0 0 0 0 0 0 0 0 0 0 1 1 1 1 1 1 1 1 1 1 1 1 1 1 1 1 1 1 1 1 1 1 1
 1 1 1 1 1 1 1 1 1 1 1 1 1 1]
correcting slice labels...
One continuous stretch defined as in focus.
Warning: cells cut off by top or bottom of stack:
[0 0 0 0 0 0 0 0 0 0 0 0 0 0 1 1 1 1 1 1 1 1 1 1 1 1 1 1 1 1 1 1 1 1 1 1 1
 1 1 1 1 1 1 1 1 1 1 1 1 1 1]
appending outputs...
mask #13 complete.

generating mask #14
labeling contiguous objects...
eliminating objects w/volume < 100,000 px...
pruning labels...
unlabeling out of focus slices...
generating gradient image...
generating gradient intensity histograms...
predicting focus labels using SVM classifier...
calculating decision function values for labels...
raw focus labels:
[0 0 0 0 0 0 1 1 1 1 1 1 1 1 1 1 1 1 1 1 1 1 1 1 1 1 1 1 1 1 1 1 1 1 1 1 1
 1 1 1 1 1 1 1 1 1 1 1 1 1 1]
correcting slice labels...
One continuous stretch defined as in focus.
Warning: cells cut off by top or bottom of stack:
[0 0 0 0 0 0 1 1 1 1 1 1 1 1 1 1 1 1 1 1 1 1 1 1 1 1 1 1 1 1 1 1 1 1 1 1 1
 1 1 1 1 1 1 1 1 1 1 1 1 1 1]
appending outputs...
mask #14 complete.

generating mask #15
labeling contiguous objects...
eliminating objects w/volume < 100,000 px...
pruning labels...
unlabeling out of focus slices...
generating gradient image...
generating gradient intensity histograms...
predicting focus labels using SVM classifier...
calculating decision function values for labels...
raw focus labels:
[0 0 0 1 1 1 1 1 1 1 1 1 1 1 1 1 1 1 1 1 1 1 1 1 1 1 1 1 1 1 1 1 1 1 1 1 1
 1 1 1 1 1 1 1 1 0 0 0 0 0 0]
correcting slice labels...
One continuous stretch defined as in focus.
appending outputs...
mask #15 complete.

generating mask #16
labeling contiguous objects...
eliminating objects w/volume < 100,000 px...
pruning labels...
unlabeling out of focus slices...
generating gradient image...
generating gradient intensity histograms...
predicting focus labels using SVM classifier...
calculating decision function values for labels...
raw focus labels:
[0 0 0 0 0 0 0 0 0 0 0 0 0 0 0 1 1 1 1 1 1 1 1 1 1 1 1 1 1 1 1 1 1 1 1 1 1
 1 1 1 1 1 1 1 1 1 1 1 1 1 1]
correcting slice labels...
One continuous stretch defined as in focus.
Warning: cells cut off by top or bottom of stack:
[0 0 0 0 0 0 0 0 0 0 0 0 0 0 0 1 1 1 1 1 1 1 1 1 1 1 1 1 1 1 1 1 1 1 1 1 1
 1 1 1 1 1 1 1 1 1 1 1 1 1 1]
appending outputs...
mask #16 complete.

generating mask #17
labeling contiguous objects...
eliminating objects w/volume < 100,000 px...
pruning labels...
unlabeling out of focus slices...
generating gradient image...
generating gradient intensity histograms...
predicting focus labels using SVM classifier...
calculating decision function values for labels...
raw focus labels:
[0 0 0 0 0 0 1 1 1 1 1 1 1 1 1 1 1 1 1 1 1 1 1 1 1 1 1 1 1 1 1 1 1 1 1 1 1
 1 1 1 1 1 1 1 1 1 1 1 1 1 1]
correcting slice labels...
One continuous stretch defined as in focus.
Warning: cells cut off by top or bottom of stack:
[0 0 0 0 0 0 1 1 1 1 1 1 1 1 1 1 1 1 1 1 1 1 1 1 1 1 1 1 1 1 1 1 1 1 1 1 1
 1 1 1 1 1 1 1 1 1 1 1 1 1 1]
appending outputs...
mask #17 complete.

generating mask #18
labeling contiguous objects...
eliminating objects w/volume < 100,000 px...
pruning labels...
unlabeling out of focus slices...
generating gradient image...
generating gradient intensity histograms...
predicting focus labels using SVM classifier...
calculating decision function values for labels...
raw focus labels:
[0 0 0 1 1 1 1 1 1 1 1 1 1 1 1 1 1 1 1 1 1 1 1 1 1 1 1 1 1 1 1 1 1 1 1 1 1
 1 1 1 1 1 1 1 1 1 1 1 1 1 1]
correcting slice labels...
One continuous stretch defined as in focus.
Warning: cells cut off by top or bottom of stack:
[0 0 0 1 1 1 1 1 1 1 1 1 1 1 1 1 1 1 1 1 1 1 1 1 1 1 1 1 1 1 1 1 1 1 1 1 1
 1 1 1 1 1 1 1 1 1 1 1 1 1 1]
appending outputs...
mask #18 complete.

generating mask #19
labeling contiguous objects...
eliminating objects w/volume < 100,000 px...
pruning labels...
unlabeling out of focus slices...
generating gradient image...
generating gradient intensity histograms...
predicting focus labels using SVM classifier...
calculating decision function values for labels...
raw focus labels:
[0 0 0 0 0 0 0 0 0 1 1 1 1 1 1 1 1 1 1 1 1 1 1 1 1 1 1 1 1 1 1 1 1 1 1 1 1
 1 1 1 1 1 1 1 1 1 1 1 0 0 0]
correcting slice labels...
One continuous stretch defined as in focus.
appending outputs...
mask #19 complete.

generating mask #20
labeling contiguous objects...
eliminating objects w/volume < 100,000 px...
pruning labels...
unlabeling out of focus slices...
generating gradient image...
generating gradient intensity histograms...
predicting focus labels using SVM classifier...
calculating decision function values for labels...
raw focus labels:
[0 0 0 0 0 0 0 0 1 1 1 1 1 1 1 1 1 1 1 1 1 1 1 1 1 1 1 1 1 1 1 1 1 1 1 1 1
 1 1 1 1 1 1 1 0 0 0 0 0 0 0]
correcting slice labels...
One continuous stretch defined as in focus.
appending outputs...
mask #20 complete.

CellSplitter instance created.
input image has 4 dimensions (multiple imgs)
segmenting image #1 of 20...
Using thresholds set based on slice intensity
thresholding floor set to 4406
slice-by-slice cutoffs:
[  2392.    2953.    3940.5   5218.    6491.5   7516.5   8287.    8780.5
   8964.    9449.    9943.5  10583.5  10949.5  11017.   10905.5  10792.
  10728.5  10866.   10915.   10891.5  10707.5  10480.5  10284.5  10111.
  10054.5   9926.    9826.    9698.5   9509.    9513.5   9548.    9598.5
   9482.5   9126.5   8896.5   8700.    8717.5   8749.    8640.5   8448.
   8472.5   8356.5   8129.5   7781.5   7521.    7328.5   7152.    6935.
   6652.5   6188.    5431. ]
generating threshold image...
raw image imported.
preprocessing complete.
filling holes in objects.
holes filled.
distance map complete.
smoothing distance map...
distance map smoothed.
identifying maxima...
maxima identified.
watershedding...
watershedding complete.
creating PexSegmentObj...
passing segmented objs and seeds to Nuclei instance...

segmenting image #2 of 20...
Using thresholds set based on slice intensity
thresholding floor set to 3896
slice-by-slice cutoffs:
[  153.5   164.    173.5   193.5   237.5   281.    316.5   380.    512.
   888.   1619.   2538.   3463.5  4466.5  5605.   6786.   7848.5  8640.5
  9110.   9224.   9554.5  9740.   9620.   9363.   9328.5  9247.   9043.5
  8692.   8413.   8216.5  8284.   8190.   7742.   7237.5  6545.5  5686.
  4580.   3434.   2562.   2130.   1907.5  1681.   1401.   1073.5   825.5
   700.5   622.5   556.5   468.5   424.5   378. ]
generating threshold image...
raw image imported.
preprocessing complete.
filling holes in objects.
holes filled.
distance map complete.
smoothing distance map...
distance map smoothed.
identifying maxima...
maxima identified.
watershedding...
watershedding complete.
creating PexSegmentObj...
passing segmented objs and seeds to Nuclei instance...

segmenting image #3 of 20...
Using thresholds set based on slice intensity
thresholding floor set to 3959
slice-by-slice cutoffs:
[   41.     25.5    35.5    49.5    64.5    79.5    77.    120.5   135.5
   147.    176.5   210.    215.5   232.5   239.    303.    394.    478.5
   587.5   740.5  1063.5  1747.   2835.5  4126.   5294.5  6344.   7028.
  7517.   8077.   8779.   9200.   9297.5  9247.5  9231.   9305.5  9413.5
  9449.5  9371.5  9660.   9832.5  9870.5  9897.5  9821.5  9523.   8990.5
  8652.   8399.5  7985.   7418.5  6439.5  5159. ]
generating threshold image...
raw image imported.
preprocessing complete.
filling holes in objects.
holes filled.
distance map complete.
smoothing distance map...
distance map smoothed.
identifying maxima...
maxima identified.
watershedding...
watershedding complete.
creating PexSegmentObj...
passing segmented objs and seeds to Nuclei instance...

segmenting image #4 of 20...
Using thresholds set based on slice intensity
thresholding floor set to 3817
slice-by-slice cutoffs:
[  105.5    86.     87.    116.5   139.    160.    203.5   260.    312.5
   339.5   432.5   664.   1193.   1955.5  2801.5  3687.5  4580.5  5570.5
  6472.   7320.   7897.5  8744.   9068.5  9068.   8755.   9028.   9364.
  9491.   9543.   9500.5  9371.5  9174.5  9082.   9179.5  9021.5  8653.5
  8486.   8240.5  7876.   7458.   7093.5  6799.5  6518.   6097.5  5561.
  4831.   3917.   3000.   2306.   1987.5  1849.5]
generating threshold image...
raw image imported.
preprocessing complete.
filling holes in objects.
holes filled.
distance map complete.
smoothing distance map...
distance map smoothed.
identifying maxima...
maxima identified.
watershedding...
watershedding complete.
creating PexSegmentObj...
passing segmented objs and seeds to Nuclei instance...

segmenting image #5 of 20...
Using thresholds set based on slice intensity
thresholding floor set to 3028
slice-by-slice cutoffs:
[   85.     87.     93.5   119.    115.5   128.    144.5   151.    181.
   237.    278.5   328.5   386.5   605.5  1005.5  1517.   2127.   2808.5
  3462.   4025.   4481.5  4940.5  5472.5  5954.5  6364.5  6622.5  6770.
  7059.   7141.5  7058.   6944.   7202.   7427.5  7568.   7571.5  7373.
  7392.   7457.   7358.   7232.5  7043.   7021.   7028.5  6963.5  6808.5
  6765.   6703.   6539.   6402.5  6302.   6052.5]
generating threshold image...
raw image imported.
preprocessing complete.
filling holes in objects.
holes filled.
distance map complete.
smoothing distance map...
distance map smoothed.
identifying maxima...
maxima identified.
watershedding...
watershedding complete.
creating PexSegmentObj...
passing segmented objs and seeds to Nuclei instance...

segmenting image #6 of 20...
Using thresholds set based on slice intensity
thresholding floor set to 3317
slice-by-slice cutoffs:
[   57.     41.     44.     61.     80.    121.    139.5   133.    143.5
   154.    183.    238.5   280.5   353.5   422.    581.5  1003.5  1698.
  2558.   3349.   4132.   4788.   5252.5  5697.   6352.   6967.5  7383.
  7483.5  7523.5  7585.   7480.5  7336.5  7296.   7066.   7284.   7522.5
  7633.   7790.   7839.   7601.5  7384.   7397.5  7581.   7791.   7928.
  7836.5  7873.   8085.   8218.5  8293.   7864. ]
generating threshold image...
raw image imported.
preprocessing complete.
filling holes in objects.
holes filled.
distance map complete.
smoothing distance map...
distance map smoothed.
identifying maxima...
maxima identified.
watershedding...
watershedding complete.
creating PexSegmentObj...
passing segmented objs and seeds to Nuclei instance...

segmenting image #7 of 20...
Using thresholds set based on slice intensity
thresholding floor set to 4045
slice-by-slice cutoffs:
[    54.      43.      54.      76.      79.     105.     120.     153.
    166.5    166.     200.5    232.     262.     326.5    397.5    523.
    708.     920.5   1215.5   1679.    2455.5   3682.5   5140.    6407.
   7363.5   7998.    8608.5   9251.    9732.    9892.5  10021.5  10091.
  10040.   10028.5  10064.5  10114.5  10049.    9892.5   9687.    9801.5
   9897.5   9773.5   9284.    8483.    7985.    7376.5   6550.5   5441.
   4142.5   3259.5   2631. ]
generating threshold image...
raw image imported.
preprocessing complete.
filling holes in objects.
holes filled.
distance map complete.
smoothing distance map...
distance map smoothed.
identifying maxima...
maxima identified.
watershedding...
watershedding complete.
creating PexSegmentObj...
passing segmented objs and seeds to Nuclei instance...

segmenting image #8 of 20...
Using thresholds set based on slice intensity
thresholding floor set to 4128
slice-by-slice cutoffs:
[    44.      30.5     46.      57.5     70.5     89.     109.     103.5
    127.5    155.5    182.5    228.     284.     302.     369.     371.5
    425.     498.     706.5   1147.    1800.5   2683.    3826.5   5293.5
   6881.5   8163.    8952.5   9268.    9324.    9443.5   9592.5   9823.5
  10032.5  10040.    9970.   10121.5  10321.   10318.5  10184.    9998.
   9836.    9714.5   9766.    9762.5   9601.5   9299.    9199.    9277.5
   9358.    9689.    9301.5]
generating threshold image...
raw image imported.
preprocessing complete.
filling holes in objects.
holes filled.
distance map complete.
smoothing distance map...
distance map smoothed.
identifying maxima...
maxima identified.
watershedding...
watershedding complete.
creating PexSegmentObj...
passing segmented objs and seeds to Nuclei instance...

segmenting image #9 of 20...
Using thresholds set based on slice intensity
thresholding floor set to 4046
slice-by-slice cutoffs:
[    49.      22.      38.      44.5     67.      84.      98.     119.
    136.     139.5    170.     204.     231.     255.     297.     312.
    323.5    366.     480.     735.    1129.5   1709.5   2535.    3665.
   5052.    6615.    7546.5   8238.    8707.    8940.5   9114.5   9261.
   9341.5   9344.    9916.   10116.5   9833.    9017.5   9197.    9126.
   9057.    9413.    9612.    9481.5   8870.5   7787.    7867.    8087.5
   8042.5   7769.    7085. ]
generating threshold image...
raw image imported.
preprocessing complete.
filling holes in objects.
holes filled.
distance map complete.
smoothing distance map...
distance map smoothed.
identifying maxima...
maxima identified.
watershedding...
watershedding complete.
creating PexSegmentObj...
passing segmented objs and seeds to Nuclei instance...

segmenting image #10 of 20...
Using thresholds set based on slice intensity
thresholding floor set to 4129
slice-by-slice cutoffs:
[    44.5     32.      40.      48.5     63.      84.      88.      94.
    106.5    126.5    151.     168.5    195.5    220.     250.     283.
    355.5    486.     640.5    889.5   1103.    1416.5   1938.5   2943.5
   4444.    5932.    7136.    7912.5   8297.5   8770.5   9177.5   9545.
   9683.5   9657.    9636.5   9522.    9565.    9756.    9803.5   9842.5
   9939.    9995.   10281.5  10324.   10168.5   9956.5   9811.5   9731.5
   9613.    9326.5   8693.5]
generating threshold image...
raw image imported.
preprocessing complete.
filling holes in objects.
holes filled.
distance map complete.
smoothing distance map...
distance map smoothed.
identifying maxima...
maxima identified.
watershedding...
watershedding complete.
creating PexSegmentObj...
passing segmented objs and seeds to Nuclei instance...

segmenting image #11 of 20...
Using thresholds set based on slice intensity
thresholding floor set to 4000
slice-by-slice cutoffs:
[   107.     101.5    128.5    145.     206.     213.5    245.     259.
    339.     463.5    600.     829.    1195.5   1747.5   2674.5   3953.
   5336.    6523.    7221.5   7854.5   8267.5   8539.5   8602.5   8752.
   9081.    9234.    9429.    9437.5   9297.5   9064.    9121.    9644.
   9989.5   9967.5   9900.    9879.5   9728.    9681.5   9833.    9928.
  10001.    9858.    9619.    9494.    9495.5   9334.5   9236.5   9102.
   8801.5   9114.5   8783. ]
generating threshold image...
raw image imported.
preprocessing complete.
filling holes in objects.
holes filled.
distance map complete.
smoothing distance map...
distance map smoothed.
identifying maxima...
maxima identified.
watershedding...
watershedding complete.
creating PexSegmentObj...
passing segmented objs and seeds to Nuclei instance...

segmenting image #12 of 20...
Using thresholds set based on slice intensity
thresholding floor set to 4226
slice-by-slice cutoffs:
[    73.      59.5     75.      89.5    107.5    136.     154.     168.5
    200.5    207.     239.5    280.5    371.5    522.5    693.5    874.5
    994.    1314.    1917.5   3107.    4581.    5948.    7053.5   7861.5
   8729.    9214.    9260.    9199.    9266.    9393.    9368.5   9548.
   9749.    9860.5   9841.    9725.5   9568.5   9396.5   9703.    9919.
   9927.    9829.   10042.5  10274.5  10508.   10567.   10460.5  10245.
  10353.5  10449.5   9866. ]
generating threshold image...
raw image imported.
preprocessing complete.
filling holes in objects.
holes filled.
distance map complete.
smoothing distance map...
distance map smoothed.
identifying maxima...
maxima identified.
watershedding...
watershedding complete.
creating PexSegmentObj...
passing segmented objs and seeds to Nuclei instance...

segmenting image #13 of 20...
Using thresholds set based on slice intensity
thresholding floor set to 4750
slice-by-slice cutoffs:
[    66.5     42.5     58.      80.5    108.     131.     149.     168.
    181.     196.5    203.     250.     304.5    413.     455.5    479.
    618.     965.    1659.5   2682.5   3763.5   4833.    5984.    7272.5
   8589.    9647.   10585.   11072.5  11262.   11171.   10950.   11315.5
  11651.5  11691.5  11716.5  11849.5  11875.5  11786.5  11685.   11562.5
  11446.   11595.   11671.5  11396.   10860.   10456.    9682.    9136.
   9032.5   8704.5   7764.5]
generating threshold image...
raw image imported.
preprocessing complete.
filling holes in objects.
holes filled.
distance map complete.
smoothing distance map...
distance map smoothed.
identifying maxima...
maxima identified.
watershedding...
watershedding complete.
creating PexSegmentObj...
passing segmented objs and seeds to Nuclei instance...

segmenting image #14 of 20...
Using thresholds set based on slice intensity
thresholding floor set to 5682
slice-by-slice cutoffs:
[   131.     105.     130.5    148.     170.5    185.5    219.5    299.
    342.5    410.5    493.     673.    1091.5   1684.    2450.    3366.5
   4401.5   5591.    6854.5   7873.    8489.5   9034.    9359.    9449.5
   9462.5   9487.5   9785.5  10071.5  10193.   10175.   10109.5   9997.
  10142.   10260.   10256.5  10242.   10164.    9775.5   9139.    8921.
   8980.   10519.5  11472.   11937.5  12324.5  12766.   13090.   13441.5
  13922.5  14205.5  13583.5]
generating threshold image...
raw image imported.
preprocessing complete.
filling holes in objects.
holes filled.
distance map complete.
smoothing distance map...
distance map smoothed.
identifying maxima...
maxima identified.
watershedding...
watershedding complete.
creating PexSegmentObj...
passing segmented objs and seeds to Nuclei instance...

segmenting image #15 of 20...
Using thresholds set based on slice intensity
thresholding floor set to 4501
slice-by-slice cutoffs:
[   177.5    177.5    205.5    226.5    243.     277.5    335.     401.5
    523.     671.5    904.    1420.    2482.    4309.    6498.5   8265.
   9283.5   9801.5  10098.   10289.5  10469.   10716.   10781.   10543.
  10403.5  10760.5  10905.   10881.   11144.5  11253.5  11163.5  11063.
  10967.   10973.   10891.5  10568.   10172.5   9777.    9023.    8204.5
   7367.5   6163.    4920.5   3988.5   3402.5   2968.5   2476.5   1907.
   1436.5   1161.5   1004. ]
generating threshold image...
raw image imported.
preprocessing complete.
filling holes in objects.
holes filled.
distance map complete.
smoothing distance map...
distance map smoothed.
identifying maxima...
maxima identified.
watershedding...
watershedding complete.
creating PexSegmentObj...
passing segmented objs and seeds to Nuclei instance...

segmenting image #16 of 20...
Using thresholds set based on slice intensity
thresholding floor set to 4957
slice-by-slice cutoffs:
[    65.5     62.      76.      93.5    106.     139.     182.5    204.5
    232.     248.     284.5    349.5    430.     548.5    659.5    747.
    905.    1338.    2211.    3578.5   5292.    6903.5   8129.5   9300.5
  10185.5  11189.   11865.   12151.   12281.   12393.5  12352.   12007.
  11806.   11856.   11845.   11941.   11868.5  11653.5  11375.   10920.5
  10356.5   9526.5   8696.    7722.    6522.5   5151.5   3799.5   2740.5
   2132.5   1763.    1493. ]
generating threshold image...
raw image imported.
preprocessing complete.
filling holes in objects.
holes filled.
distance map complete.
smoothing distance map...
distance map smoothed.
identifying maxima...
maxima identified.
watershedding...
watershedding complete.
creating PexSegmentObj...
passing segmented objs and seeds to Nuclei instance...

segmenting image #17 of 20...
Using thresholds set based on slice intensity
thresholding floor set to 5239
slice-by-slice cutoffs:
[   123.     111.5    126.     151.5    229.     257.     329.     397.
    624.5    846.5    973.5   1128.5   1415.    2168.5   3538.    5428.
   7298.    8796.   10058.5  10841.   11335.5  11605.5  11827.   12021.5
  12126.5  12253.5  12554.   12915.   13053.5  12962.   13009.5  13072.
  13069.   12878.   12831.   12767.5  12797.   12740.5  12648.   12525.5
  12708.   12647.   12206.   12068.5  11791.5  11817.5  11956.5  12283.5
  12723.   13098.5  12553.5]
generating threshold image...
raw image imported.
preprocessing complete.
filling holes in objects.
holes filled.
distance map complete.
smoothing distance map...
distance map smoothed.
identifying maxima...
maxima identified.
watershedding...
watershedding complete.
creating PexSegmentObj...
passing segmented objs and seeds to Nuclei instance...

segmenting image #18 of 20...
Using thresholds set based on slice intensity
thresholding floor set to 5336
slice-by-slice cutoffs:
[   191.5    212.     242.5    296.5    346.     423.     489.5    561.5
    812.    1279.5   1919.    2909.5   4624.    6906.    9422.5  11349.5
  12306.5  12750.   12987.5  13017.   12966.5  12998.5  12988.   12957.
  12899.5  12810.5  12751.5  12748.5  12773.5  13027.   13196.   13282.5
  13340.5  13252.   12999.   12846.5  12759.5  12781.   12756.5  12890.5
  12830.   12544.5  11989.   11697.   11430.5  10983.5  10139.5   8595.
   6472.    4486.5   3220.5]
generating threshold image...
raw image imported.
preprocessing complete.
filling holes in objects.
holes filled.
distance map complete.
smoothing distance map...
distance map smoothed.
identifying maxima...
maxima identified.
watershedding...
watershedding complete.
creating PexSegmentObj...
passing segmented objs and seeds to Nuclei instance...

segmenting image #19 of 20...
Using thresholds set based on slice intensity
thresholding floor set to 5521
slice-by-slice cutoffs:
[   128.     111.5    139.     191.     212.     224.     293.     326.5
    391.     429.5    483.5    559.     679.     980.5   1527.    2456.5
   3679.5   5054.5   6763.    8991.   11161.5  12848.5  13602.   13548.
  13457.   13659.   13804.   13753.   13574.   13356.   13409.   13508.
  13557.5  13636.5  13618.   13544.   13666.   13472.5  12914.   12047.5
  10651.    8610.    6429.5   4783.    3843.    3325.5   2878.    2336.5
   1826.    1463.5   1222.5]
generating threshold image...
raw image imported.
preprocessing complete.
filling holes in objects.
holes filled.
distance map complete.
smoothing distance map...
distance map smoothed.
identifying maxima...
maxima identified.
watershedding...
watershedding complete.
creating PexSegmentObj...
passing segmented objs and seeds to Nuclei instance...

segmenting image #20 of 20...
Using thresholds set based on slice intensity
thresholding floor set to 5369
slice-by-slice cutoffs:
[   204.5    251.5    327.     346.     407.     445.     486.     534.5
    652.     874.5   1230.5   1765.    2530.5   3669.5   5111.    6615.
   9013.   10544.5  11256.5  11510.5  11630.5  11850.5  12123.5  12289.
  12731.5  12897.   13112.5  13359.5  13424.   13170.   12651.5  12613.5
  12508.   12531.5  12449.   12288.   11776.   11015.5  10088.5   8798.
   7288.    5596.    4029.    2894.5   2220.5   1838.    1617.    1480.
   1305.    1123.5    920.5]
generating threshold image...
raw image imported.
preprocessing complete.
filling holes in objects.
holes filled.
distance map complete.
smoothing distance map...
distance map smoothed.
identifying maxima...
maxima identified.
watershedding...
watershedding complete.
creating PexSegmentObj...
passing segmented objs and seeds to Nuclei instance...

removing small perinuclear foci...
1 raw segmented DAPI foci
object volumes in pixels:
[910847]
removing objects volume < 10000 px, #s:
[]
removing nuclei_centers corresponding to small DAPI foci...
2 raw segmented DAPI foci
object volumes in pixels:
[468485 442465]
removing objects volume < 10000 px, #s:
[]
removing nuclei_centers corresponding to small DAPI foci...
2 raw segmented DAPI foci
object volumes in pixels:
[462142 403742]
removing objects volume < 10000 px, #s:
[]
removing nuclei_centers corresponding to small DAPI foci...
3 raw segmented DAPI foci
object volumes in pixels:
[469794 181378 268752]
removing objects volume < 10000 px, #s:
[]
removing nuclei_centers corresponding to small DAPI foci...
2 raw segmented DAPI foci
object volumes in pixels:
[390020 364722]
removing objects volume < 10000 px, #s:
[]
removing nuclei_centers corresponding to small DAPI foci...
2 raw segmented DAPI foci
object volumes in pixels:
[404689 352120]
removing objects volume < 10000 px, #s:
[]
removing nuclei_centers corresponding to small DAPI foci...
2 raw segmented DAPI foci
object volumes in pixels:
[257280 261849]
removing objects volume < 10000 px, #s:
[]
removing nuclei_centers corresponding to small DAPI foci...
2 raw segmented DAPI foci
object volumes in pixels:
[383148 378235]
removing objects volume < 10000 px, #s:
[]
removing nuclei_centers corresponding to small DAPI foci...
2 raw segmented DAPI foci
object volumes in pixels:
[414110 466822]
removing objects volume < 10000 px, #s:
[]
removing nuclei_centers corresponding to small DAPI foci...
2 raw segmented DAPI foci
object volumes in pixels:
[510665 480817]
removing objects volume < 10000 px, #s:
[]
removing nuclei_centers corresponding to small DAPI foci...
5 raw segmented DAPI foci
object volumes in pixels:
[545812 170608 138626 509945 284584]
removing objects volume < 10000 px, #s:
[]
removing nuclei_centers corresponding to small DAPI foci...
2 raw segmented DAPI foci
object volumes in pixels:
[440402 512924]
removing objects volume < 10000 px, #s:
[]
removing nuclei_centers corresponding to small DAPI foci...
2 raw segmented DAPI foci
object volumes in pixels:
[593698 504553]
removing objects volume < 10000 px, #s:
[]
removing nuclei_centers corresponding to small DAPI foci...
3 raw segmented DAPI foci
object volumes in pixels:
[323623 310922   7428]
removing objects volume < 10000 px, #s:
[3]
removing nuclei_centers corresponding to small DAPI foci...
2 raw segmented DAPI foci
object volumes in pixels:
[296079 293406]
removing objects volume < 10000 px, #s:
[]
removing nuclei_centers corresponding to small DAPI foci...
2 raw segmented DAPI foci
object volumes in pixels:
[319192 247975]
removing objects volume < 10000 px, #s:
[]
removing nuclei_centers corresponding to small DAPI foci...
2 raw segmented DAPI foci
object volumes in pixels:
[488905 486717]
removing objects volume < 10000 px, #s:
[]
removing nuclei_centers corresponding to small DAPI foci...
2 raw segmented DAPI foci
object volumes in pixels:
[258530 259988]
removing objects volume < 10000 px, #s:
[]
removing nuclei_centers corresponding to small DAPI foci...
1 raw segmented DAPI foci
object volumes in pixels:
[262157]
removing objects volume < 10000 px, #s:
[]
removing nuclei_centers corresponding to small DAPI foci...
5 raw segmented DAPI foci
object volumes in pixels:
[157731 104729 225290 244208 267801]
removing objects volume < 10000 px, #s:
[]
removing nuclei_centers corresponding to small DAPI foci...
Nuclei segmented.
checking that nuclei have already been segmented...
eroding cell edges...
eroding mask 0...
cell mask means:
[1030.3422508846465, 1046.3005804102261, 1062.4614523469863, 1078.7634702430496, 1095.1483087277388, 1111.5221701427879, 1127.7654932431033, 1143.794301160015, 1159.5026403119882, 1174.7196824604316]
slopes:
[16.059600731169894, 16.23144491641176, 16.343428190376244, 16.379349949869152, 16.308592257682221, 16.136065508613569, 15.868573534442476, 15.462690650208287]
slope deltas:
[ 0.17184419  0.11198327  0.03592176  0.07075769  0.17252675  0.26749197
  0.40588288]
desired erosions: 8
erosion of mask #0 complete.
eroding mask 1...
cell mask means:
[712.02105730085725, 719.08135745063055, 726.0432714719102, 732.89185629494023, 739.61735491323066, 746.22088150482784, 752.68493516583169, 759.02362236654017, 765.27156026061664, 771.40359573757235]
slopes:
[7.0111070855264757, 6.9052494221548386, 6.7870417206602269, 6.664512604943809, 6.5337901263005165, 6.4013704308561614, 6.2933125473924747, 6.1899866855160894]
slope deltas:
[ 0.10585766  0.1182077   0.12252912  0.13072248  0.1324197   0.10805788
  0.10332586]
desired erosions: 6
erosion of mask #1 complete.
eroding mask 2...
cell mask means:
[1018.8220899336883, 1034.4392072418502, 1050.2046472543163, 1066.0494112666493, 1081.9229996371473, 1097.7555726261835, 1113.4683911846973, 1128.9378360868513, 1144.0492372404062, 1158.6870254055277]
slopes:
[15.691278660314026, 15.805102012399516, 15.859176191415486, 15.853080679767118, 15.772695773775013, 15.591131730333927, 15.290423027854445, 14.874594659338186]
slope deltas:
[ 0.11382335  0.05407418  0.00609551  0.08038491  0.18156404  0.3007087
  0.41582837]
desired erosions: 8
erosion of mask #2 complete.
eroding mask 3...
cell mask means:
[662.00708071938971, 671.47924403020511, 680.76905532142644, 689.99500055760393, 699.19351128152186, 708.36711725928831, 717.4650091185955, 726.3824872530929, 735.05143228678867, 743.44829756669981]
slopes:
[9.3809873010183651, 9.2578782636994106, 9.2122279800477145, 9.1860583508421882, 9.1357489185368195, 9.0076849969022987, 8.7932115840965821, 8.5329051568034515]
slope deltas:
[ 0.12310904  0.04565028  0.02616963  0.05030943  0.12806392  0.21447341
  0.26030643]
desired erosions: 8
erosion of mask #3 complete.
eroding mask 4...
cell mask means:
[740.5588864731003, 749.7982593714604, 758.95146523240339, 767.99552751849001, 776.91235273720804, 785.65389776386485, 794.16656931178954, 802.39845281733153, 810.32652024906804, 817.97559377814866]
slopes:
[9.1962893796515459, 9.0986340735148019, 8.9804437524023228, 8.8291851226874201, 8.6271082872907527, 8.3722775267333418, 8.0799754686392475, 7.7885704804085663]
slope deltas:
[ 0.09765531  0.11819032  0.15125863  0.20207684  0.25483076  0.29230206
  0.29140499]
desired erosions: 7
erosion of mask #4 complete.
eroding mask 5...
cell mask means:
[899.95579687844247, 913.490918534304, 927.09845272206303, 940.75731444295877, 954.4278987664884, 968.03863134070548, 981.50010621375145, 994.66575137558607, 1007.3619382012332, 1019.4263313252409]
slopes:
[13.57132792181028, 13.633197954327386, 13.664723022212684, 13.640658448873353, 13.536103723631527, 13.313560017440295, 12.930915993740882, 12.380289974827406]
slope deltas:
[ 0.06187003  0.03152507  0.02406457  0.10455473  0.22254371  0.38264402
  0.55062602]
desired erosions: 8
erosion of mask #5 complete.
eroding mask 6...
cell mask means:
[1279.1378273168266, 1301.2456602750065, 1323.8450873430897, 1346.9100975103013, 1370.3983247160375, 1394.2492058476137, 1418.3582935223346, 1442.602598585587, 1466.8266134402434, 1490.8613913731031]
slopes:
[22.353630013131578, 22.832218617647413, 23.276618686473853, 23.669554168656191, 23.979984403148592, 24.176696368986654, 24.234159958954365, 24.129396393758043]
slope deltas:
[ 0.4785886   0.44440007  0.39293548  0.31043023  0.19671197  0.05746359
  0.10476357]
desired erosions: 2
erosion of mask #6 complete.
eroding mask 7...
cell mask means:
[919.7798758667368, 933.15689063865273, 946.67382178586047, 960.28267135700514, 973.8910853066451, 987.45069638325231, 1000.8974124269007, 1014.105565260941, 1026.9974410087393, 1039.520114599278]
slopes:
[13.446972959561833, 13.562890359176208, 13.608631760392313, 13.584012513123582, 13.503163560127803, 13.327434438844364, 13.050014290919307, 12.707274669168498]
slope deltas:
[ 0.1159174   0.0457414   0.02461925  0.08084895  0.17572912  0.27742015
  0.34273962]
desired erosions: 8
erosion of mask #7 complete.
eroding mask 8...
cell mask means:
[1265.7646977473498, 1281.6350147459336, 1297.6869559902414, 1313.8959197872834, 1330.2255541299157, 1346.6002688905485, 1362.9603026000302, 1379.2439955342988, 1395.3591980239369, 1411.2228541076101]
slopes:
[15.961129121445765, 16.130452520674908, 16.269299069837189, 16.352174551632515, 16.367374235057241, 16.321863321875185, 16.199447711953326, 15.98942928665565]
slope deltas:
[ 0.1693234   0.13884655  0.08287548  0.01519968  0.04551091  0.12241561
  0.21001843]
desired erosions: 8
erosion of mask #8 complete.
eroding mask 9...
cell mask means:
[1349.1169443020483, 1371.6627701735408, 1394.695395848802, 1418.1572649249676, 1442.0021816314152, 1466.149723908723, 1490.5106770965281, 1514.9354079653251, 1539.2544465545477, 1563.3068715905722]
slopes:
[22.78922577337687, 23.247247375713414, 23.653392891306567, 23.996229491877671, 24.254247732556451, 24.392842028301061, 24.371884729009821, 24.185731812623544]
slope deltas:
[ 0.4580216   0.40614552  0.3428366   0.25801824  0.1385943   0.0209573
  0.18615292]
desired erosions: 2
erosion of mask #9 complete.
eroding mask 10...
cell mask means:
[1397.3409883791867, 1418.2614927171674, 1439.5429437807682, 1461.155216713139, 1483.0419874735794, 1505.1239558418149, 1527.3241844335184, 1549.4749547051847, 1571.3890031704636, 1592.8842156493713]
slopes:
[21.100977700790736, 21.44686199798582, 21.749521846405628, 21.984369564337953, 22.141098479969514, 22.175499431684898, 22.032409368472599, 21.704630472093299]
slope deltas:
[ 0.3458843   0.30265985  0.23484772  0.15672892  0.03440095  0.14309006
  0.3277789 ]
desired erosions: 2
erosion of mask #10 complete.
eroding mask 11...
cell mask means:
[1008.6803662617915, 1022.7788567854346, 1036.9779719332257, 1051.2351678746415, 1065.4699720646311, 1079.6038540580255, 1093.5579012670976, 1107.2253374117629, 1120.4690225254344, 1133.1046512361238]
slopes:
[14.148802835717106, 14.228155544603453, 14.246000065702674, 14.184343091691971, 14.043964601233256, 13.810741676868702, 13.455560629168417, 12.939656912180453]
slope deltas:
[ 0.07935271  0.01784452  0.06165697  0.14037849  0.23322292  0.35518105
  0.51590372]
desired erosions: 8
erosion of mask #11 complete.
eroding mask 12...
cell mask means:
[1274.3188833690519, 1289.9647121542621, 1305.7762502737974, 1321.7119465961819, 1337.7272223125644, 1353.7769171543778, 1369.785697974623, 1385.6669978747029, 1401.3119835185921, 1416.6301431090508]
slopes:
[15.728683452372707, 15.873617220959886, 15.975486019383538, 16.032485279097955, 16.029237831029263, 15.945040360162579, 15.763142771984576, 15.481572617173924]
slope deltas:
[ 0.14493377  0.1018688   0.05699926  0.00324745  0.08419747  0.18189759
  0.28157015]
desired erosions: 8
erosion of mask #12 complete.
eroding mask 13...
cell mask means:
[1010.4169430365524, 1025.1268037558225, 1039.9864957440263, 1054.9712839793549, 1070.1334838152216, 1085.3949219163042, 1100.674913871555, 1115.9307899702976, 1131.0126290419557, 1145.6637181552517]
slopes:
[14.784776353736959, 14.9222401117662, 15.073494035597605, 15.211818968474631, 15.270715028166705, 15.267934026996727, 15.168857585200385, 14.866464092477031]
slope deltas:
[ 0.13746376  0.15125392  0.13832493  0.05889606  0.002781    0.09907644
  0.30239349]
desired erosions: 8
erosion of mask #13 complete.
eroding mask 14...
cell mask means:
[849.79171091341993, 862.51938444465054, 875.39536147741774, 888.29832430321449, 901.16475135283906, 913.88223593876921, 926.34763763532555, 938.50683353583236, 950.15736038019861, 961.04931547311992]
slopes:
[12.801825281998902, 12.889469929281972, 12.884694937710663, 12.791955817777364, 12.591443141243246, 12.312298798531572, 11.904861372436528, 11.271240968643781]
slope deltas:
[ 0.08764465  0.00477499  0.09273912  0.20051268  0.27914434  0.40743743
  0.6336204 ]
desired erosions: 8
erosion of mask #14 complete.
eroding mask 15...
cell mask means:
[1042.8532182457918, 1057.2743901986435, 1071.8588565153677, 1086.5846690658996, 1101.3832999902638, 1116.1769280286346, 1130.8541521822315, 1145.3169550165856, 1159.4921732515591, 1173.3249699607961]
slopes:
[14.502819134787956, 14.655139433628051, 14.762221737448044, 14.796129481367529, 14.735426095983826, 14.570013493975466, 14.319010534663789, 14.004007472105286]
slope deltas:
[ 0.1523203   0.1070823   0.03390774  0.06070339  0.1654126   0.25100296
  0.31500306]
desired erosions: 8
erosion of mask #15 complete.
eroding mask 16...
cell mask means:
[1036.2421769035095, 1054.0781391411265, 1072.1796023424565, 1090.4891041050141, 1108.9192783637313, 1127.352992459415, 1145.7188399237689, 1163.9771736368625, 1182.0603237712544, 1199.8927756092903]
slopes:
[17.968712719473501, 18.205482481943818, 18.369838010637409, 18.431944177200421, 18.399780780018773, 18.312090588723777, 18.170741923742753, 17.957800986213897]
slope deltas:
[ 0.23676976  0.16435553  0.06210617  0.0321634   0.08769019  0.14134866
  0.21294094]
desired erosions: 2
erosion of mask #16 complete.
eroding mask 17...
cell mask means:
[1097.0966769684096, 1119.2160153061673, 1141.8888953094181, 1165.0786174610735, 1188.7400059212182, 1212.8212361677597, 1237.2206243249113, 1261.7900419780538, 1286.3711203593962, 1310.69885547597]
slopes:
[22.396109170504246, 22.931301077453099, 23.425555305900048, 23.871309353343122, 24.240309201846571, 24.484402905147022, 24.575248017242416, 24.454406748958149]
slope deltas:
[ 0.53519191  0.49425423  0.44575405  0.36899985  0.2440937   0.09084511
  0.12084127]
desired erosions: 2
erosion of mask #17 complete.
eroding mask 18...
cell mask means:
[1168.9017682753481, 1189.3057994772857, 1210.1152599029035, 1231.2790207599646, 1252.7340753802073, 1274.4429734223743, 1296.3063044904677, 1318.2283657056371, 1340.1007349473264, 1361.7093099127951]
slopes:
[20.606745813777707, 20.986610641339439, 21.309407738651885, 21.581976331204828, 21.786114555130212, 21.892696141631404, 21.897215228429332, 21.740472103579009]
slope deltas:
[ 0.37986483  0.3227971   0.27256859  0.20413822  0.10658159  0.00451909
  0.15674312]
desired erosions: 2
erosion of mask #18 complete.
eroding mask 19...
cell mask means:
[1131.2532260040525, 1143.3269621661757, 1154.6963766562878, 1165.5434103106056, 1176.1306325712831, 1186.676301393499, 1197.3268834817975, 1208.1005816173615, 1218.8235858767184, 1229.3264007017099]
slopes:
[11.721575326117659, 11.108224072214966, 10.71712795749761, 10.566445541446683, 10.598125455257218, 10.712140111931262, 10.748351197460465, 10.612909542174179]
slope deltas:
[ 0.61335125  0.39109611  0.15068242  0.03167991  0.11401466  0.03621109
  0.13544166]
desired erosions: 2
erosion of mask #19 complete.
converting nuclei to binary masks for distance xform...
segmenting cells in image #1 out of 20...
performing Euclidean distance xform...
smoothing the distance map...
generating segmentation seeds from nuclei_centers...
watershed segmenting cells from nuclei centers...
segmentation complete for image #1.
removing cells that contact the edge of the image.
removing small foci...
1 raw segmented cells
0 foci volume < 1000 px, removing...

segmenting cells in image #2 out of 20...
performing Euclidean distance xform...
smoothing the distance map...
generating segmentation seeds from nuclei_centers...
watershed segmenting cells from nuclei centers...
segmentation complete for image #2.
removing cells that contact the edge of the image.
removing small foci...
2 raw segmented cells
0 foci volume < 1000 px, removing...

segmenting cells in image #3 out of 20...
performing Euclidean distance xform...
smoothing the distance map...
generating segmentation seeds from nuclei_centers...
watershed segmenting cells from nuclei centers...
segmentation complete for image #3.
removing cells that contact the edge of the image.
removing small foci...
2 raw segmented cells
0 foci volume < 1000 px, removing...

segmenting cells in image #4 out of 20...
performing Euclidean distance xform...
smoothing the distance map...
generating segmentation seeds from nuclei_centers...
watershed segmenting cells from nuclei centers...
segmentation complete for image #4.
removing cells that contact the edge of the image.
removing small foci...
3 raw segmented cells
0 foci volume < 1000 px, removing...

segmenting cells in image #5 out of 20...
performing Euclidean distance xform...
smoothing the distance map...
generating segmentation seeds from nuclei_centers...
watershed segmenting cells from nuclei centers...
segmentation complete for image #5.
removing cells that contact the edge of the image.
removing small foci...
2 raw segmented cells
0 foci volume < 1000 px, removing...

segmenting cells in image #6 out of 20...
performing Euclidean distance xform...
smoothing the distance map...
generating segmentation seeds from nuclei_centers...
watershed segmenting cells from nuclei centers...
segmentation complete for image #6.
removing cells that contact the edge of the image.
removing small foci...
2 raw segmented cells
0 foci volume < 1000 px, removing...

segmenting cells in image #7 out of 20...
performing Euclidean distance xform...
smoothing the distance map...
generating segmentation seeds from nuclei_centers...
watershed segmenting cells from nuclei centers...
segmentation complete for image #7.
removing cells that contact the edge of the image.
removing small foci...
2 raw segmented cells
0 foci volume < 1000 px, removing...

segmenting cells in image #8 out of 20...
performing Euclidean distance xform...
smoothing the distance map...
generating segmentation seeds from nuclei_centers...
watershed segmenting cells from nuclei centers...
segmentation complete for image #8.
removing cells that contact the edge of the image.
removing small foci...
2 raw segmented cells
0 foci volume < 1000 px, removing...

segmenting cells in image #9 out of 20...
performing Euclidean distance xform...
smoothing the distance map...
generating segmentation seeds from nuclei_centers...
watershed segmenting cells from nuclei centers...
segmentation complete for image #9.
removing cells that contact the edge of the image.
removing small foci...
2 raw segmented cells
0 foci volume < 1000 px, removing...

segmenting cells in image #10 out of 20...
performing Euclidean distance xform...
smoothing the distance map...
generating segmentation seeds from nuclei_centers...
watershed segmenting cells from nuclei centers...
segmentation complete for image #10.
removing cells that contact the edge of the image.
removing small foci...
2 raw segmented cells
0 foci volume < 1000 px, removing...

segmenting cells in image #11 out of 20...
performing Euclidean distance xform...
smoothing the distance map...
generating segmentation seeds from nuclei_centers...
watershed segmenting cells from nuclei centers...
segmentation complete for image #11.
removing cells that contact the edge of the image.
removing small foci...
5 raw segmented cells
0 foci volume < 1000 px, removing...

segmenting cells in image #12 out of 20...
performing Euclidean distance xform...
smoothing the distance map...
generating segmentation seeds from nuclei_centers...
watershed segmenting cells from nuclei centers...
segmentation complete for image #12.
removing cells that contact the edge of the image.
removing small foci...
2 raw segmented cells
0 foci volume < 1000 px, removing...

segmenting cells in image #13 out of 20...
performing Euclidean distance xform...
smoothing the distance map...
generating segmentation seeds from nuclei_centers...
watershed segmenting cells from nuclei centers...
segmentation complete for image #13.
removing cells that contact the edge of the image.
removing small foci...
2 raw segmented cells
0 foci volume < 1000 px, removing...

segmenting cells in image #14 out of 20...
performing Euclidean distance xform...
smoothing the distance map...
generating segmentation seeds from nuclei_centers...
watershed segmenting cells from nuclei centers...
segmentation complete for image #14.
removing cells that contact the edge of the image.
removing small foci...
2 raw segmented cells
0 foci volume < 1000 px, removing...

segmenting cells in image #15 out of 20...
performing Euclidean distance xform...
smoothing the distance map...
generating segmentation seeds from nuclei_centers...
watershed segmenting cells from nuclei centers...
segmentation complete for image #15.
removing cells that contact the edge of the image.
removing small foci...
2 raw segmented cells
0 foci volume < 1000 px, removing...

segmenting cells in image #16 out of 20...
performing Euclidean distance xform...
smoothing the distance map...
generating segmentation seeds from nuclei_centers...
watershed segmenting cells from nuclei centers...
segmentation complete for image #16.
removing cells that contact the edge of the image.
removing small foci...
2 raw segmented cells
1 foci volume < 1000 px, removing...

segmenting cells in image #17 out of 20...
performing Euclidean distance xform...
smoothing the distance map...
generating segmentation seeds from nuclei_centers...
watershed segmenting cells from nuclei centers...
segmentation complete for image #17.
removing cells that contact the edge of the image.
removing small foci...
2 raw segmented cells
0 foci volume < 1000 px, removing...

segmenting cells in image #18 out of 20...
performing Euclidean distance xform...
smoothing the distance map...
generating segmentation seeds from nuclei_centers...
watershed segmenting cells from nuclei centers...
segmentation complete for image #18.
removing cells that contact the edge of the image.
removing small foci...
2 raw segmented cells
0 foci volume < 1000 px, removing...

segmenting cells in image #19 out of 20...
performing Euclidean distance xform...
smoothing the distance map...
generating segmentation seeds from nuclei_centers...
watershed segmenting cells from nuclei centers...
segmentation complete for image #19.
removing cells that contact the edge of the image.
removing small foci...
1 raw segmented cells
0 foci volume < 1000 px, removing...

segmenting cells in image #20 out of 20...
performing Euclidean distance xform...
smoothing the distance map...
generating segmentation seeds from nuclei_centers...
watershed segmenting cells from nuclei centers...
segmentation complete for image #20.
removing cells that contact the edge of the image.
removing small foci...
3 raw segmented cells
0 foci volume < 1000 px, removing...

Cells segmented.
initializing attributes...
loading images...
Foci instance created.
beginning segmentation.
------------------------------------------------------
segmenting foci from channel 488
------------------------------------------------------
canny threshold for channel 488: (14000, 10000)
segmenting foci for position 1 out of 20
generating normalized image for segmentation...
blurring image...
calculating image mean...
original cell mean: 1152.48006689
normalizing image...
performing segmentation...
raw image imported.
performing gaussian filtering...
Image smoothed.
preprocessing complete.
generating distance map...
distance map complete.
smoothing distance map...
distance map smoothed.
identifying maxima...
maxima identified.
watershedding...
watershedding complete.
creating PexSegmentObj...
eliminating dim foci...
before eliminating dim foci: 2 foci in image
cell mean: 1025.17227555
cell standard deviation: 711.485191286
intensity cutoff for removal: 2270.2713603
-----filtering foci-----
focus intensity: 6928.25
focus intensity: 90.3500014303
removing focus
focus intensity: 6943.625
after eliminating dim foci: 2 foci in image
eliminating foci that reside outside of cells...
eliminating intranuclear foci...
2 final foci
--matching foci to parent cells--
current ID: 1
  overlapping parent cell(s): 
[ 1.]
  # of pixels overlapping with parent(s):
[8]
matched to one parent cell.
current ID: 2
  overlapping parent cell(s): 
[ 1.]
  # of pixels overlapping with parent(s):
[8]
matched to one parent cell.
foci segmented from position 1

segmenting foci for position 2 out of 20
generating normalized image for segmentation...
blurring image...
calculating image mean...
original cell mean: 750.179921907
normalizing image...
performing segmentation...
raw image imported.
performing gaussian filtering...
Image smoothed.
preprocessing complete.
generating distance map...
distance map complete.
smoothing distance map...
distance map smoothed.
identifying maxima...
maxima identified.
watershedding...
watershedding complete.
creating PexSegmentObj...
eliminating dim foci...
before eliminating dim foci: 2 foci in image
cell mean: 1027.1117542
cell standard deviation: 683.296998876
intensity cutoff for removal: 2222.88150223
-----filtering foci-----
focus intensity: 112.438879482
removing focus
focus intensity: 6210.60869565
focus intensity: 6415.43478261
after eliminating dim foci: 2 foci in image
eliminating foci that reside outside of cells...
eliminating intranuclear foci...
1 final foci
--matching foci to parent cells--
current ID: 2
  overlapping parent cell(s): 
[ 2.]
  # of pixels overlapping with parent(s):
[23]
matched to one parent cell.
foci segmented from position 2

segmenting foci for position 3 out of 20
generating normalized image for segmentation...
blurring image...
calculating image mean...
original cell mean: 1137.71655056
normalizing image...
performing segmentation...
raw image imported.
performing gaussian filtering...
Image smoothed.
preprocessing complete.
generating distance map...
distance map complete.
smoothing distance map...
distance map smoothed.
identifying maxima...
maxima identified.
watershedding...
watershedding complete.
creating PexSegmentObj...
eliminating dim foci...
before eliminating dim foci: 6 foci in image
cell mean: 1039.79397767
cell standard deviation: 749.291057528
intensity cutoff for removal: 2351.05332834
-----filtering foci-----
focus intensity: 6832.2
focus intensity: 5361.54545455
focus intensity: 7209.2
focus intensity: 7416.8
focus intensity: 6969.8
focus intensity: 91.0368536563
removing focus
focus intensity: 4668.81818182
after eliminating dim foci: 6 foci in image
eliminating foci that reside outside of cells...
eliminating intranuclear foci...
0 final foci
--matching foci to parent cells--
foci segmented from position 3

segmenting foci for position 4 out of 20
generating normalized image for segmentation...
blurring image...
calculating image mean...
original cell mean: 732.063739794
normalizing image...
performing segmentation...
raw image imported.
performing gaussian filtering...
Image smoothed.
preprocessing complete.
generating distance map...
distance map complete.
smoothing distance map...
distance map smoothed.
identifying maxima...
maxima identified.
watershedding...
watershedding complete.
creating PexSegmentObj...
eliminating dim foci...
before eliminating dim foci: 4 foci in image
cell mean: 1051.40935163
cell standard deviation: 739.650879317
intensity cutoff for removal: 2345.79839043
-----filtering foci-----
focus intensity: 6884.78571429
focus intensity: 7313.03921569
focus intensity: 6380.875
focus intensity: 6781.5
focus intensity: 143.554165675
removing focus
after eliminating dim foci: 4 foci in image
eliminating foci that reside outside of cells...
eliminating intranuclear foci...
3 final foci
--matching foci to parent cells--
current ID: 2
  overlapping parent cell(s): 
[ 2.]
  # of pixels overlapping with parent(s):
[26]
matched to one parent cell.
current ID: 3
  overlapping parent cell(s): 
[ 1.]
  # of pixels overlapping with parent(s):
[51]
matched to one parent cell.
current ID: 4
  overlapping parent cell(s): 
[ 3.]
  # of pixels overlapping with parent(s):
[42]
matched to one parent cell.
foci segmented from position 4

segmenting foci for position 5 out of 20
generating normalized image for segmentation...
blurring image...
calculating image mean...
original cell mean: 798.887433394
normalizing image...
performing segmentation...
raw image imported.
performing gaussian filtering...
Image smoothed.
preprocessing complete.
generating distance map...
distance map complete.
smoothing distance map...
distance map smoothed.
identifying maxima...
maxima identified.
watershedding...
watershedding complete.
creating PexSegmentObj...
eliminating dim foci...
before eliminating dim foci: 0 foci in image
cell mean: 1023.12054498
cell standard deviation: 653.584391996
intensity cutoff for removal: 2166.89323098
-----filtering foci-----
focus intensity: 87.099559265
removing focus
after eliminating dim foci: 0 foci in image
eliminating foci that reside outside of cells...
eliminating intranuclear foci...
0 final foci
--matching foci to parent cells--
foci segmented from position 5

segmenting foci for position 6 out of 20
generating normalized image for segmentation...
blurring image...
calculating image mean...
original cell mean: 1001.03029503
normalizing image...
performing segmentation...
raw image imported.
performing gaussian filtering...
Image smoothed.
preprocessing complete.
generating distance map...
distance map complete.
smoothing distance map...
distance map smoothed.
identifying maxima...
maxima identified.
watershedding...
watershedding complete.
creating PexSegmentObj...
eliminating dim foci...
before eliminating dim foci: 0 foci in image
cell mean: 1033.63921019
cell standard deviation: 698.076872738
intensity cutoff for removal: 2255.27373748
-----filtering foci-----
focus intensity: 77.3002523922
removing focus
after eliminating dim foci: 0 foci in image
eliminating foci that reside outside of cells...
eliminating intranuclear foci...
0 final foci
--matching foci to parent cells--
foci segmented from position 6

segmenting foci for position 7 out of 20
generating normalized image for segmentation...
blurring image...
calculating image mean...
original cell mean: 1319.60758236
normalizing image...
performing segmentation...
raw image imported.
performing gaussian filtering...
Image smoothed.
preprocessing complete.
generating distance map...
distance map complete.
smoothing distance map...
distance map smoothed.
identifying maxima...
maxima identified.
watershedding...
watershedding complete.
creating PexSegmentObj...
eliminating dim foci...
before eliminating dim foci: 0 foci in image
cell mean: 1022.96023317
cell standard deviation: 789.018565069
intensity cutoff for removal: 2403.74272204
-----filtering foci-----
focus intensity: 67.9510139138
removing focus
after eliminating dim foci: 0 foci in image
eliminating foci that reside outside of cells...
eliminating intranuclear foci...
0 final foci
--matching foci to parent cells--
foci segmented from position 7

segmenting foci for position 8 out of 20
generating normalized image for segmentation...
blurring image...
calculating image mean...
original cell mean: 1021.67485556
normalizing image...
performing segmentation...
raw image imported.
performing gaussian filtering...
Image smoothed.
preprocessing complete.
generating distance map...
distance map complete.
smoothing distance map...
distance map smoothed.
identifying maxima...
maxima identified.
watershedding...
watershedding complete.
creating PexSegmentObj...
eliminating dim foci...
before eliminating dim foci: 0 foci in image
cell mean: 1031.10877142
cell standard deviation: 736.512050874
intensity cutoff for removal: 2320.00486045
-----filtering foci-----
focus intensity: 77.684934786
removing focus
after eliminating dim foci: 0 foci in image
eliminating foci that reside outside of cells...
eliminating intranuclear foci...
0 final foci
--matching foci to parent cells--
foci segmented from position 8

segmenting foci for position 9 out of 20
generating normalized image for segmentation...
blurring image...
calculating image mean...
original cell mean: 1390.00124367
normalizing image...
performing segmentation...
raw image imported.
performing gaussian filtering...
Image smoothed.
preprocessing complete.
generating distance map...
distance map complete.
smoothing distance map...
distance map smoothed.
identifying maxima...
maxima identified.
watershedding...
watershedding complete.
creating PexSegmentObj...
eliminating dim foci...
before eliminating dim foci: 0 foci in image
cell mean: 1010.57150704
cell standard deviation: 698.462955437
intensity cutoff for removal: 2232.88167906
-----filtering foci-----
focus intensity: 83.8641753335
removing focus
after eliminating dim foci: 0 foci in image
eliminating foci that reside outside of cells...
eliminating intranuclear foci...
0 final foci
--matching foci to parent cells--
foci segmented from position 9

segmenting foci for position 10 out of 20
generating normalized image for segmentation...
blurring image...
calculating image mean...
original cell mean: 1390.25373806
normalizing image...
performing segmentation...
raw image imported.
performing gaussian filtering...
Image smoothed.
preprocessing complete.
generating distance map...
distance map complete.
smoothing distance map...
distance map smoothed.
identifying maxima...
maxima identified.
watershedding...
watershedding complete.
creating PexSegmentObj...
eliminating dim foci...
before eliminating dim foci: 0 foci in image
cell mean: 1015.75329593
cell standard deviation: 754.832625372
intensity cutoff for removal: 2336.71039033
-----filtering foci-----
focus intensity: 76.2386968652
removing focus
after eliminating dim foci: 0 foci in image
eliminating foci that reside outside of cells...
eliminating intranuclear foci...
0 final foci
--matching foci to parent cells--
foci segmented from position 10

segmenting foci for position 11 out of 20
generating normalized image for segmentation...
blurring image...
calculating image mean...
original cell mean: 1435.51008106
normalizing image...
performing segmentation...
raw image imported.
performing gaussian filtering...
Image smoothed.
preprocessing complete.
generating distance map...
distance map complete.
smoothing distance map...
distance map smoothed.
identifying maxima...
maxima identified.
watershedding...
watershedding complete.
creating PexSegmentObj...
eliminating dim foci...
before eliminating dim foci: 1 foci in image
cell mean: 1024.45678618
cell standard deviation: 704.570367546
intensity cutoff for removal: 2257.45492938
-----filtering foci-----
focus intensity: 136.370271713
removing focus
focus intensity: 9221.8125
after eliminating dim foci: 1 foci in image
eliminating foci that reside outside of cells...
eliminating intranuclear foci...
1 final foci
--matching foci to parent cells--
current ID: 1
  overlapping parent cell(s): 
[ 3.]
  # of pixels overlapping with parent(s):
[96]
matched to one parent cell.
foci segmented from position 11

segmenting foci for position 12 out of 20
generating normalized image for segmentation...
blurring image...
calculating image mean...
original cell mean: 1114.53024809
normalizing image...
performing segmentation...
raw image imported.
performing gaussian filtering...
Image smoothed.
preprocessing complete.
generating distance map...
distance map complete.
smoothing distance map...
distance map smoothed.
identifying maxima...
maxima identified.
watershedding...
watershedding complete.
creating PexSegmentObj...
eliminating dim foci...
before eliminating dim foci: 1 foci in image
cell mean: 1018.12258986
cell standard deviation: 660.470493867
intensity cutoff for removal: 2173.94595413
-----filtering foci-----
focus intensity: 89.6008986308
removing focus
focus intensity: 6004.0
after eliminating dim foci: 1 foci in image
eliminating foci that reside outside of cells...
eliminating intranuclear foci...
1 final foci
--matching foci to parent cells--
current ID: 1
  overlapping parent cell(s): 
[ 1.]
  # of pixels overlapping with parent(s):
[24]
matched to one parent cell.
foci segmented from position 12

segmenting foci for position 13 out of 20
generating normalized image for segmentation...
blurring image...
calculating image mean...
original cell mean: 1395.99215249
normalizing image...
performing segmentation...
raw image imported.
performing gaussian filtering...
Image smoothed.
preprocessing complete.
generating distance map...
distance map complete.
smoothing distance map...
distance map smoothed.
identifying maxima...
maxima identified.
watershedding...
watershedding complete.
creating PexSegmentObj...
eliminating dim foci...
before eliminating dim foci: 1 foci in image
cell mean: 1024.60894833
cell standard deviation: 698.929552859
intensity cutoff for removal: 2247.73566584
-----filtering foci-----
focus intensity: 5028.11428571
focus intensity: 108.218701229
removing focus
after eliminating dim foci: 1 foci in image
eliminating foci that reside outside of cells...
eliminating intranuclear foci...
0 final foci
--matching foci to parent cells--
foci segmented from position 13

segmenting foci for position 14 out of 20
generating normalized image for segmentation...
blurring image...
calculating image mean...
original cell mean: 1124.57877377
normalizing image...
performing segmentation...
raw image imported.
performing gaussian filtering...
Image smoothed.
preprocessing complete.
generating distance map...
distance map complete.
smoothing distance map...
distance map smoothed.
identifying maxima...
maxima identified.
watershedding...
watershedding complete.
creating PexSegmentObj...
eliminating dim foci...
before eliminating dim foci: 2 foci in image
cell mean: 1028.12787718
cell standard deviation: 722.277295373
intensity cutoff for removal: 2292.11314408
-----filtering foci-----
focus intensity: 5018.23076923
focus intensity: 84.5034053971
removing focus
focus intensity: 5655.61538462
after eliminating dim foci: 2 foci in image
eliminating foci that reside outside of cells...
eliminating intranuclear foci...
2 final foci
--matching foci to parent cells--
current ID: 1
  overlapping parent cell(s): 
[ 2.]
  # of pixels overlapping with parent(s):
[13]
matched to one parent cell.
current ID: 2
  overlapping parent cell(s): 
[ 2.]
  # of pixels overlapping with parent(s):
[13]
matched to one parent cell.
foci segmented from position 14

segmenting foci for position 15 out of 20
generating normalized image for segmentation...
blurring image...
calculating image mean...
original cell mean: 943.88930648
normalizing image...
performing segmentation...
raw image imported.
performing gaussian filtering...
Image smoothed.
preprocessing complete.
generating distance map...
distance map complete.
smoothing distance map...
distance map smoothed.
identifying maxima...
maxima identified.
watershedding...
watershedding complete.
creating PexSegmentObj...
eliminating dim foci...
before eliminating dim foci: 1 foci in image
cell mean: 1038.02545767
cell standard deviation: 715.400139382
intensity cutoff for removal: 2289.97570159
-----filtering foci-----
focus intensity: 84.6738984626
removing focus
focus intensity: 6774.6875
after eliminating dim foci: 1 foci in image
eliminating foci that reside outside of cells...
eliminating intranuclear foci...
1 final foci
--matching foci to parent cells--
current ID: 1
  overlapping parent cell(s): 
[ 1.]
  # of pixels overlapping with parent(s):
[64]
matched to one parent cell.
foci segmented from position 15

segmenting foci for position 16 out of 20
generating normalized image for segmentation...
blurring image...
calculating image mean...
original cell mean: 1153.81877787
normalizing image...
performing segmentation...
raw image imported.
performing gaussian filtering...
Image smoothed.
preprocessing complete.
generating distance map...
distance map complete.
smoothing distance map...
distance map smoothed.
identifying maxima...
maxima identified.
watershedding...
watershedding complete.
creating PexSegmentObj...
eliminating dim foci...
before eliminating dim foci: 0 foci in image
cell mean: 1018.64809833
cell standard deviation: 740.724343509
intensity cutoff for removal: 2314.91569947
-----filtering foci-----
focus intensity: 70.657667978
removing focus
after eliminating dim foci: 0 foci in image
eliminating foci that reside outside of cells...
eliminating intranuclear foci...
0 final foci
--matching foci to parent cells--
foci segmented from position 16

segmenting foci for position 17 out of 20
generating normalized image for segmentation...
blurring image...
calculating image mean...
original cell mean: 1066.93524475
normalizing image...
performing segmentation...
raw image imported.
performing gaussian filtering...
Image smoothed.
preprocessing complete.
generating distance map...
distance map complete.
smoothing distance map...
distance map smoothed.
identifying maxima...
maxima identified.
watershedding...
watershedding complete.
creating PexSegmentObj...
eliminating dim foci...
before eliminating dim foci: 0 foci in image
cell mean: 1029.79132048
cell standard deviation: 861.973478517
intensity cutoff for removal: 2538.24490788
-----filtering foci-----
focus intensity: 92.2193614448
removing focus
after eliminating dim foci: 0 foci in image
eliminating foci that reside outside of cells...
eliminating intranuclear foci...
0 final foci
--matching foci to parent cells--
foci segmented from position 17

segmenting foci for position 18 out of 20
generating normalized image for segmentation...
blurring image...
calculating image mean...
original cell mean: 1137.2017555
normalizing image...
performing segmentation...
raw image imported.
performing gaussian filtering...
Image smoothed.
preprocessing complete.
generating distance map...
distance map complete.
smoothing distance map...
distance map smoothed.
identifying maxima...
maxima identified.
watershedding...
watershedding complete.
creating PexSegmentObj...
eliminating dim foci...
before eliminating dim foci: 0 foci in image
cell mean: 1027.5661589
cell standard deviation: 763.561293023
intensity cutoff for removal: 2363.79842169
-----filtering foci-----
focus intensity: 62.2059038709
removing focus
after eliminating dim foci: 0 foci in image
eliminating foci that reside outside of cells...
eliminating intranuclear foci...
0 final foci
--matching foci to parent cells--
foci segmented from position 18

segmenting foci for position 19 out of 20
generating normalized image for segmentation...
blurring image...
calculating image mean...
original cell mean: 1204.97988998
normalizing image...
performing segmentation...
raw image imported.
performing gaussian filtering...
Image smoothed.
preprocessing complete.
generating distance map...
distance map complete.
smoothing distance map...
distance map smoothed.
identifying maxima...
maxima identified.
watershedding...
watershedding complete.
creating PexSegmentObj...
eliminating dim foci...
before eliminating dim foci: 0 foci in image
cell mean: 1033.96433781
cell standard deviation: 772.857200521
intensity cutoff for removal: 2386.46443872
-----filtering foci-----
focus intensity: 53.2912048641
removing focus
after eliminating dim foci: 0 foci in image
eliminating foci that reside outside of cells...
eliminating intranuclear foci...
0 final foci
--matching foci to parent cells--
foci segmented from position 19

segmenting foci for position 20 out of 20
generating normalized image for segmentation...
blurring image...
calculating image mean...
original cell mean: 1150.25962096
normalizing image...
performing segmentation...
raw image imported.
performing gaussian filtering...
Image smoothed.
preprocessing complete.
generating distance map...
distance map complete.
smoothing distance map...
distance map smoothed.
identifying maxima...
maxima identified.
watershedding...
watershedding complete.
creating PexSegmentObj...
eliminating dim foci...
before eliminating dim foci: 2 foci in image
cell mean: 1035.31602357
cell standard deviation: 775.627592753
intensity cutoff for removal: 2392.66431089
-----filtering foci-----
focus intensity: 5810.65217391
focus intensity: 5871.13636364
focus intensity: 119.198619272
removing focus
after eliminating dim foci: 2 foci in image
eliminating foci that reside outside of cells...
eliminating intranuclear foci...
2 final foci
--matching foci to parent cells--
current ID: 1
  overlapping parent cell(s): 
[ 4.]
  # of pixels overlapping with parent(s):
[22]
matched to one parent cell.
current ID: 2
  overlapping parent cell(s): 
[ 5.]
  # of pixels overlapping with parent(s):
[18]
matched to one parent cell.
foci segmented from position 20

------------------------------------------------------
segmentation complete for channel 488
------------------------------------------------------
Foci segmented.
Measuring overlap...
checking for overlap...
finding overlap in image #1 out of 20
