args:
Namespace(array_no='13', output_dir='/n/denic_lab/Lab/csth-output/lc3_lysoview_timelapse/', ref_csv='/n/denic_lab/Users/nweir/python_packages/csth-imaging/8-7_im_list.csv')
czi path: /n/denic_lab/Lab/TH_Imaging/8.7.17_TH84_Lysoview-LC3_Timecourse_LSM880_Airyscan/Lysoview-LC3_HEK_dAtg7_0hrTor_20Pos_2_AiryscanProcessing.czi
control czi path: /n/denic_lab/Lab/TH_Imaging/8.7.17_TH84_Lysoview-LC3_Timecourse_LSM880_Airyscan/Lysoview-LC3_HEK_dAtg7_0hrTor_Empty_AiryscanProcessing.czi
MultiFinder created.
generating cell masks...

generating cell masks...

generating mask #1
labeling contiguous objects...
eliminating objects w/volume < 100,000 px...
pruning labels...
unlabeling out of focus slices...
generating gradient image...
generating gradient intensity histograms...
predicting focus labels using SVM classifier...
calculating decision function values for labels...
raw focus labels:
[0 0 0 0 0 0 0 0 0 0 0 0 0 1 1 1 1 1 1 1 1 1 1 1 1 1 1 1 1 1 1 1 1 1 1 1 1
 1 1 1 1 1 1 1 1 1 1 0 0 0 0]
correcting slice labels...
One continuous stretch defined as in focus.
appending outputs...
mask #1 complete.

generating mask #2
labeling contiguous objects...
eliminating objects w/volume < 100,000 px...
pruning labels...
unlabeling out of focus slices...
generating gradient image...
generating gradient intensity histograms...
predicting focus labels using SVM classifier...
calculating decision function values for labels...
raw focus labels:
[0 0 0 0 0 0 1 0 0 1 1 1 1 1 1 1 1 1 1 1 1 1 1 1 1 1 1 1 1 1 1 1 1 1 1 1 1
 1 1 1 1 1 1 1 1 1 1 1 0 0 0]
correcting slice labels...
Warning: blur detection resulted in intercalation:
[0 0 0 0 0 0 0 0 0 1 1 1 1 1 1 1 1 1 1 1 1 1 1 1 1 1 1 1 1 1 1 1 1 1 1 1 1
 1 1 1 1 1 1 1 1 1 1 1 0 0 0]
appending outputs...
mask #2 complete.

generating mask #3
labeling contiguous objects...
eliminating objects w/volume < 100,000 px...
pruning labels...
unlabeling out of focus slices...
generating gradient image...
generating gradient intensity histograms...
predicting focus labels using SVM classifier...
calculating decision function values for labels...
raw focus labels:
[0 0 0 0 1 1 1 1 1 1 1 1 1 1 1 1 1 1 1 1 1 1 1 1 1 1 1 1 1 1 1 1 1 1 1 1 1
 1 1 1 1 1 0 0 0 0 0 0 0 0 0]
correcting slice labels...
One continuous stretch defined as in focus.
appending outputs...
mask #3 complete.

generating mask #4
labeling contiguous objects...
eliminating objects w/volume < 100,000 px...
pruning labels...
unlabeling out of focus slices...
generating gradient image...
generating gradient intensity histograms...
predicting focus labels using SVM classifier...
calculating decision function values for labels...
raw focus labels:
[0 0 0 0 0 1 1 1 1 1 1 1 1 1 1 1 1 1 1 1 1 1 1 1 1 1 1 1 1 1 1 1 1 1 1 1 1
 1 1 1 1 1 1 1 1 1 1 1 1 1 1]
correcting slice labels...
One continuous stretch defined as in focus.
Warning: cells cut off by top or bottom of stack:
[0 0 0 0 0 1 1 1 1 1 1 1 1 1 1 1 1 1 1 1 1 1 1 1 1 1 1 1 1 1 1 1 1 1 1 1 1
 1 1 1 1 1 1 1 1 1 1 1 1 1 1]
appending outputs...
mask #4 complete.

generating mask #5
labeling contiguous objects...
eliminating objects w/volume < 100,000 px...
pruning labels...
unlabeling out of focus slices...
generating gradient image...
generating gradient intensity histograms...
predicting focus labels using SVM classifier...
calculating decision function values for labels...
raw focus labels:
[0 0 0 0 0 0 0 0 1 1 1 1 1 1 1 1 1 1 1 1 1 1 1 1 1 1 1 1 1 1 1 1 1 1 1 1 1
 1 1 1 1 1 1 1 0 0 0 0 0 0 0]
correcting slice labels...
One continuous stretch defined as in focus.
appending outputs...
mask #5 complete.

generating mask #6
labeling contiguous objects...
eliminating objects w/volume < 100,000 px...
pruning labels...
unlabeling out of focus slices...
generating gradient image...
generating gradient intensity histograms...
predicting focus labels using SVM classifier...
calculating decision function values for labels...
raw focus labels:
[1 1 1 1 1 1 1 1 1 1 1 1 1 1 1 1 1 1 1 1 1 1 1 1 1 1 1 1 1 1 1 1 1 1 1 1 1
 1 1 1 1 1 1 1 1 1 1 1 0 0 1]
correcting slice labels...
Warning: blur detection resulted in intercalation:
[1 1 1 1 1 1 1 1 1 1 1 1 1 1 1 1 1 1 1 1 1 1 1 1 1 1 1 1 1 1 1 1 1 1 1 1 1
 1 1 1 1 1 1 1 1 1 1 1 0 0 0]
Warning: cells cut off by top or bottom of stack:
[1 1 1 1 1 1 1 1 1 1 1 1 1 1 1 1 1 1 1 1 1 1 1 1 1 1 1 1 1 1 1 1 1 1 1 1 1
 1 1 1 1 1 1 1 1 1 1 1 0 0 0]
appending outputs...
mask #6 complete.

generating mask #7
labeling contiguous objects...
eliminating objects w/volume < 100,000 px...
pruning labels...
unlabeling out of focus slices...
generating gradient image...
generating gradient intensity histograms...
predicting focus labels using SVM classifier...
calculating decision function values for labels...
raw focus labels:
[0 0 0 0 0 0 1 1 1 1 1 1 1 1 1 1 1 1 1 1 1 1 1 1 1 1 1 1 1 1 1 1 1 1 1 1 1
 1 1 1 1 1 1 1 1 1 1 1 1 1 1]
correcting slice labels...
One continuous stretch defined as in focus.
Warning: cells cut off by top or bottom of stack:
[0 0 0 0 0 0 1 1 1 1 1 1 1 1 1 1 1 1 1 1 1 1 1 1 1 1 1 1 1 1 1 1 1 1 1 1 1
 1 1 1 1 1 1 1 1 1 1 1 1 1 1]
appending outputs...
mask #7 complete.

generating mask #8
labeling contiguous objects...
eliminating objects w/volume < 100,000 px...
pruning labels...
unlabeling out of focus slices...
generating gradient image...
generating gradient intensity histograms...
predicting focus labels using SVM classifier...
calculating decision function values for labels...
raw focus labels:
[1 1 1 1 1 1 1 1 1 1 1 1 1 1 1 1 1 1 1 1 1 1 1 1 1 1 1 1 1 1 1 1 1 1 0 0 0
 0 0 0 0 0 0 0 0 0 0 0 0 0 0]
correcting slice labels...
One continuous stretch defined as in focus.
Warning: cells cut off by top or bottom of stack:
[1 1 1 1 1 1 1 1 1 1 1 1 1 1 1 1 1 1 1 1 1 1 1 1 1 1 1 1 1 1 1 1 1 1 0 0 0
 0 0 0 0 0 0 0 0 0 0 0 0 0 0]
appending outputs...
mask #8 complete.

generating mask #9
labeling contiguous objects...
eliminating objects w/volume < 100,000 px...
pruning labels...
unlabeling out of focus slices...
generating gradient image...
generating gradient intensity histograms...
predicting focus labels using SVM classifier...
calculating decision function values for labels...
raw focus labels:
[0 0 1 1 1 1 1 1 1 1 1 1 1 1 1 1 1 1 1 1 1 1 1 1 1 1 1 1 1 1 1 1 1 1 1 1 1
 1 1 1 1 1 0 0 0 0 0 0 0 0 0]
correcting slice labels...
One continuous stretch defined as in focus.
appending outputs...
mask #9 complete.

generating mask #10
labeling contiguous objects...
eliminating objects w/volume < 100,000 px...
pruning labels...
unlabeling out of focus slices...
generating gradient image...
generating gradient intensity histograms...
predicting focus labels using SVM classifier...
calculating decision function values for labels...
raw focus labels:
[0 0 0 0 0 0 0 0 0 1 1 1 1 1 1 1 1 1 1 1 1 1 1 1 1 1 1 1 1 1 1 1 1 1 1 1 1
 1 0 0 0 0 0 0 0 0 0 0 0 0 0]
correcting slice labels...
One continuous stretch defined as in focus.
appending outputs...
mask #10 complete.

generating mask #11
labeling contiguous objects...
eliminating objects w/volume < 100,000 px...
pruning labels...
unlabeling out of focus slices...
generating gradient image...
generating gradient intensity histograms...
predicting focus labels using SVM classifier...
calculating decision function values for labels...
raw focus labels:
[1 1 1 1 1 1 1 1 1 1 1 1 1 1 1 1 1 1 1 1 1 1 1 1 1 1 1 1 1 1 1 1 1 1 0 0 0
 0 0 0 0 0 0 0 0 0 0 0 0 0 0]
correcting slice labels...
One continuous stretch defined as in focus.
Warning: cells cut off by top or bottom of stack:
[1 1 1 1 1 1 1 1 1 1 1 1 1 1 1 1 1 1 1 1 1 1 1 1 1 1 1 1 1 1 1 1 1 1 0 0 0
 0 0 0 0 0 0 0 0 0 0 0 0 0 0]
appending outputs...
mask #11 complete.

generating mask #12
labeling contiguous objects...
eliminating objects w/volume < 100,000 px...
pruning labels...
unlabeling out of focus slices...
generating gradient image...
generating gradient intensity histograms...
predicting focus labels using SVM classifier...
calculating decision function values for labels...
raw focus labels:
[1 1 1 1 1 1 1 1 1 1 1 1 1 1 1 1 1 1 1 1 1 1 1 1 1 1 1 1 1 1 1 1 1 1 1 1 1
 1 1 1 1 1 1 1 1 1 1 0 0 0 0]
correcting slice labels...
One continuous stretch defined as in focus.
Warning: cells cut off by top or bottom of stack:
[1 1 1 1 1 1 1 1 1 1 1 1 1 1 1 1 1 1 1 1 1 1 1 1 1 1 1 1 1 1 1 1 1 1 1 1 1
 1 1 1 1 1 1 1 1 1 1 0 0 0 0]
appending outputs...
mask #12 complete.

generating mask #13
labeling contiguous objects...
eliminating objects w/volume < 100,000 px...
pruning labels...
unlabeling out of focus slices...
generating gradient image...
generating gradient intensity histograms...
predicting focus labels using SVM classifier...
calculating decision function values for labels...
raw focus labels:
[1 1 1 1 1 1 1 1 1 1 1 1 1 1 1 1 1 1 1 1 1 1 1 1 1 1 1 1 1 1 1 1 1 1 1 1 1
 1 1 1 1 1 1 0 0 0 0 0 0 0 0]
correcting slice labels...
One continuous stretch defined as in focus.
Warning: cells cut off by top or bottom of stack:
[1 1 1 1 1 1 1 1 1 1 1 1 1 1 1 1 1 1 1 1 1 1 1 1 1 1 1 1 1 1 1 1 1 1 1 1 1
 1 1 1 1 1 1 0 0 0 0 0 0 0 0]
appending outputs...
mask #13 complete.

generating mask #14
labeling contiguous objects...
eliminating objects w/volume < 100,000 px...
pruning labels...
unlabeling out of focus slices...
generating gradient image...
generating gradient intensity histograms...
predicting focus labels using SVM classifier...
calculating decision function values for labels...
raw focus labels:
[1 1 1 1 1 1 1 1 1 1 1 1 1 1 1 1 1 1 1 1 1 1 1 1 1 1 1 1 1 1 1 1 1 1 1 1 1
 1 1 1 0 0 0 0 0 0 0 0 0 0 0]
correcting slice labels...
One continuous stretch defined as in focus.
Warning: cells cut off by top or bottom of stack:
[1 1 1 1 1 1 1 1 1 1 1 1 1 1 1 1 1 1 1 1 1 1 1 1 1 1 1 1 1 1 1 1 1 1 1 1 1
 1 1 1 0 0 0 0 0 0 0 0 0 0 0]
appending outputs...
mask #14 complete.

generating mask #15
labeling contiguous objects...
eliminating objects w/volume < 100,000 px...
pruning labels...
unlabeling out of focus slices...
generating gradient image...
generating gradient intensity histograms...
predicting focus labels using SVM classifier...
calculating decision function values for labels...
raw focus labels:
[0 1 1 1 1 1 1 1 1 1 1 1 1 1 1 1 1 1 1 1 1 1 1 1 1 1 1 1 1 1 1 1 1 1 1 1 1
 1 1 1 1 1 1 1 1 1 1 1 0 0 0]
correcting slice labels...
One continuous stretch defined as in focus.
appending outputs...
mask #15 complete.

generating mask #16
labeling contiguous objects...
eliminating objects w/volume < 100,000 px...
pruning labels...
unlabeling out of focus slices...
generating gradient image...
generating gradient intensity histograms...
predicting focus labels using SVM classifier...
calculating decision function values for labels...
raw focus labels:
[1 1 1 1 1 1 1 1 1 1 1 1 1 1 1 1 1 1 1 1 1 1 1 1 1 1 1 1 1 1 1 1 1 1 1 1 1
 1 1 1 1 1 1 1 1 1 1 1 1 1 0]
correcting slice labels...
One continuous stretch defined as in focus.
Warning: cells cut off by top or bottom of stack:
[1 1 1 1 1 1 1 1 1 1 1 1 1 1 1 1 1 1 1 1 1 1 1 1 1 1 1 1 1 1 1 1 1 1 1 1 1
 1 1 1 1 1 1 1 1 1 1 1 1 1 0]
appending outputs...
mask #16 complete.

generating mask #17
labeling contiguous objects...
eliminating objects w/volume < 100,000 px...
pruning labels...
unlabeling out of focus slices...
generating gradient image...
generating gradient intensity histograms...
predicting focus labels using SVM classifier...
calculating decision function values for labels...
raw focus labels:
[1 0 0 1 1 1 1 1 1 1 1 1 1 1 1 1 1 1 1 1 1 1 1 1 1 1 1 1 1 1 1 1 1 1 1 1 1
 1 1 1 1 1 1 1 1 1 1 1 1 1 1]
correcting slice labels...
Warning: blur detection resulted in intercalation:
[0 0 0 1 1 1 1 1 1 1 1 1 1 1 1 1 1 1 1 1 1 1 1 1 1 1 1 1 1 1 1 1 1 1 1 1 1
 1 1 1 1 1 1 1 1 1 1 1 1 1 1]
Warning: cells cut off by top or bottom of stack:
[0 0 0 1 1 1 1 1 1 1 1 1 1 1 1 1 1 1 1 1 1 1 1 1 1 1 1 1 1 1 1 1 1 1 1 1 1
 1 1 1 1 1 1 1 1 1 1 1 1 1 1]
appending outputs...
mask #17 complete.

generating mask #18
labeling contiguous objects...
eliminating objects w/volume < 100,000 px...
pruning labels...
unlabeling out of focus slices...
generating gradient image...
generating gradient intensity histograms...
predicting focus labels using SVM classifier...
calculating decision function values for labels...
raw focus labels:
[0 0 0 0 1 1 1 1 1 1 1 1 1 1 1 1 1 1 1 1 1 1 1 1 1 1 1 1 1 1 1 1 1 1 1 1 1
 1 1 1 1 1 1 1 1 1 0 0 0 0 0]
correcting slice labels...
One continuous stretch defined as in focus.
appending outputs...
mask #18 complete.

generating mask #19
labeling contiguous objects...
eliminating objects w/volume < 100,000 px...
pruning labels...
unlabeling out of focus slices...
generating gradient image...
generating gradient intensity histograms...
predicting focus labels using SVM classifier...
calculating decision function values for labels...
raw focus labels:
[0 0 0 0 0 0 0 0 0 0 0 0 0 1 1 1 1 1 1 1 1 1 1 1 1 1 1 1 1 1 1 1 1 1 1 1 1
 1 1 1 1 1 1 1 1 0 0 0 0 0 0]
correcting slice labels...
One continuous stretch defined as in focus.
appending outputs...
mask #19 complete.

generating mask #20
labeling contiguous objects...
eliminating objects w/volume < 100,000 px...
pruning labels...
unlabeling out of focus slices...
generating gradient image...
generating gradient intensity histograms...
predicting focus labels using SVM classifier...
calculating decision function values for labels...
raw focus labels:
[0 0 0 0 0 0 0 0 0 0 1 1 1 1 1 1 1 1 1 1 1 1 1 1 1 1 1 1 1 1 1 1 1 1 1 1 1
 1 1 1 1 1 1 1 1 1 0 0 0 0 0]
correcting slice labels...
One continuous stretch defined as in focus.
appending outputs...
mask #20 complete.

CellSplitter instance created.
input image has 4 dimensions (multiple imgs)
segmenting image #1 of 20...
Using thresholds set based on slice intensity
thresholding floor set to 4200
slice-by-slice cutoffs:
[   100.5     86.5    107.     157.     184.5    200.     205.5    228.5
    253.5    317.     393.     521.     643.5    843.    1472.5   2610.
   4129.    5584.5   6750.5   7632.5   8256.5   8637.    8841.    9019.
   9281.    9468.    9587.    9714.5   9874.    9977.5  10143.5  10356.5
  10474.   10501.   10318.   10126.5   9944.5   9621.5   9108.    8474.5
   7675.    6626.5   5587.5   4172.    2958.    2266.    1921.5   1667.
   1435.5   1204.5    981.5]
generating threshold image...
raw image imported.
preprocessing complete.
filling holes in objects.
holes filled.
distance map complete.
smoothing distance map...
distance map smoothed.
identifying maxima...
maxima identified.
watershedding...
watershedding complete.
creating PexSegmentObj...
passing segmented objs and seeds to Nuclei instance...

segmenting image #2 of 20...
Using thresholds set based on slice intensity
thresholding floor set to 4297
slice-by-slice cutoffs:
[   133.5    128.5    136.     154.     187.5    227.5    280.5    361.
    381.     530.     804.    1357.    2150.5   3053.    4018.5   5124.
   6474.    7812.    8909.5   9572.5   9874.    9999.   10059.5  10022.5
  10175.   10191.5   9948.    9839.    9945.    9930.5   9926.5   9915.5
  10036.   10158.   10393.5  10621.5  10743.5  10602.   10217.    9705.5
   9344.5   8812.5   8093.5   6992.    5446.    3982.    2840.    2215.5
   1804.    1459.5   1264. ]
generating threshold image...
raw image imported.
preprocessing complete.
filling holes in objects.
holes filled.
distance map complete.
smoothing distance map...
distance map smoothed.
identifying maxima...
maxima identified.
watershedding...
watershedding complete.
creating PexSegmentObj...
passing segmented objs and seeds to Nuclei instance...

segmenting image #3 of 20...
Using thresholds set based on slice intensity
thresholding floor set to 3751
slice-by-slice cutoffs:
[  172.5   164.5   165.5   187.5   193.5   240.5   306.    403.5   521.
   634.5   899.   1504.5  2521.5  3774.   4891.5  5684.   6202.5  6761.5
  7626.5  8375.   8815.   8952.   9292.   9298.5  8957.5  8814.   9130.5
  9379.5  9325.5  9127.   8729.   8369.   8093.5  7496.   6412.5  5187.5
  4085.   3158.5  2347.   1661.5  1196.    955.5   826.5   745.    671.5
   611.    541.5   485.    411.    374.5   351. ]
generating threshold image...
raw image imported.
preprocessing complete.
filling holes in objects.
holes filled.
distance map complete.
smoothing distance map...
distance map smoothed.
identifying maxima...
maxima identified.
watershedding...
watershedding complete.
creating PexSegmentObj...
passing segmented objs and seeds to Nuclei instance...

segmenting image #4 of 20...
Using thresholds set based on slice intensity
thresholding floor set to 4461
slice-by-slice cutoffs:
[   302.     353.5    508.5    717.5    869.5   1104.5   1481.5   1997.5
   2973.    4472.    6265.5   7783.    8851.5   9614.5  10284.   10836.
  11116.   11153.   11081.5  11070.5  11136.5  11133.5  11002.5  10637.5
  10425.   10314.   10268.   10267.5  10468.5  10418.5  10673.5  10740.
  10668.5  10606.   10628.5  10473.5   9889.5   8862.5   7538.    6240.5
   5035.    3986.    3099.    2831.    2682.    2655.5   2617.5   2529.5
   2615.5   2635.5   2477.5]
generating threshold image...
raw image imported.
preprocessing complete.
filling holes in objects.
holes filled.
distance map complete.
smoothing distance map...
distance map smoothed.
identifying maxima...
maxima identified.
watershedding...
watershedding complete.
creating PexSegmentObj...
passing segmented objs and seeds to Nuclei instance...

segmenting image #5 of 20...
Using thresholds set based on slice intensity
thresholding floor set to 4476
slice-by-slice cutoffs:
[   181.     176.5    190.5    199.5    226.5    274.     334.5    411.
    534.     736.5   1149.    1934.5   3145.5   4650.    6048.    6885.5
   7813.    8630.5   9226.5   9652.5  10145.5  10343.5  10441.   10417.
  10451.5  10251.5  10133.   10611.5  10963.   11096.5  11112.   11191.
  11057.5  10568.    9915.5   9284.    9247.    8795.    8147.    7024.5
   5623.    4297.    3337.    2833.    2426.    1943.5   1534.5   1221.
    965.     782.     686.5]
generating threshold image...
raw image imported.
preprocessing complete.
filling holes in objects.
holes filled.
distance map complete.
smoothing distance map...
distance map smoothed.
identifying maxima...
maxima identified.
watershedding...
watershedding complete.
creating PexSegmentObj...
passing segmented objs and seeds to Nuclei instance...

segmenting image #6 of 20...
Using thresholds set based on slice intensity
thresholding floor set to 3937
slice-by-slice cutoffs:
[  238.    244.    301.5   358.5   462.    638.    859.   1108.   1506.
  2234.   3439.5  5032.   6570.5  7644.5  8259.   8630.   8815.5  8898.5
  9032.5  9275.5  9557.5  9680.   9713.5  9519.   9304.   9710.5  9842.5
  9752.   9583.   9044.5  7964.   6429.   4973.   3834.   3052.   2497.5
  2064.   1682.   1310.5  1012.    833.    690.5   625.    548.    470.5
   411.    391.5   354.5   354.5   347.5   352.5]
generating threshold image...
raw image imported.
preprocessing complete.
filling holes in objects.
holes filled.
distance map complete.
smoothing distance map...
distance map smoothed.
identifying maxima...
maxima identified.
watershedding...
watershedding complete.
creating PexSegmentObj...
passing segmented objs and seeds to Nuclei instance...

segmenting image #7 of 20...
Using thresholds set based on slice intensity
thresholding floor set to 4781
slice-by-slice cutoffs:
[   216.5    212.5    255.     333.     381.5    462.     600.     796.5
   1135.    2008.    3449.    5006.5   6189.    7367.5   8101.    8630.5
   9057.    9401.    9693.5  10339.5  10765.   11176.   11341.5  11485.5
  11847.5  11954.   11866.   11721.   11662.   11730.   11592.5  11320.5
  11024.   10795.5  10649.   10338.5   9604.    8611.    7408.    6188.5
   5166.    4427.    3844.5   3269.    2725.    2315.    1897.    1518.5
   1255.5   1063.5    894.5]
generating threshold image...
raw image imported.
preprocessing complete.
filling holes in objects.
holes filled.
distance map complete.
smoothing distance map...
distance map smoothed.
identifying maxima...
maxima identified.
watershedding...
watershedding complete.
creating PexSegmentObj...
passing segmented objs and seeds to Nuclei instance...

segmenting image #8 of 20...
Using thresholds set based on slice intensity
thresholding floor set to 3401
slice-by-slice cutoffs:
[  424.    519.5   770.   1104.   1648.   2287.5  3195.5  4368.5  5445.5
  6203.   6904.5  7253.5  7409.   7602.5  7737.5  7895.   7872.5  7876.
  8042.   8135.5  8078.   7805.   7697.   7604.   7892.5  8330.5  8503.5
  8462.   8274.   7791.5  6950.   5973.   5075.5  4285.5  3474.   2594.
  1846.5  1366.5  1124.    970.5   797.    676.    535.5   486.5   444.5
   395.5   385.    370.5   335.    310.    286. ]
generating threshold image...
raw image imported.
preprocessing complete.
filling holes in objects.
holes filled.
distance map complete.
smoothing distance map...
distance map smoothed.
identifying maxima...
maxima identified.
watershedding...
watershedding complete.
creating PexSegmentObj...
passing segmented objs and seeds to Nuclei instance...

segmenting image #9 of 20...
Using thresholds set based on slice intensity
thresholding floor set to 3502
slice-by-slice cutoffs:
[  273.    287.5   343.    456.5   714.   1069.5  1560.5  2245.5  2965.
  3738.5  4727.   5835.5  6664.5  7109.5  7389.   7540.5  7709.5  7804.
  7827.   8041.5  8208.   8381.5  8616.   8755.   8540.5  7934.5  7688.
  7468.   7427.   7120.   6587.   6346.5  5810.5  5169.5  4544.   3900.
  3242.5  2647.5  2105.   1682.5  1409.5  1212.5  1049.    886.5   723.
   586.    522.    457.5   391.    376.    380.5]
generating threshold image...
raw image imported.
preprocessing complete.
filling holes in objects.
holes filled.
distance map complete.
smoothing distance map...
distance map smoothed.
identifying maxima...
maxima identified.
watershedding...
watershedding complete.
creating PexSegmentObj...
passing segmented objs and seeds to Nuclei instance...

segmenting image #10 of 20...
Using thresholds set based on slice intensity
thresholding floor set to 4108
slice-by-slice cutoffs:
[   175.5    160.5    174.     196.     243.5    316.     415.5    490.5
    608.     840.    1453.5   2573.    3988.5   5294.5   6278.5   7011.
   7888.5   8729.5   9117.    9083.    9397.5   9785.5   9966.5   9942.5
  10014.   10270.5  10175.    9914.    9717.    9236.5   8472.    7976.
   7408.5   6440.    5371.5   4352.    3358.5   2366.5   1632.5   1190.5
    964.     899.     876.     798.     654.     536.5    447.5    410.
    379.5    364.     364. ]
generating threshold image...
raw image imported.
preprocessing complete.
filling holes in objects.
holes filled.
distance map complete.
smoothing distance map...
distance map smoothed.
identifying maxima...
maxima identified.
watershedding...
watershedding complete.
creating PexSegmentObj...
passing segmented objs and seeds to Nuclei instance...

segmenting image #11 of 20...
Using thresholds set based on slice intensity
thresholding floor set to 3953
slice-by-slice cutoffs:
[  487.5   572.    806.   1460.5  2633.   4073.5  5443.5  6566.5  7397.
  7934.5  8307.   8682.5  8834.5  9159.   9441.   9655.   9796.   9883.
  9726.5  9355.   9091.   8873.   8715.5  8578.5  8012.5  7859.5  7735.
  7404.5  6756.   5792.5  4608.   3433.5  2533.5  2008.5  1752.   1593.5
  1386.   1104.5   891.5   736.    623.5   531.5   472.5   425.    357.
   306.    273.    258.    254.5   257.5   283. ]
generating threshold image...
raw image imported.
preprocessing complete.
filling holes in objects.
holes filled.
distance map complete.
smoothing distance map...
distance map smoothed.
identifying maxima...
maxima identified.
watershedding...
watershedding complete.
creating PexSegmentObj...
passing segmented objs and seeds to Nuclei instance...

segmenting image #12 of 20...
Using thresholds set based on slice intensity
thresholding floor set to 3641
slice-by-slice cutoffs:
[  212.5   203.    274.    366.    426.    491.    591.    754.5  1081.5
  1781.   2796.   3903.   5030.5  5962.5  6638.   7129.5  7765.   8105.5
  8281.5  8266.5  8295.5  8468.5  8657.   8479.   8602.   8740.5  8837.
  8927.5  8858.   9006.5  9096.5  9103.   9089.5  9072.   8844.   8260.5
  7404.   6885.5  6028.5  5342.   4447.5  3406.5  2463.5  1828.5  1501.5
  1288.   1123.5  1000.    860.5   684.    567. ]
generating threshold image...
raw image imported.
preprocessing complete.
filling holes in objects.
holes filled.
distance map complete.
smoothing distance map...
distance map smoothed.
identifying maxima...
maxima identified.
watershedding...
watershedding complete.
creating PexSegmentObj...
passing segmented objs and seeds to Nuclei instance...

segmenting image #13 of 20...
Using thresholds set based on slice intensity
thresholding floor set to 4296
slice-by-slice cutoffs:
[  3253.    4300.5   5400.5   6038.5   7035.    7580.    8631.5   9659.5
  10362.5  10633.   10710.5  10741.5  10661.   10433.5  10054.5   9574.
   9521.5   9623.    9581.5   9787.5   9924.5   9873.5   9471.5   8867.
   8351.5   8211.5   8050.    7796.5   7432.    7059.    6617.    6014.5
   5243.5   4313.5   3393.5   2638.    2105.5   1800.5   1753.    1587.5
   1336.5   1148.     882.     726.5    633.5    514.5    405.5    325.5
    255.5    265.5    280. ]
generating threshold image...
raw image imported.
preprocessing complete.
filling holes in objects.
holes filled.
distance map complete.
smoothing distance map...
distance map smoothed.
identifying maxima...
maxima identified.
watershedding...
watershedding complete.
creating PexSegmentObj...
passing segmented objs and seeds to Nuclei instance...

segmenting image #14 of 20...
Using thresholds set based on slice intensity
thresholding floor set to 3771
slice-by-slice cutoffs:
[  288.    284.5   353.5   463.    614.5   844.5  1192.   1916.   3108.5
  4522.   5754.5  6700.   7235.   7568.   7958.5  8523.5  8733.   8717.
  8780.   8970.5  9231.   9428.   9296.   8855.   8432.5  8643.5  8615.5
  8249.   7602.   7478.5  7489.5  7201.5  6627.5  5908.5  4950.5  3798.5
  2731.   2013.5  1662.5  1478.5  1288.   1079.    846.5   660.5   555.5
   491.    444.    414.    360.    328.    309. ]
generating threshold image...
raw image imported.
preprocessing complete.
filling holes in objects.
holes filled.
distance map complete.
smoothing distance map...
distance map smoothed.
identifying maxima...
maxima identified.
watershedding...
watershedding complete.
creating PexSegmentObj...
passing segmented objs and seeds to Nuclei instance...

segmenting image #15 of 20...
Using thresholds set based on slice intensity
thresholding floor set to 4042
slice-by-slice cutoffs:
[   163.5    150.5    188.     207.     256.     292.5    340.     465.
    612.5    740.5    863.    1102.    1540.5   2284.5   3356.5   4778.5
   6090.5   7140.5   8059.    8698.5   9144.    9552.5   9960.   10101.
  10106.   10102.5  10096.   10023.    9831.    9718.5   9753.    9653.5
   9422.5   9067.    9086.    9033.5   8946.    8777.5   8552.    8247.
   7918.    7129.    6222.    5307.    4353.5   3424.5   2669.5   2057.
   1592.    1297.    1130. ]
generating threshold image...
raw image imported.
preprocessing complete.
filling holes in objects.
holes filled.
distance map complete.
smoothing distance map...
distance map smoothed.
identifying maxima...
maxima identified.
watershedding...
watershedding complete.
creating PexSegmentObj...
passing segmented objs and seeds to Nuclei instance...

segmenting image #16 of 20...
Using thresholds set based on slice intensity
thresholding floor set to 4405
slice-by-slice cutoffs:
[   744.5    913.    1352.    2323.    3710.    5120.5   6330.5   7393.5
   8261.    8912.    9536.5  10005.5  10183.   10478.   10605.   10595.
  10604.   10533.   10334.   10186.5  10190.   10315.5  10318.   10162.5
  10193.    9776.5  10015.5  10111.   10246.5  10522.5  10900.5  11014.
  10848.   10787.   10786.   10813.   10729.5  10279.    9319.    7978.
   6734.5   5752.    4836.    3842.    2976.5   2404.    1951.    1703.5
   1513.    1296.    1079.5]
generating threshold image...
raw image imported.
preprocessing complete.
filling holes in objects.
holes filled.
distance map complete.
smoothing distance map...
distance map smoothed.
identifying maxima...
maxima identified.
watershedding...
watershedding complete.
creating PexSegmentObj...
passing segmented objs and seeds to Nuclei instance...

segmenting image #17 of 20...
Using thresholds set based on slice intensity
thresholding floor set to 3566
slice-by-slice cutoffs:
[  213.    234.    282.    360.5   470.    574.    657.    793.5  1025.
  1601.   2507.   3686.   4987.5  5961.   6736.   7439.5  7966.   8325.
  8641.5  8867.5  8849.5  8704.5  8625.5  8571.5  8651.   8592.5  8579.5
  8781.   8915.   8792.   8598.5  8376.   8097.   7931.   7850.5  7568.5
  7368.   7211.   6837.   6487.   6093.5  5568.   4815.   3880.   2946.
  2270.   1842.5  1604.5  1462.5  1286.   1122. ]
generating threshold image...
raw image imported.
preprocessing complete.
filling holes in objects.
holes filled.
distance map complete.
smoothing distance map...
distance map smoothed.
identifying maxima...
maxima identified.
watershedding...
watershedding complete.
creating PexSegmentObj...
passing segmented objs and seeds to Nuclei instance...

segmenting image #18 of 20...
Using thresholds set based on slice intensity
thresholding floor set to 4001
slice-by-slice cutoffs:
[   207.5    215.5    250.     305.     358.     417.5    518.5    727.5
   1104.    1761.5   2658.5   3591.5   4456.5   5374.    6445.    7456.5
   8208.5   8895.5   9315.5   9529.    9652.5   9762.    9907.5   9962.
   9985.5  10002.5   9950.5   9854.    9418.5   8583.    7480.5   6251.
   5034.5   3950.    2961.5   2153.5   1802.    1845.5   1888.    1932.5
   1913.    1836.    1739.    1608.    1438.    1235.    1087.     987.5
    860.     698.5    561.5]
generating threshold image...
raw image imported.
preprocessing complete.
filling holes in objects.
holes filled.
distance map complete.
smoothing distance map...
distance map smoothed.
identifying maxima...
maxima identified.
watershedding...
watershedding complete.
creating PexSegmentObj...
passing segmented objs and seeds to Nuclei instance...

segmenting image #19 of 20...
Using thresholds set based on slice intensity
thresholding floor set to 3876
slice-by-slice cutoffs:
[  128.5   106.    115.    129.5   152.5   194.    229.    274.5   302.5
   296.    303.5   362.5   453.5   591.5   827.5  1185.   1734.   2621.5
  4012.5  5632.   6994.   7804.   8214.   8389.   8672.5  8876.5  9225.5
  9472.5  9556.5  9345.   9310.5  9572.   9692.   9420.5  8840.   8695.
  8874.5  8927.5  8771.5  8307.5  8064.   7427.   6374.5  5132.   3940.
  2908.   2124.   1651.   1348.5  1163.5  1067.5]
generating threshold image...
raw image imported.
preprocessing complete.
filling holes in objects.
holes filled.
distance map complete.
smoothing distance map...
distance map smoothed.
identifying maxima...
maxima identified.
watershedding...
watershedding complete.
creating PexSegmentObj...
passing segmented objs and seeds to Nuclei instance...

segmenting image #20 of 20...
Using thresholds set based on slice intensity
thresholding floor set to 3686
slice-by-slice cutoffs:
[  140.    131.    162.    173.    179.    203.5   235.5   265.    325.5
   368.5   425.5   581.5   835.5  1311.   1991.5  2814.   3729.   4805.
  5958.5  7096.   8105.5  8919.   9217.   9105.   9167.5  9209.5  9108.
  8831.   8724.   8673.5  8544.   8441.   8262.   7845.5  7294.   6419.
  5334.5  4278.5  3277.   2515.5  1920.5  1471.5  1313.   1268.5  1186.
  1099.    959.5   765.    604.    509.    473. ]
generating threshold image...
raw image imported.
preprocessing complete.
filling holes in objects.
holes filled.
distance map complete.
smoothing distance map...
distance map smoothed.
identifying maxima...
maxima identified.
watershedding...
watershedding complete.
creating PexSegmentObj...
passing segmented objs and seeds to Nuclei instance...

removing small perinuclear foci...
2 raw segmented DAPI foci
object volumes in pixels:
[451191 466493]
removing objects volume < 10000 px, #s:
[]
removing nuclei_centers corresponding to small DAPI foci...
2 raw segmented DAPI foci
object volumes in pixels:
[525543 506548]
removing objects volume < 10000 px, #s:
[]
removing nuclei_centers corresponding to small DAPI foci...
2 raw segmented DAPI foci
object volumes in pixels:
[342221 319368]
removing objects volume < 10000 px, #s:
[]
removing nuclei_centers corresponding to small DAPI foci...
3 raw segmented DAPI foci
object volumes in pixels:
[505390 510965  41826]
removing objects volume < 10000 px, #s:
[]
removing nuclei_centers corresponding to small DAPI foci...
2 raw segmented DAPI foci
object volumes in pixels:
[547472 500783]
removing objects volume < 10000 px, #s:
[]
removing nuclei_centers corresponding to small DAPI foci...
2 raw segmented DAPI foci
object volumes in pixels:
[291541 320751]
removing objects volume < 10000 px, #s:
[]
removing nuclei_centers corresponding to small DAPI foci...
2 raw segmented DAPI foci
object volumes in pixels:
[506164 397158]
removing objects volume < 10000 px, #s:
[]
removing nuclei_centers corresponding to small DAPI foci...
2 raw segmented DAPI foci
object volumes in pixels:
[451000 394627]
removing objects volume < 10000 px, #s:
[]
removing nuclei_centers corresponding to small DAPI foci...
2 raw segmented DAPI foci
object volumes in pixels:
[371682 378389]
removing objects volume < 10000 px, #s:
[]
removing nuclei_centers corresponding to small DAPI foci...
2 raw segmented DAPI foci
object volumes in pixels:
[283674 250533]
removing objects volume < 10000 px, #s:
[]
removing nuclei_centers corresponding to small DAPI foci...
2 raw segmented DAPI foci
object volumes in pixels:
[281520 278793]
removing objects volume < 10000 px, #s:
[]
removing nuclei_centers corresponding to small DAPI foci...
3 raw segmented DAPI foci
object volumes in pixels:
[265724  49970 326409]
removing objects volume < 10000 px, #s:
[]
removing nuclei_centers corresponding to small DAPI foci...
2 raw segmented DAPI foci
object volumes in pixels:
[534334 605409]
removing objects volume < 10000 px, #s:
[]
removing nuclei_centers corresponding to small DAPI foci...
2 raw segmented DAPI foci
object volumes in pixels:
[599755 584341]
removing objects volume < 10000 px, #s:
[]
removing nuclei_centers corresponding to small DAPI foci...
2 raw segmented DAPI foci
object volumes in pixels:
[279840 288230]
removing objects volume < 10000 px, #s:
[]
removing nuclei_centers corresponding to small DAPI foci...
2 raw segmented DAPI foci
object volumes in pixels:
[503685 541360]
removing objects volume < 10000 px, #s:
[]
removing nuclei_centers corresponding to small DAPI foci...
2 raw segmented DAPI foci
object volumes in pixels:
[322132 331602]
removing objects volume < 10000 px, #s:
[]
removing nuclei_centers corresponding to small DAPI foci...
2 raw segmented DAPI foci
object volumes in pixels:
[527530 509902]
removing objects volume < 10000 px, #s:
[]
removing nuclei_centers corresponding to small DAPI foci...
2 raw segmented DAPI foci
object volumes in pixels:
[287250 294720]
removing objects volume < 10000 px, #s:
[]
removing nuclei_centers corresponding to small DAPI foci...
3 raw segmented DAPI foci
object volumes in pixels:
[299299 177993 191972]
removing objects volume < 10000 px, #s:
[]
removing nuclei_centers corresponding to small DAPI foci...
Nuclei segmented.
checking that nuclei have already been segmented...
eroding cell edges...
eroding mask 0...
cell mask means:
[953.6045591984946, 965.22355897092018, 976.93551849101857, 988.71494052325238, 1000.4926405358799, 1012.2287809060585, 1023.9096887317907, 1035.454843880347, 1046.7533690040812, 1057.7179867574546]
slopes:
[11.665479646261986, 11.7456907761661, 11.778561022430665, 11.756920191403083, 11.708524097955376, 11.613031487144212, 11.421840136145249, 11.131571438553806]
slope deltas:
[ 0.08021113  0.03287025  0.02164083  0.04839609  0.09549261  0.19119135
  0.2902687 ]
desired erosions: 8
erosion of mask #0 complete.
eroding mask 1...
cell mask means:
[1072.6216425634263, 1086.6613414798287, 1100.830150495301, 1115.1020405608733, 1129.4381421999394, 1143.7999083997242, 1158.1171583878302, 1172.3391795838206, 1186.4032445563657, 1200.2263995811788]
slopes:
[14.104253965937346, 14.220349540522307, 14.30399585231919, 14.348933919425463, 14.339508093945369, 14.269635592048189, 14.143043084267788, 13.943609998679108]
slope deltas:
[ 0.11609557  0.08364631  0.04493807  0.00942583  0.0698725   0.12659251
  0.19943309]
desired erosions: 8
erosion of mask #1 complete.
eroding mask 2...
cell mask means:
[963.63095241746282, 974.68262782243596, 985.62384521515878, 996.47143926182207, 1007.2904734249964, 1018.0694981055584, 1028.7540195991937, 1039.3031975708568, 1049.6964178091719, 1059.8984404034281]
slopes:
[10.996446398847979, 10.894405719693054, 10.833314104918827, 10.79902942186817, 10.731773087098645, 10.6168497326492, 10.471199104989068, 10.297621416285665]
slope deltas:
[ 0.10204068  0.06109161  0.03428468  0.06725633  0.11492335  0.14565063
  0.17357769]
desired erosions: 8
erosion of mask #2 complete.
eroding mask 3...
cell mask means:
[1193.314206782788, 1209.0914579962675, 1225.0744897980649, 1241.2437207073528, 1257.5323127419974, 1273.8804782100078, 1290.2580992778746, 1306.6477943065813, 1323.0039355422318, 1339.2802564042461]
slopes:
[15.880141507638427, 16.076131355542657, 16.228911471966285, 16.318378751327486, 16.362893267938603, 16.383658048286748, 16.372918132178597, 16.316231048832378]
slope deltas:
[ 0.19598985  0.15278012  0.08946728  0.04451452  0.02076478  0.01073992
  0.05668708]
desired erosions: 2
erosion of mask #3 complete.
eroding mask 4...
cell mask means:
[948.51801610044765, 958.67766587666551, 968.88963190461413, 979.13227848055158, 989.37173477989347, 999.57531608173815, 1009.6968733623921, 1019.7148451966091, 1029.5973878017846, 1039.3152376724299]
slopes:
[10.185807902083241, 10.227306301943031, 10.241051437639669, 10.221518800593287, 10.162569291249326, 10.069764557435462, 9.9502572196962547, 9.800196237910427]
slope deltas:
[ 0.0414984   0.01374514  0.01953264  0.05894951  0.09280473  0.11950734
  0.15006098]
desired erosions: 8
erosion of mask #4 complete.
eroding mask 5...
cell mask means:
[1050.4191274262703, 1064.5511891020928, 1078.8193353521299, 1093.2119083529983, 1107.6923868139152, 1122.1987071866865, 1136.6217162057565, 1150.864738408671, 1164.8634318963495, 1178.5564349773242]
slopes:
[14.200103962929802, 14.330359625452729, 14.43652573089264, 14.493399416844113, 14.464664695920646, 14.33301561099222, 14.120857845296541, 13.845848284326621]
slope deltas:
[ 0.13025566  0.10616611  0.05687369  0.02873472  0.13164908  0.21215777
  0.27500956]
desired erosions: 8
erosion of mask #5 complete.
eroding mask 6...
cell mask means:
[887.62961373587473, 899.88350252280406, 912.17398964165091, 924.46722410994539, 936.72119955151402, 948.85161598712921, 960.80149033980467, 972.50893920875103, 983.91356814679455, 994.93186300537877]
slopes:
[12.272187952888089, 12.291860793570663, 12.273604954931557, 12.192195938591908, 12.040145394145327, 11.828661610810911, 11.556038903494937, 11.211461898313871]
slope deltas:
[ 0.01967284  0.01825584  0.08140902  0.15205054  0.21148378  0.27262271
  0.34457701]
desired erosions: 8
erosion of mask #6 complete.
eroding mask 7...
cell mask means:
[981.01653273283716, 992.581232992531, 1004.2059692517757, 1015.8774567102345, 1027.5582936261765, 1039.2143613480546, 1050.779891119817, 1062.2350583210332, 1073.521331829776, 1084.5683059416137]
slopes:
[11.594718259469289, 11.648111858851735, 11.676162187200362, 11.668452318910056, 11.610798746820251, 11.510348486489306, 11.370720354979539, 11.166623810290275]
slope deltas:
[ 0.0533936   0.02805033  0.00770987  0.05765357  0.10045026  0.13962813
  0.20409654]
desired erosions: 8
erosion of mask #7 complete.
eroding mask 8...
cell mask means:
[982.25440421865278, 993.76493328014863, 1005.3299136106735, 1016.9055238051092, 1028.4792160189068, 1040.0187909874858, 1051.5013926040597, 1062.912036979702, 1074.2293663257092, 1085.4327839749826]
slopes:
[11.537754696010381, 11.570295262480272, 11.574651204116606, 11.556633591188302, 11.51108829257646, 11.44662299610809, 11.363986860824753, 11.26037349764033]
slope deltas:
[ 0.03254057  0.00435594  0.01801761  0.0455453   0.0644653   0.08263614
  0.10361336]
desired erosions: 8
erosion of mask #8 complete.
eroding mask 9...
cell mask means:
[856.86283159976983, 870.28958708311552, 883.87986792024799, 897.53652937715947, 911.17192277423169, 924.73881619514793, 938.19336782851235, 951.47934709509479, 964.47799156179758, 977.08561804595217]
slopes:
[13.508518160239078, 13.623471147021974, 13.64602742699185, 13.601143408994233, 13.510722527140331, 13.370265449973431, 13.142311866642615, 12.803135475428689]
slope deltas:
[ 0.11495299  0.02255628  0.04488402  0.09042088  0.14045708  0.22795358
  0.33917639]
desired erosions: 8
erosion of mask #9 complete.
eroding mask 10...
cell mask means:
[935.38732975350763, 947.98131795122072, 960.66042863270116, 973.3516716400768, 986.02119220853399, 998.66214713566274, 1011.2282690200929, 1023.6485889268797, 1035.8509901538971, 1047.7944853427018]
slopes:
[12.636549439596763, 12.685176844428042, 12.680381787916417, 12.655237747792967, 12.603538405779432, 12.493220895608488, 12.311360566902124, 12.072948207911054]
slope deltas:
[ 0.0486274   0.00479506  0.02514404  0.05169934  0.11031751  0.18186033
  0.23841236]
desired erosions: 8
erosion of mask #10 complete.
eroding mask 11...
cell mask means:
[745.99885921637156, 755.1083020545916, 764.17349281533086, 773.15428380201456, 782.01312411952028, 790.72669151020932, 799.28127805589793, 807.66508049416632, 815.87348581506365, 823.90554941331038]
slopes:
[9.0873167994796518, 9.0229908737114783, 8.9198156520947123, 8.7862038540973799, 8.6340769681888219, 8.4691944919784987, 8.2961038795828586, 8.1202344595720319]
slope deltas:
[ 0.06432593  0.10317522  0.1336118   0.15212689  0.16488248  0.17309061
  0.17586942]
desired erosions: 8
erosion of mask #11 complete.
eroding mask 12...
cell mask means:
[848.58521096458446, 858.04888438138266, 867.50213308086234, 876.91338752559523, 886.23906837049969, 895.4498479120798, 904.51963370288274, 913.42117851530497, 922.12393929474217, 930.58841770503864]
slopes:
[9.458461058138937, 9.4322515721062814, 9.3684676448186792, 9.2682301932422888, 9.1402826661915242, 8.9856653016125847, 8.8021527959297146, 8.5836195948668319]
slope deltas:
[ 0.02620949  0.06378393  0.10023745  0.12794753  0.15461736  0.18351251
  0.2185332 ]
desired erosions: 8
erosion of mask #12 complete.
eroding mask 13...
cell mask means:
[976.24680088003811, 985.44056313808483, 994.6354545104324, 1003.8154951027522, 1012.9558653846154, 1022.016164103491, 1030.9698253167962, 1039.7887352607777, 1048.4258259441756, 1056.8651005959491]
slopes:
[9.1943268151971438, 9.1874659823336629, 9.1602054370915198, 9.1003345003693994, 9.0069799660903982, 8.886285578643367, 8.7280003136896767, 8.5381826675857155]
slope deltas:
[ 0.00686083  0.02726055  0.05987094  0.09335453  0.12069439  0.15828526
  0.18981765]
desired erosions: 8
erosion of mask #13 complete.
eroding mask 14...
cell mask means:
[963.42056063373707, 978.00040797410009, 992.67250861504783, 1007.3896705079018, 1022.0978645777444, 1036.756290418745, 1051.3586859994207, 1065.8633448400524, 1080.2141254053024, 1094.3269960857845]
slopes:
[14.625973990655382, 14.694631266900842, 14.712677981348293, 14.683309955421635, 14.630410710838134, 14.553527210653669, 14.427719702940863, 14.23182562286604]
slope deltas:
[ 0.06865728  0.01804671  0.02936803  0.05289924  0.0768835   0.12580751
  0.19589408]
desired erosions: 8
erosion of mask #14 complete.
eroding mask 15...
cell mask means:
[1019.4113326614498, 1033.9760974138678, 1048.7041538189567, 1063.5675822665701, 1078.5196201653921, 1093.5189779608518, 1108.5609072185575, 1123.5980858295325, 1138.5615362407618, 1153.3840458716293]
slopes:
[14.646410578753432, 14.795742426351126, 14.907733173217707, 14.97569784714085, 15.020643526582717, 15.039553934340347, 15.000314511102147, 14.892980021048402]
slope deltas:
[ 0.14933185  0.11199075  0.06796467  0.04494568  0.01891041  0.03923942
  0.10733449]
desired erosions: 2
erosion of mask #15 complete.
eroding mask 16...
cell mask means:
[917.75278266650002, 933.1906714166563, 948.78917440326575, 964.49511881308104, 980.23838683506233, 995.89549592604885, 1011.3778052513248, 1026.5712905140419, 1041.3870901709076, 1055.7428200430613]
slopes:
[15.518195868382861, 15.652223698212367, 15.724606215898291, 15.700188556483909, 15.569709208131258, 15.337897293996548, 15.004642459791398, 14.58576476450969]
slope deltas:
[ 0.13402783  0.07238252  0.02441766  0.13047935  0.23181191  0.33325483
  0.4188777 ]
desired erosions: 8
erosion of mask #16 complete.
eroding mask 17...
cell mask means:
[731.58713343722411, 738.99798373088447, 746.3804698849242, 753.7161916477155, 760.95382268410674, 768.03516941039743, 774.93127289101005, 781.62388879900129, 788.09965292117568, 794.33257221038014]
slopes:
[7.3966682238500425, 7.3591039584155169, 7.286676399591272, 7.1594888813409625, 6.9887251034516567, 6.7943596943019315, 6.584190015082811, 6.3543417056894214]
slope deltas:
[ 0.03756427  0.07242756  0.12718752  0.17076378  0.19436541  0.21016968
  0.22984831]
desired erosions: 8
erosion of mask #17 complete.
eroding mask 18...
cell mask means:
[861.09371202509737, 871.54581178921694, 881.98562361135657, 892.34352591691197, 902.55450819242878, 912.57220251669298, 922.36138383679599, 931.89235501026587, 941.14856817188104, 950.16814073665091]
slopes:
[10.445955793129599, 10.398857063847515, 10.284442290536106, 10.114338299890505, 9.903437822183605, 9.6600762467864456, 9.393592167542522, 9.1378928631925191]
slope deltas:
[ 0.04709873  0.11441477  0.17010399  0.21090048  0.24336158  0.26648408
  0.2556993 ]
desired erosions: 7
erosion of mask #18 complete.
eroding mask 19...
cell mask means:
[881.59404549755152, 893.36797801829084, 905.17865576612201, 916.97389209249434, 928.72399530580867, 940.40422736253345, 951.9284322012611, 963.18072308624801, 974.07449967042055, 984.5388234275938]
slopes:
[11.792305134285243, 11.802957037101748, 11.772669769843333, 11.715167635019554, 11.602218447726216, 11.38824786185728, 11.073033734579724, 10.679050170672895]
slope deltas:
[ 0.0106519   0.03028727  0.05750213  0.11294919  0.21397059  0.31521413
  0.39398356]
desired erosions: 8
erosion of mask #19 complete.
converting nuclei to binary masks for distance xform...
segmenting cells in image #1 out of 20...
performing Euclidean distance xform...
smoothing the distance map...
generating segmentation seeds from nuclei_centers...
watershed segmenting cells from nuclei centers...
segmentation complete for image #1.
removing cells that contact the edge of the image.
removing small foci...
2 raw segmented cells
0 foci volume < 1000 px, removing...

segmenting cells in image #2 out of 20...
performing Euclidean distance xform...
smoothing the distance map...
generating segmentation seeds from nuclei_centers...
watershed segmenting cells from nuclei centers...
segmentation complete for image #2.
removing cells that contact the edge of the image.
removing small foci...
2 raw segmented cells
0 foci volume < 1000 px, removing...

segmenting cells in image #3 out of 20...
performing Euclidean distance xform...
smoothing the distance map...
generating segmentation seeds from nuclei_centers...
watershed segmenting cells from nuclei centers...
segmentation complete for image #3.
removing cells that contact the edge of the image.
removing small foci...
2 raw segmented cells
0 foci volume < 1000 px, removing...

segmenting cells in image #4 out of 20...
performing Euclidean distance xform...
smoothing the distance map...
generating segmentation seeds from nuclei_centers...
watershed segmenting cells from nuclei centers...
segmentation complete for image #4.
removing cells that contact the edge of the image.
removing small foci...
3 raw segmented cells
1 foci volume < 1000 px, removing...

segmenting cells in image #5 out of 20...
performing Euclidean distance xform...
smoothing the distance map...
generating segmentation seeds from nuclei_centers...
watershed segmenting cells from nuclei centers...
segmentation complete for image #5.
removing cells that contact the edge of the image.
removing small foci...
2 raw segmented cells
0 foci volume < 1000 px, removing...

segmenting cells in image #6 out of 20...
performing Euclidean distance xform...
smoothing the distance map...
generating segmentation seeds from nuclei_centers...
watershed segmenting cells from nuclei centers...
segmentation complete for image #6.
removing cells that contact the edge of the image.
removing small foci...
2 raw segmented cells
0 foci volume < 1000 px, removing...

segmenting cells in image #7 out of 20...
performing Euclidean distance xform...
smoothing the distance map...
generating segmentation seeds from nuclei_centers...
watershed segmenting cells from nuclei centers...
segmentation complete for image #7.
removing cells that contact the edge of the image.
removing small foci...
2 raw segmented cells
0 foci volume < 1000 px, removing...

segmenting cells in image #8 out of 20...
performing Euclidean distance xform...
smoothing the distance map...
generating segmentation seeds from nuclei_centers...
watershed segmenting cells from nuclei centers...
segmentation complete for image #8.
removing cells that contact the edge of the image.
removing small foci...
2 raw segmented cells
0 foci volume < 1000 px, removing...

segmenting cells in image #9 out of 20...
performing Euclidean distance xform...
smoothing the distance map...
generating segmentation seeds from nuclei_centers...
watershed segmenting cells from nuclei centers...
segmentation complete for image #9.
removing cells that contact the edge of the image.
removing small foci...
2 raw segmented cells
0 foci volume < 1000 px, removing...

segmenting cells in image #10 out of 20...
performing Euclidean distance xform...
smoothing the distance map...
generating segmentation seeds from nuclei_centers...
watershed segmenting cells from nuclei centers...
segmentation complete for image #10.
removing cells that contact the edge of the image.
removing small foci...
2 raw segmented cells
0 foci volume < 1000 px, removing...

segmenting cells in image #11 out of 20...
performing Euclidean distance xform...
smoothing the distance map...
generating segmentation seeds from nuclei_centers...
watershed segmenting cells from nuclei centers...
segmentation complete for image #11.
removing cells that contact the edge of the image.
removing small foci...
2 raw segmented cells
0 foci volume < 1000 px, removing...

segmenting cells in image #12 out of 20...
performing Euclidean distance xform...
smoothing the distance map...
generating segmentation seeds from nuclei_centers...
watershed segmenting cells from nuclei centers...
segmentation complete for image #12.
removing cells that contact the edge of the image.
removing small foci...
3 raw segmented cells
0 foci volume < 1000 px, removing...

segmenting cells in image #13 out of 20...
performing Euclidean distance xform...
smoothing the distance map...
generating segmentation seeds from nuclei_centers...
watershed segmenting cells from nuclei centers...
segmentation complete for image #13.
removing cells that contact the edge of the image.
removing small foci...
2 raw segmented cells
0 foci volume < 1000 px, removing...

segmenting cells in image #14 out of 20...
performing Euclidean distance xform...
smoothing the distance map...
generating segmentation seeds from nuclei_centers...
watershed segmenting cells from nuclei centers...
segmentation complete for image #14.
removing cells that contact the edge of the image.
removing small foci...
2 raw segmented cells
0 foci volume < 1000 px, removing...

segmenting cells in image #15 out of 20...
performing Euclidean distance xform...
smoothing the distance map...
generating segmentation seeds from nuclei_centers...
watershed segmenting cells from nuclei centers...
segmentation complete for image #15.
removing cells that contact the edge of the image.
removing small foci...
2 raw segmented cells
0 foci volume < 1000 px, removing...

segmenting cells in image #16 out of 20...
performing Euclidean distance xform...
smoothing the distance map...
generating segmentation seeds from nuclei_centers...
watershed segmenting cells from nuclei centers...
segmentation complete for image #16.
removing cells that contact the edge of the image.
removing small foci...
2 raw segmented cells
0 foci volume < 1000 px, removing...

segmenting cells in image #17 out of 20...
performing Euclidean distance xform...
smoothing the distance map...
generating segmentation seeds from nuclei_centers...
watershed segmenting cells from nuclei centers...
segmentation complete for image #17.
removing cells that contact the edge of the image.
removing small foci...
2 raw segmented cells
0 foci volume < 1000 px, removing...

segmenting cells in image #18 out of 20...
performing Euclidean distance xform...
smoothing the distance map...
generating segmentation seeds from nuclei_centers...
watershed segmenting cells from nuclei centers...
segmentation complete for image #18.
removing cells that contact the edge of the image.
removing small foci...
2 raw segmented cells
0 foci volume < 1000 px, removing...

segmenting cells in image #19 out of 20...
performing Euclidean distance xform...
smoothing the distance map...
generating segmentation seeds from nuclei_centers...
watershed segmenting cells from nuclei centers...
segmentation complete for image #19.
removing cells that contact the edge of the image.
removing small foci...
2 raw segmented cells
0 foci volume < 1000 px, removing...

segmenting cells in image #20 out of 20...
performing Euclidean distance xform...
smoothing the distance map...
generating segmentation seeds from nuclei_centers...
watershed segmenting cells from nuclei centers...
segmentation complete for image #20.
removing cells that contact the edge of the image.
removing small foci...
3 raw segmented cells
0 foci volume < 1000 px, removing...

Cells segmented.
initializing attributes...
loading images...
Foci instance created.
beginning segmentation.
------------------------------------------------------
segmenting foci from channel 488
------------------------------------------------------
canny threshold for channel 488: (14000, 10000)
segmenting foci for position 1 out of 20
generating normalized image for segmentation...
blurring image...
calculating image mean...
original cell mean: 1042.96985252
normalizing image...
performing segmentation...
raw image imported.
performing gaussian filtering...
Image smoothed.
preprocessing complete.
generating distance map...
distance map complete.
smoothing distance map...
distance map smoothed.
identifying maxima...
maxima identified.
watershedding...
watershedding complete.
creating PexSegmentObj...
eliminating dim foci...
before eliminating dim foci: 3 foci in image
cell mean: 1012.4913329
cell standard deviation: 722.705320457
intensity cutoff for removal: 2277.2256437
-----filtering foci-----
focus intensity: 99.3143628454
removing focus
focus intensity: 6124.61904762
focus intensity: 7131.71428571
focus intensity: 6099.95238095
after eliminating dim foci: 3 foci in image
eliminating foci that reside outside of cells...
eliminating intranuclear foci...
2 final foci
--matching foci to parent cells--
current ID: 2
  overlapping parent cell(s): 
[ 1.]
  # of pixels overlapping with parent(s):
[15]
matched to one parent cell.
current ID: 3
  overlapping parent cell(s): 
[ 2.]
  # of pixels overlapping with parent(s):
[63]
matched to one parent cell.
foci segmented from position 1

segmenting foci for position 2 out of 20
generating normalized image for segmentation...
blurring image...
calculating image mean...
original cell mean: 1181.56336377
normalizing image...
performing segmentation...
raw image imported.
performing gaussian filtering...
Image smoothed.
preprocessing complete.
generating distance map...
distance map complete.
smoothing distance map...
distance map smoothed.
identifying maxima...
maxima identified.
watershedding...
watershedding complete.
creating PexSegmentObj...
eliminating dim foci...
before eliminating dim foci: 1 foci in image
cell mean: 1032.51539149
cell standard deviation: 714.686530099
intensity cutoff for removal: 2283.21681916
-----filtering foci-----
focus intensity: 6952.85416667
focus intensity: 114.996960169
removing focus
after eliminating dim foci: 1 foci in image
eliminating foci that reside outside of cells...
eliminating intranuclear foci...
1 final foci
--matching foci to parent cells--
current ID: 1
  overlapping parent cell(s): 
[ 2.]
  # of pixels overlapping with parent(s):
[48]
matched to one parent cell.
foci segmented from position 2

segmenting foci for position 3 out of 20
generating normalized image for segmentation...
blurring image...
calculating image mean...
original cell mean: 1047.03176642
normalizing image...
performing segmentation...
raw image imported.
performing gaussian filtering...
Image smoothed.
preprocessing complete.
generating distance map...
distance map complete.
smoothing distance map...
distance map smoothed.
identifying maxima...
maxima identified.
watershedding...
watershedding complete.
creating PexSegmentObj...
eliminating dim foci...
before eliminating dim foci: 2 foci in image
cell mean: 1056.5492564
cell standard deviation: 810.109709218
intensity cutoff for removal: 2474.24124753
-----filtering foci-----
focus intensity: 6626.04081633
focus intensity: 99.4259843516
removing focus
focus intensity: 5485.83333333
after eliminating dim foci: 2 foci in image
eliminating foci that reside outside of cells...
eliminating intranuclear foci...
2 final foci
--matching foci to parent cells--
current ID: 1
  overlapping parent cell(s): 
[ 2.]
  # of pixels overlapping with parent(s):
[49]
matched to one parent cell.
current ID: 2
  overlapping parent cell(s): 
[ 2.]
  # of pixels overlapping with parent(s):
[24]
matched to one parent cell.
foci segmented from position 3

segmenting foci for position 4 out of 20
generating normalized image for segmentation...
blurring image...
calculating image mean...
original cell mean: 1222.54273148
normalizing image...
performing segmentation...
raw image imported.
performing gaussian filtering...
Image smoothed.
preprocessing complete.
generating distance map...
distance map complete.
smoothing distance map...
distance map smoothed.
identifying maxima...
maxima identified.
watershedding...
watershedding complete.
creating PexSegmentObj...
eliminating dim foci...
before eliminating dim foci: 1 foci in image
cell mean: 1033.78056981
cell standard deviation: 803.178494348
intensity cutoff for removal: 2439.34293492
-----filtering foci-----
focus intensity: 5106.42857143
focus intensity: 119.45241674
removing focus
after eliminating dim foci: 1 foci in image
eliminating foci that reside outside of cells...
eliminating intranuclear foci...
1 final foci
--matching foci to parent cells--
current ID: 1
  overlapping parent cell(s): 
[ 2.]
  # of pixels overlapping with parent(s):
[21]
matched to one parent cell.
foci segmented from position 4

segmenting foci for position 5 out of 20
generating normalized image for segmentation...
blurring image...
calculating image mean...
original cell mean: 1026.56090018
normalizing image...
performing segmentation...
raw image imported.
performing gaussian filtering...
Image smoothed.
preprocessing complete.
generating distance map...
distance map complete.
smoothing distance map...
distance map smoothed.
identifying maxima...
maxima identified.
watershedding...
watershedding complete.
creating PexSegmentObj...
eliminating dim foci...
before eliminating dim foci: 3 foci in image
cell mean: 1020.06099274
cell standard deviation: 724.254138235
intensity cutoff for removal: 2287.50573465
-----filtering foci-----
focus intensity: 5896.61538462
focus intensity: 6280.30769231
focus intensity: 124.055270361
removing focus
focus intensity: 6173.68181818
after eliminating dim foci: 3 foci in image
eliminating foci that reside outside of cells...
eliminating intranuclear foci...
2 final foci
--matching foci to parent cells--
current ID: 1
  overlapping parent cell(s): 
[ 1.]
  # of pixels overlapping with parent(s):
[13]
matched to one parent cell.
current ID: 2
  overlapping parent cell(s): 
[ 1.]
  # of pixels overlapping with parent(s):
[13]
matched to one parent cell.
foci segmented from position 5

segmenting foci for position 6 out of 20
generating normalized image for segmentation...
blurring image...
calculating image mean...
original cell mean: 1160.19649267
normalizing image...
performing segmentation...
raw image imported.
performing gaussian filtering...
Image smoothed.
preprocessing complete.
generating distance map...
distance map complete.
smoothing distance map...
distance map smoothed.
identifying maxima...
maxima identified.
watershedding...
watershedding complete.
creating PexSegmentObj...
eliminating dim foci...
before eliminating dim foci: 0 foci in image
cell mean: 1032.85813679
cell standard deviation: 737.568473461
intensity cutoff for removal: 2323.60296535
-----filtering foci-----
focus intensity: 86.6799686996
removing focus
after eliminating dim foci: 0 foci in image
eliminating foci that reside outside of cells...
eliminating intranuclear foci...
0 final foci
--matching foci to parent cells--
foci segmented from position 6

segmenting foci for position 7 out of 20
generating normalized image for segmentation...
blurring image...
calculating image mean...
original cell mean: 979.623513682
normalizing image...
performing segmentation...
raw image imported.
performing gaussian filtering...
Image smoothed.
preprocessing complete.
generating distance map...
distance map complete.
smoothing distance map...
distance map smoothed.
identifying maxima...
maxima identified.
watershedding...
watershedding complete.
creating PexSegmentObj...
eliminating dim foci...
before eliminating dim foci: 2 foci in image
cell mean: 1032.61194903
cell standard deviation: 705.303975409
intensity cutoff for removal: 2266.893906
-----filtering foci-----
focus intensity: 104.931575795
removing focus
focus intensity: 7240.22222222
focus intensity: 6693.2
after eliminating dim foci: 2 foci in image
eliminating foci that reside outside of cells...
eliminating intranuclear foci...
1 final foci
--matching foci to parent cells--
current ID: 1
  overlapping parent cell(s): 
[ 1.]
  # of pixels overlapping with parent(s):
[18]
matched to one parent cell.
foci segmented from position 7

segmenting foci for position 8 out of 20
generating normalized image for segmentation...
blurring image...
calculating image mean...
original cell mean: 1070.10394664
normalizing image...
performing segmentation...
raw image imported.
performing gaussian filtering...
Image smoothed.
preprocessing complete.
generating distance map...
distance map complete.
smoothing distance map...
distance map smoothed.
identifying maxima...
maxima identified.
watershedding...
watershedding complete.
creating PexSegmentObj...
eliminating dim foci...
before eliminating dim foci: 1 foci in image
cell mean: 1029.61249191
cell standard deviation: 746.22821832
intensity cutoff for removal: 2335.51187397
-----filtering foci-----
focus intensity: 107.066303569
removing focus
focus intensity: 7919.1
after eliminating dim foci: 1 foci in image
eliminating foci that reside outside of cells...
eliminating intranuclear foci...
1 final foci
--matching foci to parent cells--
current ID: 1
  overlapping parent cell(s): 
[ 2.]
  # of pixels overlapping with parent(s):
[20]
matched to one parent cell.
foci segmented from position 8

segmenting foci for position 9 out of 20
generating normalized image for segmentation...
blurring image...
calculating image mean...
original cell mean: 1071.10303552
normalizing image...
performing segmentation...
raw image imported.
performing gaussian filtering...
Image smoothed.
preprocessing complete.
generating distance map...
distance map complete.
smoothing distance map...
distance map smoothed.
identifying maxima...
maxima identified.
watershedding...
watershedding complete.
creating PexSegmentObj...
eliminating dim foci...
before eliminating dim foci: 1 foci in image
cell mean: 1045.41352159
cell standard deviation: 783.554427108
intensity cutoff for removal: 2416.63376903
-----filtering foci-----
focus intensity: 7497.66666667
focus intensity: 103.293924755
removing focus
after eliminating dim foci: 1 foci in image
eliminating foci that reside outside of cells...
eliminating intranuclear foci...
1 final foci
--matching foci to parent cells--
current ID: 1
  overlapping parent cell(s): 
[ 2.]
  # of pixels overlapping with parent(s):
[63]
matched to one parent cell.
foci segmented from position 9

segmenting foci for position 10 out of 20
generating normalized image for segmentation...
blurring image...
calculating image mean...
original cell mean: 958.218202832
normalizing image...
performing segmentation...
raw image imported.
performing gaussian filtering...
Image smoothed.
preprocessing complete.
generating distance map...
distance map complete.
smoothing distance map...
distance map smoothed.
identifying maxima...
maxima identified.
watershedding...
watershedding complete.
creating PexSegmentObj...
eliminating dim foci...
before eliminating dim foci: 0 foci in image
cell mean: 1055.36261148
cell standard deviation: 716.199442277
intensity cutoff for removal: 2308.71163546
-----filtering foci-----
focus intensity: 75.0130199374
removing focus
after eliminating dim foci: 0 foci in image
eliminating foci that reside outside of cells...
eliminating intranuclear foci...
0 final foci
--matching foci to parent cells--
foci segmented from position 10

segmenting foci for position 11 out of 20
generating normalized image for segmentation...
blurring image...
calculating image mean...
original cell mean: 1031.71642456
normalizing image...
performing segmentation...
raw image imported.
performing gaussian filtering...
Image smoothed.
preprocessing complete.
generating distance map...
distance map complete.
smoothing distance map...
distance map smoothed.
identifying maxima...
maxima identified.
watershedding...
watershedding complete.
creating PexSegmentObj...
eliminating dim foci...
before eliminating dim foci: 0 foci in image
cell mean: 1025.51782069
cell standard deviation: 706.931990758
intensity cutoff for removal: 2262.64880452
-----filtering foci-----
focus intensity: 83.1886113359
removing focus
after eliminating dim foci: 0 foci in image
eliminating foci that reside outside of cells...
eliminating intranuclear foci...
0 final foci
--matching foci to parent cells--
foci segmented from position 11

segmenting foci for position 12 out of 20
generating normalized image for segmentation...
blurring image...
calculating image mean...
original cell mean: 813.265630042
normalizing image...
performing segmentation...
raw image imported.
performing gaussian filtering...
Image smoothed.
preprocessing complete.
generating distance map...
distance map complete.
smoothing distance map...
distance map smoothed.
identifying maxima...
maxima identified.
watershedding...
watershedding complete.
creating PexSegmentObj...
eliminating dim foci...
before eliminating dim foci: 1 foci in image
cell mean: 1045.64592854
cell standard deviation: 682.644331816
intensity cutoff for removal: 2240.27350922
-----filtering foci-----
focus intensity: 6365.02380952
focus intensity: 95.9595945541
removing focus
after eliminating dim foci: 1 foci in image
eliminating foci that reside outside of cells...
eliminating intranuclear foci...
1 final foci
--matching foci to parent cells--
current ID: 1
  overlapping parent cell(s): 
[ 1.]
  # of pixels overlapping with parent(s):
[42]
matched to one parent cell.
foci segmented from position 12

segmenting foci for position 13 out of 20
generating normalized image for segmentation...
blurring image...
calculating image mean...
original cell mean: 919.291772235
normalizing image...
performing segmentation...
raw image imported.
performing gaussian filtering...
Image smoothed.
preprocessing complete.
generating distance map...
distance map complete.
smoothing distance map...
distance map smoothed.
identifying maxima...
maxima identified.
watershedding...
watershedding complete.
creating PexSegmentObj...
eliminating dim foci...
before eliminating dim foci: 7 foci in image
cell mean: 1026.13966323
cell standard deviation: 723.445149653
intensity cutoff for removal: 2292.16867513
-----filtering foci-----
focus intensity: 6565.55555556
focus intensity: 134.959838477
removing focus
focus intensity: 7495.28301887
focus intensity: 6538.6
focus intensity: 8427.9122807
focus intensity: 6365.0
focus intensity: 5758.8
focus intensity: 6189.2
after eliminating dim foci: 7 foci in image
eliminating foci that reside outside of cells...
eliminating intranuclear foci...
7 final foci
--matching foci to parent cells--
current ID: 1
  overlapping parent cell(s): 
[ 2.]
  # of pixels overlapping with parent(s):
[5]
matched to one parent cell.
current ID: 2
  overlapping parent cell(s): 
[ 2.]
  # of pixels overlapping with parent(s):
[5]
matched to one parent cell.
current ID: 3
  overlapping parent cell(s): 
[ 2.]
  # of pixels overlapping with parent(s):
[5]
matched to one parent cell.
current ID: 4
  overlapping parent cell(s): 
[ 2.]
  # of pixels overlapping with parent(s):
[5]
matched to one parent cell.
current ID: 5
  overlapping parent cell(s): 
[ 1.]
  # of pixels overlapping with parent(s):
[45]
matched to one parent cell.
current ID: 6
  overlapping parent cell(s): 
[ 1.]
  # of pixels overlapping with parent(s):
[53]
matched to one parent cell.
current ID: 7
  overlapping parent cell(s): 
[ 2.]
  # of pixels overlapping with parent(s):
[57]
matched to one parent cell.
foci segmented from position 13

segmenting foci for position 14 out of 20
generating normalized image for segmentation...
blurring image...
calculating image mean...
original cell mean: 1045.63088565
normalizing image...
performing segmentation...
raw image imported.
performing gaussian filtering...
Image smoothed.
preprocessing complete.
generating distance map...
distance map complete.
smoothing distance map...
distance map smoothed.
identifying maxima...
maxima identified.
watershedding...
watershedding complete.
creating PexSegmentObj...
eliminating dim foci...
before eliminating dim foci: 3 foci in image
cell mean: 1025.89460809
cell standard deviation: 771.235841103
intensity cutoff for removal: 2375.55733002
-----filtering foci-----
focus intensity: 6660.45833333
focus intensity: 6404.36842105
focus intensity: 7805.344
focus intensity: 158.241551113
removing focus
after eliminating dim foci: 3 foci in image
eliminating foci that reside outside of cells...
eliminating intranuclear foci...
3 final foci
--matching foci to parent cells--
current ID: 1
  overlapping parent cell(s): 
[ 2.]
  # of pixels overlapping with parent(s):
[125]
matched to one parent cell.
current ID: 2
  overlapping parent cell(s): 
[ 2.]
  # of pixels overlapping with parent(s):
[19]
matched to one parent cell.
current ID: 3
  overlapping parent cell(s): 
[ 2.]
  # of pixels overlapping with parent(s):
[24]
matched to one parent cell.
foci segmented from position 14

segmenting foci for position 15 out of 20
generating normalized image for segmentation...
blurring image...
calculating image mean...
original cell mean: 1075.03235274
normalizing image...
performing segmentation...
raw image imported.
performing gaussian filtering...
Image smoothed.
preprocessing complete.
generating distance map...
distance map complete.
smoothing distance map...
distance map smoothed.
identifying maxima...
maxima identified.
watershedding...
watershedding complete.
creating PexSegmentObj...
eliminating dim foci...
before eliminating dim foci: 0 foci in image
cell mean: 1024.41477539
cell standard deviation: 672.926468054
intensity cutoff for removal: 2202.03609448
-----filtering foci-----
focus intensity: 72.2192974937
removing focus
after eliminating dim foci: 0 foci in image
eliminating foci that reside outside of cells...
eliminating intranuclear foci...
0 final foci
--matching foci to parent cells--
foci segmented from position 15

segmenting foci for position 16 out of 20
generating normalized image for segmentation...
blurring image...
calculating image mean...
original cell mean: 1045.23517292
normalizing image...
performing segmentation...
raw image imported.
performing gaussian filtering...
Image smoothed.
preprocessing complete.
generating distance map...
distance map complete.
smoothing distance map...
distance map smoothed.
identifying maxima...
maxima identified.
watershedding...
watershedding complete.
creating PexSegmentObj...
eliminating dim foci...
before eliminating dim foci: 1 foci in image
cell mean: 1027.32728627
cell standard deviation: 795.433491502
intensity cutoff for removal: 2419.33589639
-----filtering foci-----
focus intensity: 112.854408833
removing focus
focus intensity: 7414.14285714
after eliminating dim foci: 1 foci in image
eliminating foci that reside outside of cells...
eliminating intranuclear foci...
0 final foci
--matching foci to parent cells--
foci segmented from position 16

segmenting foci for position 17 out of 20
generating normalized image for segmentation...
blurring image...
calculating image mean...
original cell mean: 1035.71690884
normalizing image...
performing segmentation...
raw image imported.
performing gaussian filtering...
Image smoothed.
preprocessing complete.
generating distance map...
distance map complete.
smoothing distance map...
distance map smoothed.
identifying maxima...
maxima identified.
watershedding...
watershedding complete.
creating PexSegmentObj...
eliminating dim foci...
before eliminating dim foci: 1 foci in image
cell mean: 1024.95249862
cell standard deviation: 672.693688284
intensity cutoff for removal: 2202.16645312
-----filtering foci-----
focus intensity: 76.9342974904
removing focus
focus intensity: 5895.68421053
after eliminating dim foci: 1 foci in image
eliminating foci that reside outside of cells...
eliminating intranuclear foci...
1 final foci
--matching foci to parent cells--
current ID: 1
  overlapping parent cell(s): 
[ 1.]
  # of pixels overlapping with parent(s):
[19]
matched to one parent cell.
foci segmented from position 17

segmenting foci for position 18 out of 20
generating normalized image for segmentation...
blurring image...
calculating image mean...
original cell mean: 785.25331544
normalizing image...
performing segmentation...
raw image imported.
performing gaussian filtering...
Image smoothed.
preprocessing complete.
generating distance map...
distance map complete.
smoothing distance map...
distance map smoothed.
identifying maxima...
maxima identified.
watershedding...
watershedding complete.
creating PexSegmentObj...
eliminating dim foci...
before eliminating dim foci: 13 foci in image
cell mean: 1021.34520198
cell standard deviation: 749.004791463
intensity cutoff for removal: 2332.10358705
-----filtering foci-----
focus intensity: 6976.27272727
focus intensity: 9057.50561798
focus intensity: 6299.125
focus intensity: 4676.4
focus intensity: 5737.0
focus intensity: 5321.42105263
focus intensity: 6540.53225806
focus intensity: 6770.13043478
focus intensity: 6787.34210526
focus intensity: 5429.66666667
focus intensity: 6710.14285714
focus intensity: 5367.71428571
focus intensity: 6843.125
focus intensity: 127.71404171
removing focus
after eliminating dim foci: 13 foci in image
eliminating foci that reside outside of cells...
eliminating intranuclear foci...
13 final foci
--matching foci to parent cells--
current ID: 1
  overlapping parent cell(s): 
[ 1.]
  # of pixels overlapping with parent(s):
[19]
matched to one parent cell.
current ID: 2
  overlapping parent cell(s): 
[ 1.]
  # of pixels overlapping with parent(s):
[62]
matched to one parent cell.
current ID: 3
  overlapping parent cell(s): 
[ 2.]
  # of pixels overlapping with parent(s):
[89]
matched to one parent cell.
current ID: 4
  overlapping parent cell(s): 
[ 2.]
  # of pixels overlapping with parent(s):
[21]
matched to one parent cell.
current ID: 5
  overlapping parent cell(s): 
[ 1.]
  # of pixels overlapping with parent(s):
[18]
matched to one parent cell.
current ID: 6
  overlapping parent cell(s): 
[ 1.]
  # of pixels overlapping with parent(s):
[8]
matched to one parent cell.
current ID: 7
  overlapping parent cell(s): 
[ 1.]
  # of pixels overlapping with parent(s):
[8]
matched to one parent cell.
current ID: 8
  overlapping parent cell(s): 
[ 1.]
  # of pixels overlapping with parent(s):
[69]
matched to one parent cell.
current ID: 9
  overlapping parent cell(s): 
[ 1.]
  # of pixels overlapping with parent(s):
[24]
matched to one parent cell.
current ID: 10
  overlapping parent cell(s): 
[ 2.]
  # of pixels overlapping with parent(s):
[11]
matched to one parent cell.
current ID: 11
  overlapping parent cell(s): 
[ 2.]
  # of pixels overlapping with parent(s):
[5]
matched to one parent cell.
current ID: 12
  overlapping parent cell(s): 
[ 2.]
  # of pixels overlapping with parent(s):
[17]
matched to one parent cell.
current ID: 13
  overlapping parent cell(s): 
[ 1.]
  # of pixels overlapping with parent(s):
[21]
matched to one parent cell.
foci segmented from position 18

segmenting foci for position 19 out of 20
generating normalized image for segmentation...
blurring image...
calculating image mean...
original cell mean: 928.597889913
normalizing image...
performing segmentation...
raw image imported.
performing gaussian filtering...
Image smoothed.
preprocessing complete.
generating distance map...
distance map complete.
smoothing distance map...
distance map smoothed.
identifying maxima...
maxima identified.
watershedding...
watershedding complete.
creating PexSegmentObj...
eliminating dim foci...
before eliminating dim foci: 0 foci in image
cell mean: 1023.14810718
cell standard deviation: 728.203219076
intensity cutoff for removal: 2297.50374056
-----filtering foci-----
focus intensity: 81.3269758453
removing focus
after eliminating dim foci: 0 foci in image
eliminating foci that reside outside of cells...
eliminating intranuclear foci...
0 final foci
--matching foci to parent cells--
foci segmented from position 19

segmenting foci for position 20 out of 20
generating normalized image for segmentation...
blurring image...
calculating image mean...
original cell mean: 969.635675217
normalizing image...
performing segmentation...
raw image imported.
performing gaussian filtering...
Image smoothed.
preprocessing complete.
generating distance map...
distance map complete.
smoothing distance map...
distance map smoothed.
identifying maxima...
maxima identified.
watershedding...
watershedding complete.
creating PexSegmentObj...
eliminating dim foci...
before eliminating dim foci: 2 foci in image
cell mean: 1033.18279002
cell standard deviation: 804.5371287
intensity cutoff for removal: 2441.12276525
-----filtering foci-----
focus intensity: 99.332338831
removing focus
focus intensity: 5412.0
focus intensity: 5855.45
after eliminating dim foci: 2 foci in image
eliminating foci that reside outside of cells...
eliminating intranuclear foci...
2 final foci
--matching foci to parent cells--
current ID: 1
  overlapping parent cell(s): 
[ 2.]
  # of pixels overlapping with parent(s):
[20]
matched to one parent cell.
current ID: 2
  overlapping parent cell(s): 
[ 3.]
  # of pixels overlapping with parent(s):
[22]
matched to one parent cell.
foci segmented from position 20

------------------------------------------------------
segmentation complete for channel 488
------------------------------------------------------
Foci segmented.
Measuring overlap...
checking for overlap...
finding overlap in image #1 out of 20
