args:
Namespace(array_no='11', output_dir='/n/denic_lab/Lab/csth-output/lc3_lysoview_timelapse/', ref_csv='/n/denic_lab/Users/nweir/python_packages/csth-imaging/8-7_im_list.csv')
czi path: /n/denic_lab/Lab/TH_Imaging/8.7.17_TH84_Lysoview-LC3_Timecourse_LSM880_Airyscan/Lysoview-LC3_HEK_dAtg7_1hrTor_20Pos_2_AiryscanProcessing.czi
control czi path: /n/denic_lab/Lab/TH_Imaging/8.7.17_TH84_Lysoview-LC3_Timecourse_LSM880_Airyscan/Lysoview-LC3_HEK_dAtg7_1hrTor_Empty_AiryscanProcessing.czi
MultiFinder created.
generating cell masks...

generating cell masks...

generating mask #1
labeling contiguous objects...
eliminating objects w/volume < 100,000 px...
pruning labels...
unlabeling out of focus slices...
generating gradient image...
generating gradient intensity histograms...
predicting focus labels using SVM classifier...
calculating decision function values for labels...
raw focus labels:
[1 1 1 1 1 1 1 1 1 1 1 1 1 1 1 1 1 1 1 1 1 1 1 1 1 1 1 1 1 1 1 1 1 1 1 1 1
 1 1 1 1 1 1 1 1 1 0 0 0 0 0]
correcting slice labels...
One continuous stretch defined as in focus.
Warning: cells cut off by top or bottom of stack:
[1 1 1 1 1 1 1 1 1 1 1 1 1 1 1 1 1 1 1 1 1 1 1 1 1 1 1 1 1 1 1 1 1 1 1 1 1
 1 1 1 1 1 1 1 1 1 0 0 0 0 0]
appending outputs...
mask #1 complete.

generating mask #2
labeling contiguous objects...
eliminating objects w/volume < 100,000 px...
pruning labels...
unlabeling out of focus slices...
generating gradient image...
generating gradient intensity histograms...
predicting focus labels using SVM classifier...
calculating decision function values for labels...
raw focus labels:
[0 0 0 0 0 0 0 0 0 0 0 0 0 0 1 1 1 1 1 1 1 1 1 1 1 1 1 1 1 1 1 1 1 1 1 1 1
 1 1 1 1 1 1 1 1 1 1 1 1 1 1]
correcting slice labels...
One continuous stretch defined as in focus.
Warning: cells cut off by top or bottom of stack:
[0 0 0 0 0 0 0 0 0 0 0 0 0 0 1 1 1 1 1 1 1 1 1 1 1 1 1 1 1 1 1 1 1 1 1 1 1
 1 1 1 1 1 1 1 1 1 1 1 1 1 1]
appending outputs...
mask #2 complete.

generating mask #3
labeling contiguous objects...
eliminating objects w/volume < 100,000 px...
pruning labels...
unlabeling out of focus slices...
generating gradient image...
generating gradient intensity histograms...
predicting focus labels using SVM classifier...
calculating decision function values for labels...
raw focus labels:
[0 0 0 0 0 0 0 0 0 0 0 0 0 1 1 1 1 1 1 1 1 1 1 1 1 1 1 1 1 1 1 1 1 1 1 1 1
 1 1 1 1 1 1 1 1 1 1 1 1 1 1]
correcting slice labels...
One continuous stretch defined as in focus.
Warning: cells cut off by top or bottom of stack:
[0 0 0 0 0 0 0 0 0 0 0 0 0 1 1 1 1 1 1 1 1 1 1 1 1 1 1 1 1 1 1 1 1 1 1 1 1
 1 1 1 1 1 1 1 1 1 1 1 1 1 1]
appending outputs...
mask #3 complete.

generating mask #4
labeling contiguous objects...
eliminating objects w/volume < 100,000 px...
pruning labels...
unlabeling out of focus slices...
generating gradient image...
generating gradient intensity histograms...
predicting focus labels using SVM classifier...
calculating decision function values for labels...
raw focus labels:
[0 0 0 0 0 0 0 0 0 0 0 0 0 0 0 0 0 1 1 1 1 1 1 1 1 1 1 1 1 1 1 1 1 1 1 1 1
 1 1 1 1 1 1 1 1 1 1 1 1 1 1]
correcting slice labels...
One continuous stretch defined as in focus.
Warning: cells cut off by top or bottom of stack:
[0 0 0 0 0 0 0 0 0 0 0 0 0 0 0 0 0 1 1 1 1 1 1 1 1 1 1 1 1 1 1 1 1 1 1 1 1
 1 1 1 1 1 1 1 1 1 1 1 1 1 1]
appending outputs...
mask #4 complete.

generating mask #5
labeling contiguous objects...
eliminating objects w/volume < 100,000 px...
pruning labels...
unlabeling out of focus slices...
generating gradient image...
generating gradient intensity histograms...
predicting focus labels using SVM classifier...
calculating decision function values for labels...
raw focus labels:
[0 0 0 0 0 0 0 0 0 1 1 1 1 1 1 1 1 1 1 1 1 1 1 1 1 1 1 1 1 1 1 1 1 1 1 1 1
 1 1 1 1 1 1 1 1 1 1 1 1 1 1]
correcting slice labels...
One continuous stretch defined as in focus.
Warning: cells cut off by top or bottom of stack:
[0 0 0 0 0 0 0 0 0 1 1 1 1 1 1 1 1 1 1 1 1 1 1 1 1 1 1 1 1 1 1 1 1 1 1 1 1
 1 1 1 1 1 1 1 1 1 1 1 1 1 1]
appending outputs...
mask #5 complete.

generating mask #6
labeling contiguous objects...
eliminating objects w/volume < 100,000 px...
pruning labels...
unlabeling out of focus slices...
generating gradient image...
generating gradient intensity histograms...
predicting focus labels using SVM classifier...
calculating decision function values for labels...
raw focus labels:
[1 1 1 1 1 1 1 1 1 1 1 1 1 1 1 1 1 1 1 1 1 1 1 1 1 1 1 1 1 1 1 1 1 1 1 1 1
 1 1 1 1 1 1 1 1 1 1 1 1 1 1]
correcting slice labels...
One continuous stretch defined as in focus.
Warning: cells cut off by top or bottom of stack:
[1 1 1 1 1 1 1 1 1 1 1 1 1 1 1 1 1 1 1 1 1 1 1 1 1 1 1 1 1 1 1 1 1 1 1 1 1
 1 1 1 1 1 1 1 1 1 1 1 1 1 1]
appending outputs...
mask #6 complete.

generating mask #7
labeling contiguous objects...
eliminating objects w/volume < 100,000 px...
pruning labels...
unlabeling out of focus slices...
generating gradient image...
generating gradient intensity histograms...
predicting focus labels using SVM classifier...
calculating decision function values for labels...
raw focus labels:
[0 0 0 1 0 1 1 1 1 1 1 1 1 1 1 1 1 1 1 1 1 1 1 1 1 1 1 1 1 1 1 1 1 1 1 1 1
 1 1 1 1 1 1 1 1 1 1 1 1 1 1]
correcting slice labels...
Warning: blur detection resulted in intercalation:
[0 0 0 1 1 1 1 1 1 1 1 1 1 1 1 1 1 1 1 1 1 1 1 1 1 1 1 1 1 1 1 1 1 1 1 1 1
 1 1 1 1 1 1 1 1 1 1 1 1 1 1]
Warning: cells cut off by top or bottom of stack:
[0 0 0 1 1 1 1 1 1 1 1 1 1 1 1 1 1 1 1 1 1 1 1 1 1 1 1 1 1 1 1 1 1 1 1 1 1
 1 1 1 1 1 1 1 1 1 1 1 1 1 1]
appending outputs...
mask #7 complete.

generating mask #8
labeling contiguous objects...
eliminating objects w/volume < 100,000 px...
pruning labels...
unlabeling out of focus slices...
generating gradient image...
generating gradient intensity histograms...
predicting focus labels using SVM classifier...
calculating decision function values for labels...
raw focus labels:
[0 0 0 0 0 0 0 1 1 1 1 1 1 1 1 1 1 1 1 1 1 1 1 1 1 1 1 1 1 1 1 1 1 1 1 1 1
 1 1 1 1 1 1 1 1 1 1 1 1 1 1]
correcting slice labels...
One continuous stretch defined as in focus.
Warning: cells cut off by top or bottom of stack:
[0 0 0 0 0 0 0 1 1 1 1 1 1 1 1 1 1 1 1 1 1 1 1 1 1 1 1 1 1 1 1 1 1 1 1 1 1
 1 1 1 1 1 1 1 1 1 1 1 1 1 1]
appending outputs...
mask #8 complete.

generating mask #9
labeling contiguous objects...
eliminating objects w/volume < 100,000 px...
pruning labels...
unlabeling out of focus slices...
generating gradient image...
generating gradient intensity histograms...
predicting focus labels using SVM classifier...
calculating decision function values for labels...
raw focus labels:
[0 0 0 0 0 0 0 0 1 1 1 1 1 1 1 1 1 1 1 1 1 1 1 1 1 1 1 1 1 1 1 1 1 1 1 1 1
 1 1 1 1 1 1 1 1 1 1 1 1 1 1]
correcting slice labels...
One continuous stretch defined as in focus.
Warning: cells cut off by top or bottom of stack:
[0 0 0 0 0 0 0 0 1 1 1 1 1 1 1 1 1 1 1 1 1 1 1 1 1 1 1 1 1 1 1 1 1 1 1 1 1
 1 1 1 1 1 1 1 1 1 1 1 1 1 1]
appending outputs...
mask #9 complete.

generating mask #10
labeling contiguous objects...
eliminating objects w/volume < 100,000 px...
pruning labels...
unlabeling out of focus slices...
generating gradient image...
generating gradient intensity histograms...
predicting focus labels using SVM classifier...
calculating decision function values for labels...
raw focus labels:
[0 0 0 0 0 0 0 0 0 1 1 1 1 1 1 1 1 1 1 1 1 1 1 1 1 1 1 1 1 1 1 1 1 1 1 1 1
 1 1 1 1 1 1 1 1 1 1 1 0 0 1]
correcting slice labels...
Warning: blur detection resulted in intercalation:
[0 0 0 0 0 0 0 0 0 1 1 1 1 1 1 1 1 1 1 1 1 1 1 1 1 1 1 1 1 1 1 1 1 1 1 1 1
 1 1 1 1 1 1 1 1 1 1 1 0 0 0]
appending outputs...
mask #10 complete.

generating mask #11
labeling contiguous objects...
eliminating objects w/volume < 100,000 px...
pruning labels...
unlabeling out of focus slices...
generating gradient image...
generating gradient intensity histograms...
predicting focus labels using SVM classifier...
calculating decision function values for labels...
raw focus labels:
[1 1 1 1 1 1 1 1 1 1 1 1 1 1 1 1 1 1 1 1 1 1 1 1 1 1 1 1 1 1 1 1 1 1 1 1 1
 1 1 1 1 1 1 1 1 1 1 1 1 1 1]
correcting slice labels...
One continuous stretch defined as in focus.
Warning: cells cut off by top or bottom of stack:
[1 1 1 1 1 1 1 1 1 1 1 1 1 1 1 1 1 1 1 1 1 1 1 1 1 1 1 1 1 1 1 1 1 1 1 1 1
 1 1 1 1 1 1 1 1 1 1 1 1 1 1]
appending outputs...
mask #11 complete.

generating mask #12
labeling contiguous objects...
eliminating objects w/volume < 100,000 px...
pruning labels...
unlabeling out of focus slices...
generating gradient image...
generating gradient intensity histograms...
predicting focus labels using SVM classifier...
calculating decision function values for labels...
raw focus labels:
[1 1 1 1 1 1 1 1 1 1 1 1 1 1 1 1 1 1 1 1 1 1 1 1 1 1 1 1 1 1 1 1 1 1 1 1 1
 1 1 1 1 1 1 1 1 1 1 1 1 1 1]
correcting slice labels...
One continuous stretch defined as in focus.
Warning: cells cut off by top or bottom of stack:
[1 1 1 1 1 1 1 1 1 1 1 1 1 1 1 1 1 1 1 1 1 1 1 1 1 1 1 1 1 1 1 1 1 1 1 1 1
 1 1 1 1 1 1 1 1 1 1 1 1 1 1]
appending outputs...
mask #12 complete.

generating mask #13
labeling contiguous objects...
eliminating objects w/volume < 100,000 px...
pruning labels...
unlabeling out of focus slices...
generating gradient image...
generating gradient intensity histograms...
predicting focus labels using SVM classifier...
calculating decision function values for labels...
raw focus labels:
[0 0 0 0 0 0 0 0 0 0 0 0 1 1 1 1 1 1 1 1 1 1 1 1 1 1 1 1 1 1 1 1 1 1 1 1 1
 1 1 1 1 1 1 1 1 1 1 1 1 1 1]
correcting slice labels...
One continuous stretch defined as in focus.
Warning: cells cut off by top or bottom of stack:
[0 0 0 0 0 0 0 0 0 0 0 0 1 1 1 1 1 1 1 1 1 1 1 1 1 1 1 1 1 1 1 1 1 1 1 1 1
 1 1 1 1 1 1 1 1 1 1 1 1 1 1]
appending outputs...
mask #13 complete.

generating mask #14
labeling contiguous objects...
eliminating objects w/volume < 100,000 px...
pruning labels...
unlabeling out of focus slices...
generating gradient image...
generating gradient intensity histograms...
predicting focus labels using SVM classifier...
calculating decision function values for labels...
raw focus labels:
[0 0 0 0 0 0 0 0 0 0 0 0 0 0 0 0 0 0 1 1 1 1 1 1 1 1 1 1 1 1 1 1 1 1 1 1 1
 1 1 1 1 1 1 1 1 1 1 1 1 1 1]
correcting slice labels...
One continuous stretch defined as in focus.
Warning: cells cut off by top or bottom of stack:
[0 0 0 0 0 0 0 0 0 0 0 0 0 0 0 0 0 0 1 1 1 1 1 1 1 1 1 1 1 1 1 1 1 1 1 1 1
 1 1 1 1 1 1 1 1 1 1 1 1 1 1]
appending outputs...
mask #14 complete.

CellSplitter instance created.
input image has 4 dimensions (multiple imgs)
segmenting image #1 of 14...
Using thresholds set based on slice intensity
thresholding floor set to 4203
slice-by-slice cutoffs:
[  3589.    4565.    5744.    6846.5   7753.5   8520.    9334.5  10050.
  10312.   10246.5  10145.5   9987.5   9725.5  10001.   10123.5  10299.
  10392.   10257.5  10096.5  10129.   10060.   10110.   10301.5  10508.
  10509.5  10237.    9520.5   9446.5   9349.5   9132.5   8605.5   7864.5
   7019.    5709.    4384.    3487.    2978.5   2711.5   2504.    2239.
   1970.    1721.5   1535.    1372.    1284.    1084.5    896.     699.
    518.5    443.     416.5]
generating threshold image...
raw image imported.
preprocessing complete.
filling holes in objects.
holes filled.
distance map complete.
smoothing distance map...
distance map smoothed.
identifying maxima...
maxima identified.
watershedding...
watershedding complete.
creating PexSegmentObj...
passing segmented objs and seeds to Nuclei instance...

segmenting image #2 of 14...
Using thresholds set based on slice intensity
thresholding floor set to 3564
slice-by-slice cutoffs:
[   38.     27.     31.     46.     54.5    76.5    80.5    99.5   113.5
   135.5   135.    154.5   174.    209.5   242.    260.5   288.    352.
   453.    613.5   844.5  1081.5  1344.5  1758.   2516.5  3651.   4883.5
  5906.5  6611.   7286.5  7761.   8061.5  8194.5  8458.   8837.   8911.5
  8767.   8656.5  8807.5  8794.5  8669.   8804.   8706.   8496.5  8598.
  8416.   7872.5  7095.5  6214.5  5380.   4615. ]
generating threshold image...
raw image imported.
preprocessing complete.
filling holes in objects.
holes filled.
distance map complete.
smoothing distance map...
distance map smoothed.
identifying maxima...
maxima identified.
watershedding...
watershedding complete.
creating PexSegmentObj...
passing segmented objs and seeds to Nuclei instance...

segmenting image #3 of 14...
Using thresholds set based on slice intensity
thresholding floor set to 3855
slice-by-slice cutoffs:
[   63.     52.5    66.     96.    109.5   139.5   149.5   159.    168.
   174.5   190.5   239.    284.5   338.5   343.    411.5   560.    934.5
  1583.   2432.5  3298.5  4126.   5044.5  5943.   7028.   8110.   8962.5
  9502.   9638.5  9442.5  9471.5  9526.5  9469.   9318.   9130.5  8691.5
  8266.5  7701.   6653.5  5554.5  4522.   3557.5  2711.   2164.5  1799.
  1694.   1601.   1607.5  1642.5  1626.   1515. ]
generating threshold image...
raw image imported.
preprocessing complete.
filling holes in objects.
holes filled.
distance map complete.
smoothing distance map...
distance map smoothed.
identifying maxima...
maxima identified.
watershedding...
watershedding complete.
creating PexSegmentObj...
passing segmented objs and seeds to Nuclei instance...

segmenting image #4 of 14...
Using thresholds set based on slice intensity
thresholding floor set to 4022
slice-by-slice cutoffs:
[    45.5     29.5     37.      43.5     63.5     77.5     95.     107.5
    154.5    182.5    215.5    253.5    255.5    278.     333.5    458.
    701.    1110.5   1786.5   2735.    4059.    5721.    7266.5   8241.5
   8568.5   8499.    8250.5   8104.    8547.5   8986.5   9282.5   9442.5
   9571.5   9761.5   9979.5  10056.5   9945.5   9655.    9395.5   9389.5
   9365.5   9262.5   9242.5   8994.5   8784.5   8620.5   8461.    8447.5
   8446.    8286.    7709. ]
generating threshold image...
raw image imported.
preprocessing complete.
filling holes in objects.
holes filled.
distance map complete.
smoothing distance map...
distance map smoothed.
identifying maxima...
maxima identified.
watershedding...
watershedding complete.
creating PexSegmentObj...
passing segmented objs and seeds to Nuclei instance...

segmenting image #5 of 14...
Using thresholds set based on slice intensity
thresholding floor set to 3773
slice-by-slice cutoffs:
[   59.5    44.5    51.5    74.5    68.    100.    124.    139.    158.5
   176.    192.5   230.5   234.5   244.5   263.5   354.    424.    578.5
   832.   1243.   2189.5  3542.5  5032.5  6220.   6906.5  7271.   7497.5
  7711.   8174.   8500.5  8873.5  9217.   9311.   9202.5  9168.5  9153.5
  8907.5  8820.5  9156.   9205.5  9101.5  9025.5  9042.   9233.5  9334.5
  9434.5  9391.   8881.5  8098.   7423.   6373.5]
generating threshold image...
raw image imported.
preprocessing complete.
filling holes in objects.
holes filled.
distance map complete.
smoothing distance map...
distance map smoothed.
identifying maxima...
maxima identified.
watershedding...
watershedding complete.
creating PexSegmentObj...
passing segmented objs and seeds to Nuclei instance...

segmenting image #6 of 14...
Using thresholds set based on slice intensity
thresholding floor set to 5437
slice-by-slice cutoffs:
[    47.5     35.      40.      53.5     66.      83.     103.5    111.5
    131.     139.5    148.5    174.5    188.5    204.5    256.     276.
    320.5    384.5    502.     782.5   1189.    1636.    2248.5   3034.5
   4051.5   5489.    7043.    8322.5   9160.    9556.5   9684.5   9773.
   9939.5  10000.5   9871.5   9833.    9847.    9827.5  10102.5  10135.
   9695.    9871.5  10134.   10341.   11363.5  12214.5  12728.5  13083.5
  13326.5  13593.5  13142. ]
generating threshold image...
raw image imported.
preprocessing complete.
filling holes in objects.
holes filled.
distance map complete.
smoothing distance map...
distance map smoothed.
identifying maxima...
maxima identified.
watershedding...
watershedding complete.
creating PexSegmentObj...
passing segmented objs and seeds to Nuclei instance...

segmenting image #7 of 14...
Using thresholds set based on slice intensity
thresholding floor set to 3905
slice-by-slice cutoffs:
[  127.5   109.5   126.5   183.    191.    257.5   272.    271.5   334.5
   423.    572.    761.5  1097.   1767.   2868.   4274.   5521.   6264.5
  6593.   7104.5  7471.   7745.5  8182.5  8859.   9286.   9514.   9635.5
  9764.5  9746.   9352.   9139.   9224.   9330.5  9217.5  9180.   9354.5
  9444.   9278.5  8817.   8255.   7723.   7117.   6379.5  5456.5  4553.
  3952.   3413.5  2818.   2244.   1861.5  1512.5]
generating threshold image...
raw image imported.
preprocessing complete.
filling holes in objects.
holes filled.
distance map complete.
smoothing distance map...
distance map smoothed.
identifying maxima...
maxima identified.
watershedding...
watershedding complete.
creating PexSegmentObj...
passing segmented objs and seeds to Nuclei instance...

segmenting image #8 of 14...
Using thresholds set based on slice intensity
thresholding floor set to 4022
slice-by-slice cutoffs:
[   166.5    147.5    149.5    178.5    271.5    371.     452.5    560.
    745.    1077.    1716.5   2692.    3844.5   4904.    5807.5   6582.5
   7131.    7552.5   8064.5   8529.    8796.5   8829.5   9110.    9266.5
   9199.    9090.    8894.    8807.5   8777.5   8895.5   8995.    9164.5
   9162.    9244.    9521.5   9858.   10056.   10027.    9722.    9402.
   9338.    9224.    9113.    9004.    9120.5   9153.5   9153.5   9116.5
   8966.    8837.5   8209. ]
generating threshold image...
raw image imported.
preprocessing complete.
filling holes in objects.
holes filled.
distance map complete.
smoothing distance map...
distance map smoothed.
identifying maxima...
maxima identified.
watershedding...
watershedding complete.
creating PexSegmentObj...
passing segmented objs and seeds to Nuclei instance...

segmenting image #9 of 14...
Using thresholds set based on slice intensity
thresholding floor set to 4019
slice-by-slice cutoffs:
[   238.     184.     175.     218.5    263.5    333.5    381.     407.5
    506.     712.5    989.5   1378.5   1896.5   2564.5   3374.    4561.5
   5845.    7114.    8102.    8788.    9389.    9739.5   9934.5   9988.
  10047.5   9924.    9880.5   9916.    9884.5   9669.    9163.5   8911.5
   8489.5   8356.5   8095.5   7702.5   7074.    5974.5   4810.5   4096.
   3608.5   3178.    2771.5   2383.    2002.    1674.    1522.    1545.5
   1547.    1522.5   1443. ]
generating threshold image...
raw image imported.
preprocessing complete.
filling holes in objects.
holes filled.
distance map complete.
smoothing distance map...
distance map smoothed.
identifying maxima...
maxima identified.
watershedding...
watershedding complete.
creating PexSegmentObj...
passing segmented objs and seeds to Nuclei instance...

segmenting image #10 of 14...
Using thresholds set based on slice intensity
thresholding floor set to 3826
slice-by-slice cutoffs:
[   85.5    75.5    96.5   122.    151.    168.5   203.    260.5   271.5
   293.5   290.5   332.    441.5   677.   1037.5  1561.5  2328.5  3395.5
  4723.5  6133.   7317.   8067.   8369.   8420.5  8569.   8838.5  9265.5
  9522.   9566.5  9334.   9040.5  9050.5  8776.5  8452.5  8483.   8359.
  8018.   7779.5  7561.5  7091.   6314.   5675.5  4975.5  4176.   3349.5
  2525.   1871.5  1481.   1227.5  1075.5   961.5]
generating threshold image...
raw image imported.
preprocessing complete.
filling holes in objects.
holes filled.
distance map complete.
smoothing distance map...
distance map smoothed.
identifying maxima...
maxima identified.
watershedding...
watershedding complete.
creating PexSegmentObj...
passing segmented objs and seeds to Nuclei instance...

segmenting image #11 of 14...
Using thresholds set based on slice intensity
thresholding floor set to 3992
slice-by-slice cutoffs:
[  104.     90.    127.    197.    228.    260.5   307.5   423.5   653.5
  1074.5  1688.5  2501.5  3685.5  5130.   6374.   7105.   7736.5  8187.
  8466.5  8634.   8677.   8844.   9107.   9205.   9080.5  9023.   9148.5
  9266.5  9511.   9727.5  9844.5  9938.5  9975.5  9980.   9913.5  9744.5
  9714.   9563.   9395.   9305.   9305.5  9270.   9447.5  9560.   9512.
  9389.   9251.   8990.   8735.   8670.5  8214. ]
generating threshold image...
raw image imported.
preprocessing complete.
filling holes in objects.
holes filled.
distance map complete.
smoothing distance map...
distance map smoothed.
identifying maxima...
maxima identified.
watershedding...
watershedding complete.
creating PexSegmentObj...
passing segmented objs and seeds to Nuclei instance...

segmenting image #12 of 14...
Using thresholds set based on slice intensity
thresholding floor set to 4177
slice-by-slice cutoffs:
[   208.5    216.5    250.     297.     386.5    590.5    884.5   1319.5
   1830.    2424.5   3300.5   4637.    6175.5   7406.5   8085.5   8481.
   8840.    9094.5   9230.5   9236.    9259.    9394.    9489.5   9420.
   9420.5   9360.5   9280.5   9393.5   9394.5   9481.5   9508.    9567.
   9792.    9965.    9990.5  10218.5  10340.5  10443.5  10400.5  10038.5
   9481.5   9476.5   9804.5  10051.5  10012.   10319.5  10426.   10409.
  10349.   10356.5   9871.5]
generating threshold image...
raw image imported.
preprocessing complete.
filling holes in objects.
holes filled.
distance map complete.
smoothing distance map...
distance map smoothed.
identifying maxima...
maxima identified.
watershedding...
watershedding complete.
creating PexSegmentObj...
passing segmented objs and seeds to Nuclei instance...

segmenting image #13 of 14...
Using thresholds set based on slice intensity
thresholding floor set to 3232
slice-by-slice cutoffs:
[   73.5    63.     82.    104.    125.5   147.5   174.    211.    220.5
   254.    280.5   326.    458.    712.5  1054.5  1616.5  2420.   3428.
  4672.5  5831.   6616.   7009.5  7172.5  7255.   7223.5  7400.   7674.5
  7759.5  7716.5  7685.5  7673.5  7875.   8080.5  8017.   7709.   7591.5
  7528.   7522.   7360.5  7243.5  7042.5  6749.   6504.5  6061.   5590.5
  4836.5  4089.5  3555.   3223.5  3043.   2799.5]
generating threshold image...
raw image imported.
preprocessing complete.
filling holes in objects.
holes filled.
distance map complete.
smoothing distance map...
distance map smoothed.
identifying maxima...
maxima identified.
watershedding...
watershedding complete.
creating PexSegmentObj...
passing segmented objs and seeds to Nuclei instance...

segmenting image #14 of 14...
Using thresholds set based on slice intensity
thresholding floor set to 543
slice-by-slice cutoffs:
[  1.34000000e+02   1.33000000e+02   1.43000000e+02   1.53000000e+02
   1.60000000e+02   1.70500000e+02   1.78000000e+02   1.87500000e+02
   1.97500000e+02   2.38000000e+02   2.69000000e+02   2.74000000e+02
   2.95500000e+02   3.35000000e+02   4.05000000e+02   5.15500000e+02
   6.55500000e+02   8.84000000e+02   1.16850000e+03   1.35900000e+03
   1.08100000e+03   3.66000000e+02   0.00000000e+00   0.00000000e+00
   0.00000000e+00   0.00000000e+00   0.00000000e+00   0.00000000e+00
   0.00000000e+00   0.00000000e+00   0.00000000e+00   0.00000000e+00
   0.00000000e+00   0.00000000e+00   0.00000000e+00   0.00000000e+00
   0.00000000e+00   0.00000000e+00   0.00000000e+00   0.00000000e+00
   0.00000000e+00   0.00000000e+00   0.00000000e+00   0.00000000e+00
   0.00000000e+00   0.00000000e+00   0.00000000e+00   0.00000000e+00
   0.00000000e+00   0.00000000e+00   5.00000000e-01]
generating threshold image...
raw image imported.
preprocessing complete.
filling holes in objects.
holes filled.
distance map complete.
smoothing distance map...
distance map smoothed.
identifying maxima...
maxima identified.
watershedding...
watershedding complete.
creating PexSegmentObj...
passing segmented objs and seeds to Nuclei instance...

removing small perinuclear foci...
2 raw segmented DAPI foci
object volumes in pixels:
[472464 488397]
removing objects volume < 10000 px, #s:
[]
removing nuclei_centers corresponding to small DAPI foci...
2 raw segmented DAPI foci
object volumes in pixels:
[284220 273875]
removing objects volume < 10000 px, #s:
[]
removing nuclei_centers corresponding to small DAPI foci...
2 raw segmented DAPI foci
object volumes in pixels:
[655200 545099]
removing objects volume < 10000 px, #s:
[]
removing nuclei_centers corresponding to small DAPI foci...
3 raw segmented DAPI foci
object volumes in pixels:
[298961 166063 297138]
removing objects volume < 10000 px, #s:
[]
removing nuclei_centers corresponding to small DAPI foci...
2 raw segmented DAPI foci
object volumes in pixels:
[294443 296542]
removing objects volume < 10000 px, #s:
[]
removing nuclei_centers corresponding to small DAPI foci...
2 raw segmented DAPI foci
object volumes in pixels:
[455196 461487]
removing objects volume < 10000 px, #s:
[]
removing nuclei_centers corresponding to small DAPI foci...
2 raw segmented DAPI foci
object volumes in pixels:
[327119 294760]
removing objects volume < 10000 px, #s:
[]
removing nuclei_centers corresponding to small DAPI foci...
1 raw segmented DAPI foci
object volumes in pixels:
[285879]
removing objects volume < 10000 px, #s:
[]
removing nuclei_centers corresponding to small DAPI foci...
4 raw segmented DAPI foci
object volumes in pixels:
[329693 537211 561132 599143]
removing objects volume < 10000 px, #s:
[]
removing nuclei_centers corresponding to small DAPI foci...
2 raw segmented DAPI foci
object volumes in pixels:
[443132 438906]
removing objects volume < 10000 px, #s:
[]
removing nuclei_centers corresponding to small DAPI foci...
2 raw segmented DAPI foci
object volumes in pixels:
[388535 378277]
removing objects volume < 10000 px, #s:
[]
removing nuclei_centers corresponding to small DAPI foci...
3 raw segmented DAPI foci
object volumes in pixels:
[413924 178262 165171]
removing objects volume < 10000 px, #s:
[]
removing nuclei_centers corresponding to small DAPI foci...
2 raw segmented DAPI foci
object volumes in pixels:
[575772 480116]
removing objects volume < 10000 px, #s:
[]
removing nuclei_centers corresponding to small DAPI foci...
1 raw segmented DAPI foci
object volumes in pixels:
[469]
removing objects volume < 10000 px, #s:
[1]
removing nuclei_centers corresponding to small DAPI foci...
Nuclei segmented.
checking that nuclei have already been segmented...
eroding cell edges...
eroding mask 0...
cell mask means:
[834.96097721153774, 848.03015385710364, 861.18141759537741, 874.36556968224033, 887.52101451694568, 900.56815618398218, 913.42785813708338, 925.91811874642042, 937.87430849175678, 949.16805129658019]
slopes:
[13.110220191919836, 13.167707912568346, 13.169798460784136, 13.101293250870924, 12.953421810068846, 12.674981281219118, 12.223225177336701, 11.624966275079885]
slope deltas:
[ 0.05748772  0.00209055  0.06850521  0.14787144  0.27844053  0.4517561
  0.5982589 ]
desired erosions: 8
erosion of mask #0 complete.
eroding mask 1...
cell mask means:
[798.57837145945336, 808.96869159406651, 819.24881020459031, 829.40934307972429, 839.46869530459526, 849.3597723811921, 858.935047428036, 868.12397252704977, 876.94185447642633, 885.41482134112948]
slopes:
[10.335219372568474, 10.220325742828891, 10.109942550002472, 9.9752146507339035, 9.7331760617203713, 9.3821000729288357, 9.0034035241951642, 8.6454244070398545]
slope deltas:
[ 0.11489363  0.11038319  0.1347279   0.24203859  0.35107599  0.37869655
  0.35797912]
desired erosions: 7
erosion of mask #1 complete.
eroding mask 2...
cell mask means:
[718.35073297762813, 725.46448554267056, 732.52199043626717, 739.47997776329782, 746.30089133878437, 752.92738728646691, 759.32710320073068, 765.47344375528382, 771.34221802317973, 776.92048572820033]
slopes:
[7.0856287293195237, 7.0077461103136329, 6.8894504512585968, 6.7237047615845427, 6.513105930973154, 6.2730282344084571, 6.0075574112245249, 5.7235209864582544]
slope deltas:
[ 0.07788262  0.11829566  0.16574569  0.21059883  0.2400777   0.26547082
  0.28403642]
desired erosions: 8
erosion of mask #2 complete.
eroding mask 3...
cell mask means:
[1086.916025541839, 1106.6747462214696, 1126.2249686393106, 1145.755484241909, 1165.4402366206473, 1185.3391552661233, 1205.44082997386, 1225.6285699554933, 1245.624377981311, 1265.1898251262933]
slopes:
[19.654471548735842, 19.540369010219706, 19.607633990668319, 19.791835512107127, 20.000296676606354, 20.144707344685003, 20.091774003725504, 19.780627585399998]
slope deltas:
[ 0.11410254  0.06726498  0.18420152  0.20846116  0.14441067  0.05293334
  0.31114642]
desired erosions: 8
erosion of mask #3 complete.
eroding mask 4...
cell mask means:
[1099.0497125328125, 1115.1639903678929, 1131.4928994115082, 1147.9571659605358, 1164.4788159837892, 1181.0241179100385, 1197.4843441647392, 1213.7707633898028, 1229.7933749929052, 1245.4493885193006]
slopes:
[16.221593439347885, 16.396587796321455, 16.492958286140492, 16.533475974751354, 16.502764090475011, 16.373322739882155, 16.154515414082994, 15.839312564748866]
slope deltas:
[ 0.17499436  0.09637049  0.04051769  0.03071188  0.12944135  0.21880733
  0.31520285]
desired erosions: 8
erosion of mask #4 complete.
eroding mask 5...
cell mask means:
[1069.4951748755734, 1082.6369464146128, 1095.8350173895385, 1109.0472121880277, 1122.1957941720925, 1135.2449001322263, 1148.1059574726812, 1160.6488073956039, 1172.7649407589317, 1184.3707426430706]
slopes:
[13.169921256982548, 13.205132886707474, 13.180388391277006, 13.098843972099303, 12.955081650294346, 12.701953631688752, 12.329491643125266, 11.860967623733359]
slope deltas:
[ 0.03521163  0.0247445   0.08154442  0.14376232  0.25312802  0.37246199
  0.46852402]
desired erosions: 8
erosion of mask #5 complete.
eroding mask 6...
cell mask means:
[1074.3794852659203, 1093.0009263161128, 1111.9882950695721, 1131.2973571615421, 1150.8870269564081, 1170.6930176918256, 1190.6546704544176, 1210.694062969832, 1230.681625911204, 1250.492940385026]
slopes:
[18.804404901825933, 19.148215422714657, 19.449365943418002, 19.697830265141761, 19.88382174900471, 20.000522639003179, 20.013477728393241, 19.899438707597028]
slope deltas:
[ 0.34381052  0.30115052  0.24846432  0.18599148  0.11670089  0.01295509
  0.11403902]
desired erosions: 2
erosion of mask #6 complete.
eroding mask 7...
cell mask means:
[1087.1002883078286, 1104.8896859406987, 1123.001426716258, 1141.3687834649475, 1159.8981382984305, 1178.4856349383476, 1197.0042853046007, 1215.3279107808019, 1233.2520089082293, 1250.5979898737212]
slopes:
[17.95056920421473, 18.2395487621244, 18.448355791086215, 18.558425736700087, 18.553073503085102, 18.421137921227114, 18.123861801814314, 17.635039546459666]
slope deltas:
[ 0.28897956  0.20880703  0.11006995  0.00535223  0.13193558  0.29727612
  0.48882226]
desired erosions: 8
erosion of mask #7 complete.
eroding mask 8...
cell mask means:
[1047.7016458807877, 1055.8704435480317, 1064.0646763480695, 1072.265093079591, 1080.4544275504395, 1088.6047618489972, 1096.6693181815219, 1104.5928709848836, 1112.3365909407189, 1119.8407239523701]
slopes:
[8.1815152336408801, 8.1973247657796264, 8.1948756011850037, 8.1698343847031083, 8.1074453155412129, 7.9940545679431807, 7.833636379598488, 7.6239264837432756]
slope deltas:
[ 0.01580953  0.00244916  0.02504122  0.06238907  0.11339075  0.16041819
  0.2097099 ]
desired erosions: 8
erosion of mask #8 complete.
eroding mask 9...
cell mask means:
[921.39635273781414, 931.52298994468026, 941.62294184481652, 951.64331265107353, 961.52955170889334, 971.21780519619335, 980.66679295727556, 989.86150971524023, 998.79194758219535, 1007.4576937896024]
slopes:
[10.113294553501191, 10.060161353196634, 9.9533049320384066, 9.7872462725599121, 9.5686206241911123, 9.321852259523439, 9.0625773124598936, 8.7980920371811067]
slope deltas:
[ 0.0531332   0.10685642  0.16605866  0.21862565  0.24676836  0.25927495
  0.26448528]
desired erosions: 8
erosion of mask #9 complete.
eroding mask 10...
cell mask means:
[1027.9231833389192, 1048.4677481322899, 1069.5213955459265, 1091.0420893339669, 1112.9819477816691, 1135.2627431062995, 1157.7121970992464, 1180.113528301506, 1202.1549674966639, 1223.5745184160567]
slopes:
[20.799106103503618, 21.287170600838522, 21.730276117871313, 22.110326886166263, 22.365124658788659, 22.425392597603263, 22.221385198708731, 21.730495057275334]
slope deltas:
[ 0.4880645   0.44310552  0.38005077  0.25479777  0.06026794  0.2040074
  0.49089014]
desired erosions: 8
erosion of mask #10 complete.
eroding mask 11...
cell mask means:
[929.84536621445693, 943.85502883979632, 957.98407993110243, 972.19284528794822, 986.43158286633172, 1000.6101143478928, 1014.6394194658676, 1028.4503740004905, 1041.9835176572722, 1055.105599037222]
slopes:
[14.069356858322749, 14.168908224075949, 14.223751467614647, 14.208634529972301, 14.10391829976794, 13.920129826298819, 13.672049095702278, 13.327612518365754]
slope deltas:
[ 0.09955137  0.05484324  0.01511694  0.10471623  0.18378847  0.24808073
  0.34443658]
desired erosions: 8
erosion of mask #11 complete.
eroding mask 12...
cell mask means:
[1178.2492394210801, 1193.4457142185522, 1208.7786956551802, 1224.2098071712628, 1239.6947403994834, 1255.1878982468229, 1270.6146320857306, 1285.903607231658, 1301.0229442561297, 1315.9275981153055]
slopes:
[15.264728117050026, 15.382046476355299, 15.458022372151618, 15.489045537780044, 15.459945843123592, 15.357854492417573, 15.204156085199543, 15.011995441823728]
slope deltas:
[ 0.11731836  0.0759759   0.03102317  0.02909969  0.10209135  0.15369841
  0.19216064]
desired erosions: 8
erosion of mask #12 complete.
eroding mask 13...
cell mask means:
[1380.8583166268882, 1393.7226428112097, 1406.6555585186475, 1419.6263998517309, 1432.6024963781751, 1445.5489408973776, 1458.4108590214137, 1471.1198066446984, 1483.5918781407918, 1495.7381095069209]
slopes:
[12.898620945879657, 12.951878520260607, 12.97346892976384, 12.961270522823384, 12.904181321619262, 12.785432873660397, 12.590509559689053, 12.309151431111218]
slope deltas:
[ 0.05325757  0.02159041  0.01219841  0.0570892   0.11874845  0.19492331
  0.28135813]
desired erosions: 8
erosion of mask #13 complete.
converting nuclei to binary masks for distance xform...
segmenting cells in image #1 out of 14...
performing Euclidean distance xform...
smoothing the distance map...
generating segmentation seeds from nuclei_centers...
watershed segmenting cells from nuclei centers...
segmentation complete for image #1.
removing cells that contact the edge of the image.
removing small foci...
2 raw segmented cells
0 foci volume < 1000 px, removing...

segmenting cells in image #2 out of 14...
performing Euclidean distance xform...
smoothing the distance map...
generating segmentation seeds from nuclei_centers...
watershed segmenting cells from nuclei centers...
segmentation complete for image #2.
removing cells that contact the edge of the image.
removing small foci...
2 raw segmented cells
0 foci volume < 1000 px, removing...

segmenting cells in image #3 out of 14...
performing Euclidean distance xform...
smoothing the distance map...
generating segmentation seeds from nuclei_centers...
watershed segmenting cells from nuclei centers...
segmentation complete for image #3.
removing cells that contact the edge of the image.
removing small foci...
2 raw segmented cells
0 foci volume < 1000 px, removing...

segmenting cells in image #4 out of 14...
performing Euclidean distance xform...
smoothing the distance map...
generating segmentation seeds from nuclei_centers...
watershed segmenting cells from nuclei centers...
segmentation complete for image #4.
removing cells that contact the edge of the image.
removing small foci...
2 raw segmented cells
0 foci volume < 1000 px, removing...

segmenting cells in image #5 out of 14...
performing Euclidean distance xform...
smoothing the distance map...
generating segmentation seeds from nuclei_centers...
watershed segmenting cells from nuclei centers...
segmentation complete for image #5.
removing cells that contact the edge of the image.
removing small foci...
2 raw segmented cells
0 foci volume < 1000 px, removing...

segmenting cells in image #6 out of 14...
performing Euclidean distance xform...
smoothing the distance map...
generating segmentation seeds from nuclei_centers...
watershed segmenting cells from nuclei centers...
segmentation complete for image #6.
removing cells that contact the edge of the image.
removing small foci...
2 raw segmented cells
0 foci volume < 1000 px, removing...

segmenting cells in image #7 out of 14...
performing Euclidean distance xform...
smoothing the distance map...
generating segmentation seeds from nuclei_centers...
watershed segmenting cells from nuclei centers...
segmentation complete for image #7.
removing cells that contact the edge of the image.
removing small foci...
2 raw segmented cells
0 foci volume < 1000 px, removing...

segmenting cells in image #8 out of 14...
performing Euclidean distance xform...
smoothing the distance map...
generating segmentation seeds from nuclei_centers...
watershed segmenting cells from nuclei centers...
segmentation complete for image #8.
removing cells that contact the edge of the image.
removing small foci...
1 raw segmented cells
0 foci volume < 1000 px, removing...

segmenting cells in image #9 out of 14...
performing Euclidean distance xform...
smoothing the distance map...
generating segmentation seeds from nuclei_centers...
watershed segmenting cells from nuclei centers...
segmentation complete for image #9.
removing cells that contact the edge of the image.
removing small foci...
3 raw segmented cells
0 foci volume < 1000 px, removing...

segmenting cells in image #10 out of 14...
performing Euclidean distance xform...
smoothing the distance map...
generating segmentation seeds from nuclei_centers...
watershed segmenting cells from nuclei centers...
segmentation complete for image #10.
removing cells that contact the edge of the image.
removing small foci...
2 raw segmented cells
0 foci volume < 1000 px, removing...

segmenting cells in image #11 out of 14...
performing Euclidean distance xform...
smoothing the distance map...
generating segmentation seeds from nuclei_centers...
watershed segmenting cells from nuclei centers...
segmentation complete for image #11.
removing cells that contact the edge of the image.
removing small foci...
2 raw segmented cells
0 foci volume < 1000 px, removing...

segmenting cells in image #12 out of 14...
performing Euclidean distance xform...
smoothing the distance map...
generating segmentation seeds from nuclei_centers...
watershed segmenting cells from nuclei centers...
segmentation complete for image #12.
removing cells that contact the edge of the image.
removing small foci...
3 raw segmented cells
0 foci volume < 1000 px, removing...

segmenting cells in image #13 out of 14...
performing Euclidean distance xform...
smoothing the distance map...
generating segmentation seeds from nuclei_centers...
watershed segmenting cells from nuclei centers...
segmentation complete for image #13.
removing cells that contact the edge of the image.
removing small foci...
3 raw segmented cells
0 foci volume < 1000 px, removing...

segmenting cells in image #14 out of 14...
performing Euclidean distance xform...
smoothing the distance map...
generating segmentation seeds from nuclei_centers...
watershed segmenting cells from nuclei centers...
segmentation complete for image #14.
removing cells that contact the edge of the image.
removing small foci...
0 raw segmented cells
0 foci volume < 1000 px, removing...

Cells segmented.
initializing attributes...
loading images...
Foci instance created.
beginning segmentation.
------------------------------------------------------
segmenting foci from channel 488
------------------------------------------------------
canny threshold for channel 488: (14000, 10000)
segmenting foci for position 1 out of 14
generating normalized image for segmentation...
blurring image...
calculating image mean...
original cell mean: 932.101364251
normalizing image...
performing segmentation...
raw image imported.
performing gaussian filtering...
Image smoothed.
preprocessing complete.
generating distance map...
distance map complete.
smoothing distance map...
distance map smoothed.
identifying maxima...
maxima identified.
watershedding...
watershedding complete.
creating PexSegmentObj...
eliminating dim foci...
before eliminating dim foci: 0 foci in image
cell mean: 1016.32845234
cell standard deviation: 600.301586767
intensity cutoff for removal: 2066.85622918
-----filtering foci-----
focus intensity: 85.9990733503
removing focus
after eliminating dim foci: 0 foci in image
eliminating foci that reside outside of cells...
eliminating intranuclear foci...
0 final foci
--matching foci to parent cells--
foci segmented from position 1

segmenting foci for position 2 out of 14
generating normalized image for segmentation...
blurring image...
calculating image mean...
original cell mean: 863.832784364
normalizing image...
performing segmentation...
raw image imported.
performing gaussian filtering...
Image smoothed.
preprocessing complete.
generating distance map...
distance map complete.
smoothing distance map...
distance map smoothed.
identifying maxima...
maxima identified.
watershedding...
watershedding complete.
creating PexSegmentObj...
eliminating dim foci...
before eliminating dim foci: 0 foci in image
cell mean: 1029.86974603
cell standard deviation: 658.997556807
intensity cutoff for removal: 2183.11547044
-----filtering foci-----
focus intensity: 73.3813350822
removing focus
after eliminating dim foci: 0 foci in image
eliminating foci that reside outside of cells...
eliminating intranuclear foci...
0 final foci
--matching foci to parent cells--
foci segmented from position 2

segmenting foci for position 3 out of 14
generating normalized image for segmentation...
blurring image...
calculating image mean...
original cell mean: 768.352034551
normalizing image...
performing segmentation...
raw image imported.
performing gaussian filtering...
Image smoothed.
preprocessing complete.
generating distance map...
distance map complete.
smoothing distance map...
distance map smoothed.
identifying maxima...
maxima identified.
watershedding...
watershedding complete.
creating PexSegmentObj...
eliminating dim foci...
before eliminating dim foci: 0 foci in image
cell mean: 1020.58649842
cell standard deviation: 732.750701999
intensity cutoff for removal: 2302.90022692
-----filtering foci-----
focus intensity: 132.646606567
removing focus
after eliminating dim foci: 0 foci in image
eliminating foci that reside outside of cells...
eliminating intranuclear foci...
0 final foci
--matching foci to parent cells--
foci segmented from position 3

segmenting foci for position 4 out of 14
generating normalized image for segmentation...
blurring image...
calculating image mean...
original cell mean: 1238.00822048
normalizing image...
performing segmentation...
raw image imported.
performing gaussian filtering...
Image smoothed.
preprocessing complete.
generating distance map...
distance map complete.
smoothing distance map...
distance map smoothed.
identifying maxima...
maxima identified.
watershedding...
watershedding complete.
creating PexSegmentObj...
eliminating dim foci...
before eliminating dim foci: 1 foci in image
cell mean: 1064.51707507
cell standard deviation: 698.319898375
intensity cutoff for removal: 2286.57689722
-----filtering foci-----
focus intensity: 5449.71428571
focus intensity: 75.2549535016
removing focus
after eliminating dim foci: 1 foci in image
eliminating foci that reside outside of cells...
eliminating intranuclear foci...
1 final foci
--matching foci to parent cells--
current ID: 1
  overlapping parent cell(s): 
[ 1.]
  # of pixels overlapping with parent(s):
[21]
matched to one parent cell.
foci segmented from position 4

segmenting foci for position 5 out of 14
generating normalized image for segmentation...
blurring image...
calculating image mean...
original cell mean: 1223.91045755
normalizing image...
performing segmentation...
raw image imported.
performing gaussian filtering...
Image smoothed.
preprocessing complete.
generating distance map...
distance map complete.
smoothing distance map...
distance map smoothed.
identifying maxima...
maxima identified.
watershedding...
watershedding complete.
creating PexSegmentObj...
eliminating dim foci...
before eliminating dim foci: 0 foci in image
cell mean: 1024.61085142
cell standard deviation: 694.073069905
intensity cutoff for removal: 2239.23872376
-----filtering foci-----
focus intensity: 64.2526119128
removing focus
after eliminating dim foci: 0 foci in image
eliminating foci that reside outside of cells...
eliminating intranuclear foci...
0 final foci
--matching foci to parent cells--
foci segmented from position 5

segmenting foci for position 6 out of 14
generating normalized image for segmentation...
blurring image...
calculating image mean...
original cell mean: 1168.08304518
normalizing image...
performing segmentation...
raw image imported.
performing gaussian filtering...
Image smoothed.
preprocessing complete.
generating distance map...
distance map complete.
smoothing distance map...
distance map smoothed.
identifying maxima...
maxima identified.
watershedding...
watershedding complete.
creating PexSegmentObj...
eliminating dim foci...
before eliminating dim foci: 0 foci in image
cell mean: 1011.77264191
cell standard deviation: 653.260418107
intensity cutoff for removal: 2154.9783736
-----filtering foci-----
focus intensity: 87.3877133587
removing focus
after eliminating dim foci: 0 foci in image
eliminating foci that reside outside of cells...
eliminating intranuclear foci...
0 final foci
--matching foci to parent cells--
foci segmented from position 6

segmenting foci for position 7 out of 14
generating normalized image for segmentation...
blurring image...
calculating image mean...
original cell mean: 1108.19557889
normalizing image...
performing segmentation...
raw image imported.
performing gaussian filtering...
Image smoothed.
preprocessing complete.
generating distance map...
distance map complete.
smoothing distance map...
distance map smoothed.
identifying maxima...
maxima identified.
watershedding...
watershedding complete.
creating PexSegmentObj...
eliminating dim foci...
before eliminating dim foci: 0 foci in image
cell mean: 1035.4298263
cell standard deviation: 735.28515106
intensity cutoff for removal: 2322.17884066
-----filtering foci-----
focus intensity: 74.7743680743
removing focus
after eliminating dim foci: 0 foci in image
eliminating foci that reside outside of cells...
eliminating intranuclear foci...
0 final foci
--matching foci to parent cells--
foci segmented from position 7

segmenting foci for position 8 out of 14
generating normalized image for segmentation...
blurring image...
calculating image mean...
original cell mean: 1225.34392258
normalizing image...
performing segmentation...
raw image imported.
performing gaussian filtering...
Image smoothed.
preprocessing complete.
generating distance map...
distance map complete.
smoothing distance map...
distance map smoothed.
identifying maxima...
maxima identified.
watershedding...
watershedding complete.
creating PexSegmentObj...
eliminating dim foci...
before eliminating dim foci: 0 foci in image
cell mean: 1011.92358496
cell standard deviation: 555.783240823
intensity cutoff for removal: 1984.54425641
-----filtering foci-----
focus intensity: 57.2640074938
removing focus
after eliminating dim foci: 0 foci in image
eliminating foci that reside outside of cells...
eliminating intranuclear foci...
0 final foci
--matching foci to parent cells--
foci segmented from position 8

segmenting foci for position 9 out of 14
generating normalized image for segmentation...
blurring image...
calculating image mean...
original cell mean: 1109.56674428
normalizing image...
performing segmentation...
raw image imported.
performing gaussian filtering...
Image smoothed.
preprocessing complete.
generating distance map...
distance map complete.
smoothing distance map...
distance map smoothed.
identifying maxima...
maxima identified.
watershedding...
watershedding complete.
creating PexSegmentObj...
eliminating dim foci...
before eliminating dim foci: 3 foci in image
cell mean: 1018.51918583
cell standard deviation: 698.202202556
intensity cutoff for removal: 2240.3730403
-----filtering foci-----
focus intensity: 5304.86956522
focus intensity: 201.060199996
removing focus
focus intensity: 7718.19642857
focus intensity: 9465.87951807
after eliminating dim foci: 3 foci in image
eliminating foci that reside outside of cells...
eliminating intranuclear foci...
3 final foci
--matching foci to parent cells--
current ID: 1
  overlapping parent cell(s): 
[ 2.]
  # of pixels overlapping with parent(s):
[46]
matched to one parent cell.
current ID: 2
  overlapping parent cell(s): 
[ 4.]
  # of pixels overlapping with parent(s):
[56]
matched to one parent cell.
current ID: 3
  overlapping parent cell(s): 
[ 4.]
  # of pixels overlapping with parent(s):
[83]
matched to one parent cell.
foci segmented from position 9

segmenting foci for position 10 out of 14
generating normalized image for segmentation...
blurring image...
calculating image mean...
original cell mean: 995.114458168
normalizing image...
performing segmentation...
raw image imported.
performing gaussian filtering...
Image smoothed.
preprocessing complete.
generating distance map...
distance map complete.
smoothing distance map...
distance map smoothed.
identifying maxima...
maxima identified.
watershedding...
watershedding complete.
creating PexSegmentObj...
eliminating dim foci...
before eliminating dim foci: 0 foci in image
cell mean: 1036.4837665
cell standard deviation: 738.167822098
intensity cutoff for removal: 2328.27745517
-----filtering foci-----
focus intensity: 107.665268383
removing focus
after eliminating dim foci: 0 foci in image
eliminating foci that reside outside of cells...
eliminating intranuclear foci...
0 final foci
--matching foci to parent cells--
foci segmented from position 10

segmenting foci for position 11 out of 14
generating normalized image for segmentation...
blurring image...
calculating image mean...
original cell mean: 1193.29982277
normalizing image...
performing segmentation...
raw image imported.
performing gaussian filtering...
Image smoothed.
preprocessing complete.
generating distance map...
distance map complete.
smoothing distance map...
distance map smoothed.
identifying maxima...
maxima identified.
watershedding...
watershedding complete.
creating PexSegmentObj...
eliminating dim foci...
before eliminating dim foci: 0 foci in image
cell mean: 1032.80478492
cell standard deviation: 634.128348292
intensity cutoff for removal: 2142.52939443
-----filtering foci-----
focus intensity: 66.3504889592
removing focus
after eliminating dim foci: 0 foci in image
eliminating foci that reside outside of cells...
eliminating intranuclear foci...
0 final foci
--matching foci to parent cells--
foci segmented from position 11

segmenting foci for position 12 out of 14
generating normalized image for segmentation...
blurring image...
calculating image mean...
original cell mean: 1035.96213409
normalizing image...
performing segmentation...
raw image imported.
performing gaussian filtering...
Image smoothed.
preprocessing complete.
generating distance map...
distance map complete.
smoothing distance map...
distance map smoothed.
identifying maxima...
maxima identified.
watershedding...
watershedding complete.
creating PexSegmentObj...
eliminating dim foci...
before eliminating dim foci: 0 foci in image
cell mean: 1024.29465677
cell standard deviation: 648.535216492
intensity cutoff for removal: 2159.23128563
-----filtering foci-----
focus intensity: 80.9119270496
removing focus
after eliminating dim foci: 0 foci in image
eliminating foci that reside outside of cells...
eliminating intranuclear foci...
0 final foci
--matching foci to parent cells--
foci segmented from position 12

segmenting foci for position 13 out of 14
generating normalized image for segmentation...
blurring image...
calculating image mean...
original cell mean: 1297.09778197
normalizing image...
performing segmentation...
raw image imported.
performing gaussian filtering...
Image smoothed.
preprocessing complete.
generating distance map...
distance map complete.
smoothing distance map...
distance map smoothed.
identifying maxima...
maxima identified.
watershedding...
watershedding complete.
creating PexSegmentObj...
eliminating dim foci...
before eliminating dim foci: 0 foci in image
cell mean: 1028.44346162
cell standard deviation: 706.151032995
intensity cutoff for removal: 2264.20776936
-----filtering foci-----
focus intensity: 98.3512165722
removing focus
after eliminating dim foci: 0 foci in image
eliminating foci that reside outside of cells...
eliminating intranuclear foci...
0 final foci
--matching foci to parent cells--
foci segmented from position 13

segmenting foci for position 14 out of 14
generating normalized image for segmentation...
blurring image...
calculating image mean...
original cell mean: 1479.64302896
normalizing image...
performing segmentation...
raw image imported.
performing gaussian filtering...
Image smoothed.
preprocessing complete.
generating distance map...
distance map complete.
smoothing distance map...
distance map smoothed.
identifying maxima...
maxima identified.
watershedding...
watershedding complete.
creating PexSegmentObj...
eliminating dim foci...
before eliminating dim foci: 1 foci in image
cell mean: nan
cell standard deviation: nan
intensity cutoff for removal: nan
-----filtering foci-----
focus intensity: 5600.24489796
focus intensity: 90.925492282
after eliminating dim foci: 1 foci in image
eliminating foci that reside outside of cells...
eliminating intranuclear foci...
0 final foci
--matching foci to parent cells--
foci segmented from position 14

------------------------------------------------------
segmentation complete for channel 488
------------------------------------------------------
Foci segmented.
Measuring overlap...
checking for overlap...
finding overlap in image #1 out of 14
