args:
Namespace(array_no='6', output_dir='/n/denic_lab/Lab/csth-output/lc3_lysoview_timelapse/', ref_csv='/n/denic_lab/Users/nweir/python_packages/csth-imaging/8-7_im_list.csv')
czi path: /n/denic_lab/Lab/TH_Imaging/8.7.17_TH84_Lysoview-LC3_Timecourse_LSM880_Airyscan/Lysoview-LC3_HEK_dTMEM_0hrTor_10Pos_2_AiryscanProcessing.czi
control czi path: /n/denic_lab/Lab/TH_Imaging/8.7.17_TH84_Lysoview-LC3_Timecourse_LSM880_Airyscan/Lysoview-LC3_HEK_dTMEM_0hrTor_Empty_AiryscanProcessing.czi
MultiFinder created.
generating cell masks...

generating cell masks...

generating mask #1
labeling contiguous objects...
eliminating objects w/volume < 100,000 px...
pruning labels...
unlabeling out of focus slices...
generating gradient image...
generating gradient intensity histograms...
predicting focus labels using SVM classifier...
calculating decision function values for labels...
raw focus labels:
[1 1 1 1 1 1 1 1 1 1 1 1 1 1 1 1 1 1 1 1 1 1 1 1 1 1 1 1 1 1 1 1 1 1 1 1 1
 1 0 0 0 0 0 0 0 0 0 0 0 0 0]
correcting slice labels...
One continuous stretch defined as in focus.
Warning: cells cut off by top or bottom of stack:
[1 1 1 1 1 1 1 1 1 1 1 1 1 1 1 1 1 1 1 1 1 1 1 1 1 1 1 1 1 1 1 1 1 1 1 1 1
 1 0 0 0 0 0 0 0 0 0 0 0 0 0]
appending outputs...
mask #1 complete.

generating mask #2
labeling contiguous objects...
eliminating objects w/volume < 100,000 px...
pruning labels...
unlabeling out of focus slices...
generating gradient image...
generating gradient intensity histograms...
predicting focus labels using SVM classifier...
calculating decision function values for labels...
raw focus labels:
[0 0 0 0 0 0 0 0 0 0 0 0 1 1 1 1 1 1 1 1 1 1 1 1 1 1 1 1 1 1 1 1 1 1 1 1 1
 1 1 1 1 1 1 1 1 1 1 1 1 1 1]
correcting slice labels...
One continuous stretch defined as in focus.
Warning: cells cut off by top or bottom of stack:
[0 0 0 0 0 0 0 0 0 0 0 0 1 1 1 1 1 1 1 1 1 1 1 1 1 1 1 1 1 1 1 1 1 1 1 1 1
 1 1 1 1 1 1 1 1 1 1 1 1 1 1]
appending outputs...
mask #2 complete.

generating mask #3
labeling contiguous objects...
eliminating objects w/volume < 100,000 px...
pruning labels...
unlabeling out of focus slices...
generating gradient image...
generating gradient intensity histograms...
predicting focus labels using SVM classifier...
calculating decision function values for labels...
raw focus labels:
[0 0 0 0 0 0 1 1 1 1 1 1 1 1 1 1 1 1 1 1 1 1 1 1 1 1 1 1 1 1 1 1 1 1 1 1 1
 1 1 1 1 1 1 1 1 1 1 1 1 1 1]
correcting slice labels...
One continuous stretch defined as in focus.
Warning: cells cut off by top or bottom of stack:
[0 0 0 0 0 0 1 1 1 1 1 1 1 1 1 1 1 1 1 1 1 1 1 1 1 1 1 1 1 1 1 1 1 1 1 1 1
 1 1 1 1 1 1 1 1 1 1 1 1 1 1]
appending outputs...
mask #3 complete.

generating mask #4
labeling contiguous objects...
eliminating objects w/volume < 100,000 px...
pruning labels...
unlabeling out of focus slices...
generating gradient image...
generating gradient intensity histograms...
predicting focus labels using SVM classifier...
calculating decision function values for labels...
raw focus labels:
[0 0 0 0 0 0 0 1 1 1 1 1 1 1 1 1 1 1 1 1 1 1 1 1 1 1 1 1 1 1 1 1 1 1 1 1 1
 1 1 1 1 1 1 1 1 1 0 1 0 0 0]
correcting slice labels...
Warning: blur detection resulted in intercalation:
[0 0 0 0 0 0 0 1 1 1 1 1 1 1 1 1 1 1 1 1 1 1 1 1 1 1 1 1 1 1 1 1 1 1 1 1 1
 1 1 1 1 1 1 1 1 1 1 1 0 0 0]
appending outputs...
mask #4 complete.

generating mask #5
labeling contiguous objects...
eliminating objects w/volume < 100,000 px...
pruning labels...
unlabeling out of focus slices...
generating gradient image...
generating gradient intensity histograms...
predicting focus labels using SVM classifier...
calculating decision function values for labels...
raw focus labels:
[0 0 1 1 1 1 1 1 1 1 1 1 1 1 1 1 1 1 1 1 1 1 1 1 1 1 1 1 1 1 1 1 1 1 1 1 1
 1 1 1 1 1 1 1 1 1 1 1 1 1 1]
correcting slice labels...
One continuous stretch defined as in focus.
Warning: cells cut off by top or bottom of stack:
[0 0 1 1 1 1 1 1 1 1 1 1 1 1 1 1 1 1 1 1 1 1 1 1 1 1 1 1 1 1 1 1 1 1 1 1 1
 1 1 1 1 1 1 1 1 1 1 1 1 1 1]
appending outputs...
mask #5 complete.

generating mask #6
labeling contiguous objects...
eliminating objects w/volume < 100,000 px...
pruning labels...
unlabeling out of focus slices...
generating gradient image...
generating gradient intensity histograms...
predicting focus labels using SVM classifier...
calculating decision function values for labels...
raw focus labels:
[0 0 1 1 1 1 1 1 1 1 1 1 1 1 1 1 1 1 1 1 1 1 1 1 1 1 1 1 1 1 1 1 1 1 1 1 1
 1 1 1 1 1 1 1 1 1 1 1 1 1 1]
correcting slice labels...
One continuous stretch defined as in focus.
Warning: cells cut off by top or bottom of stack:
[0 0 1 1 1 1 1 1 1 1 1 1 1 1 1 1 1 1 1 1 1 1 1 1 1 1 1 1 1 1 1 1 1 1 1 1 1
 1 1 1 1 1 1 1 1 1 1 1 1 1 1]
appending outputs...
mask #6 complete.

generating mask #7
labeling contiguous objects...
eliminating objects w/volume < 100,000 px...
pruning labels...
unlabeling out of focus slices...
generating gradient image...
generating gradient intensity histograms...
predicting focus labels using SVM classifier...
calculating decision function values for labels...
raw focus labels:
[0 1 1 1 1 1 1 1 1 1 1 1 1 1 1 1 1 1 1 1 1 1 1 1 1 1 1 1 1 1 1 1 1 1 1 1 1
 1 1 1 1 1 1 1 1 1 1 1 1 1 1]
correcting slice labels...
One continuous stretch defined as in focus.
Warning: cells cut off by top or bottom of stack:
[0 1 1 1 1 1 1 1 1 1 1 1 1 1 1 1 1 1 1 1 1 1 1 1 1 1 1 1 1 1 1 1 1 1 1 1 1
 1 1 1 1 1 1 1 1 1 1 1 1 1 1]
appending outputs...
mask #7 complete.

generating mask #8
labeling contiguous objects...
eliminating objects w/volume < 100,000 px...
pruning labels...
unlabeling out of focus slices...
generating gradient image...
generating gradient intensity histograms...
predicting focus labels using SVM classifier...
calculating decision function values for labels...
raw focus labels:
[0 0 0 0 0 0 0 0 0 0 0 0 0 0 1 1 1 1 1 1 1 1 1 1 1 1 1 1 1 1 1 1 1 1 1 1 1
 1 1 1 1 1 1 1 1 1 1 1 1 1 1]
correcting slice labels...
One continuous stretch defined as in focus.
Warning: cells cut off by top or bottom of stack:
[0 0 0 0 0 0 0 0 0 0 0 0 0 0 1 1 1 1 1 1 1 1 1 1 1 1 1 1 1 1 1 1 1 1 1 1 1
 1 1 1 1 1 1 1 1 1 1 1 1 1 1]
appending outputs...
mask #8 complete.

generating mask #9
labeling contiguous objects...
eliminating objects w/volume < 100,000 px...
pruning labels...
unlabeling out of focus slices...
generating gradient image...
generating gradient intensity histograms...
predicting focus labels using SVM classifier...
calculating decision function values for labels...
raw focus labels:
[0 0 0 0 0 0 0 0 1 1 1 1 1 1 1 1 1 1 1 1 1 1 1 1 1 1 1 1 1 1 1 1 1 1 1 1 1
 1 1 1 1 1 1 1 1 1 1 1 1 1 1]
correcting slice labels...
One continuous stretch defined as in focus.
Warning: cells cut off by top or bottom of stack:
[0 0 0 0 0 0 0 0 1 1 1 1 1 1 1 1 1 1 1 1 1 1 1 1 1 1 1 1 1 1 1 1 1 1 1 1 1
 1 1 1 1 1 1 1 1 1 1 1 1 1 1]
appending outputs...
mask #9 complete.

generating mask #10
labeling contiguous objects...
eliminating objects w/volume < 100,000 px...
pruning labels...
unlabeling out of focus slices...
generating gradient image...
generating gradient intensity histograms...
predicting focus labels using SVM classifier...
calculating decision function values for labels...
raw focus labels:
[0 0 0 0 0 0 0 0 0 1 1 1 1 1 1 1 1 1 1 1 1 1 1 1 1 1 1 1 1 1 1 1 1 1 1 1 1
 1 1 1 1 1 1 1 1 1 1 1 1 1 1]
correcting slice labels...
One continuous stretch defined as in focus.
Warning: cells cut off by top or bottom of stack:
[0 0 0 0 0 0 0 0 0 1 1 1 1 1 1 1 1 1 1 1 1 1 1 1 1 1 1 1 1 1 1 1 1 1 1 1 1
 1 1 1 1 1 1 1 1 1 1 1 1 1 1]
appending outputs...
mask #10 complete.

CellSplitter instance created.
input image has 4 dimensions (multiple imgs)
segmenting image #1 of 10...
Using thresholds set based on slice intensity
thresholding floor set to 4164
slice-by-slice cutoffs:
[  1191.5   1402.5   1797.5   2586.5   3893.5   5520.5   7130.5   8255.
   8818.5   9315.5   9800.   10139.5  10298.5  10364.   10330.   10204.
  10374.   10410.5  10325.5  10153.5  10111.5  10204.5  10300.   10127.5
   9724.5   9139.    8624.5   8290.    7839.    7199.5   6418.5   5503.
   4467.    3516.    2870.    2441.5   1987.5   1582.5   1240.5    973.5
    788.     659.     587.     539.     509.     437.5    352.     291.
    260.     253.5    253.5]
generating threshold image...
raw image imported.
preprocessing complete.
filling holes in objects.
holes filled.
distance map complete.
smoothing distance map...
distance map smoothed.
identifying maxima...
maxima identified.
watershedding...
watershedding complete.
creating PexSegmentObj...
passing segmented objs and seeds to Nuclei instance...

segmenting image #2 of 10...
Using thresholds set based on slice intensity
thresholding floor set to 3890
slice-by-slice cutoffs:
[   45.5    31.5    45.     57.     76.     90.5   100.5   117.5   132.
   169.5   193.5   209.    229.5   265.5   313.5   402.    506.    647.
   759.5   914.5  1248.5  1986.5  3269.   4985.   6659.5  7867.   8504.
  8859.5  9006.5  9421.   9457.   9507.5  9522.5  9469.5  9719.5  9725.
  9649.5  9636.   9526.5  9369.5  9653.5  9664.   9274.5  8904.5  8840.5
  8618.5  8345.   8195.5  7841.   7220.5  6185. ]
generating threshold image...
raw image imported.
preprocessing complete.
filling holes in objects.
holes filled.
distance map complete.
smoothing distance map...
distance map smoothed.
identifying maxima...
maxima identified.
watershedding...
watershedding complete.
creating PexSegmentObj...
passing segmented objs and seeds to Nuclei instance...

segmenting image #3 of 10...
Using thresholds set based on slice intensity
thresholding floor set to 4846
slice-by-slice cutoffs:
[    91.5     78.      91.     123.     160.5    234.     249.     273.5
    355.     480.     631.     778.5    954.5   1225.5   1664.    2540.5
   4203.    6202.    7806.5   9090.   10071.5  10914.5  11420.   11619.
  11603.   11565.5  11371.   11400.5  11392.   11440.5  11550.   11683.
  11770.5  11809.5  11622.   11344.5  11260.5  11551.5  11714.   11786.5
  11898.   12080.5  12116.   11963.5  11773.   11668.   11771.5  11651.
  11272.   10493.    9235. ]
generating threshold image...
raw image imported.
preprocessing complete.
filling holes in objects.
holes filled.
distance map complete.
smoothing distance map...
distance map smoothed.
identifying maxima...
maxima identified.
watershedding...
watershedding complete.
creating PexSegmentObj...
passing segmented objs and seeds to Nuclei instance...

segmenting image #4 of 10...
Using thresholds set based on slice intensity
thresholding floor set to 4533
slice-by-slice cutoffs:
[    70.5     46.5     66.5     83.     102.5    118.5    134.5    149.
    155.     179.5    177.5    217.     248.5    282.     301.5    346.
    459.     702.    1121.5   1727.    2496.5   3397.    4460.5   5719.5
   7014.    8143.5   8964.5   9990.   10473.   10602.   11008.5  11333.
  11301.   10971.5  10953.   11052.   10935.   10543.5   9670.    8131.5
   6376.    4914.    3704.5   2702.    1948.    1425.    1078.     909.
    840.5    771.5    688.5]
generating threshold image...
raw image imported.
preprocessing complete.
filling holes in objects.
holes filled.
distance map complete.
smoothing distance map...
distance map smoothed.
identifying maxima...
maxima identified.
watershedding...
watershedding complete.
creating PexSegmentObj...
passing segmented objs and seeds to Nuclei instance...

segmenting image #5 of 10...
Using thresholds set based on slice intensity
thresholding floor set to 5355
slice-by-slice cutoffs:
[   191.5    155.5    231.5    380.     601.5    924.    1228.    1554.
   2116.5   3158.5   4834.5   6729.5   8346.    9525.   10363.5  10956.
  11477.5  11910.5  12134.   12245.   12397.5  12419.5  12437.5  12319.
  12452.5  12541.   12733.5  12921.   12912.5  12833.   12830.5  12890.
  12901.5  12905.   12862.   12817.   12849.   12773.   12587.   12349.
  12351.5  12521.5  12627.   12609.   12514.5  12478.5  12597.5  12705.5
  12927.5  13387.5  12940. ]
generating threshold image...
raw image imported.
preprocessing complete.
filling holes in objects.
holes filled.
distance map complete.
smoothing distance map...
distance map smoothed.
identifying maxima...
maxima identified.
watershedding...
watershedding complete.
creating PexSegmentObj...
passing segmented objs and seeds to Nuclei instance...

segmenting image #6 of 10...
Using thresholds set based on slice intensity
thresholding floor set to 4914
slice-by-slice cutoffs:
[   337.5    389.5    459.5    584.     731.     928.    1352.    2345.5
   3921.5   5666.5   7086.    8018.    8616.5   9469.5  10128.   10457.5
  10730.   10815.   10901.5  11251.5  11683.   11959.5  12161.5  12287.
  12252.5  11962.5  11695.5  11698.5  11790.5  11801.5  11720.   11806.
  11868.   11957.   12014.5  12060.   12086.   11979.   11753.   11312.
  10660.   10445.   10029.5  10026.    9841.    9376.    8594.    7478.
   6139.5   4772.    3672.5]
generating threshold image...
raw image imported.
preprocessing complete.
filling holes in objects.
holes filled.
distance map complete.
smoothing distance map...
distance map smoothed.
identifying maxima...
maxima identified.
watershedding...
watershedding complete.
creating PexSegmentObj...
passing segmented objs and seeds to Nuclei instance...

segmenting image #7 of 10...
Using thresholds set based on slice intensity
thresholding floor set to 5295
slice-by-slice cutoffs:
[   209.     201.     318.5    555.    1096.    2018.5   3209.5   4754.5
   6674.    8528.   10012.   10883.   11291.   11527.5  11533.5  11564.5
  12042.5  12380.   12468.5  12534.   12569.   12479.   12380.   12355.5
  12345.5  12537.5  12759.5  12784.5  12812.   12929.   12946.5  12852.
  12753.5  13041.   13193.5  13239.   13134.5  12917.5  12589.   12487.5
  12409.5  12466.   12473.5  12506.5  12546.5  12494.5  12371.5  12371.
  12572.5  12699.5  11998.5]
generating threshold image...
raw image imported.
preprocessing complete.
filling holes in objects.
holes filled.
distance map complete.
smoothing distance map...
distance map smoothed.
identifying maxima...
maxima identified.
watershedding...
watershedding complete.
creating PexSegmentObj...
passing segmented objs and seeds to Nuclei instance...

segmenting image #8 of 10...
Using thresholds set based on slice intensity
thresholding floor set to 4720
slice-by-slice cutoffs:
[   123.      90.5    103.5    136.5    173.     237.     298.5    339.5
    366.5    380.     455.5    545.     754.    1038.5   1511.    2337.
   3660.5   5334.5   7056.5   8532.5   9355.5   9873.   10167.   10522.5
  10717.5  10857.   11053.5  11159.5  11391.   11645.   11801.   11772.5
  11566.   11483.5  11494.5  11508.5  11402.5  11189.5  11176.   11065.5
  10783.5  10382.5   9850.    8921.    7601.    6012.    4452.    3381.5
   2811.    2472.5   2103. ]
generating threshold image...
raw image imported.
preprocessing complete.
filling holes in objects.
holes filled.
distance map complete.
smoothing distance map...
distance map smoothed.
identifying maxima...
maxima identified.
watershedding...
watershedding complete.
creating PexSegmentObj...
passing segmented objs and seeds to Nuclei instance...

segmenting image #9 of 10...
Using thresholds set based on slice intensity
thresholding floor set to 4566
slice-by-slice cutoffs:
[   106.5     95.     100.5    127.     151.     178.     232.     300.5
    390.5    418.     502.5    660.     998.    1614.5   2534.5   3607.5
   4683.    5822.5   7038.    8143.    9149.5   9840.5  10198.   10503.5
  10579.   10504.   10901.5  11203.5  11338.5  11416.5  11344.5  11141.5
  11038.5  11079.5  11135.   11088.5  11075.   11126.   11205.5  11092.
  11176.5  11067.   10787.   10370.   10220.   10014.5   9692.5   9369.5
   8887.    8163.5   7133. ]
generating threshold image...
raw image imported.
preprocessing complete.
filling holes in objects.
holes filled.
distance map complete.
smoothing distance map...
distance map smoothed.
identifying maxima...
maxima identified.
watershedding...
watershedding complete.
creating PexSegmentObj...
passing segmented objs and seeds to Nuclei instance...

segmenting image #10 of 10...
Using thresholds set based on slice intensity
thresholding floor set to 5007
slice-by-slice cutoffs:
[    98.      86.5     94.5    117.     153.5    224.5    233.5    270.
    377.5    499.     641.     790.5    885.5   1089.5   1643.    2712.5
   4215.5   5874.    7352.5   8460.5   9301.5   9726.   10033.   10160.
  10233.5  10305.5  10583.5  10812.5  10852.5  10796.   10826.5  10946.
  11011.   11068.   11136.5  10925.   10626.5  10658.   10678.5  10631.5
  10562.   10390.   10302.   10617.   11174.   11437.5  11608.5  11772.5
  12192.5  12519.   12190. ]
generating threshold image...
raw image imported.
preprocessing complete.
filling holes in objects.
holes filled.
distance map complete.
smoothing distance map...
distance map smoothed.
identifying maxima...
maxima identified.
watershedding...
watershedding complete.
creating PexSegmentObj...
passing segmented objs and seeds to Nuclei instance...

removing small perinuclear foci...
1 raw segmented DAPI foci
object volumes in pixels:
[583689]
removing objects volume < 10000 px, #s:
[]
removing nuclei_centers corresponding to small DAPI foci...
3 raw segmented DAPI foci
object volumes in pixels:
[507701 231778 244005]
removing objects volume < 10000 px, #s:
[]
removing nuclei_centers corresponding to small DAPI foci...
1 raw segmented DAPI foci
object volumes in pixels:
[1013722]
removing objects volume < 10000 px, #s:
[]
removing nuclei_centers corresponding to small DAPI foci...
3 raw segmented DAPI foci
object volumes in pixels:
[211577 373412 160561]
removing objects volume < 10000 px, #s:
[]
removing nuclei_centers corresponding to small DAPI foci...
3 raw segmented DAPI foci
object volumes in pixels:
[416309 406414   3243]
removing objects volume < 10000 px, #s:
[3]
removing nuclei_centers corresponding to small DAPI foci...
2 raw segmented DAPI foci
object volumes in pixels:
[272714 290769]
removing objects volume < 10000 px, #s:
[]
removing nuclei_centers corresponding to small DAPI foci...
2 raw segmented DAPI foci
object volumes in pixels:
[427136 432292]
removing objects volume < 10000 px, #s:
[]
removing nuclei_centers corresponding to small DAPI foci...
2 raw segmented DAPI foci
object volumes in pixels:
[417089 359365]
removing objects volume < 10000 px, #s:
[]
removing nuclei_centers corresponding to small DAPI foci...
1 raw segmented DAPI foci
object volumes in pixels:
[233496]
removing objects volume < 10000 px, #s:
[]
removing nuclei_centers corresponding to small DAPI foci...
3 raw segmented DAPI foci
object volumes in pixels:
[277037 296320  35891]
removing objects volume < 10000 px, #s:
[]
removing nuclei_centers corresponding to small DAPI foci...
Nuclei segmented.
checking that nuclei have already been segmented...
eroding cell edges...
eroding mask 0...
cell mask means:
[807.06085723469357, 823.45577166914813, 840.12812025189271, 856.9931438193363, 873.90674036823566, 890.74926860903861, 907.41737535663788, 923.73047567356241, 939.54981861484214, 954.79649947449002]
slopes:
[16.533631508599569, 16.768686075094081, 16.889310058171475, 16.878062394851156, 16.755317494201108, 16.4906035322619, 16.066221629102131, 15.533011900463805]
slope deltas:
[ 0.23505457  0.12062398  0.01124766  0.1227449   0.26471396  0.4243819
  0.53320973]
desired erosions: 8
erosion of mask #0 complete.
eroding mask 1...
cell mask means:
[782.23571553149543, 792.74535985228249, 803.27364294794472, 813.75820928568612, 824.12176301497573, 834.2985527024465, 844.20630432000235, 853.78329114948474, 862.98453333709926, 871.82010218056712]
slopes:
[10.518963708224646, 10.506424716701815, 10.424060033515502, 10.27017170838019, 10.042270652513309, 9.7423692235191197, 9.3891145085484595, 9.0184055155411897]
slope deltas:
[ 0.01253899  0.08236468  0.15388833  0.22790106  0.29990143  0.35325471
  0.37070899]
desired erosions: 8
erosion of mask #1 complete.
eroding mask 2...
cell mask means:
[827.43549690083489, 841.23095230965077, 855.04011273214212, 868.75804736060968, 882.27228567262955, 895.44701583172196, 908.13150271858444, 920.16952435287476, 931.49826222880324, 942.13086287668409]
slopes:
[13.802307915653614, 13.763547525479453, 13.616086470243715, 13.344484235556138, 12.929608522977446, 12.361254260576402, 11.683379755109399, 10.980669261904666]
slope deltas:
[ 0.03876039  0.14746106  0.27160223  0.41487571  0.56835426  0.67787451
  0.70271049]
desired erosions: 8
erosion of mask #2 complete.
eroding mask 3...
cell mask means:
[664.83357679653182, 672.86173108827757, 680.79784590963038, 688.60828967245584, 696.26791238725343, 703.77020470950185, 711.05929597806539, 718.09187042715564, 724.84294657323983, 731.29079016926369]
slopes:
[7.9821345565492834, 7.873279292089137, 7.7350332388115248, 7.5809575185230074, 7.3956917954059804, 7.1608328588268932, 6.8918252975872178, 6.5994598710540231]
slope deltas:
[ 0.10885526  0.13824605  0.15407572  0.18526572  0.23485894  0.26900756
  0.29236543]
desired erosions: 8
erosion of mask #3 complete.
eroding mask 4...
cell mask means:
[809.45979390534421, 826.25731218893804, 843.41304208747749, 860.80929327286992, 878.31652240465303, 895.723485840629, 912.72567943663159, 928.88244444099814, 943.73233968776469, 956.90363103181267]
slopes:
[16.97662409106664, 17.275990541965939, 17.451740158587768, 17.457096283879537, 17.204578515989283, 16.579479300184573, 15.503330125566549, 14.010593295407261]
slope deltas:
[ 0.29936645  0.17574962  0.00535613  0.25251777  0.62509922  1.07614917
  1.49273683]
desired erosions: 8
erosion of mask #4 complete.
eroding mask 5...
cell mask means:
[810.30101483795818, 825.03121592275795, 839.92253823112696, 854.86691514084646, 869.77606059220489, 884.54323644555859, 899.00223916461232, 912.94996773662604, 926.16686107538214, 938.44952610211681]
slopes:
[14.810761696584393, 14.917849609044254, 14.926761180538961, 14.838160652356066, 14.613089286203717, 14.203365645533722, 13.582310955384912, 12.749779182745385]
slope deltas:
[ 0.10708791  0.00891157  0.08860053  0.22507137  0.40972364  0.62105469
  0.83253177]
desired erosions: 8
erosion of mask #5 complete.
eroding mask 6...
cell mask means:
[801.97913938222359, 818.07780315907621, 834.4724835565379, 851.11059393812707, 867.84015298517954, 884.42068502862446, 900.54185684517597, 915.7728882658439, 929.69422168653637, 941.89828397882934]
slopes:
[16.246672087157151, 16.516395389525428, 16.683834714320824, 16.655045545248697, 16.350851929998214, 15.676101618609721, 14.576182420680198, 13.062697856492719]
slope deltas:
[ 0.2697233   0.16743932  0.02878917  0.30419362  0.67475031  1.0999192
  1.51348456]
desired erosions: 8
erosion of mask #6 complete.
eroding mask 7...
cell mask means:
[682.07932028451398, 693.37998902897311, 704.68749930607214, 715.92406552227055, 727.01852829277834, 737.89619808951898, 748.47875733897399, 758.68442290215091, 768.46303406930133, 777.76398937140368]
slopes:
[11.304089510779079, 11.272038246648719, 11.165514493353101, 10.986066283624211, 10.730114523097825, 10.394112406315969, 9.9921383651636688, 9.539783234626384]
slope deltas:
[ 0.03205126  0.10652375  0.17944821  0.25595176  0.33600212  0.40197404
  0.45235513]
desired erosions: 8
erosion of mask #7 complete.
eroding mask 8...
cell mask means:
[726.90370382978199, 738.90749436134456, 750.86520383807874, 762.7221310541405, 774.33882324849594, 785.47528764889773, 795.94336056009331, 805.60621870513671, 814.32504622873807, 822.08689070335879]
slopes:
[11.980750004148376, 11.907318346397972, 11.7368097052086, 11.376578297378614, 10.802268655798684, 10.065465528119489, 9.1908428343223818, 8.2403359991110392]
slope deltas:
[ 0.07343166  0.17050864  0.36023141  0.57430964  0.73680313  0.87462269
  0.95050684]
desired erosions: 8
erosion of mask #8 complete.
eroding mask 9...
cell mask means:
[814.5113683021807, 828.38431775868457, 842.36215449066958, 856.37111219964083, 870.3062262968208, 884.03232909772782, 897.35366166156678, 910.08428063007966, 922.02342799449229, 933.05797497184096]
slopes:
[13.925393094244441, 13.99339722047813, 13.972035903075607, 13.830608449043496, 13.52371768237299, 13.025975766175918, 12.33488316646276, 11.486847170880651]
slope deltas:
[ 0.06800413  0.02136132  0.14142745  0.30689077  0.49774192  0.6910926
  0.848036  ]
desired erosions: 8
erosion of mask #9 complete.
converting nuclei to binary masks for distance xform...
segmenting cells in image #1 out of 10...
performing Euclidean distance xform...
smoothing the distance map...
generating segmentation seeds from nuclei_centers...
watershed segmenting cells from nuclei centers...
segmentation complete for image #1.
removing cells that contact the edge of the image.
removing small foci...
1 raw segmented cells
0 foci volume < 1000 px, removing...

segmenting cells in image #2 out of 10...
performing Euclidean distance xform...
smoothing the distance map...
generating segmentation seeds from nuclei_centers...
watershed segmenting cells from nuclei centers...
segmentation complete for image #2.
removing cells that contact the edge of the image.
removing small foci...
3 raw segmented cells
0 foci volume < 1000 px, removing...

segmenting cells in image #3 out of 10...
performing Euclidean distance xform...
smoothing the distance map...
generating segmentation seeds from nuclei_centers...
watershed segmenting cells from nuclei centers...
segmentation complete for image #3.
removing cells that contact the edge of the image.
removing small foci...
1 raw segmented cells
0 foci volume < 1000 px, removing...

segmenting cells in image #4 out of 10...
performing Euclidean distance xform...
smoothing the distance map...
generating segmentation seeds from nuclei_centers...
watershed segmenting cells from nuclei centers...
segmentation complete for image #4.
removing cells that contact the edge of the image.
removing small foci...
3 raw segmented cells
0 foci volume < 1000 px, removing...

segmenting cells in image #5 out of 10...
performing Euclidean distance xform...
smoothing the distance map...
generating segmentation seeds from nuclei_centers...
watershed segmenting cells from nuclei centers...
segmentation complete for image #5.
removing cells that contact the edge of the image.
removing small foci...
3 raw segmented cells
0 foci volume < 1000 px, removing...

segmenting cells in image #6 out of 10...
performing Euclidean distance xform...
smoothing the distance map...
generating segmentation seeds from nuclei_centers...
watershed segmenting cells from nuclei centers...
segmentation complete for image #6.
removing cells that contact the edge of the image.
removing small foci...
2 raw segmented cells
0 foci volume < 1000 px, removing...

segmenting cells in image #7 out of 10...
performing Euclidean distance xform...
smoothing the distance map...
generating segmentation seeds from nuclei_centers...
watershed segmenting cells from nuclei centers...
segmentation complete for image #7.
removing cells that contact the edge of the image.
removing small foci...
2 raw segmented cells
0 foci volume < 1000 px, removing...

segmenting cells in image #8 out of 10...
performing Euclidean distance xform...
smoothing the distance map...
generating segmentation seeds from nuclei_centers...
watershed segmenting cells from nuclei centers...
segmentation complete for image #8.
removing cells that contact the edge of the image.
removing small foci...
2 raw segmented cells
0 foci volume < 1000 px, removing...

segmenting cells in image #9 out of 10...
performing Euclidean distance xform...
smoothing the distance map...
generating segmentation seeds from nuclei_centers...
watershed segmenting cells from nuclei centers...
segmentation complete for image #9.
removing cells that contact the edge of the image.
removing small foci...
1 raw segmented cells
0 foci volume < 1000 px, removing...

segmenting cells in image #10 out of 10...
performing Euclidean distance xform...
smoothing the distance map...
generating segmentation seeds from nuclei_centers...
watershed segmenting cells from nuclei centers...
segmentation complete for image #10.
removing cells that contact the edge of the image.
removing small foci...
3 raw segmented cells
0 foci volume < 1000 px, removing...

Cells segmented.
initializing attributes...
loading images...
Foci instance created.
beginning segmentation.
------------------------------------------------------
segmenting foci from channel 488
------------------------------------------------------
canny threshold for channel 488: (14000, 10000)
segmenting foci for position 1 out of 10
generating normalized image for segmentation...
blurring image...
calculating image mean...
original cell mean: 931.451565032
normalizing image...
performing segmentation...
raw image imported.
performing gaussian filtering...
Image smoothed.
preprocessing complete.
generating distance map...
distance map complete.
smoothing distance map...
distance map smoothed.
identifying maxima...
maxima identified.
watershedding...
watershedding complete.
creating PexSegmentObj...
eliminating dim foci...
before eliminating dim foci: 0 foci in image
cell mean: 1018.09833625
cell standard deviation: 504.686953435
intensity cutoff for removal: 1901.30050476
-----filtering foci-----
focus intensity: 60.204266369
removing focus
after eliminating dim foci: 0 foci in image
eliminating foci that reside outside of cells...
eliminating intranuclear foci...
0 final foci
--matching foci to parent cells--
foci segmented from position 1

segmenting foci for position 2 out of 10
generating normalized image for segmentation...
blurring image...
calculating image mean...
original cell mean: 858.694654706
normalizing image...
performing segmentation...
raw image imported.
performing gaussian filtering...
Image smoothed.
preprocessing complete.
generating distance map...
distance map complete.
smoothing distance map...
distance map smoothed.
identifying maxima...
maxima identified.
watershedding...
watershedding complete.
creating PexSegmentObj...
eliminating dim foci...
before eliminating dim foci: 0 foci in image
cell mean: 1022.31239031
cell standard deviation: 501.026948932
intensity cutoff for removal: 1899.10955094
-----filtering foci-----
focus intensity: 82.5169544961
removing focus
after eliminating dim foci: 0 foci in image
eliminating foci that reside outside of cells...
eliminating intranuclear foci...
0 final foci
--matching foci to parent cells--
foci segmented from position 2

segmenting foci for position 3 out of 10
generating normalized image for segmentation...
blurring image...
calculating image mean...
original cell mean: 924.502987574
normalizing image...
performing segmentation...
raw image imported.
performing gaussian filtering...
Image smoothed.
preprocessing complete.
generating distance map...
distance map complete.
smoothing distance map...
distance map smoothed.
identifying maxima...
maxima identified.
watershedding...
watershedding complete.
creating PexSegmentObj...
eliminating dim foci...
before eliminating dim foci: 0 foci in image
cell mean: 1017.61927017
cell standard deviation: 489.414828702
intensity cutoff for removal: 1874.09522039
-----filtering foci-----
focus intensity: 78.9949525198
removing focus
after eliminating dim foci: 0 foci in image
eliminating foci that reside outside of cells...
eliminating intranuclear foci...
0 final foci
--matching foci to parent cells--
foci segmented from position 3

segmenting foci for position 4 out of 10
generating normalized image for segmentation...
blurring image...
calculating image mean...
original cell mean: 721.500859935
normalizing image...
performing segmentation...
raw image imported.
performing gaussian filtering...
Image smoothed.
preprocessing complete.
generating distance map...
distance map complete.
smoothing distance map...
distance map smoothed.
identifying maxima...
maxima identified.
watershedding...
watershedding complete.
creating PexSegmentObj...
eliminating dim foci...
before eliminating dim foci: 0 foci in image
cell mean: 1030.15382211
cell standard deviation: 533.478005032
intensity cutoff for removal: 1963.74033091
-----filtering foci-----
focus intensity: 87.2681892626
removing focus
after eliminating dim foci: 0 foci in image
eliminating foci that reside outside of cells...
eliminating intranuclear foci...
0 final foci
--matching foci to parent cells--
foci segmented from position 4

segmenting foci for position 5 out of 10
generating normalized image for segmentation...
blurring image...
calculating image mean...
original cell mean: 931.883349579
normalizing image...
performing segmentation...
raw image imported.
performing gaussian filtering...
Image smoothed.
preprocessing complete.
generating distance map...
distance map complete.
smoothing distance map...
distance map smoothed.
identifying maxima...
maxima identified.
watershedding...
watershedding complete.
creating PexSegmentObj...
eliminating dim foci...
before eliminating dim foci: 0 foci in image
cell mean: 1045.55943343
cell standard deviation: 487.444241931
intensity cutoff for removal: 1898.58685681
-----filtering foci-----
focus intensity: 70.6261956791
removing focus
after eliminating dim foci: 0 foci in image
eliminating foci that reside outside of cells...
eliminating intranuclear foci...
0 final foci
--matching foci to parent cells--
foci segmented from position 5

segmenting foci for position 6 out of 10
generating normalized image for segmentation...
blurring image...
calculating image mean...
original cell mean: 918.990317997
normalizing image...
performing segmentation...
raw image imported.
performing gaussian filtering...
Image smoothed.
preprocessing complete.
generating distance map...
distance map complete.
smoothing distance map...
distance map smoothed.
identifying maxima...
maxima identified.
watershedding...
watershedding complete.
creating PexSegmentObj...
eliminating dim foci...
before eliminating dim foci: 0 foci in image
cell mean: 1033.65713571
cell standard deviation: 482.542708597
intensity cutoff for removal: 1878.10687575
-----filtering foci-----
focus intensity: 67.6019973378
removing focus
after eliminating dim foci: 0 foci in image
eliminating foci that reside outside of cells...
eliminating intranuclear foci...
0 final foci
--matching foci to parent cells--
foci segmented from position 6

segmenting foci for position 7 out of 10
generating normalized image for segmentation...
blurring image...
calculating image mean...
original cell mean: 919.133508801
normalizing image...
performing segmentation...
raw image imported.
performing gaussian filtering...
Image smoothed.
preprocessing complete.
generating distance map...
distance map complete.
smoothing distance map...
distance map smoothed.
identifying maxima...
maxima identified.
watershedding...
watershedding complete.
creating PexSegmentObj...
eliminating dim foci...
before eliminating dim foci: 0 foci in image
cell mean: 1033.03762418
cell standard deviation: 480.838096628
intensity cutoff for removal: 1874.50429328
-----filtering foci-----
focus intensity: 75.3914229387
removing focus
after eliminating dim foci: 0 foci in image
eliminating foci that reside outside of cells...
eliminating intranuclear foci...
0 final foci
--matching foci to parent cells--
foci segmented from position 7

segmenting foci for position 8 out of 10
generating normalized image for segmentation...
blurring image...
calculating image mean...
original cell mean: 763.607478444
normalizing image...
performing segmentation...
raw image imported.
performing gaussian filtering...
Image smoothed.
preprocessing complete.
generating distance map...
distance map complete.
smoothing distance map...
distance map smoothed.
identifying maxima...
maxima identified.
watershedding...
watershedding complete.
creating PexSegmentObj...
eliminating dim foci...
before eliminating dim foci: 0 foci in image
cell mean: 1026.93132971
cell standard deviation: 514.980722174
intensity cutoff for removal: 1928.14759351
-----filtering foci-----
focus intensity: 75.8025456275
removing focus
after eliminating dim foci: 0 foci in image
eliminating foci that reside outside of cells...
eliminating intranuclear foci...
0 final foci
--matching foci to parent cells--
foci segmented from position 8

segmenting foci for position 9 out of 10
generating normalized image for segmentation...
blurring image...
calculating image mean...
original cell mean: 807.374850242
normalizing image...
performing segmentation...
raw image imported.
performing gaussian filtering...
Image smoothed.
preprocessing complete.
generating distance map...
distance map complete.
smoothing distance map...
distance map smoothed.
identifying maxima...
maxima identified.
watershedding...
watershedding complete.
creating PexSegmentObj...
eliminating dim foci...
before eliminating dim foci: 0 foci in image
cell mean: 1011.24676561
cell standard deviation: 465.860316483
intensity cutoff for removal: 1826.50231946
-----filtering foci-----
focus intensity: 48.842482029
removing focus
after eliminating dim foci: 0 foci in image
eliminating foci that reside outside of cells...
eliminating intranuclear foci...
0 final foci
--matching foci to parent cells--
foci segmented from position 9

segmenting foci for position 10 out of 10
generating normalized image for segmentation...
blurring image...
calculating image mean...
original cell mean: 915.696293055
normalizing image...
performing segmentation...
raw image imported.
performing gaussian filtering...
Image smoothed.
preprocessing complete.
generating distance map...
distance map complete.
smoothing distance map...
distance map smoothed.
identifying maxima...
maxima identified.
watershedding...
watershedding complete.
creating PexSegmentObj...
eliminating dim foci...
before eliminating dim foci: 0 foci in image
cell mean: 1016.53201313
cell standard deviation: 482.488675933
intensity cutoff for removal: 1860.88719601
-----filtering foci-----
focus intensity: 59.9044534527
removing focus
after eliminating dim foci: 0 foci in image
eliminating foci that reside outside of cells...
eliminating intranuclear foci...
0 final foci
--matching foci to parent cells--
foci segmented from position 10

------------------------------------------------------
segmentation complete for channel 488
------------------------------------------------------
Foci segmented.
Measuring overlap...
checking for overlap...
finding overlap in image #1 out of 10
